05:00:38 **** Auto Build of configuration Debug for project ZynqLab03 ****
make pre-build main-build 
a9-linaro-pre-build-step
' '
'Building file: ../src/main.c'
'Invoking: ARM v7 gcc compiler'
arm-none-eabi-gcc -Wall -O0 -g3 -c -fmessage-length=0 -MT"src/main.o" -mcpu=cortex-a9 -mfpu=vfpv3 -mfloat-abi=hard -I../../ZynqLab03_bsp/ps7_cortexa9_0/include -MMD -MP -MF"src/main.d" -MT"src/main.o" -o "src/main.o" "../src/main.c"
'Finished building: ../src/main.c'
' '
'Building target: ZynqLab03.elf'
'Invoking: ARM v7 gcc linker'
arm-none-eabi-gcc -mcpu=cortex-a9 -mfpu=vfpv3 -mfloat-abi=hard -Wl,-build-id=none -specs=Xilinx.spec -Wl,-T -Wl,../src/lscript.ld -L../../ZynqLab03_bsp/ps7_cortexa9_0/lib -o "ZynqLab03.elf"  ./src/main.o   -Wl,--start-group,-lxil,-lgcc,-lc,--end-group
'Finished building target: ZynqLab03.elf'
' '
'Invoking: ARM v7 Print Size'
arm-none-eabi-size ZynqLab03.elf  |tee "ZynqLab03.elf.size"
   text	   data	    bss	    dec	    hex	filename
  56580	   2584	  23328	  82492	  1423c	ZynqLab03.elf
'Finished building: ZynqLab03.elf.size'
' '

05:00:39 Build Finished (took 1s.334ms)

