#-----------------------------------------------------------
# Webtalk v2019.1 (64-bit)
# SW Build 2552052 on Fri May 24 14:49:42 MDT 2019
# IP Build 2548770 on Fri May 24 18:01:18 MDT 2019
<<<<<<< HEAD:SimLab01/SimLab01/SimLab01.sim/sim_1/behav/xsim/webtalk_20800.backup.log
<<<<<<< HEAD
# Start of session at: Sun Sep 29 03:06:44 2024
# Process ID: 15480
# Current directory: E:/SimLab01/SimLab01/SimLab01.sim/sim_1/behav/xsim
# Command line: wbtcv.exe -mode batch -source E:/SimLab01/SimLab01/SimLab01.sim/sim_1/behav/xsim/xsim.dir/tb_CombinedIP_behav/webtalk/xsim_webtalk.tcl -notrace
# Log file: E:/SimLab01/SimLab01/SimLab01.sim/sim_1/behav/xsim/webtalk.log
# Journal file: E:/SimLab01/SimLab01/SimLab01.sim/sim_1/behav/xsim\webtalk.jou
#-----------------------------------------------------------
source E:/SimLab01/SimLab01/SimLab01.sim/sim_1/behav/xsim/xsim.dir/tb_CombinedIP_behav/webtalk/xsim_webtalk.tcl -notrace
INFO: [Common 17-206] Exiting Webtalk at Sun Sep 29 03:06:45 2024...
=======
=======
>>>>>>> a2cf42e1c5fbff4827c7c7fc21bdf55b5343d746:SimLab01/SimLab01.sim/sim_1/behav/xsim/webtalk_20800.backup.log
# Start of session at: Mon Sep 23 23:33:02 2024
# Process ID: 20800
# Current directory: E:/SoC/SimLab01/SimLab01.sim/sim_1/behav/xsim
# Command line: wbtcv.exe -mode batch -source E:/SoC/SimLab01/SimLab01.sim/sim_1/behav/xsim/xsim.dir/tb_CombinedIP_behav/webtalk/xsim_webtalk.tcl -notrace
# Log file: E:/SoC/SimLab01/SimLab01.sim/sim_1/behav/xsim/webtalk.log
# Journal file: E:/SoC/SimLab01/SimLab01.sim/sim_1/behav/xsim\webtalk.jou
#-----------------------------------------------------------
source E:/SoC/SimLab01/SimLab01.sim/sim_1/behav/xsim/xsim.dir/tb_CombinedIP_behav/webtalk/xsim_webtalk.tcl -notrace
INFO: [Common 17-206] Exiting Webtalk at Mon Sep 23 23:33:03 2024...
<<<<<<< HEAD:SimLab01/SimLab01/SimLab01.sim/sim_1/behav/xsim/webtalk_20800.backup.log
>>>>>>> 449bf3b4ec1b282ffaddda01f6845934e50168f2
=======
>>>>>>> a2cf42e1c5fbff4827c7c7fc21bdf55b5343d746:SimLab01/SimLab01.sim/sim_1/behav/xsim/webtalk_20800.backup.log
