00:19:53 INFO  : Registering command handlers for SDK TCF services
00:19:54 INFO  : Launching XSCT server: xsct.bat -interactive E:\SoC\04_ZynqLab01\ZynqLab02\ZynqLab02.sdk\temp_xsdb_launch_script.tcl
00:19:56 INFO  : XSCT server has started successfully.
00:19:56 INFO  : Successfully done setting XSCT server connection channel  
00:19:56 INFO  : Successfully done setting SDK workspace  
00:19:56 INFO  : Processing command line option -hwspec E:/SoC/04_ZynqLab01/ZynqLab02/ZynqLab02.sdk/design_1_wrapper.hdf.
00:23:32 INFO  : Connected to target on host '127.0.0.1' and port '3121'.
00:23:33 INFO  : Jtag cable 'Digilent Zybo Z7 210351B7AC1BA' is selected.
00:23:33 INFO  : 'jtag frequency' command is executed.
00:23:33 INFO  : Sourcing of 'E:/SoC/04_ZynqLab01/ZynqLab02/ZynqLab02.sdk/design_1_wrapper_hw_platform_0/ps7_init.tcl' is done.
00:23:33 INFO  : Context for 'APU' is selected.
00:23:33 INFO  : System reset is completed.
00:23:36 INFO  : 'after 3000' command is executed.
00:23:36 INFO  : 'targets -set -filter {jtag_cable_name =~ "Digilent Zybo Z7 210351B7AC1BA" && level==0} -index 1' command is executed.
00:23:39 INFO  : FPGA configured successfully with bitstream "E:/SoC/04_ZynqLab01/ZynqLab02/ZynqLab02.sdk/design_1_wrapper_hw_platform_0/design_1_wrapper.bit"
00:23:39 INFO  : Context for 'APU' is selected.
00:23:39 INFO  : Hardware design information is loaded from 'E:/SoC/04_ZynqLab01/ZynqLab02/ZynqLab02.sdk/design_1_wrapper_hw_platform_0/system.hdf'.
00:23:39 INFO  : 'configparams force-mem-access 1' command is executed.
00:23:39 INFO  : Context for 'APU' is selected.
00:23:39 INFO  : 'ps7_init' command is executed.
00:23:39 INFO  : 'ps7_post_config' command is executed.
00:23:39 INFO  : Context for processor 'ps7_cortexa9_0' is selected.
00:23:39 INFO  : The application 'E:/SoC/04_ZynqLab01/ZynqLab02/ZynqLab02.sdk/ZynqLab02/Debug/ZynqLab02.elf' is downloaded to processor 'ps7_cortexa9_0'.
00:23:39 INFO  : 'configparams force-mem-access 0' command is executed.
00:23:39 INFO  : ----------------XSDB Script----------------
connect -url tcp:127.0.0.1:3121
source E:/SoC/04_ZynqLab01/ZynqLab02/ZynqLab02.sdk/design_1_wrapper_hw_platform_0/ps7_init.tcl
targets -set -nocase -filter {name =~"APU*" && jtag_cable_name =~ "Digilent Zybo Z7 210351B7AC1BA"} -index 0
rst -system
after 3000
targets -set -filter {jtag_cable_name =~ "Digilent Zybo Z7 210351B7AC1BA" && level==0} -index 1
fpga -file E:/SoC/04_ZynqLab01/ZynqLab02/ZynqLab02.sdk/design_1_wrapper_hw_platform_0/design_1_wrapper.bit
targets -set -nocase -filter {name =~"APU*" && jtag_cable_name =~ "Digilent Zybo Z7 210351B7AC1BA"} -index 0
loadhw -hw E:/SoC/04_ZynqLab01/ZynqLab02/ZynqLab02.sdk/design_1_wrapper_hw_platform_0/system.hdf -mem-ranges [list {0x40000000 0xbfffffff}]
configparams force-mem-access 1
targets -set -nocase -filter {name =~"APU*" && jtag_cable_name =~ "Digilent Zybo Z7 210351B7AC1BA"} -index 0
ps7_init
ps7_post_config
targets -set -nocase -filter {name =~ "ARM*#0" && jtag_cable_name =~ "Digilent Zybo Z7 210351B7AC1BA"} -index 0
dow E:/SoC/04_ZynqLab01/ZynqLab02/ZynqLab02.sdk/ZynqLab02/Debug/ZynqLab02.elf
configparams force-mem-access 0
----------------End of Script----------------

00:23:39 INFO  : Memory regions updated for context APU
00:23:39 INFO  : Context for processor 'ps7_cortexa9_0' is selected.
00:23:39 INFO  : 'con' command is executed.
00:23:39 INFO  : ----------------XSDB Script (After Launch)----------------
targets -set -nocase -filter {name =~ "ARM*#0" && jtag_cable_name =~ "Digilent Zybo Z7 210351B7AC1BA"} -index 0
con
----------------End of Script----------------

00:23:39 INFO  : Launch script is exported to file 'E:\SoC\04_ZynqLab01\ZynqLab02\ZynqLab02.sdk\.sdk\launch_scripts\xilinx_c-c++_application_(system_debugger)\system_debugger_using_debug_zynqlab02.elf_on_local.tcl'
00:40:30 INFO  : SDK has detected change in the last modified timestamps for source hardware specification file Source:1729438781610,  Project:1729437520913
00:40:30 INFO  : Project design_1_wrapper_hw_platform_0's source hardware specification located at E:/SoC/04_ZynqLab01/ZynqLab02/ZynqLab02.sdk/design_1_wrapper.hdf is now different from the local copy.
		 The local copy will be replaced with the source specification and your workspace will be updated.
00:40:36 INFO  : Copied contents of E:/SoC/04_ZynqLab01/ZynqLab02/ZynqLab02.sdk/design_1_wrapper.hdf into \design_1_wrapper_hw_platform_0\system.hdf.
00:40:38 INFO  : Synchronizing projects in the workspace with the hardware platform specification changes.
00:40:40 INFO  : 
00:40:41 INFO  : Updating hardware inferred compiler options for ZynqLab02.
00:40:41 INFO  : Clearing existing target manager status.
00:40:41 INFO  : Closing and re-opening the MSS file of ther project ZynqLab02_bsp
00:40:42 INFO  : Closing and re-opening the MSS file of ther project ZynqLab02_bsp
00:40:42 INFO  : Workspace synchronized with the new hardware specification file. Cleaning dependent projects...
00:40:44 WARN  : Linker script will not be updated automatically. Users need to update it manually.
00:43:13 INFO  : Disconnected from the channel tcfchan#1.
00:43:14 INFO  : Connected to target on host '127.0.0.1' and port '3121'.
00:43:14 INFO  : Jtag cable 'Digilent Zybo Z7 210351B7AC1BA' is selected.
00:43:14 INFO  : 'jtag frequency' command is executed.
00:43:14 INFO  : Sourcing of 'E:/SoC/04_ZynqLab01/ZynqLab02/ZynqLab02.sdk/design_1_wrapper_hw_platform_0/ps7_init.tcl' is done.
00:43:14 INFO  : Context for 'APU' is selected.
00:43:14 INFO  : System reset is completed.
00:43:17 INFO  : 'after 3000' command is executed.
00:43:17 INFO  : 'targets -set -filter {jtag_cable_name =~ "Digilent Zybo Z7 210351B7AC1BA" && level==0} -index 1' command is executed.
00:43:20 INFO  : FPGA configured successfully with bitstream "E:/SoC/04_ZynqLab01/ZynqLab02/ZynqLab02.sdk/design_1_wrapper_hw_platform_0/design_1_wrapper.bit"
00:43:20 INFO  : Context for 'APU' is selected.
00:43:20 INFO  : Hardware design information is loaded from 'E:/SoC/04_ZynqLab01/ZynqLab02/ZynqLab02.sdk/design_1_wrapper_hw_platform_0/system.hdf'.
00:43:20 INFO  : 'configparams force-mem-access 1' command is executed.
00:43:20 INFO  : Context for 'APU' is selected.
00:43:20 INFO  : 'ps7_init' command is executed.
00:43:20 INFO  : 'ps7_post_config' command is executed.
00:43:20 INFO  : Context for processor 'ps7_cortexa9_0' is selected.
00:43:20 INFO  : The application 'E:/SoC/04_ZynqLab01/ZynqLab02/ZynqLab02.sdk/ZynqLab02/Debug/ZynqLab02.elf' is downloaded to processor 'ps7_cortexa9_0'.
00:43:20 INFO  : 'configparams force-mem-access 0' command is executed.
00:43:20 INFO  : ----------------XSDB Script----------------
connect -url tcp:127.0.0.1:3121
source E:/SoC/04_ZynqLab01/ZynqLab02/ZynqLab02.sdk/design_1_wrapper_hw_platform_0/ps7_init.tcl
targets -set -nocase -filter {name =~"APU*" && jtag_cable_name =~ "Digilent Zybo Z7 210351B7AC1BA"} -index 0
rst -system
after 3000
targets -set -filter {jtag_cable_name =~ "Digilent Zybo Z7 210351B7AC1BA" && level==0} -index 1
fpga -file E:/SoC/04_ZynqLab01/ZynqLab02/ZynqLab02.sdk/design_1_wrapper_hw_platform_0/design_1_wrapper.bit
targets -set -nocase -filter {name =~"APU*" && jtag_cable_name =~ "Digilent Zybo Z7 210351B7AC1BA"} -index 0
loadhw -hw E:/SoC/04_ZynqLab01/ZynqLab02/ZynqLab02.sdk/design_1_wrapper_hw_platform_0/system.hdf -mem-ranges [list {0x40000000 0xbfffffff}]
configparams force-mem-access 1
targets -set -nocase -filter {name =~"APU*" && jtag_cable_name =~ "Digilent Zybo Z7 210351B7AC1BA"} -index 0
ps7_init
ps7_post_config
targets -set -nocase -filter {name =~ "ARM*#0" && jtag_cable_name =~ "Digilent Zybo Z7 210351B7AC1BA"} -index 0
dow E:/SoC/04_ZynqLab01/ZynqLab02/ZynqLab02.sdk/ZynqLab02/Debug/ZynqLab02.elf
configparams force-mem-access 0
----------------End of Script----------------

00:43:20 INFO  : Memory regions updated for context APU
00:43:20 INFO  : Context for processor 'ps7_cortexa9_0' is selected.
00:43:20 INFO  : 'con' command is executed.
00:43:20 INFO  : ----------------XSDB Script (After Launch)----------------
targets -set -nocase -filter {name =~ "ARM*#0" && jtag_cable_name =~ "Digilent Zybo Z7 210351B7AC1BA"} -index 0
con
----------------End of Script----------------

00:43:20 INFO  : Launch script is exported to file 'E:\SoC\04_ZynqLab01\ZynqLab02\ZynqLab02.sdk\.sdk\launch_scripts\xilinx_c-c++_application_(system_debugger)\system_debugger_using_debug_zynqlab02.elf_on_local.tcl'
00:45:10 INFO  : Disconnected from the channel tcfchan#2.
01:02:59 INFO  : Registering command handlers for SDK TCF services
01:02:59 INFO  : Launching XSCT server: xsct.bat -interactive E:\SoC\04_ZynqLab01\ZynqLab02\ZynqLab02.sdk\temp_xsdb_launch_script.tcl
01:03:02 INFO  : XSCT server has started successfully.
01:03:02 INFO  : Successfully done setting XSCT server connection channel  
01:03:02 INFO  : Successfully done setting SDK workspace  
01:03:02 INFO  : Processing command line option -hwspec E:/SoC/04_ZynqLab01/ZynqLab02/ZynqLab02.sdk/design_1_wrapper.hdf.
01:03:02 INFO  : Checking for hwspec changes in the project design_1_wrapper_hw_platform_0.
01:03:04 INFO  : SDK has detected change in the last modified timestamps for source hardware specification file Source:1729440133086,  Project:1729438781610
01:03:04 INFO  : The hardware specification for project 'design_1_wrapper_hw_platform_0' is different from E:/SoC/04_ZynqLab01/ZynqLab02/ZynqLab02.sdk/design_1_wrapper.hdf.
01:03:04 INFO  : Copied contents of E:/SoC/04_ZynqLab01/ZynqLab02/ZynqLab02.sdk/design_1_wrapper.hdf into \design_1_wrapper_hw_platform_0\system.hdf.
01:03:06 INFO  : Synchronizing projects in the workspace with the hardware platform specification changes.
01:03:08 INFO  : 
01:03:08 INFO  : Updating hardware inferred compiler options for ZynqLab02.
01:03:08 INFO  : Clearing existing target manager status.
01:10:29 INFO  : Connected to target on host '127.0.0.1' and port '3121'.
01:10:30 INFO  : Jtag cable 'Digilent Zybo Z7 210351B7AC1BA' is selected.
01:10:30 INFO  : 'jtag frequency' command is executed.
01:10:30 INFO  : Sourcing of 'E:/SoC/04_ZynqLab01/ZynqLab02/ZynqLab02.sdk/design_1_wrapper_hw_platform_0/ps7_init.tcl' is done.
01:10:30 INFO  : Context for 'APU' is selected.
01:10:30 INFO  : System reset is completed.
01:10:33 INFO  : 'after 3000' command is executed.
01:10:33 INFO  : 'targets -set -filter {jtag_cable_name =~ "Digilent Zybo Z7 210351B7AC1BA" && level==0} -index 1' command is executed.
01:10:35 INFO  : FPGA configured successfully with bitstream "E:/SoC/04_ZynqLab01/ZynqLab02/ZynqLab02.sdk/design_1_wrapper_hw_platform_0/design_1_wrapper.bit"
01:10:35 INFO  : Context for 'APU' is selected.
01:10:35 INFO  : Hardware design information is loaded from 'E:/SoC/04_ZynqLab01/ZynqLab02/ZynqLab02.sdk/design_1_wrapper_hw_platform_0/system.hdf'.
01:10:35 INFO  : 'configparams force-mem-access 1' command is executed.
01:10:35 INFO  : Context for 'APU' is selected.
01:10:36 INFO  : 'ps7_init' command is executed.
01:10:36 INFO  : 'ps7_post_config' command is executed.
01:10:36 INFO  : Context for processor 'ps7_cortexa9_0' is selected.
01:10:36 INFO  : The application 'E:/SoC/04_ZynqLab01/ZynqLab02/ZynqLab02.sdk/ZynqLab02/Debug/ZynqLab02.elf' is downloaded to processor 'ps7_cortexa9_0'.
01:10:36 INFO  : 'configparams force-mem-access 0' command is executed.
01:10:36 INFO  : ----------------XSDB Script----------------
connect -url tcp:127.0.0.1:3121
source E:/SoC/04_ZynqLab01/ZynqLab02/ZynqLab02.sdk/design_1_wrapper_hw_platform_0/ps7_init.tcl
targets -set -nocase -filter {name =~"APU*" && jtag_cable_name =~ "Digilent Zybo Z7 210351B7AC1BA"} -index 0
rst -system
after 3000
targets -set -filter {jtag_cable_name =~ "Digilent Zybo Z7 210351B7AC1BA" && level==0} -index 1
fpga -file E:/SoC/04_ZynqLab01/ZynqLab02/ZynqLab02.sdk/design_1_wrapper_hw_platform_0/design_1_wrapper.bit
targets -set -nocase -filter {name =~"APU*" && jtag_cable_name =~ "Digilent Zybo Z7 210351B7AC1BA"} -index 0
loadhw -hw E:/SoC/04_ZynqLab01/ZynqLab02/ZynqLab02.sdk/design_1_wrapper_hw_platform_0/system.hdf -mem-ranges [list {0x40000000 0xbfffffff}]
configparams force-mem-access 1
targets -set -nocase -filter {name =~"APU*" && jtag_cable_name =~ "Digilent Zybo Z7 210351B7AC1BA"} -index 0
ps7_init
ps7_post_config
targets -set -nocase -filter {name =~ "ARM*#0" && jtag_cable_name =~ "Digilent Zybo Z7 210351B7AC1BA"} -index 0
dow E:/SoC/04_ZynqLab01/ZynqLab02/ZynqLab02.sdk/ZynqLab02/Debug/ZynqLab02.elf
configparams force-mem-access 0
----------------End of Script----------------

01:10:36 INFO  : Memory regions updated for context APU
01:10:36 INFO  : Context for processor 'ps7_cortexa9_0' is selected.
01:10:36 INFO  : 'con' command is executed.
01:10:36 INFO  : ----------------XSDB Script (After Launch)----------------
targets -set -nocase -filter {name =~ "ARM*#0" && jtag_cable_name =~ "Digilent Zybo Z7 210351B7AC1BA"} -index 0
con
----------------End of Script----------------

01:10:36 INFO  : Launch script is exported to file 'E:\SoC\04_ZynqLab01\ZynqLab02\ZynqLab02.sdk\.sdk\launch_scripts\xilinx_c-c++_application_(system_debugger)\system_debugger_using_debug_zynqlab02.elf_on_local.tcl'
01:23:10 INFO  : Disconnected from the channel tcfchan#1.
01:23:11 INFO  : Connected to target on host '127.0.0.1' and port '3121'.
01:23:11 INFO  : Jtag cable 'Digilent Zybo Z7 210351B7AC1BA' is selected.
01:23:11 INFO  : 'jtag frequency' command is executed.
01:23:11 INFO  : Sourcing of 'E:/SoC/04_ZynqLab01/ZynqLab02/ZynqLab02.sdk/design_1_wrapper_hw_platform_0/ps7_init.tcl' is done.
01:23:11 INFO  : Context for 'APU' is selected.
01:23:12 INFO  : System reset is completed.
01:23:15 INFO  : 'after 3000' command is executed.
01:23:15 INFO  : 'targets -set -filter {jtag_cable_name =~ "Digilent Zybo Z7 210351B7AC1BA" && level==0} -index 1' command is executed.
01:23:17 INFO  : FPGA configured successfully with bitstream "E:/SoC/04_ZynqLab01/ZynqLab02/ZynqLab02.sdk/design_1_wrapper_hw_platform_0/design_1_wrapper.bit"
01:23:17 INFO  : Context for 'APU' is selected.
01:23:18 INFO  : Hardware design information is loaded from 'E:/SoC/04_ZynqLab01/ZynqLab02/ZynqLab02.sdk/design_1_wrapper_hw_platform_0/system.hdf'.
01:23:18 INFO  : 'configparams force-mem-access 1' command is executed.
01:23:18 INFO  : Context for 'APU' is selected.
01:23:18 INFO  : 'ps7_init' command is executed.
01:23:18 INFO  : 'ps7_post_config' command is executed.
01:23:18 INFO  : Context for processor 'ps7_cortexa9_0' is selected.
01:23:18 INFO  : The application 'E:/SoC/04_ZynqLab01/ZynqLab02/ZynqLab02.sdk/ZynqLab02/Debug/ZynqLab02.elf' is downloaded to processor 'ps7_cortexa9_0'.
01:23:18 INFO  : 'configparams force-mem-access 0' command is executed.
01:23:18 INFO  : ----------------XSDB Script----------------
connect -url tcp:127.0.0.1:3121
source E:/SoC/04_ZynqLab01/ZynqLab02/ZynqLab02.sdk/design_1_wrapper_hw_platform_0/ps7_init.tcl
targets -set -nocase -filter {name =~"APU*" && jtag_cable_name =~ "Digilent Zybo Z7 210351B7AC1BA"} -index 0
rst -system
after 3000
targets -set -filter {jtag_cable_name =~ "Digilent Zybo Z7 210351B7AC1BA" && level==0} -index 1
fpga -file E:/SoC/04_ZynqLab01/ZynqLab02/ZynqLab02.sdk/design_1_wrapper_hw_platform_0/design_1_wrapper.bit
targets -set -nocase -filter {name =~"APU*" && jtag_cable_name =~ "Digilent Zybo Z7 210351B7AC1BA"} -index 0
loadhw -hw E:/SoC/04_ZynqLab01/ZynqLab02/ZynqLab02.sdk/design_1_wrapper_hw_platform_0/system.hdf -mem-ranges [list {0x40000000 0xbfffffff}]
configparams force-mem-access 1
targets -set -nocase -filter {name =~"APU*" && jtag_cable_name =~ "Digilent Zybo Z7 210351B7AC1BA"} -index 0
ps7_init
ps7_post_config
targets -set -nocase -filter {name =~ "ARM*#0" && jtag_cable_name =~ "Digilent Zybo Z7 210351B7AC1BA"} -index 0
dow E:/SoC/04_ZynqLab01/ZynqLab02/ZynqLab02.sdk/ZynqLab02/Debug/ZynqLab02.elf
configparams force-mem-access 0
----------------End of Script----------------

01:23:18 INFO  : Memory regions updated for context APU
01:23:18 INFO  : Context for processor 'ps7_cortexa9_0' is selected.
01:23:18 INFO  : 'con' command is executed.
01:23:18 INFO  : ----------------XSDB Script (After Launch)----------------
targets -set -nocase -filter {name =~ "ARM*#0" && jtag_cable_name =~ "Digilent Zybo Z7 210351B7AC1BA"} -index 0
con
----------------End of Script----------------

01:23:18 INFO  : Launch script is exported to file 'E:\SoC\04_ZynqLab01\ZynqLab02\ZynqLab02.sdk\.sdk\launch_scripts\xilinx_c-c++_application_(system_debugger)\system_debugger_using_debug_zynqlab02.elf_on_local.tcl'
01:30:20 INFO  : Disconnected from the channel tcfchan#2.
01:30:21 INFO  : Connected to target on host '127.0.0.1' and port '3121'.
01:30:21 INFO  : Jtag cable 'Digilent Zybo Z7 210351B7AC1BA' is selected.
01:30:21 INFO  : 'jtag frequency' command is executed.
01:30:21 INFO  : Sourcing of 'E:/SoC/04_ZynqLab01/ZynqLab02/ZynqLab02.sdk/design_1_wrapper_hw_platform_0/ps7_init.tcl' is done.
01:30:21 INFO  : Context for 'APU' is selected.
01:30:21 INFO  : System reset is completed.
01:30:24 INFO  : 'after 3000' command is executed.
01:30:24 INFO  : 'targets -set -filter {jtag_cable_name =~ "Digilent Zybo Z7 210351B7AC1BA" && level==0} -index 1' command is executed.
01:30:26 INFO  : FPGA configured successfully with bitstream "E:/SoC/04_ZynqLab01/ZynqLab02/ZynqLab02.sdk/design_1_wrapper_hw_platform_0/design_1_wrapper.bit"
01:30:26 INFO  : Context for 'APU' is selected.
01:30:26 INFO  : Hardware design information is loaded from 'E:/SoC/04_ZynqLab01/ZynqLab02/ZynqLab02.sdk/design_1_wrapper_hw_platform_0/system.hdf'.
01:30:26 INFO  : 'configparams force-mem-access 1' command is executed.
01:30:26 INFO  : Context for 'APU' is selected.
01:30:27 INFO  : 'ps7_init' command is executed.
01:30:27 INFO  : 'ps7_post_config' command is executed.
01:30:27 INFO  : Context for processor 'ps7_cortexa9_0' is selected.
01:30:27 INFO  : The application 'E:/SoC/04_ZynqLab01/ZynqLab02/ZynqLab02.sdk/ZynqLab02/Debug/ZynqLab02.elf' is downloaded to processor 'ps7_cortexa9_0'.
01:30:27 INFO  : 'configparams force-mem-access 0' command is executed.
01:30:27 INFO  : ----------------XSDB Script----------------
connect -url tcp:127.0.0.1:3121
source E:/SoC/04_ZynqLab01/ZynqLab02/ZynqLab02.sdk/design_1_wrapper_hw_platform_0/ps7_init.tcl
targets -set -nocase -filter {name =~"APU*" && jtag_cable_name =~ "Digilent Zybo Z7 210351B7AC1BA"} -index 0
rst -system
after 3000
targets -set -filter {jtag_cable_name =~ "Digilent Zybo Z7 210351B7AC1BA" && level==0} -index 1
fpga -file E:/SoC/04_ZynqLab01/ZynqLab02/ZynqLab02.sdk/design_1_wrapper_hw_platform_0/design_1_wrapper.bit
targets -set -nocase -filter {name =~"APU*" && jtag_cable_name =~ "Digilent Zybo Z7 210351B7AC1BA"} -index 0
loadhw -hw E:/SoC/04_ZynqLab01/ZynqLab02/ZynqLab02.sdk/design_1_wrapper_hw_platform_0/system.hdf -mem-ranges [list {0x40000000 0xbfffffff}]
configparams force-mem-access 1
targets -set -nocase -filter {name =~"APU*" && jtag_cable_name =~ "Digilent Zybo Z7 210351B7AC1BA"} -index 0
ps7_init
ps7_post_config
targets -set -nocase -filter {name =~ "ARM*#0" && jtag_cable_name =~ "Digilent Zybo Z7 210351B7AC1BA"} -index 0
dow E:/SoC/04_ZynqLab01/ZynqLab02/ZynqLab02.sdk/ZynqLab02/Debug/ZynqLab02.elf
configparams force-mem-access 0
----------------End of Script----------------

01:30:27 INFO  : Memory regions updated for context APU
01:30:27 INFO  : Context for processor 'ps7_cortexa9_0' is selected.
01:30:27 INFO  : 'con' command is executed.
01:30:27 INFO  : ----------------XSDB Script (After Launch)----------------
targets -set -nocase -filter {name =~ "ARM*#0" && jtag_cable_name =~ "Digilent Zybo Z7 210351B7AC1BA"} -index 0
con
----------------End of Script----------------

01:30:27 INFO  : Launch script is exported to file 'E:\SoC\04_ZynqLab01\ZynqLab02\ZynqLab02.sdk\.sdk\launch_scripts\xilinx_c-c++_application_(system_debugger)\system_debugger_using_debug_zynqlab02.elf_on_local.tcl'
01:36:19 INFO  : SDK has detected change in the last modified timestamps for source hardware specification file Source:1729442167335,  Project:1729440133086
01:36:19 INFO  : Project design_1_wrapper_hw_platform_0's source hardware specification located at E:/SoC/04_ZynqLab01/ZynqLab02/ZynqLab02.sdk/design_1_wrapper.hdf is now different from the local copy.
		 The local copy will be replaced with the source specification and your workspace will be updated.
01:36:36 INFO  : Copied contents of E:/SoC/04_ZynqLab01/ZynqLab02/ZynqLab02.sdk/design_1_wrapper.hdf into \design_1_wrapper_hw_platform_0\system.hdf.
01:36:38 INFO  : Synchronizing projects in the workspace with the hardware platform specification changes.
01:36:40 INFO  : 
01:36:41 INFO  : Updating hardware inferred compiler options for ZynqLab02.
01:36:41 INFO  : Clearing existing target manager status.
01:36:41 INFO  : Closing and re-opening the MSS file of ther project ZynqLab02_bsp
01:36:42 INFO  : Closing and re-opening the MSS file of ther project ZynqLab02_bsp
01:36:42 INFO  : Closing and re-opening the MSS file of ther project ZynqLab02_bsp
01:36:42 INFO  : Workspace synchronized with the new hardware specification file. Cleaning dependent projects...
01:36:44 WARN  : Linker script will not be updated automatically. Users need to update it manually.
01:37:24 INFO  : Disconnected from the channel tcfchan#3.
01:37:25 INFO  : Connected to target on host '127.0.0.1' and port '3121'.
01:37:25 INFO  : Jtag cable 'Digilent Zybo Z7 210351B7AC1BA' is selected.
01:37:25 INFO  : 'jtag frequency' command is executed.
01:37:25 INFO  : Sourcing of 'E:/SoC/04_ZynqLab01/ZynqLab02/ZynqLab02.sdk/design_1_wrapper_hw_platform_0/ps7_init.tcl' is done.
01:37:25 INFO  : Context for 'APU' is selected.
01:37:25 INFO  : System reset is completed.
01:37:28 INFO  : 'after 3000' command is executed.
01:37:28 INFO  : 'targets -set -filter {jtag_cable_name =~ "Digilent Zybo Z7 210351B7AC1BA" && level==0} -index 1' command is executed.
01:37:31 INFO  : FPGA configured successfully with bitstream "E:/SoC/04_ZynqLab01/ZynqLab02/ZynqLab02.sdk/design_1_wrapper_hw_platform_0/design_1_wrapper.bit"
01:37:31 INFO  : Context for 'APU' is selected.
01:37:31 INFO  : Hardware design information is loaded from 'E:/SoC/04_ZynqLab01/ZynqLab02/ZynqLab02.sdk/design_1_wrapper_hw_platform_0/system.hdf'.
01:37:31 INFO  : 'configparams force-mem-access 1' command is executed.
01:37:31 INFO  : Context for 'APU' is selected.
01:37:31 INFO  : 'ps7_init' command is executed.
01:37:31 INFO  : 'ps7_post_config' command is executed.
01:37:31 INFO  : Context for processor 'ps7_cortexa9_0' is selected.
01:37:31 INFO  : The application 'E:/SoC/04_ZynqLab01/ZynqLab02/ZynqLab02.sdk/ZynqLab02/Debug/ZynqLab02.elf' is downloaded to processor 'ps7_cortexa9_0'.
01:37:31 INFO  : 'configparams force-mem-access 0' command is executed.
01:37:31 INFO  : ----------------XSDB Script----------------
connect -url tcp:127.0.0.1:3121
source E:/SoC/04_ZynqLab01/ZynqLab02/ZynqLab02.sdk/design_1_wrapper_hw_platform_0/ps7_init.tcl
targets -set -nocase -filter {name =~"APU*" && jtag_cable_name =~ "Digilent Zybo Z7 210351B7AC1BA"} -index 0
rst -system
after 3000
targets -set -filter {jtag_cable_name =~ "Digilent Zybo Z7 210351B7AC1BA" && level==0} -index 1
fpga -file E:/SoC/04_ZynqLab01/ZynqLab02/ZynqLab02.sdk/design_1_wrapper_hw_platform_0/design_1_wrapper.bit
targets -set -nocase -filter {name =~"APU*" && jtag_cable_name =~ "Digilent Zybo Z7 210351B7AC1BA"} -index 0
loadhw -hw E:/SoC/04_ZynqLab01/ZynqLab02/ZynqLab02.sdk/design_1_wrapper_hw_platform_0/system.hdf -mem-ranges [list {0x40000000 0xbfffffff}]
configparams force-mem-access 1
targets -set -nocase -filter {name =~"APU*" && jtag_cable_name =~ "Digilent Zybo Z7 210351B7AC1BA"} -index 0
ps7_init
ps7_post_config
targets -set -nocase -filter {name =~ "ARM*#0" && jtag_cable_name =~ "Digilent Zybo Z7 210351B7AC1BA"} -index 0
dow E:/SoC/04_ZynqLab01/ZynqLab02/ZynqLab02.sdk/ZynqLab02/Debug/ZynqLab02.elf
configparams force-mem-access 0
----------------End of Script----------------

01:37:31 INFO  : Memory regions updated for context APU
01:37:31 INFO  : Context for processor 'ps7_cortexa9_0' is selected.
01:37:31 INFO  : 'con' command is executed.
01:37:31 INFO  : ----------------XSDB Script (After Launch)----------------
targets -set -nocase -filter {name =~ "ARM*#0" && jtag_cable_name =~ "Digilent Zybo Z7 210351B7AC1BA"} -index 0
con
----------------End of Script----------------

01:37:31 INFO  : Launch script is exported to file 'E:\SoC\04_ZynqLab01\ZynqLab02\ZynqLab02.sdk\.sdk\launch_scripts\xilinx_c-c++_application_(system_debugger)\system_debugger_using_debug_zynqlab02.elf_on_local.tcl'
01:43:12 INFO  : Disconnected from the channel tcfchan#4.
