20:09:25 INFO  : Registering command handlers for SDK TCF services
20:09:25 INFO  : Launching XSCT server: xsct.bat -interactive E:\SoC\04_ZynqLab01\ZynqLab01\ZynqLab01.sdk\temp_xsdb_launch_script.tcl
20:09:28 INFO  : XSCT server has started successfully.
20:09:28 INFO  : Successfully done setting XSCT server connection channel  
20:09:31 INFO  : Successfully done setting SDK workspace  
20:09:31 INFO  : Processing command line option -hwspec E:/SoC/04_ZynqLab01/ZynqLab01/ZynqLab01.sdk/design_1_wrapper.hdf.
20:18:40 INFO  : Connected to target on host '127.0.0.1' and port '3121'.
20:18:40 INFO  : Jtag cable 'Digilent Zybo Z7 210351BA1F56A' is selected.
20:18:40 INFO  : 'jtag frequency' command is executed.
20:18:40 INFO  : Sourcing of 'E:/SoC/04_ZynqLab01/ZynqLab01/ZynqLab01.sdk/design_1_wrapper_hw_platform_0/ps7_init.tcl' is done.
20:18:40 INFO  : Context for 'APU' is selected.
20:18:41 INFO  : System reset is completed.
20:18:44 INFO  : 'after 3000' command is executed.
20:18:44 INFO  : 'targets -set -filter {jtag_cable_name =~ "Digilent Zybo Z7 210351BA1F56A" && level==0} -index 1' command is executed.
20:18:46 INFO  : FPGA configured successfully with bitstream "E:/SoC/04_ZynqLab01/ZynqLab01/ZynqLab01.sdk/design_1_wrapper_hw_platform_0/design_1_wrapper.bit"
20:18:46 INFO  : Context for 'APU' is selected.
20:18:46 INFO  : Hardware design information is loaded from 'E:/SoC/04_ZynqLab01/ZynqLab01/ZynqLab01.sdk/design_1_wrapper_hw_platform_0/system.hdf'.
20:18:46 INFO  : 'configparams force-mem-access 1' command is executed.
20:18:46 INFO  : Context for 'APU' is selected.
20:18:46 INFO  : 'ps7_init' command is executed.
20:18:46 INFO  : 'ps7_post_config' command is executed.
20:18:46 INFO  : Context for processor 'ps7_cortexa9_0' is selected.
20:18:47 INFO  : The application 'E:/SoC/04_ZynqLab01/ZynqLab01/ZynqLab01.sdk/ZynqLab01/Debug/ZynqLab01.elf' is downloaded to processor 'ps7_cortexa9_0'.
20:18:47 INFO  : 'configparams force-mem-access 0' command is executed.
20:18:47 INFO  : ----------------XSDB Script----------------
connect -url tcp:127.0.0.1:3121
source E:/SoC/04_ZynqLab01/ZynqLab01/ZynqLab01.sdk/design_1_wrapper_hw_platform_0/ps7_init.tcl
targets -set -nocase -filter {name =~"APU*" && jtag_cable_name =~ "Digilent Zybo Z7 210351BA1F56A"} -index 0
rst -system
after 3000
targets -set -filter {jtag_cable_name =~ "Digilent Zybo Z7 210351BA1F56A" && level==0} -index 1
fpga -file E:/SoC/04_ZynqLab01/ZynqLab01/ZynqLab01.sdk/design_1_wrapper_hw_platform_0/design_1_wrapper.bit
targets -set -nocase -filter {name =~"APU*" && jtag_cable_name =~ "Digilent Zybo Z7 210351BA1F56A"} -index 0
loadhw -hw E:/SoC/04_ZynqLab01/ZynqLab01/ZynqLab01.sdk/design_1_wrapper_hw_platform_0/system.hdf -mem-ranges [list {0x40000000 0xbfffffff}]
configparams force-mem-access 1
targets -set -nocase -filter {name =~"APU*" && jtag_cable_name =~ "Digilent Zybo Z7 210351BA1F56A"} -index 0
ps7_init
ps7_post_config
targets -set -nocase -filter {name =~ "ARM*#0" && jtag_cable_name =~ "Digilent Zybo Z7 210351BA1F56A"} -index 0
dow E:/SoC/04_ZynqLab01/ZynqLab01/ZynqLab01.sdk/ZynqLab01/Debug/ZynqLab01.elf
configparams force-mem-access 0
----------------End of Script----------------

20:18:47 INFO  : Memory regions updated for context APU
20:18:47 INFO  : Context for processor 'ps7_cortexa9_0' is selected.
20:18:47 INFO  : 'con' command is executed.
20:18:47 INFO  : ----------------XSDB Script (After Launch)----------------
targets -set -nocase -filter {name =~ "ARM*#0" && jtag_cable_name =~ "Digilent Zybo Z7 210351BA1F56A"} -index 0
con
----------------End of Script----------------

20:18:47 INFO  : Launch script is exported to file 'E:\SoC\04_ZynqLab01\ZynqLab01\ZynqLab01.sdk\.sdk\launch_scripts\xilinx_c-c++_application_(system_debugger)\system_debugger_using_debug_zynqlab01.elf_on_local.tcl'
20:21:54 INFO  : Disconnected from the channel tcfchan#1.
20:21:55 INFO  : Connected to target on host '127.0.0.1' and port '3121'.
20:21:55 INFO  : Jtag cable 'Digilent Zybo Z7 210351BA1F56A' is selected.
20:21:55 INFO  : 'jtag frequency' command is executed.
20:21:55 INFO  : Sourcing of 'E:/SoC/04_ZynqLab01/ZynqLab01/ZynqLab01.sdk/design_1_wrapper_hw_platform_0/ps7_init.tcl' is done.
20:21:55 INFO  : Context for 'APU' is selected.
20:21:56 INFO  : System reset is completed.
20:21:59 INFO  : 'after 3000' command is executed.
20:21:59 INFO  : 'targets -set -filter {jtag_cable_name =~ "Digilent Zybo Z7 210351BA1F56A" && level==0} -index 1' command is executed.
20:22:01 INFO  : FPGA configured successfully with bitstream "E:/SoC/04_ZynqLab01/ZynqLab01/ZynqLab01.sdk/design_1_wrapper_hw_platform_0/design_1_wrapper.bit"
20:22:01 INFO  : Context for 'APU' is selected.
20:22:02 INFO  : Hardware design information is loaded from 'E:/SoC/04_ZynqLab01/ZynqLab01/ZynqLab01.sdk/design_1_wrapper_hw_platform_0/system.hdf'.
20:22:02 INFO  : 'configparams force-mem-access 1' command is executed.
20:22:02 INFO  : Context for 'APU' is selected.
20:22:02 INFO  : 'ps7_init' command is executed.
20:22:02 INFO  : 'ps7_post_config' command is executed.
20:22:02 INFO  : Context for processor 'ps7_cortexa9_0' is selected.
20:22:03 INFO  : The application 'E:/SoC/04_ZynqLab01/ZynqLab01/ZynqLab01.sdk/ZynqLab01/Debug/ZynqLab01.elf' is downloaded to processor 'ps7_cortexa9_0'.
20:22:03 INFO  : 'configparams force-mem-access 0' command is executed.
20:22:03 INFO  : ----------------XSDB Script----------------
connect -url tcp:127.0.0.1:3121
source E:/SoC/04_ZynqLab01/ZynqLab01/ZynqLab01.sdk/design_1_wrapper_hw_platform_0/ps7_init.tcl
targets -set -nocase -filter {name =~"APU*" && jtag_cable_name =~ "Digilent Zybo Z7 210351BA1F56A"} -index 0
rst -system
after 3000
targets -set -filter {jtag_cable_name =~ "Digilent Zybo Z7 210351BA1F56A" && level==0} -index 1
fpga -file E:/SoC/04_ZynqLab01/ZynqLab01/ZynqLab01.sdk/design_1_wrapper_hw_platform_0/design_1_wrapper.bit
targets -set -nocase -filter {name =~"APU*" && jtag_cable_name =~ "Digilent Zybo Z7 210351BA1F56A"} -index 0
loadhw -hw E:/SoC/04_ZynqLab01/ZynqLab01/ZynqLab01.sdk/design_1_wrapper_hw_platform_0/system.hdf -mem-ranges [list {0x40000000 0xbfffffff}]
configparams force-mem-access 1
targets -set -nocase -filter {name =~"APU*" && jtag_cable_name =~ "Digilent Zybo Z7 210351BA1F56A"} -index 0
ps7_init
ps7_post_config
targets -set -nocase -filter {name =~ "ARM*#0" && jtag_cable_name =~ "Digilent Zybo Z7 210351BA1F56A"} -index 0
dow E:/SoC/04_ZynqLab01/ZynqLab01/ZynqLab01.sdk/ZynqLab01/Debug/ZynqLab01.elf
configparams force-mem-access 0
----------------End of Script----------------

20:22:03 INFO  : Memory regions updated for context APU
20:22:03 INFO  : Context for processor 'ps7_cortexa9_0' is selected.
20:22:03 INFO  : 'con' command is executed.
20:22:03 INFO  : ----------------XSDB Script (After Launch)----------------
targets -set -nocase -filter {name =~ "ARM*#0" && jtag_cable_name =~ "Digilent Zybo Z7 210351BA1F56A"} -index 0
con
----------------End of Script----------------

20:22:03 INFO  : Launch script is exported to file 'E:\SoC\04_ZynqLab01\ZynqLab01\ZynqLab01.sdk\.sdk\launch_scripts\xilinx_c-c++_application_(system_debugger)\system_debugger_using_debug_zynqlab01.elf_on_local.tcl'
20:22:53 INFO  : Disconnected from the channel tcfchan#2.
20:22:54 INFO  : Connected to target on host '127.0.0.1' and port '3121'.
20:22:54 INFO  : Jtag cable 'Digilent Zybo Z7 210351BA1F56A' is selected.
20:22:54 INFO  : 'jtag frequency' command is executed.
20:22:54 INFO  : Sourcing of 'E:/SoC/04_ZynqLab01/ZynqLab01/ZynqLab01.sdk/design_1_wrapper_hw_platform_0/ps7_init.tcl' is done.
20:22:55 INFO  : Context for 'APU' is selected.
20:22:55 INFO  : System reset is completed.
20:22:58 INFO  : 'after 3000' command is executed.
20:22:58 INFO  : 'targets -set -filter {jtag_cable_name =~ "Digilent Zybo Z7 210351BA1F56A" && level==0} -index 1' command is executed.
20:23:00 INFO  : FPGA configured successfully with bitstream "E:/SoC/04_ZynqLab01/ZynqLab01/ZynqLab01.sdk/design_1_wrapper_hw_platform_0/design_1_wrapper.bit"
20:23:00 INFO  : Context for 'APU' is selected.
20:23:01 INFO  : Hardware design information is loaded from 'E:/SoC/04_ZynqLab01/ZynqLab01/ZynqLab01.sdk/design_1_wrapper_hw_platform_0/system.hdf'.
20:23:01 INFO  : 'configparams force-mem-access 1' command is executed.
20:23:01 INFO  : Context for 'APU' is selected.
20:23:01 INFO  : 'ps7_init' command is executed.
20:23:01 INFO  : 'ps7_post_config' command is executed.
20:23:01 INFO  : Context for processor 'ps7_cortexa9_0' is selected.
20:23:01 INFO  : The application 'E:/SoC/04_ZynqLab01/ZynqLab01/ZynqLab01.sdk/ZynqLab01/Debug/ZynqLab01.elf' is downloaded to processor 'ps7_cortexa9_0'.
20:23:01 INFO  : 'configparams force-mem-access 0' command is executed.
20:23:01 INFO  : ----------------XSDB Script----------------
connect -url tcp:127.0.0.1:3121
source E:/SoC/04_ZynqLab01/ZynqLab01/ZynqLab01.sdk/design_1_wrapper_hw_platform_0/ps7_init.tcl
targets -set -nocase -filter {name =~"APU*" && jtag_cable_name =~ "Digilent Zybo Z7 210351BA1F56A"} -index 0
rst -system
after 3000
targets -set -filter {jtag_cable_name =~ "Digilent Zybo Z7 210351BA1F56A" && level==0} -index 1
fpga -file E:/SoC/04_ZynqLab01/ZynqLab01/ZynqLab01.sdk/design_1_wrapper_hw_platform_0/design_1_wrapper.bit
targets -set -nocase -filter {name =~"APU*" && jtag_cable_name =~ "Digilent Zybo Z7 210351BA1F56A"} -index 0
loadhw -hw E:/SoC/04_ZynqLab01/ZynqLab01/ZynqLab01.sdk/design_1_wrapper_hw_platform_0/system.hdf -mem-ranges [list {0x40000000 0xbfffffff}]
configparams force-mem-access 1
targets -set -nocase -filter {name =~"APU*" && jtag_cable_name =~ "Digilent Zybo Z7 210351BA1F56A"} -index 0
ps7_init
ps7_post_config
targets -set -nocase -filter {name =~ "ARM*#0" && jtag_cable_name =~ "Digilent Zybo Z7 210351BA1F56A"} -index 0
dow E:/SoC/04_ZynqLab01/ZynqLab01/ZynqLab01.sdk/ZynqLab01/Debug/ZynqLab01.elf
configparams force-mem-access 0
----------------End of Script----------------

20:23:01 INFO  : Memory regions updated for context APU
20:23:01 INFO  : Context for processor 'ps7_cortexa9_0' is selected.
20:23:01 INFO  : 'con' command is executed.
20:23:01 INFO  : ----------------XSDB Script (After Launch)----------------
targets -set -nocase -filter {name =~ "ARM*#0" && jtag_cable_name =~ "Digilent Zybo Z7 210351BA1F56A"} -index 0
con
----------------End of Script----------------

20:23:01 INFO  : Launch script is exported to file 'E:\SoC\04_ZynqLab01\ZynqLab01\ZynqLab01.sdk\.sdk\launch_scripts\xilinx_c-c++_application_(system_debugger)\system_debugger_using_debug_zynqlab01.elf_on_local.tcl'
20:28:17 INFO  : Disconnected from the channel tcfchan#3.
20:28:18 INFO  : Connected to target on host '127.0.0.1' and port '3121'.
20:28:18 INFO  : Jtag cable 'Digilent Zybo Z7 210351BA1F56A' is selected.
20:28:18 INFO  : 'jtag frequency' command is executed.
20:28:18 INFO  : Sourcing of 'E:/SoC/04_ZynqLab01/ZynqLab01/ZynqLab01.sdk/design_1_wrapper_hw_platform_0/ps7_init.tcl' is done.
20:28:18 INFO  : Context for 'APU' is selected.
20:28:19 INFO  : System reset is completed.
20:28:22 INFO  : 'after 3000' command is executed.
20:28:22 INFO  : 'targets -set -filter {jtag_cable_name =~ "Digilent Zybo Z7 210351BA1F56A" && level==0} -index 1' command is executed.
20:28:24 INFO  : FPGA configured successfully with bitstream "E:/SoC/04_ZynqLab01/ZynqLab01/ZynqLab01.sdk/design_1_wrapper_hw_platform_0/design_1_wrapper.bit"
20:28:24 INFO  : Context for 'APU' is selected.
20:28:25 INFO  : Hardware design information is loaded from 'E:/SoC/04_ZynqLab01/ZynqLab01/ZynqLab01.sdk/design_1_wrapper_hw_platform_0/system.hdf'.
20:28:25 INFO  : 'configparams force-mem-access 1' command is executed.
20:28:25 INFO  : Context for 'APU' is selected.
20:28:25 INFO  : 'ps7_init' command is executed.
20:28:25 INFO  : 'ps7_post_config' command is executed.
20:28:25 INFO  : Context for processor 'ps7_cortexa9_0' is selected.
20:28:25 INFO  : The application 'E:/SoC/04_ZynqLab01/ZynqLab01/ZynqLab01.sdk/ZynqLab01/Debug/ZynqLab01.elf' is downloaded to processor 'ps7_cortexa9_0'.
20:28:25 INFO  : 'configparams force-mem-access 0' command is executed.
20:28:25 INFO  : ----------------XSDB Script----------------
connect -url tcp:127.0.0.1:3121
source E:/SoC/04_ZynqLab01/ZynqLab01/ZynqLab01.sdk/design_1_wrapper_hw_platform_0/ps7_init.tcl
targets -set -nocase -filter {name =~"APU*" && jtag_cable_name =~ "Digilent Zybo Z7 210351BA1F56A"} -index 0
rst -system
after 3000
targets -set -filter {jtag_cable_name =~ "Digilent Zybo Z7 210351BA1F56A" && level==0} -index 1
fpga -file E:/SoC/04_ZynqLab01/ZynqLab01/ZynqLab01.sdk/design_1_wrapper_hw_platform_0/design_1_wrapper.bit
targets -set -nocase -filter {name =~"APU*" && jtag_cable_name =~ "Digilent Zybo Z7 210351BA1F56A"} -index 0
loadhw -hw E:/SoC/04_ZynqLab01/ZynqLab01/ZynqLab01.sdk/design_1_wrapper_hw_platform_0/system.hdf -mem-ranges [list {0x40000000 0xbfffffff}]
configparams force-mem-access 1
targets -set -nocase -filter {name =~"APU*" && jtag_cable_name =~ "Digilent Zybo Z7 210351BA1F56A"} -index 0
ps7_init
ps7_post_config
targets -set -nocase -filter {name =~ "ARM*#0" && jtag_cable_name =~ "Digilent Zybo Z7 210351BA1F56A"} -index 0
dow E:/SoC/04_ZynqLab01/ZynqLab01/ZynqLab01.sdk/ZynqLab01/Debug/ZynqLab01.elf
configparams force-mem-access 0
----------------End of Script----------------

20:28:26 INFO  : Memory regions updated for context APU
20:28:26 INFO  : Context for processor 'ps7_cortexa9_0' is selected.
20:28:26 INFO  : 'con' command is executed.
20:28:26 INFO  : ----------------XSDB Script (After Launch)----------------
targets -set -nocase -filter {name =~ "ARM*#0" && jtag_cable_name =~ "Digilent Zybo Z7 210351BA1F56A"} -index 0
con
----------------End of Script----------------

20:28:26 INFO  : Launch script is exported to file 'E:\SoC\04_ZynqLab01\ZynqLab01\ZynqLab01.sdk\.sdk\launch_scripts\xilinx_c-c++_application_(system_debugger)\system_debugger_using_debug_zynqlab01.elf_on_local.tcl'
