12:46:50 INFO  : Registering command handlers for SDK TCF services
12:46:50 INFO  : Launching XSCT server: xsct.bat -interactive E:\01_SoC\06_Keypad\ZynqLab06\ZynqLab06.sdk\temp_xsdb_launch_script.tcl
12:46:52 INFO  : XSCT server has started successfully.
12:46:52 INFO  : Successfully done setting XSCT server connection channel  
12:46:53 INFO  : Successfully done setting SDK workspace  
12:46:53 INFO  : Processing command line option -hwspec E:/01_SoC/06_Keypad/ZynqLab06/ZynqLab06.sdk/design_1_wrapper.hdf.
12:47:41 ERROR : The Hardware Project referenced by this BSP (ZynqLab06_bsp) was not found in this workspace. As a result, this BSP will not build properly. To fix this error, please import the associated hardware project or recreate a new BSP targeting an existing hardware platform.
12:49:07 INFO  : Connected to target on host '127.0.0.1' and port '3121'.
12:49:08 INFO  : Jtag cable 'Digilent Zybo Z7 210351B7AC1BA' is selected.
12:49:08 INFO  : 'jtag frequency' command is executed.
12:49:08 INFO  : Sourcing of 'E:/01_SoC/06_Keypad/ZynqLab06/ZynqLab06.sdk/design_1_wrapper_hw_platform_0/ps7_init.tcl' is done.
12:49:08 INFO  : Context for 'APU' is selected.
12:49:08 INFO  : System reset is completed.
12:49:11 INFO  : 'after 3000' command is executed.
12:49:11 INFO  : 'targets -set -filter {jtag_cable_name =~ "Digilent Zybo Z7 210351B7AC1BA" && level==0} -index 1' command is executed.
12:49:14 INFO  : FPGA configured successfully with bitstream "E:/01_SoC/06_Keypad/ZynqLab06/ZynqLab06.sdk/design_1_wrapper_hw_platform_0/design_1_wrapper.bit"
12:49:14 INFO  : Context for 'APU' is selected.
12:49:14 INFO  : Hardware design information is loaded from 'E:/01_SoC/06_Keypad/ZynqLab06/ZynqLab06.sdk/design_1_wrapper_hw_platform_0/system.hdf'.
12:49:14 INFO  : 'configparams force-mem-access 1' command is executed.
12:49:14 INFO  : Context for 'APU' is selected.
12:49:14 INFO  : 'ps7_init' command is executed.
12:49:14 INFO  : 'ps7_post_config' command is executed.
12:49:14 INFO  : Context for processor 'ps7_cortexa9_0' is selected.
12:49:14 INFO  : The application 'E:/01_SoC/06_Keypad/ZynqLab06/ZynqLab06.sdk/ZynqLab06/Debug/ZynqLab06.elf' is downloaded to processor 'ps7_cortexa9_0'.
12:49:14 INFO  : 'configparams force-mem-access 0' command is executed.
12:49:14 INFO  : ----------------XSDB Script----------------
connect -url tcp:127.0.0.1:3121
source E:/01_SoC/06_Keypad/ZynqLab06/ZynqLab06.sdk/design_1_wrapper_hw_platform_0/ps7_init.tcl
targets -set -nocase -filter {name =~"APU*" && jtag_cable_name =~ "Digilent Zybo Z7 210351B7AC1BA"} -index 0
rst -system
after 3000
targets -set -filter {jtag_cable_name =~ "Digilent Zybo Z7 210351B7AC1BA" && level==0} -index 1
fpga -file E:/01_SoC/06_Keypad/ZynqLab06/ZynqLab06.sdk/design_1_wrapper_hw_platform_0/design_1_wrapper.bit
targets -set -nocase -filter {name =~"APU*" && jtag_cable_name =~ "Digilent Zybo Z7 210351B7AC1BA"} -index 0
loadhw -hw E:/01_SoC/06_Keypad/ZynqLab06/ZynqLab06.sdk/design_1_wrapper_hw_platform_0/system.hdf -mem-ranges [list {0x40000000 0xbfffffff}]
configparams force-mem-access 1
targets -set -nocase -filter {name =~"APU*" && jtag_cable_name =~ "Digilent Zybo Z7 210351B7AC1BA"} -index 0
ps7_init
ps7_post_config
targets -set -nocase -filter {name =~ "ARM*#0" && jtag_cable_name =~ "Digilent Zybo Z7 210351B7AC1BA"} -index 0
dow E:/01_SoC/06_Keypad/ZynqLab06/ZynqLab06.sdk/ZynqLab06/Debug/ZynqLab06.elf
configparams force-mem-access 0
----------------End of Script----------------

12:49:14 INFO  : Context for processor 'ps7_cortexa9_0' is selected.
12:49:14 INFO  : 'con' command is executed.
12:49:14 INFO  : ----------------XSDB Script (After Launch)----------------
targets -set -nocase -filter {name =~ "ARM*#0" && jtag_cable_name =~ "Digilent Zybo Z7 210351B7AC1BA"} -index 0
con
----------------End of Script----------------

12:49:14 INFO  : Disconnected from the channel tcfchan#1.
