#-----------------------------------------------------------
# Vivado v2019.1 (64-bit)
# SW Build 2552052 on Fri May 24 14:49:42 MDT 2019
# IP Build 2548770 on Fri May 24 18:01:18 MDT 2019
# Start of session at: Sun Sep 29 23:32:02 2024
# Process ID: 17680
# Current directory: E:/SoC/01_SimLab01/SimLab01
# Command line: vivado.exe -gui_launcher_event rodinguilauncherevent25908 E:\SoC\01_SimLab01\SimLab01\SimLab01.xpr
# Log file: E:/SoC/01_SimLab01/SimLab01/vivado.log
# Journal file: E:/SoC/01_SimLab01/SimLab01\vivado.jou
#-----------------------------------------------------------
start_gui
open_project E:/SoC/01_SimLab01/SimLab01/SimLab01.xpr
INFO: [Project 1-313] Project file moved from 'E:/SoC/SimLab01/SimLab01_vivado' since last save.
Scanning sources...
Finished scanning sources
INFO: [IP_Flow 19-234] Refreshing IP repositories
INFO: [IP_Flow 19-1704] No user IP repositories specified
INFO: [IP_Flow 19-2313] Loaded Vivado IP repository 'C:/Xilinx/Vivado/2019.1/data/ip'.
update_compile_order -fileset sources_1
launch_simulation
INFO: [Vivado 12-5682] Launching behavioral simulation in 'E:/SoC/01_SimLab01/SimLab01/SimLab01.sim/sim_1/behav/xsim'
INFO: [SIM-utils-51] Simulation object is 'sim_1'
INFO: [SIM-utils-54] Inspecting design source files for 'tb_CombinedIP' in fileset 'sim_1'...
INFO: [USF-XSim-97] Finding global include files...
INFO: [USF-XSim-98] Fetching design files from 'sim_1'...
INFO: [USF-XSim-2] XSim::Compile design
INFO: [USF-XSim-61] Executing 'COMPILE and ANALYZE' step in 'E:/SoC/01_SimLab01/SimLab01/SimLab01.sim/sim_1/behav/xsim'
"xvlog --incr --relax -prj tb_CombinedIP_vlog.prj"
INFO: [VRFC 10-2263] Analyzing Verilog file "E:/SoC/01_SimLab01/SimLab01/SimLab01.srcs/sources_1/new/ConstReg.v" into library xil_defaultlib
INFO: [VRFC 10-311] analyzing module ConstReg
INFO: [VRFC 10-2263] Analyzing Verilog file "E:/SoC/01_SimLab01/SimLab01/SimLab01.srcs/sources_1/new/DigInPort.v" into library xil_defaultlib
INFO: [VRFC 10-311] analyzing module DigInPort
INFO: [VRFC 10-2263] Analyzing Verilog file "E:/SoC/01_SimLab01/SimLab01/SimLab01.srcs/sources_1/new/DigOutPort.v" into library xil_defaultlib
INFO: [VRFC 10-311] analyzing module DigOutPort
INFO: [VRFC 10-2263] Analyzing Verilog file "E:/SoC/01_SimLab01/SimLab01/SimLab01.srcs/sim_1/new/tb_CombinedIP.v" into library xil_defaultlib
INFO: [VRFC 10-311] analyzing module tb_CombinedIP
INFO: [VRFC 10-2263] Analyzing Verilog file "E:/SoC/01_SimLab01/SimLab01/SimLab01.sim/sim_1/behav/xsim/glbl.v" into library xil_defaultlib
INFO: [VRFC 10-311] analyzing module glbl
INFO: [USF-XSim-69] 'compile' step finished in '1' seconds
INFO: [USF-XSim-3] XSim::Elaborate design
INFO: [USF-XSim-61] Executing 'ELABORATE' step in 'E:/SoC/01_SimLab01/SimLab01/SimLab01.sim/sim_1/behav/xsim'
"xelab -wto ebab8f8d4afb4d678c4d9f301a3845fb --incr --debug typical --relax --mt 2 -L xil_defaultlib -L unisims_ver -L unimacro_ver -L secureip --snapshot tb_CombinedIP_behav xil_defaultlib.tb_CombinedIP xil_defaultlib.glbl -log elaborate.log"
Vivado Simulator 2019.1
Copyright 1986-1999, 2001-2019 Xilinx, Inc. All Rights Reserved.
Running: C:/Xilinx/Vivado/2019.1/bin/unwrapped/win64.o/xelab.exe -wto ebab8f8d4afb4d678c4d9f301a3845fb --incr --debug typical --relax --mt 2 -L xil_defaultlib -L unisims_ver -L unimacro_ver -L secureip --snapshot tb_CombinedIP_behav xil_defaultlib.tb_CombinedIP xil_defaultlib.glbl -log elaborate.log 
Using 2 slave threads.
Starting static elaboration
Completed static elaboration
Starting simulation data flow analysis
Completed simulation data flow analysis
Time Resolution for simulation is 1ps
Compiling module xil_defaultlib.DigOutPort
Compiling module xil_defaultlib.ConstReg
Compiling module xil_defaultlib.DigInPort
Compiling module xil_defaultlib.tb_CombinedIP
Compiling module xil_defaultlib.glbl
Built simulation snapshot tb_CombinedIP_behav
INFO: [USF-XSim-69] 'elaborate' step finished in '1' seconds
INFO: [USF-XSim-4] XSim::Simulate design
INFO: [USF-XSim-61] Executing 'SIMULATE' step in 'E:/SoC/01_SimLab01/SimLab01/SimLab01.sim/sim_1/behav/xsim'
INFO: [USF-XSim-98] *** Running xsim
   with args "tb_CombinedIP_behav -key {Behavioral:sim_1:Functional:tb_CombinedIP} -tclbatch {tb_CombinedIP.tcl} -view {E:/SoC/01_SimLab01/SimLab01/tb_CombinedIP_behav.wcfg} -log {simulate.log}"
INFO: [USF-XSim-8] Loading simulator feature
Vivado Simulator 2019.1
Time resolution is 1 ps
open_wave_config E:/SoC/01_SimLab01/SimLab01/tb_CombinedIP_behav.wcfg
source tb_CombinedIP.tcl
# set curr_wave [current_wave_config]
# if { [string length $curr_wave] == 0 } {
#   if { [llength [get_objects]] > 0} {
#     add_wave /
#     set_property needs_save false [current_wave_config]
#   } else {
#      send_msg_id Add_Wave-1 WARNING "No top level signals found. Simulator will start without a wave window. If you want to open a wave window go to 'File->New Waveform Configuration' or type 'create_wave_config' in the TCL console."
#   }
# }
# run 1000ns
$finish called at time : 410 ns : File "E:/SoC/01_SimLab01/SimLab01/SimLab01.srcs/sim_1/new/tb_CombinedIP.v" Line 115
xsim: Time (s): cpu = 00:00:06 ; elapsed = 00:00:05 . Memory (MB): peak = 735.570 ; gain = 21.215
INFO: [USF-XSim-96] XSim completed. Design snapshot 'tb_CombinedIP_behav' loaded.
INFO: [USF-XSim-97] XSim simulation ran for 1000ns
launch_simulation: Time (s): cpu = 00:00:07 ; elapsed = 00:00:08 . Memory (MB): peak = 737.645 ; gain = 23.289
close_sim
INFO: [Simtcl 6-16] Simulation closed
exit
INFO: [Common 17-206] Exiting Vivado at Sun Sep 29 23:32:27 2024...
