#-----------------------------------------------------------
# Vivado v2019.1 (64-bit)
# SW Build 2552052 on Fri May 24 14:49:42 MDT 2019
# IP Build 2548770 on Fri May 24 18:01:18 MDT 2019
# Start of session at: Mon Sep 30 04:41:57 2024
# Process ID: 19200
# Current directory: E:/SoC/02_SimLab02/SimLab02
# Command line: vivado.exe -gui_launcher_event rodinguilauncherevent2740 E:\SoC\02_SimLab02\SimLab02\SimLab02.xpr
# Log file: E:/SoC/02_SimLab02/SimLab02/vivado.log
# Journal file: E:/SoC/02_SimLab02/SimLab02\vivado.jou
#-----------------------------------------------------------
start_gui
open_project E:/SoC/02_SimLab02/SimLab02/SimLab02.xpr
Scanning sources...
Finished scanning sources
INFO: [IP_Flow 19-234] Refreshing IP repositories
INFO: [IP_Flow 19-1704] No user IP repositories specified
INFO: [IP_Flow 19-2313] Loaded Vivado IP repository 'C:/Xilinx/Vivado/2019.1/data/ip'.
update_compile_order -fileset sources_1
set_property top tb_CombinedIP [get_filesets sim_1]
set_property top_lib xil_defaultlib [get_filesets sim_1]
launch_simulation
INFO: [Vivado 12-5682] Launching behavioral simulation in 'E:/SoC/02_SimLab02/SimLab02/SimLab02.sim/sim_1/behav/xsim'
INFO: [SIM-utils-51] Simulation object is 'sim_1'
INFO: [SIM-utils-54] Inspecting design source files for 'tb_CombinedIP' in fileset 'sim_1'...
INFO: [USF-XSim-97] Finding global include files...
INFO: [USF-XSim-98] Fetching design files from 'sim_1'...
INFO: [USF-XSim-2] XSim::Compile design
INFO: [USF-XSim-61] Executing 'COMPILE and ANALYZE' step in 'E:/SoC/02_SimLab02/SimLab02/SimLab02.sim/sim_1/behav/xsim'
"xvlog --incr --relax -prj tb_CombinedIP_vlog.prj"
INFO: [USF-XSim-69] 'compile' step finished in '1' seconds
INFO: [USF-XSim-3] XSim::Elaborate design
INFO: [USF-XSim-61] Executing 'ELABORATE' step in 'E:/SoC/02_SimLab02/SimLab02/SimLab02.sim/sim_1/behav/xsim'
"xelab -wto 97dd5797182b4b219e19dd788edd8c18 --incr --debug typical --relax --mt 2 -L xil_defaultlib -L unisims_ver -L unimacro_ver -L secureip --snapshot tb_CombinedIP_behav xil_defaultlib.tb_CombinedIP xil_defaultlib.glbl -log elaborate.log"
Vivado Simulator 2019.1
Copyright 1986-1999, 2001-2019 Xilinx, Inc. All Rights Reserved.
Running: C:/Xilinx/Vivado/2019.1/bin/unwrapped/win64.o/xelab.exe -wto 97dd5797182b4b219e19dd788edd8c18 --incr --debug typical --relax --mt 2 -L xil_defaultlib -L unisims_ver -L unimacro_ver -L secureip --snapshot tb_CombinedIP_behav xil_defaultlib.tb_CombinedIP xil_defaultlib.glbl -log elaborate.log 
Using 2 slave threads.
Starting static elaboration
Completed static elaboration
Starting simulation data flow analysis
Completed simulation data flow analysis
Time Resolution for simulation is 1ps
Compiling module xil_defaultlib.AddrDec
Compiling module xil_defaultlib.DigOutPort
Compiling module xil_defaultlib.ConstReg
Compiling module xil_defaultlib.DigInPort
Compiling module xil_defaultlib.tb_CombinedIP
Compiling module xil_defaultlib.glbl
Built simulation snapshot tb_CombinedIP_behav
INFO: [USF-XSim-69] 'elaborate' step finished in '2' seconds
INFO: [USF-XSim-4] XSim::Simulate design
INFO: [USF-XSim-61] Executing 'SIMULATE' step in 'E:/SoC/02_SimLab02/SimLab02/SimLab02.sim/sim_1/behav/xsim'
INFO: [USF-XSim-98] *** Running xsim
   with args "tb_CombinedIP_behav -key {Behavioral:sim_1:Functional:tb_CombinedIP} -tclbatch {tb_CombinedIP.tcl} -view {E:/SoC/02_SimLab02/SimLab02/SimLab02.srcs/sim_1/imports/SimLab01/tb_CombinedIP_behav.wcfg} -view {E:/SoC/02_SimLab02/SimLab02/tb_ConstReg_behav.wcfg} -view {E:/SoC/02_SimLab02/SimLab02/tb_WB_behav.wcfg} -view {E:/SoC/02_SimLab02/SimLab02/tb_DigInPort_behav.wcfg} -log {simulate.log}"
INFO: [USF-XSim-8] Loading simulator feature
Vivado Simulator 2019.1
Time resolution is 1 ps
open_wave_config E:/SoC/02_SimLab02/SimLab02/SimLab02.srcs/sim_1/imports/SimLab01/tb_CombinedIP_behav.wcfg
open_wave_config E:/SoC/02_SimLab02/SimLab02/tb_ConstReg_behav.wcfg
WARNING: Simulation object /tb_ConstReg/inst_AddrDec/BaseAddr_CReg was not found in the design.
WARNING: Simulation object /tb_ConstReg/inst_AddrDec/iADR was not found in the design.
WARNING: Simulation object /tb_ConstReg/inst_AddrDec/iSTB was not found in the design.
WARNING: Simulation object /tb_ConstReg/inst_AddrDec/oSTB_CReg was not found in the design.
WARNING: Simulation object /tb_ConstReg/UUT/BaseAddr was not found in the design.
WARNING: Simulation object /tb_ConstReg/UUT/ID_VER1 was not found in the design.
WARNING: Simulation object /tb_ConstReg/UUT/ID_VER2 was not found in the design.
WARNING: Simulation object /tb_ConstReg/UUT/ID_VER3 was not found in the design.
WARNING: Simulation object /tb_ConstReg/UUT/iRST was not found in the design.
WARNING: Simulation object /tb_ConstReg/UUT/iCLK was not found in the design.
WARNING: Simulation object /tb_ConstReg/UUT/iADR was not found in the design.
WARNING: Simulation object /tb_ConstReg/UUT/oDAT was not found in the design.
WARNING: Simulation object /tb_ConstReg/UUT/iSTB was not found in the design.
WARNING: Simulation object /tb_ConstReg/UUT/iWE was not found in the design.
WARNING: Simulation object /tb_ConstReg/UUT/oACK was not found in the design.
WARNING: Simulation object /tb_ConstReg/UUT/wSel was not found in the design.
WARNING: Simulation object /tb_ConstReg/UUT/rCReg was not found in the design.
open_wave_config E:/SoC/02_SimLab02/SimLab02/tb_WB_behav.wcfg
WARNING: Simulation object /tb_WB/inst_AddrDec/BaseAddr_CReg was not found in the design.
WARNING: Simulation object /tb_WB/inst_AddrDec/BaseAddr_DigOutPort was not found in the design.
WARNING: Simulation object /tb_WB/inst_AddrDec/BaseAddr_DigInPort was not found in the design.
WARNING: Simulation object /tb_WB/inst_AddrDec/iADR was not found in the design.
WARNING: Simulation object /tb_WB/inst_AddrDec/iSTB was not found in the design.
WARNING: Simulation object /tb_WB/inst_AddrDec/oSTB_DigOutPort was not found in the design.
WARNING: Simulation object /tb_WB/inst_AddrDec/oSTB_DigInPort was not found in the design.
WARNING: Simulation object /tb_WB/inst_AddrDec/oSTB_CReg was not found in the design.
WARNING: Simulation object /tb_WB/DUT/iRST was not found in the design.
WARNING: Simulation object /tb_WB/DUT/iCLK was not found in the design.
WARNING: Simulation object /tb_WB/DUT/iADR was not found in the design.
WARNING: Simulation object /tb_WB/DUT/iDAT was not found in the design.
WARNING: Simulation object /tb_WB/DUT/iSTB was not found in the design.
WARNING: Simulation object /tb_WB/DUT/oACK was not found in the design.
WARNING: Simulation object /tb_WB/DUT/oDAT was not found in the design.
WARNING: Simulation object /tb_WB/DUT/iWE was not found in the design.
WARNING: Simulation object /tb_WB/DUT/rRegA was not found in the design.
WARNING: Simulation object /tb_WB/DUT/oDOUTA was not found in the design.
WARNING: Simulation object /tb_WB/DUT/rRegB was not found in the design.
WARNING: Simulation object /tb_WB/DUT/oDOUTB was not found in the design.
WARNING: Simulation object /tb_WB/DUT/rRegC was not found in the design.
WARNING: Simulation object /tb_WB/DUT/oDOUTC was not found in the design.
WARNING: Simulation object /tb_WB/DUT/rDataOut was not found in the design.
open_wave_config E:/SoC/02_SimLab02/SimLab02/tb_DigInPort_behav.wcfg
WARNING: Simulation object /tb_DigInPort/inst_AddrDec/BaseAddr_CReg was not found in the design.
WARNING: Simulation object /tb_DigInPort/inst_AddrDec/BaseAddr_DigOutPort was not found in the design.
WARNING: Simulation object /tb_DigInPort/inst_AddrDec/BaseAddr_DigInPort was not found in the design.
WARNING: Simulation object /tb_DigInPort/inst_AddrDec/iADR was not found in the design.
WARNING: Simulation object /tb_DigInPort/inst_AddrDec/iSTB was not found in the design.
WARNING: Simulation object /tb_DigInPort/inst_AddrDec/oSTB_DigOutPort was not found in the design.
WARNING: Simulation object /tb_DigInPort/inst_AddrDec/oSTB_DigInPort was not found in the design.
WARNING: Simulation object /tb_DigInPort/inst_AddrDec/oSTB_CReg was not found in the design.
WARNING: Simulation object /tb_DigInPort/UUT/iRST was not found in the design.
WARNING: Simulation object /tb_DigInPort/UUT/iCLK was not found in the design.
WARNING: Simulation object /tb_DigInPort/UUT/iDIn was not found in the design.
WARNING: Simulation object /tb_DigInPort/UUT/iADR was not found in the design.
WARNING: Simulation object /tb_DigInPort/UUT/oDAT was not found in the design.
WARNING: Simulation object /tb_DigInPort/UUT/iWE was not found in the design.
WARNING: Simulation object /tb_DigInPort/UUT/iSTB was not found in the design.
WARNING: Simulation object /tb_DigInPort/UUT/oACK was not found in the design.
WARNING: Simulation object /tb_DigInPort/UUT/sync1 was not found in the design.
WARNING: Simulation object /tb_DigInPort/UUT/sync2 was not found in the design.
WARNING: Simulation object /tb_DigInPort/UUT/sync3 was not found in the design.
source tb_CombinedIP.tcl
# set curr_wave [current_wave_config]
# if { [string length $curr_wave] == 0 } {
#   if { [llength [get_objects]] > 0} {
#     add_wave /
#     set_property needs_save false [current_wave_config]
#   } else {
#      send_msg_id Add_Wave-1 WARNING "No top level signals found. Simulator will start without a wave window. If you want to open a wave window go to 'File->New Waveform Configuration' or type 'create_wave_config' in the TCL console."
#   }
# }
# run 1000ns
$finish called at time : 180 ns : File "E:/SoC/02_SimLab02/SimLab02/SimLab02.srcs/sim_1/new/tb_CombinedIP.v" Line 116
xsim: Time (s): cpu = 00:00:09 ; elapsed = 00:00:05 . Memory (MB): peak = 716.711 ; gain = 25.047
INFO: [USF-XSim-96] XSim completed. Design snapshot 'tb_CombinedIP_behav' loaded.
INFO: [USF-XSim-97] XSim simulation ran for 1000ns
launch_simulation: Time (s): cpu = 00:00:10 ; elapsed = 00:00:09 . Memory (MB): peak = 716.711 ; gain = 25.047
update_compile_order -fileset sim_1
relaunch_sim
INFO: [Vivado 12-5682] Launching behavioral simulation in 'E:/SoC/02_SimLab02/SimLab02/SimLab02.sim/sim_1/behav/xsim'
INFO: [SIM-utils-51] Simulation object is 'sim_1'
INFO: [SIM-utils-54] Inspecting design source files for 'tb_CombinedIP' in fileset 'sim_1'...
INFO: [USF-XSim-97] Finding global include files...
INFO: [USF-XSim-98] Fetching design files from 'sim_1'...
INFO: [USF-XSim-2] XSim::Compile design
INFO: [USF-XSim-61] Executing 'COMPILE and ANALYZE' step in 'E:/SoC/02_SimLab02/SimLab02/SimLab02.sim/sim_1/behav/xsim'
"xvlog --incr --relax -prj tb_CombinedIP_vlog.prj"
INFO: [VRFC 10-2263] Analyzing Verilog file "E:/SoC/02_SimLab02/SimLab02/SimLab02.srcs/sources_1/new/AddrDec.v" into library xil_defaultlib
INFO: [VRFC 10-311] analyzing module AddrDec
INFO: [VRFC 10-2263] Analyzing Verilog file "E:/SoC/02_SimLab02/SimLab02/SimLab02.srcs/sources_1/new/ConstReg.v" into library xil_defaultlib
INFO: [VRFC 10-311] analyzing module ConstReg
INFO: [VRFC 10-2263] Analyzing Verilog file "E:/SoC/02_SimLab02/SimLab02/SimLab02.srcs/sources_1/new/DigInPort.v" into library xil_defaultlib
INFO: [VRFC 10-311] analyzing module DigInPort
INFO: [VRFC 10-2263] Analyzing Verilog file "E:/SoC/02_SimLab02/SimLab02/SimLab02.srcs/sources_1/new/DigOutPort.v" into library xil_defaultlib
INFO: [VRFC 10-311] analyzing module DigOutPort
INFO: [VRFC 10-2263] Analyzing Verilog file "E:/SoC/02_SimLab02/SimLab02/SimLab02.srcs/sim_1/new/tb_CombinedIP.v" into library xil_defaultlib
INFO: [VRFC 10-311] analyzing module tb_CombinedIP
INFO: [USF-XSim-69] 'compile' step finished in '1' seconds
INFO: [Vivado 12-5682] Launching behavioral simulation in 'E:/SoC/02_SimLab02/SimLab02/SimLab02.sim/sim_1/behav/xsim'
INFO: [USF-XSim-3] XSim::Elaborate design
INFO: [USF-XSim-61] Executing 'ELABORATE' step in 'E:/SoC/02_SimLab02/SimLab02/SimLab02.sim/sim_1/behav/xsim'
"xelab -wto 97dd5797182b4b219e19dd788edd8c18 --incr --debug typical --relax --mt 2 -L xil_defaultlib -L unisims_ver -L unimacro_ver -L secureip --snapshot tb_CombinedIP_behav xil_defaultlib.tb_CombinedIP xil_defaultlib.glbl -log elaborate.log"
Vivado Simulator 2019.1
Copyright 1986-1999, 2001-2019 Xilinx, Inc. All Rights Reserved.
Running: C:/Xilinx/Vivado/2019.1/bin/unwrapped/win64.o/xelab.exe -wto 97dd5797182b4b219e19dd788edd8c18 --incr --debug typical --relax --mt 2 -L xil_defaultlib -L unisims_ver -L unimacro_ver -L secureip --snapshot tb_CombinedIP_behav xil_defaultlib.tb_CombinedIP xil_defaultlib.glbl -log elaborate.log 
Using 2 slave threads.
Starting static elaboration
Completed static elaboration
Starting simulation data flow analysis
Completed simulation data flow analysis
Time Resolution for simulation is 1ps
Compiling module xil_defaultlib.AddrDec
Compiling module xil_defaultlib.DigOutPort
Compiling module xil_defaultlib.ConstReg
Compiling module xil_defaultlib.DigInPort
Compiling module xil_defaultlib.tb_CombinedIP
Compiling module xil_defaultlib.glbl
Built simulation snapshot tb_CombinedIP_behav
INFO: [USF-XSim-69] 'elaborate' step finished in '1' seconds
Vivado Simulator 2019.1
Time resolution is 1 ps
$finish called at time : 130 ns : File "E:/SoC/02_SimLab02/SimLab02/SimLab02.srcs/sim_1/new/tb_CombinedIP.v" Line 116
relaunch_sim: Time (s): cpu = 00:00:02 ; elapsed = 00:00:07 . Memory (MB): peak = 992.613 ; gain = 0.000
close_sim
INFO: [Simtcl 6-16] Simulation closed
exit
INFO: [Common 17-206] Exiting Vivado at Mon Sep 30 04:45:46 2024...
