
*** Running vivado
    with args -log design_1_myMAXSONAR_0_0.vds -m64 -product Vivado -mode batch -messageDb vivado.pb -notrace -source design_1_myMAXSONAR_0_0.tcl


****** Vivado v2019.1 (64-bit)
  **** SW Build 2552052 on Fri May 24 14:49:42 MDT 2019
  **** IP Build 2548770 on Fri May 24 18:01:18 MDT 2019
    ** Copyright 1986-2019 Xilinx, Inc. All Rights Reserved.

source design_1_myMAXSONAR_0_0.tcl -notrace
INFO: [IP_Flow 19-234] Refreshing IP repositories
INFO: [IP_Flow 19-1700] Loaded user IP repository 'f:/01_SoC/ip_repo'.
INFO: [IP_Flow 19-2313] Loaded Vivado IP repository 'C:/Xilinx/Vivado/2019.1/data/ip'.
WARNING: [IP_Flow 19-1663] Duplicate IP found for 'xilinx.com:user:mySimpleIO:1.0'. The one found in IP location 'f:/01_SoC/ip_repo/mySimpleIO_1.0' will take precedence over the same IP in location f:/01_SoC/ip_repo/myLED_1.0
Command: synth_design -top design_1_myMAXSONAR_0_0 -part xc7z020clg400-1 -mode out_of_context
Starting synth_design
Attempting to get a license for feature 'Synthesis' and/or device 'xc7z020'
INFO: [Common 17-349] Got license for feature 'Synthesis' and/or device 'xc7z020'
INFO: [Device 21-403] Loading part xc7z020clg400-1
INFO: Launching helper process for spawning children vivado processes
INFO: Helper process launched with PID 33660 
---------------------------------------------------------------------------------
Starting RTL Elaboration : Time (s): cpu = 00:00:02 ; elapsed = 00:00:02 . Memory (MB): peak = 741.191 ; gain = 177.824
---------------------------------------------------------------------------------
INFO: [Synth 8-6157] synthesizing module 'design_1_myMAXSONAR_0_0' [f:/01_SoC/myOLEDrgb/myOLEDrgb.srcs/sources_1/bd/design_1/ip/design_1_myMAXSONAR_0_0/synth/design_1_myMAXSONAR_0_0.v:57]
INFO: [Synth 8-6157] synthesizing module 'myMAXSONAR_v1_0' [f:/01_SoC/myOLEDrgb/myOLEDrgb.srcs/sources_1/bd/design_1/ipshared/192e/hdl/myMAXSONAR_v1_0.v:4]
	Parameter C_S00_AXI_DATA_WIDTH bound to: 32 - type: integer 
	Parameter C_S00_AXI_ADDR_WIDTH bound to: 5 - type: integer 
INFO: [Synth 8-6157] synthesizing module 'myMAXSONAR_v1_0_S00_AXI' [f:/01_SoC/myOLEDrgb/myOLEDrgb.srcs/sources_1/bd/design_1/ipshared/192e/hdl/myMAXSONAR_v1_0_S00_AXI.v:4]
	Parameter C_S_AXI_DATA_WIDTH bound to: 32 - type: integer 
	Parameter C_S_AXI_ADDR_WIDTH bound to: 5 - type: integer 
	Parameter ADDR_LSB bound to: 2 - type: integer 
	Parameter OPT_MEM_ADDR_BITS bound to: 2 - type: integer 
WARNING: [Synth 8-6014] Unused sequential element slv_reg0_reg was removed.  [f:/01_SoC/myOLEDrgb/myOLEDrgb.srcs/sources_1/bd/design_1/ipshared/192e/hdl/myMAXSONAR_v1_0_S00_AXI.v:233]
WARNING: [Synth 8-6014] Unused sequential element slv_reg1_reg was removed.  [f:/01_SoC/myOLEDrgb/myOLEDrgb.srcs/sources_1/bd/design_1/ipshared/192e/hdl/myMAXSONAR_v1_0_S00_AXI.v:234]
WARNING: [Synth 8-6014] Unused sequential element slv_reg2_reg was removed.  [f:/01_SoC/myOLEDrgb/myOLEDrgb.srcs/sources_1/bd/design_1/ipshared/192e/hdl/myMAXSONAR_v1_0_S00_AXI.v:235]
WARNING: [Synth 8-6014] Unused sequential element slv_reg3_reg was removed.  [f:/01_SoC/myOLEDrgb/myOLEDrgb.srcs/sources_1/bd/design_1/ipshared/192e/hdl/myMAXSONAR_v1_0_S00_AXI.v:236]
INFO: [Synth 8-6155] done synthesizing module 'myMAXSONAR_v1_0_S00_AXI' (1#1) [f:/01_SoC/myOLEDrgb/myOLEDrgb.srcs/sources_1/bd/design_1/ipshared/192e/hdl/myMAXSONAR_v1_0_S00_AXI.v:4]
INFO: [Synth 8-6155] done synthesizing module 'myMAXSONAR_v1_0' (2#1) [f:/01_SoC/myOLEDrgb/myOLEDrgb.srcs/sources_1/bd/design_1/ipshared/192e/hdl/myMAXSONAR_v1_0.v:4]
INFO: [Synth 8-6155] done synthesizing module 'design_1_myMAXSONAR_0_0' (3#1) [f:/01_SoC/myOLEDrgb/myOLEDrgb.srcs/sources_1/bd/design_1/ip/design_1_myMAXSONAR_0_0/synth/design_1_myMAXSONAR_0_0.v:57]
WARNING: [Synth 8-3331] design myMAXSONAR_v1_0_S00_AXI has unconnected port S_AXI_AWPROT[2]
WARNING: [Synth 8-3331] design myMAXSONAR_v1_0_S00_AXI has unconnected port S_AXI_AWPROT[1]
WARNING: [Synth 8-3331] design myMAXSONAR_v1_0_S00_AXI has unconnected port S_AXI_AWPROT[0]
WARNING: [Synth 8-3331] design myMAXSONAR_v1_0_S00_AXI has unconnected port S_AXI_ARPROT[2]
WARNING: [Synth 8-3331] design myMAXSONAR_v1_0_S00_AXI has unconnected port S_AXI_ARPROT[1]
WARNING: [Synth 8-3331] design myMAXSONAR_v1_0_S00_AXI has unconnected port S_AXI_ARPROT[0]
---------------------------------------------------------------------------------
Finished RTL Elaboration : Time (s): cpu = 00:00:03 ; elapsed = 00:00:03 . Memory (MB): peak = 807.184 ; gain = 243.816
---------------------------------------------------------------------------------

Report Check Netlist: 
+------+------------------+-------+---------+-------+------------------+
|      |Item              |Errors |Warnings |Status |Description       |
+------+------------------+-------+---------+-------+------------------+
|1     |multi_driven_nets |      0|        0|Passed |Multi driven nets |
+------+------------------+-------+---------+-------+------------------+
---------------------------------------------------------------------------------
Start Handling Custom Attributes
---------------------------------------------------------------------------------
---------------------------------------------------------------------------------
Finished Handling Custom Attributes : Time (s): cpu = 00:00:03 ; elapsed = 00:00:03 . Memory (MB): peak = 807.184 ; gain = 243.816
---------------------------------------------------------------------------------
---------------------------------------------------------------------------------
Finished RTL Optimization Phase 1 : Time (s): cpu = 00:00:03 ; elapsed = 00:00:03 . Memory (MB): peak = 807.184 ; gain = 243.816
---------------------------------------------------------------------------------
INFO: [Project 1-570] Preparing netlist for logic optimization

Processing XDC Constraints
Initializing timing engine
Completed Processing XDC Constraints

Netlist sorting complete. Time (s): cpu = 00:00:00 ; elapsed = 00:00:00 . Memory (MB): peak = 909.754 ; gain = 0.000
INFO: [Project 1-111] Unisim Transformation Summary:
No Unisim elements were transformed.

WARNING: [Constraints 18-5210] No constraints selected for write.
Resolution: This message can indicate that there are no constraints for the design, or it can indicate that the used_in flags are set such that the constraints are ignored. This later case is used when running synth_design to not write synthesis constraints to the resulting checkpoint. Instead, project constraints are read when the synthesized design is opened.
Constraint Validation Runtime : Time (s): cpu = 00:00:00 ; elapsed = 00:00:00.031 . Memory (MB): peak = 909.770 ; gain = 0.016
---------------------------------------------------------------------------------
Finished Constraint Validation : Time (s): cpu = 00:00:06 ; elapsed = 00:00:06 . Memory (MB): peak = 909.770 ; gain = 346.402
---------------------------------------------------------------------------------
---------------------------------------------------------------------------------
Start Loading Part and Timing Information
---------------------------------------------------------------------------------
Loading part: xc7z020clg400-1
---------------------------------------------------------------------------------
Finished Loading Part and Timing Information : Time (s): cpu = 00:00:06 ; elapsed = 00:00:06 . Memory (MB): peak = 909.770 ; gain = 346.402
---------------------------------------------------------------------------------
---------------------------------------------------------------------------------
Start Applying 'set_property' XDC Constraints
---------------------------------------------------------------------------------
---------------------------------------------------------------------------------
Finished applying 'set_property' XDC Constraints : Time (s): cpu = 00:00:06 ; elapsed = 00:00:06 . Memory (MB): peak = 909.770 ; gain = 346.402
---------------------------------------------------------------------------------
---------------------------------------------------------------------------------
Finished RTL Optimization Phase 2 : Time (s): cpu = 00:00:06 ; elapsed = 00:00:06 . Memory (MB): peak = 909.770 ; gain = 346.402
---------------------------------------------------------------------------------

Report RTL Partitions: 
+-+--------------+------------+----------+
| |RTL Partition |Replication |Instances |
+-+--------------+------------+----------+
+-+--------------+------------+----------+
---------------------------------------------------------------------------------
Start RTL Component Statistics 
---------------------------------------------------------------------------------
Detailed RTL Component Info : 
+---Adders : 
	   2 Input     32 Bit       Adders := 1     
+---Registers : 
	               32 Bit    Registers := 5     
	                8 Bit    Registers := 1     
	                5 Bit    Registers := 2     
	                2 Bit    Registers := 2     
	                1 Bit    Registers := 7     
+---Multipliers : 
	                 7x32  Multipliers := 1     
+---Muxes : 
	   2 Input     32 Bit        Muxes := 2     
	   7 Input     32 Bit        Muxes := 2     
	   2 Input      1 Bit        Muxes := 6     
---------------------------------------------------------------------------------
Finished RTL Component Statistics 
---------------------------------------------------------------------------------
---------------------------------------------------------------------------------
Start RTL Hierarchical Component Statistics 
---------------------------------------------------------------------------------
Hierarchical RTL Component report 
Module myMAXSONAR_v1_0_S00_AXI 
Detailed RTL Component Info : 
+---Adders : 
	   2 Input     32 Bit       Adders := 1     
+---Registers : 
	               32 Bit    Registers := 5     
	                8 Bit    Registers := 1     
	                5 Bit    Registers := 2     
	                2 Bit    Registers := 2     
	                1 Bit    Registers := 7     
+---Multipliers : 
	                 7x32  Multipliers := 1     
+---Muxes : 
	   2 Input     32 Bit        Muxes := 2     
	   7 Input     32 Bit        Muxes := 2     
	   2 Input      1 Bit        Muxes := 6     
---------------------------------------------------------------------------------
Finished RTL Hierarchical Component Statistics
---------------------------------------------------------------------------------
---------------------------------------------------------------------------------
Start Part Resource Summary
---------------------------------------------------------------------------------
Part Resources:
DSPs: 220 (col length:60)
BRAMs: 280 (col length: RAMB18 60 RAMB36 30)
---------------------------------------------------------------------------------
Finished Part Resource Summary
---------------------------------------------------------------------------------
---------------------------------------------------------------------------------
Start Cross Boundary and Area Optimization
---------------------------------------------------------------------------------
Warning: Parallel synthesis criteria is not met 
INFO: [Synth 8-3917] design design_1_myMAXSONAR_0_0 has port RX driven by constant 1
WARNING: [Synth 8-3331] design design_1_myMAXSONAR_0_0 has unconnected port s00_axi_awprot[2]
WARNING: [Synth 8-3331] design design_1_myMAXSONAR_0_0 has unconnected port s00_axi_awprot[1]
WARNING: [Synth 8-3331] design design_1_myMAXSONAR_0_0 has unconnected port s00_axi_awprot[0]
WARNING: [Synth 8-3331] design design_1_myMAXSONAR_0_0 has unconnected port s00_axi_arprot[2]
WARNING: [Synth 8-3331] design design_1_myMAXSONAR_0_0 has unconnected port s00_axi_arprot[1]
WARNING: [Synth 8-3331] design design_1_myMAXSONAR_0_0 has unconnected port s00_axi_arprot[0]
INFO: [Synth 8-3886] merging instance 'inst/myMAXSONAR_v1_0_S00_AXI_inst/distance_reg[29]' (FDR) to 'inst/myMAXSONAR_v1_0_S00_AXI_inst/distance_reg[20]'
INFO: [Synth 8-3886] merging instance 'inst/myMAXSONAR_v1_0_S00_AXI_inst/distance_reg[30]' (FDR) to 'inst/myMAXSONAR_v1_0_S00_AXI_inst/distance_reg[20]'
INFO: [Synth 8-3886] merging instance 'inst/myMAXSONAR_v1_0_S00_AXI_inst/distance_reg[31]' (FDR) to 'inst/myMAXSONAR_v1_0_S00_AXI_inst/distance_reg[20]'
INFO: [Synth 8-3886] merging instance 'inst/myMAXSONAR_v1_0_S00_AXI_inst/distance_reg[20]' (FDR) to 'inst/myMAXSONAR_v1_0_S00_AXI_inst/distance_reg[21]'
INFO: [Synth 8-3886] merging instance 'inst/myMAXSONAR_v1_0_S00_AXI_inst/distance_reg[21]' (FDR) to 'inst/myMAXSONAR_v1_0_S00_AXI_inst/distance_reg[22]'
INFO: [Synth 8-3886] merging instance 'inst/myMAXSONAR_v1_0_S00_AXI_inst/distance_reg[22]' (FDR) to 'inst/myMAXSONAR_v1_0_S00_AXI_inst/distance_reg[23]'
INFO: [Synth 8-3886] merging instance 'inst/myMAXSONAR_v1_0_S00_AXI_inst/distance_reg[23]' (FDR) to 'inst/myMAXSONAR_v1_0_S00_AXI_inst/distance_reg[24]'
INFO: [Synth 8-3886] merging instance 'inst/myMAXSONAR_v1_0_S00_AXI_inst/distance_reg[24]' (FDR) to 'inst/myMAXSONAR_v1_0_S00_AXI_inst/distance_reg[25]'
INFO: [Synth 8-3886] merging instance 'inst/myMAXSONAR_v1_0_S00_AXI_inst/distance_reg[25]' (FDR) to 'inst/myMAXSONAR_v1_0_S00_AXI_inst/distance_reg[26]'
INFO: [Synth 8-3886] merging instance 'inst/myMAXSONAR_v1_0_S00_AXI_inst/distance_reg[26]' (FDR) to 'inst/myMAXSONAR_v1_0_S00_AXI_inst/distance_reg[27]'
INFO: [Synth 8-3886] merging instance 'inst/myMAXSONAR_v1_0_S00_AXI_inst/distance_reg[27]' (FDR) to 'inst/myMAXSONAR_v1_0_S00_AXI_inst/distance_reg[28]'
INFO: [Synth 8-3333] propagating constant 0 across sequential element (\inst/myMAXSONAR_v1_0_S00_AXI_inst/distance_reg[28] )
INFO: [Synth 8-3886] merging instance 'inst/myMAXSONAR_v1_0_S00_AXI_inst/axi_rresp_reg[0]' (FDRE) to 'inst/myMAXSONAR_v1_0_S00_AXI_inst/axi_rresp_reg[1]'
INFO: [Synth 8-3333] propagating constant 0 across sequential element (\inst/myMAXSONAR_v1_0_S00_AXI_inst/axi_rresp_reg[1] )
INFO: [Synth 8-3886] merging instance 'inst/myMAXSONAR_v1_0_S00_AXI_inst/axi_bresp_reg[0]' (FDRE) to 'inst/myMAXSONAR_v1_0_S00_AXI_inst/axi_bresp_reg[1]'
INFO: [Synth 8-3333] propagating constant 0 across sequential element (\inst/myMAXSONAR_v1_0_S00_AXI_inst/axi_bresp_reg[1] )
---------------------------------------------------------------------------------
Finished Cross Boundary and Area Optimization : Time (s): cpu = 00:00:08 ; elapsed = 00:00:08 . Memory (MB): peak = 909.770 ; gain = 346.402
---------------------------------------------------------------------------------

Report RTL Partitions: 
+-+--------------+------------+----------+
| |RTL Partition |Replication |Instances |
+-+--------------+------------+----------+
+-+--------------+------------+----------+
---------------------------------------------------------------------------------
Start Applying XDC Timing Constraints
---------------------------------------------------------------------------------
---------------------------------------------------------------------------------
Finished Applying XDC Timing Constraints : Time (s): cpu = 00:00:12 ; elapsed = 00:00:12 . Memory (MB): peak = 909.770 ; gain = 346.402
---------------------------------------------------------------------------------
---------------------------------------------------------------------------------
Start Timing Optimization
---------------------------------------------------------------------------------
---------------------------------------------------------------------------------
Finished Timing Optimization : Time (s): cpu = 00:00:12 ; elapsed = 00:00:12 . Memory (MB): peak = 909.770 ; gain = 346.402
---------------------------------------------------------------------------------

Report RTL Partitions: 
+-+--------------+------------+----------+
| |RTL Partition |Replication |Instances |
+-+--------------+------------+----------+
+-+--------------+------------+----------+
---------------------------------------------------------------------------------
Start Technology Mapping
---------------------------------------------------------------------------------
---------------------------------------------------------------------------------
Finished Technology Mapping : Time (s): cpu = 00:00:12 ; elapsed = 00:00:12 . Memory (MB): peak = 925.527 ; gain = 362.160
---------------------------------------------------------------------------------

Report RTL Partitions: 
+-+--------------+------------+----------+
| |RTL Partition |Replication |Instances |
+-+--------------+------------+----------+
+-+--------------+------------+----------+
---------------------------------------------------------------------------------
Start IO Insertion
---------------------------------------------------------------------------------
---------------------------------------------------------------------------------
Start Flattening Before IO Insertion
---------------------------------------------------------------------------------
---------------------------------------------------------------------------------
Finished Flattening Before IO Insertion
---------------------------------------------------------------------------------
---------------------------------------------------------------------------------
Start Final Netlist Cleanup
---------------------------------------------------------------------------------
---------------------------------------------------------------------------------
Finished Final Netlist Cleanup
---------------------------------------------------------------------------------
---------------------------------------------------------------------------------
Finished IO Insertion : Time (s): cpu = 00:00:13 ; elapsed = 00:00:13 . Memory (MB): peak = 939.375 ; gain = 376.008
---------------------------------------------------------------------------------

Report Check Netlist: 
+------+------------------+-------+---------+-------+------------------+
|      |Item              |Errors |Warnings |Status |Description       |
+------+------------------+-------+---------+-------+------------------+
|1     |multi_driven_nets |      0|        0|Passed |Multi driven nets |
+------+------------------+-------+---------+-------+------------------+
---------------------------------------------------------------------------------
Start Renaming Generated Instances
---------------------------------------------------------------------------------
---------------------------------------------------------------------------------
Finished Renaming Generated Instances : Time (s): cpu = 00:00:13 ; elapsed = 00:00:13 . Memory (MB): peak = 939.375 ; gain = 376.008
---------------------------------------------------------------------------------

Report RTL Partitions: 
+-+--------------+------------+----------+
| |RTL Partition |Replication |Instances |
+-+--------------+------------+----------+
+-+--------------+------------+----------+
---------------------------------------------------------------------------------
Start Rebuilding User Hierarchy
---------------------------------------------------------------------------------
---------------------------------------------------------------------------------
Finished Rebuilding User Hierarchy : Time (s): cpu = 00:00:13 ; elapsed = 00:00:13 . Memory (MB): peak = 939.375 ; gain = 376.008
---------------------------------------------------------------------------------
---------------------------------------------------------------------------------
Start Renaming Generated Ports
---------------------------------------------------------------------------------
---------------------------------------------------------------------------------
Finished Renaming Generated Ports : Time (s): cpu = 00:00:13 ; elapsed = 00:00:13 . Memory (MB): peak = 939.375 ; gain = 376.008
---------------------------------------------------------------------------------
---------------------------------------------------------------------------------
Start Handling Custom Attributes
---------------------------------------------------------------------------------
---------------------------------------------------------------------------------
Finished Handling Custom Attributes : Time (s): cpu = 00:00:13 ; elapsed = 00:00:13 . Memory (MB): peak = 939.375 ; gain = 376.008
---------------------------------------------------------------------------------
---------------------------------------------------------------------------------
Start Renaming Generated Nets
---------------------------------------------------------------------------------
---------------------------------------------------------------------------------
Finished Renaming Generated Nets : Time (s): cpu = 00:00:13 ; elapsed = 00:00:13 . Memory (MB): peak = 939.375 ; gain = 376.008
---------------------------------------------------------------------------------
---------------------------------------------------------------------------------
Start Writing Synthesis Report
---------------------------------------------------------------------------------

Report BlackBoxes: 
+-+--------------+----------+
| |BlackBox name |Instances |
+-+--------------+----------+
+-+--------------+----------+

Report Cell Usage: 
+------+-------+------+
|      |Cell   |Count |
+------+-------+------+
|1     |CARRY4 |   171|
|2     |LUT1   |    36|
|3     |LUT2   |   181|
|4     |LUT3   |   342|
|5     |LUT4   |   244|
|6     |LUT5   |    71|
|7     |LUT6   |   240|
|8     |FDRE   |   200|
|9     |FDSE   |     1|
+------+-------+------+

Report Instance Areas: 
+------+---------------------------------+------------------------+------+
|      |Instance                         |Module                  |Cells |
+------+---------------------------------+------------------------+------+
|1     |top                              |                        |  1486|
|2     |  inst                           |myMAXSONAR_v1_0         |  1486|
|3     |    myMAXSONAR_v1_0_S00_AXI_inst |myMAXSONAR_v1_0_S00_AXI |  1486|
+------+---------------------------------+------------------------+------+
---------------------------------------------------------------------------------
Finished Writing Synthesis Report : Time (s): cpu = 00:00:13 ; elapsed = 00:00:13 . Memory (MB): peak = 939.375 ; gain = 376.008
---------------------------------------------------------------------------------
Synthesis finished with 0 errors, 0 critical warnings and 6 warnings.
Synthesis Optimization Runtime : Time (s): cpu = 00:00:09 ; elapsed = 00:00:12 . Memory (MB): peak = 939.375 ; gain = 273.422
Synthesis Optimization Complete : Time (s): cpu = 00:00:13 ; elapsed = 00:00:13 . Memory (MB): peak = 939.375 ; gain = 376.008
INFO: [Project 1-571] Translating synthesized netlist
INFO: [Netlist 29-17] Analyzing 171 Unisim elements for replacement
INFO: [Netlist 29-28] Unisim Transformation completed in 0 CPU seconds
WARNING: [Netlist 29-101] Netlist 'design_1_myMAXSONAR_0_0' is not ideal for floorplanning, since the cellview 'myMAXSONAR_v1_0_S00_AXI' contains a large number of primitives.  Please consider enabling hierarchy in synthesis if you want to do floorplanning.
INFO: [Project 1-570] Preparing netlist for logic optimization
INFO: [Opt 31-138] Pushed 0 inverter(s) to 0 load pin(s).
Netlist sorting complete. Time (s): cpu = 00:00:00 ; elapsed = 00:00:00.001 . Memory (MB): peak = 948.074 ; gain = 0.000
INFO: [Project 1-111] Unisim Transformation Summary:
No Unisim elements were transformed.

INFO: [Common 17-83] Releasing license: Synthesis
37 Infos, 19 Warnings, 0 Critical Warnings and 0 Errors encountered.
synth_design completed successfully
synth_design: Time (s): cpu = 00:00:17 ; elapsed = 00:00:18 . Memory (MB): peak = 948.074 ; gain = 647.066
Netlist sorting complete. Time (s): cpu = 00:00:00 ; elapsed = 00:00:00.001 . Memory (MB): peak = 948.074 ; gain = 0.000
WARNING: [Constraints 18-5210] No constraints selected for write.
Resolution: This message can indicate that there are no constraints for the design, or it can indicate that the used_in flags are set such that the constraints are ignored. This later case is used when running synth_design to not write synthesis constraints to the resulting checkpoint. Instead, project constraints are read when the synthesized design is opened.
INFO: [Common 17-1381] The checkpoint 'F:/01_SoC/myOLEDrgb/myOLEDrgb.runs/design_1_myMAXSONAR_0_0_synth_1/design_1_myMAXSONAR_0_0.dcp' has been generated.
WARNING: [Common 17-576] 'use_project_ipc' is deprecated. This option is deprecated and no longer used.
INFO: [Coretcl 2-1648] Added synthesis output to IP cache for IP design_1_myMAXSONAR_0_0, cache-ID = 9e8ca8446813fe52
INFO: [Coretcl 2-1174] Renamed 2 cell refs.
Netlist sorting complete. Time (s): cpu = 00:00:00 ; elapsed = 00:00:00 . Memory (MB): peak = 948.074 ; gain = 0.000
WARNING: [Constraints 18-5210] No constraints selected for write.
Resolution: This message can indicate that there are no constraints for the design, or it can indicate that the used_in flags are set such that the constraints are ignored. This later case is used when running synth_design to not write synthesis constraints to the resulting checkpoint. Instead, project constraints are read when the synthesized design is opened.
INFO: [Common 17-1381] The checkpoint 'F:/01_SoC/myOLEDrgb/myOLEDrgb.runs/design_1_myMAXSONAR_0_0_synth_1/design_1_myMAXSONAR_0_0.dcp' has been generated.
INFO: [runtcl-4] Executing : report_utilization -file design_1_myMAXSONAR_0_0_utilization_synth.rpt -pb design_1_myMAXSONAR_0_0_utilization_synth.pb
INFO: [Common 17-206] Exiting Vivado at Wed Dec 11 00:32:52 2024...
