Copyright 1986-2019 Xilinx, Inc. All Rights Reserved.
------------------------------------------------------------------------------------
| Tool Version : Vivado v.2019.1 (win64) Build 2552052 Fri May 24 14:49:42 MDT 2019
| Date         : Sat Nov  9 16:54:35 2024
| Host         : DESKTOP-LUJNASU running 64-bit major release  (build 9200)
| Command      : upgrade_ip
| Device       : xc7z020clg400-1
------------------------------------------------------------------------------------

Upgrade Log for IP 'design_1_myFND_0_0'

1. Summary
----------

SUCCESS in the conversion of design_1_myFND_0_0 (xilinx.com:user:myFND:1.0 (Rev. 7)) to Vivado generation flows.






Copyright 1986-2019 Xilinx, Inc. All Rights Reserved.
------------------------------------------------------------------------------------
| Tool Version : Vivado v.2019.1 (win64) Build 2552052 Fri May 24 14:49:42 MDT 2019
| Date         : Sat Nov  9 16:54:15 2024
| Host         : DESKTOP-LUJNASU running 64-bit major release  (build 9200)
| Command      : upgrade_ip
| Device       : xc7z020clg400-1
------------------------------------------------------------------------------------

Upgrade Log for IP 'design_1_myFND_0_0'

1. Summary
----------

SUCCESS in the conversion of design_1_myFND_0_0 (xilinx.com:user:myFND:1.0 (Rev. 7)) to Vivado generation flows.






Copyright 1986-2019 Xilinx, Inc. All Rights Reserved.
------------------------------------------------------------------------------------
| Tool Version : Vivado v.2019.1 (win64) Build 2552052 Fri May 24 14:49:42 MDT 2019
| Date         : Sat Nov  9 16:37:36 2024
| Host         : DESKTOP-LUJNASU running 64-bit major release  (build 9200)
| Command      : upgrade_ip
| Device       : xc7z020clg400-1
------------------------------------------------------------------------------------

Upgrade Log for IP 'design_1_myFND_0_0'

1. Summary
----------

SUCCESS in the upgrade of design_1_myFND_0_0 (xilinx.com:user:myFND:1.0) from (Rev. 6) to (Rev. 7)






Copyright 1986-2019 Xilinx, Inc. All Rights Reserved.
------------------------------------------------------------------------------------
| Tool Version : Vivado v.2019.1 (win64) Build 2552052 Fri May 24 14:49:42 MDT 2019
| Date         : Sat Nov  9 16:17:28 2024
| Host         : DESKTOP-LUJNASU running 64-bit major release  (build 9200)
| Command      : upgrade_ip
| Device       : xc7z020clg400-1
------------------------------------------------------------------------------------

Upgrade Log for IP 'design_1_myFND_0_0'

1. Summary
----------

SUCCESS in the conversion of design_1_myFND_0_0 (xilinx.com:user:myFND:1.0 (Rev. 6)) to Vivado generation flows.






Copyright 1986-2019 Xilinx, Inc. All Rights Reserved.
------------------------------------------------------------------------------------
| Tool Version : Vivado v.2019.1 (win64) Build 2552052 Fri May 24 14:49:42 MDT 2019
| Date         : Sat Nov  9 16:17:02 2024
| Host         : DESKTOP-LUJNASU running 64-bit major release  (build 9200)
| Command      : upgrade_ip
| Device       : xc7z020clg400-1
------------------------------------------------------------------------------------

Upgrade Log for IP 'design_1_myFND_0_0'

1. Summary
----------

SUCCESS in the upgrade of design_1_myFND_0_0 (xilinx.com:user:myFND:1.0) from (Rev. 5) to (Rev. 6)






Copyright 1986-2019 Xilinx, Inc. All Rights Reserved.
------------------------------------------------------------------------------------
| Tool Version : Vivado v.2019.1 (win64) Build 2552052 Fri May 24 14:49:42 MDT 2019
| Date         : Sat Nov  9 15:43:44 2024
| Host         : DESKTOP-LUJNASU running 64-bit major release  (build 9200)
| Command      : upgrade_ip
| Device       : xc7z020clg400-1
------------------------------------------------------------------------------------

Upgrade Log for IP 'design_1_myFND_0_0'

1. Summary
----------

SUCCESS in the conversion of design_1_myFND_0_0 (xilinx.com:user:myFND:1.0 (Rev. 5)) to Vivado generation flows.






Copyright 1986-2019 Xilinx, Inc. All Rights Reserved.
------------------------------------------------------------------------------------
| Tool Version : Vivado v.2019.1 (win64) Build 2552052 Fri May 24 14:49:42 MDT 2019
| Date         : Sat Nov  9 15:40:23 2024
| Host         : DESKTOP-LUJNASU running 64-bit major release  (build 9200)
| Command      : upgrade_ip
| Device       : xc7z020clg400-1
------------------------------------------------------------------------------------

Upgrade Log for IP 'design_1_myFND_0_0'

1. Summary
----------

SUCCESS in the upgrade of design_1_myFND_0_0 (xilinx.com:user:myFND:1.0) from (Rev. 4) to (Rev. 5)






Copyright 1986-2019 Xilinx, Inc. All Rights Reserved.
------------------------------------------------------------------------------------
| Tool Version : Vivado v.2019.1 (win64) Build 2552052 Fri May 24 14:49:42 MDT 2019
| Date         : Sat Nov  9 15:20:16 2024
| Host         : DESKTOP-LUJNASU running 64-bit major release  (build 9200)
| Command      : upgrade_ip
| Device       : xc7z020clg400-1
------------------------------------------------------------------------------------

Upgrade Log for IP 'design_1_myFND_0_0'

1. Summary
----------

SUCCESS in the upgrade of design_1_myFND_0_0 (xilinx.com:user:myFND:1.0) from (Rev. 3) to (Rev. 4)

