INFO: [VRFC 10-2263] Analyzing Verilog file "F:/MNIST_CNN_FPGA/MNIST_CNN_FPGA.sim/sim_1/synth/func/xsim/tb_top_func_synth.v" into library xil_defaultlib
INFO: [VRFC 10-311] analyzing module Accumulator
INFO: [VRFC 10-311] analyzing module Accumulator_17
INFO: [VRFC 10-311] analyzing module Accumulator_18
INFO: [VRFC 10-311] analyzing module BUF1
INFO: [VRFC 10-311] analyzing module BUF1_0
INFO: [VRFC 10-311] analyzing module BUF1_1
INFO: [VRFC 10-311] analyzing module BUF2
INFO: [VRFC 10-311] analyzing module BUF2_6
INFO: [VRFC 10-311] analyzing module BUF2_7
INFO: [VRFC 10-311] analyzing module Comparator
INFO: [VRFC 10-311] analyzing module Comparator_178
INFO: [VRFC 10-311] analyzing module Comparator_179
INFO: [VRFC 10-311] analyzing module FC_Controller
INFO: [VRFC 10-311] analyzing module FC_Layer
INFO: [VRFC 10-311] analyzing module FIFO
INFO: [VRFC 10-311] analyzing module FIFO_2
INFO: [VRFC 10-311] analyzing module FIFO_3
INFO: [VRFC 10-311] analyzing module MAC
INFO: [VRFC 10-311] analyzing module MAC_10
INFO: [VRFC 10-311] analyzing module MAC_11
INFO: [VRFC 10-311] analyzing module MAC_12
INFO: [VRFC 10-311] analyzing module MAC_13
INFO: [VRFC 10-311] analyzing module MAC_14
INFO: [VRFC 10-311] analyzing module MAC_15
INFO: [VRFC 10-311] analyzing module MAC_16
INFO: [VRFC 10-311] analyzing module MAC_8
INFO: [VRFC 10-311] analyzing module MAC_9
INFO: [VRFC 10-311] analyzing module MaxPooling_ReLU
INFO: [VRFC 10-311] analyzing module MaxPooling_ReLU_4
INFO: [VRFC 10-311] analyzing module MaxPooling_ReLU_5
INFO: [VRFC 10-311] analyzing module Max_finder
INFO: [VRFC 10-311] analyzing module PE
INFO: [VRFC 10-311] analyzing module PE_19
INFO: [VRFC 10-311] analyzing module PE_20
INFO: [VRFC 10-311] analyzing module PE_21
INFO: [VRFC 10-311] analyzing module PE_22
INFO: [VRFC 10-311] analyzing module PE_23
INFO: [VRFC 10-311] analyzing module PE_Array
INFO: [VRFC 10-311] analyzing module Sliding_Window
INFO: [VRFC 10-311] analyzing module acc
INFO: [VRFC 10-311] analyzing module acc_100
INFO: [VRFC 10-311] analyzing module acc_126
INFO: [VRFC 10-311] analyzing module acc_152
INFO: [VRFC 10-311] analyzing module acc_48
INFO: [VRFC 10-311] analyzing module acc_74
INFO: [VRFC 10-311] analyzing module glbl_controller
INFO: [VRFC 10-311] analyzing module matmul
INFO: [VRFC 10-311] analyzing module mul
INFO: [VRFC 10-311] analyzing module mul_101
INFO: [VRFC 10-311] analyzing module mul_102
INFO: [VRFC 10-311] analyzing module mul_103
INFO: [VRFC 10-311] analyzing module mul_104
INFO: [VRFC 10-311] analyzing module mul_105
INFO: [VRFC 10-311] analyzing module mul_106
INFO: [VRFC 10-311] analyzing module mul_107
INFO: [VRFC 10-311] analyzing module mul_108
INFO: [VRFC 10-311] analyzing module mul_109
INFO: [VRFC 10-311] analyzing module mul_110
INFO: [VRFC 10-311] analyzing module mul_111
INFO: [VRFC 10-311] analyzing module mul_112
INFO: [VRFC 10-311] analyzing module mul_113
INFO: [VRFC 10-311] analyzing module mul_114
INFO: [VRFC 10-311] analyzing module mul_115
INFO: [VRFC 10-311] analyzing module mul_116
INFO: [VRFC 10-311] analyzing module mul_117
INFO: [VRFC 10-311] analyzing module mul_118
INFO: [VRFC 10-311] analyzing module mul_119
INFO: [VRFC 10-311] analyzing module mul_120
INFO: [VRFC 10-311] analyzing module mul_121
INFO: [VRFC 10-311] analyzing module mul_122
INFO: [VRFC 10-311] analyzing module mul_123
INFO: [VRFC 10-311] analyzing module mul_124
INFO: [VRFC 10-311] analyzing module mul_125
INFO: [VRFC 10-311] analyzing module mul_127
INFO: [VRFC 10-311] analyzing module mul_128
INFO: [VRFC 10-311] analyzing module mul_129
INFO: [VRFC 10-311] analyzing module mul_130
INFO: [VRFC 10-311] analyzing module mul_131
INFO: [VRFC 10-311] analyzing module mul_132
INFO: [VRFC 10-311] analyzing module mul_133
INFO: [VRFC 10-311] analyzing module mul_134
INFO: [VRFC 10-311] analyzing module mul_135
INFO: [VRFC 10-311] analyzing module mul_136
INFO: [VRFC 10-311] analyzing module mul_137
INFO: [VRFC 10-311] analyzing module mul_138
INFO: [VRFC 10-311] analyzing module mul_139
INFO: [VRFC 10-311] analyzing module mul_140
INFO: [VRFC 10-311] analyzing module mul_141
INFO: [VRFC 10-311] analyzing module mul_142
INFO: [VRFC 10-311] analyzing module mul_143
INFO: [VRFC 10-311] analyzing module mul_144
INFO: [VRFC 10-311] analyzing module mul_145
INFO: [VRFC 10-311] analyzing module mul_146
INFO: [VRFC 10-311] analyzing module mul_147
INFO: [VRFC 10-311] analyzing module mul_148
INFO: [VRFC 10-311] analyzing module mul_149
INFO: [VRFC 10-311] analyzing module mul_150
INFO: [VRFC 10-311] analyzing module mul_151
INFO: [VRFC 10-311] analyzing module mul_153
INFO: [VRFC 10-311] analyzing module mul_154
INFO: [VRFC 10-311] analyzing module mul_155
INFO: [VRFC 10-311] analyzing module mul_156
INFO: [VRFC 10-311] analyzing module mul_157
INFO: [VRFC 10-311] analyzing module mul_158
INFO: [VRFC 10-311] analyzing module mul_159
INFO: [VRFC 10-311] analyzing module mul_160
INFO: [VRFC 10-311] analyzing module mul_161
INFO: [VRFC 10-311] analyzing module mul_162
INFO: [VRFC 10-311] analyzing module mul_163
INFO: [VRFC 10-311] analyzing module mul_164
INFO: [VRFC 10-311] analyzing module mul_165
INFO: [VRFC 10-311] analyzing module mul_166
INFO: [VRFC 10-311] analyzing module mul_167
INFO: [VRFC 10-311] analyzing module mul_168
INFO: [VRFC 10-311] analyzing module mul_169
INFO: [VRFC 10-311] analyzing module mul_170
INFO: [VRFC 10-311] analyzing module mul_171
INFO: [VRFC 10-311] analyzing module mul_172
INFO: [VRFC 10-311] analyzing module mul_173
INFO: [VRFC 10-311] analyzing module mul_174
INFO: [VRFC 10-311] analyzing module mul_175
INFO: [VRFC 10-311] analyzing module mul_176
INFO: [VRFC 10-311] analyzing module mul_177
INFO: [VRFC 10-311] analyzing module mul_24
INFO: [VRFC 10-311] analyzing module mul_25
INFO: [VRFC 10-311] analyzing module mul_26
INFO: [VRFC 10-311] analyzing module mul_27
INFO: [VRFC 10-311] analyzing module mul_28
INFO: [VRFC 10-311] analyzing module mul_29
INFO: [VRFC 10-311] analyzing module mul_30
INFO: [VRFC 10-311] analyzing module mul_31
INFO: [VRFC 10-311] analyzing module mul_32
INFO: [VRFC 10-311] analyzing module mul_33
INFO: [VRFC 10-311] analyzing module mul_34
INFO: [VRFC 10-311] analyzing module mul_35
INFO: [VRFC 10-311] analyzing module mul_36
INFO: [VRFC 10-311] analyzing module mul_37
INFO: [VRFC 10-311] analyzing module mul_38
INFO: [VRFC 10-311] analyzing module mul_39
INFO: [VRFC 10-311] analyzing module mul_40
INFO: [VRFC 10-311] analyzing module mul_41
INFO: [VRFC 10-311] analyzing module mul_42
INFO: [VRFC 10-311] analyzing module mul_43
INFO: [VRFC 10-311] analyzing module mul_44
INFO: [VRFC 10-311] analyzing module mul_45
INFO: [VRFC 10-311] analyzing module mul_46
INFO: [VRFC 10-311] analyzing module mul_47
INFO: [VRFC 10-311] analyzing module mul_49
INFO: [VRFC 10-311] analyzing module mul_50
INFO: [VRFC 10-311] analyzing module mul_51
INFO: [VRFC 10-311] analyzing module mul_52
INFO: [VRFC 10-311] analyzing module mul_53
INFO: [VRFC 10-311] analyzing module mul_54
INFO: [VRFC 10-311] analyzing module mul_55
INFO: [VRFC 10-311] analyzing module mul_56
INFO: [VRFC 10-311] analyzing module mul_57
INFO: [VRFC 10-311] analyzing module mul_58
INFO: [VRFC 10-311] analyzing module mul_59
INFO: [VRFC 10-311] analyzing module mul_60
INFO: [VRFC 10-311] analyzing module mul_61
INFO: [VRFC 10-311] analyzing module mul_62
INFO: [VRFC 10-311] analyzing module mul_63
INFO: [VRFC 10-311] analyzing module mul_64
INFO: [VRFC 10-311] analyzing module mul_65
INFO: [VRFC 10-311] analyzing module mul_66
INFO: [VRFC 10-311] analyzing module mul_67
INFO: [VRFC 10-311] analyzing module mul_68
INFO: [VRFC 10-311] analyzing module mul_69
INFO: [VRFC 10-311] analyzing module mul_70
INFO: [VRFC 10-311] analyzing module mul_71
INFO: [VRFC 10-311] analyzing module mul_72
INFO: [VRFC 10-311] analyzing module mul_73
INFO: [VRFC 10-311] analyzing module mul_75
INFO: [VRFC 10-311] analyzing module mul_76
INFO: [VRFC 10-311] analyzing module mul_77
INFO: [VRFC 10-311] analyzing module mul_78
INFO: [VRFC 10-311] analyzing module mul_79
INFO: [VRFC 10-311] analyzing module mul_80
INFO: [VRFC 10-311] analyzing module mul_81
INFO: [VRFC 10-311] analyzing module mul_82
INFO: [VRFC 10-311] analyzing module mul_83
INFO: [VRFC 10-311] analyzing module mul_84
INFO: [VRFC 10-311] analyzing module mul_85
INFO: [VRFC 10-311] analyzing module mul_86
INFO: [VRFC 10-311] analyzing module mul_87
INFO: [VRFC 10-311] analyzing module mul_88
INFO: [VRFC 10-311] analyzing module mul_89
INFO: [VRFC 10-311] analyzing module mul_90
INFO: [VRFC 10-311] analyzing module mul_91
INFO: [VRFC 10-311] analyzing module mul_92
INFO: [VRFC 10-311] analyzing module mul_93
INFO: [VRFC 10-311] analyzing module mul_94
INFO: [VRFC 10-311] analyzing module mul_95
INFO: [VRFC 10-311] analyzing module mul_96
INFO: [VRFC 10-311] analyzing module mul_97
INFO: [VRFC 10-311] analyzing module mul_98
INFO: [VRFC 10-311] analyzing module mul_99
INFO: [VRFC 10-311] analyzing module single_port_bram
INFO: [VRFC 10-311] analyzing module single_port_bram__parameterized0
INFO: [VRFC 10-311] analyzing module single_port_bram__parameterized1
INFO: [VRFC 10-311] analyzing module single_port_bram__parameterized2
INFO: [VRFC 10-311] analyzing module top
INFO: [VRFC 10-311] analyzing module xilinx_true_dual_port_no_change_1_clock_ram
INFO: [VRFC 10-311] analyzing module glbl
INFO: [VRFC 10-2263] Analyzing SystemVerilog file "F:/MNIST_CNN_FPGA/MNIST_CNN_FPGA.srcs/sim_1/new/tb_top.sv" into library xil_defaultlib
INFO: [VRFC 10-311] analyzing module tb_top
