Copyright 1986-2019 Xilinx, Inc. All Rights Reserved.
--------------------------------------------------------------------------------------------------------------------------------------------------------------------------------------
| Tool Version : Vivado v.2019.1 (win64) Build 2552052 Fri May 24 14:49:42 MDT 2019
| Date         : Thu Dec 19 12:49:27 2024
| Host         : DESKTOP-2TI4DL6 running 64-bit major release  (build 9200)
| Command      : report_methodology -file design_1_wrapper_methodology_drc_routed.rpt -pb design_1_wrapper_methodology_drc_routed.pb -rpx design_1_wrapper_methodology_drc_routed.rpx
| Design       : design_1_wrapper
| Device       : xc7z020clg400-1
| Speed File   : -1
| Design State : Fully Routed
--------------------------------------------------------------------------------------------------------------------------------------------------------------------------------------

Report Methodology

Table of Contents
-----------------
1. REPORT SUMMARY
2. REPORT DETAILS

1. REPORT SUMMARY
-----------------
            Netlist: netlist
          Floorplan: design_1
      Design limits: <entire design considered>
             Max violations: <unlimited>
             Violations found: 60
+-----------+------------------+-------------------------------+------------+
| Rule      | Severity         | Description                   | Violations |
+-----------+------------------+-------------------------------+------------+
| TIMING-17 | Critical Warning | Non-clocked sequential cell   | 35         |
| LUTAR-1   | Warning          | LUT drives async reset alert  | 4          |
| TIMING-16 | Warning          | Large setup violation         | 8          |
| TIMING-18 | Warning          | Missing input or output delay | 13         |
+-----------+------------------+-------------------------------+------------+

2. REPORT DETAILS
-----------------
TIMING-17#1 Critical Warning
Non-clocked sequential cell  
The clock pin design_1_i/myDCMotor_0/inst/PWM_gen/rCount_reg[0]/C is not reached by a timing clock
Related violations: <none>

TIMING-17#2 Critical Warning
Non-clocked sequential cell  
The clock pin design_1_i/myDCMotor_0/inst/PWM_gen/rCount_reg[1]/C is not reached by a timing clock
Related violations: <none>

TIMING-17#3 Critical Warning
Non-clocked sequential cell  
The clock pin design_1_i/myDCMotor_0/inst/PWM_gen/rCount_reg[2]/C is not reached by a timing clock
Related violations: <none>

TIMING-17#4 Critical Warning
Non-clocked sequential cell  
The clock pin design_1_i/myDCMotor_0/inst/PWM_gen/rCount_reg[3]/C is not reached by a timing clock
Related violations: <none>

TIMING-17#5 Critical Warning
Non-clocked sequential cell  
The clock pin design_1_i/myDCMotor_0/inst/PWM_gen/rCount_reg[4]/C is not reached by a timing clock
Related violations: <none>

TIMING-17#6 Critical Warning
Non-clocked sequential cell  
The clock pin design_1_i/myDCMotor_0/inst/PWM_gen/rCount_reg[5]/C is not reached by a timing clock
Related violations: <none>

TIMING-17#7 Critical Warning
Non-clocked sequential cell  
The clock pin design_1_i/myDCMotor_0/inst/PWM_gen/rCount_reg[6]/C is not reached by a timing clock
Related violations: <none>

TIMING-17#8 Critical Warning
Non-clocked sequential cell  
The clock pin design_1_i/myDCMotor_0/inst/PWM_gen/rCount_reg[7]/C is not reached by a timing clock
Related violations: <none>

TIMING-17#9 Critical Warning
Non-clocked sequential cell  
The clock pin design_1_i/myDCMotor_0/inst/PWM_gen/rDuty_reg[0]/C is not reached by a timing clock
Related violations: <none>

TIMING-17#10 Critical Warning
Non-clocked sequential cell  
The clock pin design_1_i/myDCMotor_0/inst/PWM_gen/rDuty_reg[1]/C is not reached by a timing clock
Related violations: <none>

TIMING-17#11 Critical Warning
Non-clocked sequential cell  
The clock pin design_1_i/myDCMotor_0/inst/PWM_gen/rDuty_reg[2]/C is not reached by a timing clock
Related violations: <none>

TIMING-17#12 Critical Warning
Non-clocked sequential cell  
The clock pin design_1_i/myDCMotor_0/inst/PWM_gen/rDuty_reg[3]/C is not reached by a timing clock
Related violations: <none>

TIMING-17#13 Critical Warning
Non-clocked sequential cell  
The clock pin design_1_i/myDCMotor_0/inst/PWM_gen/rDuty_reg[4]/C is not reached by a timing clock
Related violations: <none>

TIMING-17#14 Critical Warning
Non-clocked sequential cell  
The clock pin design_1_i/myDCMotor_0/inst/PWM_gen/rDuty_reg[5]/C is not reached by a timing clock
Related violations: <none>

TIMING-17#15 Critical Warning
Non-clocked sequential cell  
The clock pin design_1_i/myDCMotor_0/inst/PWM_gen/rDuty_reg[6]/C is not reached by a timing clock
Related violations: <none>

TIMING-17#16 Critical Warning
Non-clocked sequential cell  
The clock pin design_1_i/myDCMotor_0/inst/PWM_gen/rDuty_reg[7]/C is not reached by a timing clock
Related violations: <none>

TIMING-17#17 Critical Warning
Non-clocked sequential cell  
The clock pin design_1_i/myDCMotor_0/inst/PWM_gen/rPWM_reg/C is not reached by a timing clock
Related violations: <none>

TIMING-17#18 Critical Warning
Non-clocked sequential cell  
The clock pin design_1_i/myOLEDrgb_0/inst/spi/CE_reg/C is not reached by a timing clock
Related violations: <none>

TIMING-17#19 Critical Warning
Non-clocked sequential cell  
The clock pin design_1_i/myOLEDrgb_0/inst/spi/FSM_onehot_state_reg[0]/C is not reached by a timing clock
Related violations: <none>

TIMING-17#20 Critical Warning
Non-clocked sequential cell  
The clock pin design_1_i/myOLEDrgb_0/inst/spi/FSM_onehot_state_reg[1]/C is not reached by a timing clock
Related violations: <none>

TIMING-17#21 Critical Warning
Non-clocked sequential cell  
The clock pin design_1_i/myOLEDrgb_0/inst/spi/FSM_onehot_state_reg[2]/C is not reached by a timing clock
Related violations: <none>

TIMING-17#22 Critical Warning
Non-clocked sequential cell  
The clock pin design_1_i/myOLEDrgb_0/inst/spi/MOSI_reg/C is not reached by a timing clock
Related violations: <none>

TIMING-17#23 Critical Warning
Non-clocked sequential cell  
The clock pin design_1_i/myOLEDrgb_0/inst/spi/bit_cnt_reg[0]/C is not reached by a timing clock
Related violations: <none>

TIMING-17#24 Critical Warning
Non-clocked sequential cell  
The clock pin design_1_i/myOLEDrgb_0/inst/spi/bit_cnt_reg[1]/C is not reached by a timing clock
Related violations: <none>

TIMING-17#25 Critical Warning
Non-clocked sequential cell  
The clock pin design_1_i/myOLEDrgb_0/inst/spi/bit_cnt_reg[2]/C is not reached by a timing clock
Related violations: <none>

TIMING-17#26 Critical Warning
Non-clocked sequential cell  
The clock pin design_1_i/myOLEDrgb_0/inst/spi/bit_cnt_reg[3]/C is not reached by a timing clock
Related violations: <none>

TIMING-17#27 Critical Warning
Non-clocked sequential cell  
The clock pin design_1_i/myOLEDrgb_0/inst/spi/done_reg/C is not reached by a timing clock
Related violations: <none>

TIMING-17#28 Critical Warning
Non-clocked sequential cell  
The clock pin design_1_i/myOLEDrgb_0/inst/spi/shift_reg_reg[0]/C is not reached by a timing clock
Related violations: <none>

TIMING-17#29 Critical Warning
Non-clocked sequential cell  
The clock pin design_1_i/myOLEDrgb_0/inst/spi/shift_reg_reg[1]/C is not reached by a timing clock
Related violations: <none>

TIMING-17#30 Critical Warning
Non-clocked sequential cell  
The clock pin design_1_i/myOLEDrgb_0/inst/spi/shift_reg_reg[2]/C is not reached by a timing clock
Related violations: <none>

TIMING-17#31 Critical Warning
Non-clocked sequential cell  
The clock pin design_1_i/myOLEDrgb_0/inst/spi/shift_reg_reg[3]/C is not reached by a timing clock
Related violations: <none>

TIMING-17#32 Critical Warning
Non-clocked sequential cell  
The clock pin design_1_i/myOLEDrgb_0/inst/spi/shift_reg_reg[4]/C is not reached by a timing clock
Related violations: <none>

TIMING-17#33 Critical Warning
Non-clocked sequential cell  
The clock pin design_1_i/myOLEDrgb_0/inst/spi/shift_reg_reg[5]/C is not reached by a timing clock
Related violations: <none>

TIMING-17#34 Critical Warning
Non-clocked sequential cell  
The clock pin design_1_i/myOLEDrgb_0/inst/spi/shift_reg_reg[6]/C is not reached by a timing clock
Related violations: <none>

TIMING-17#35 Critical Warning
Non-clocked sequential cell  
The clock pin design_1_i/myOLEDrgb_0/inst/spi/shift_reg_reg[7]/C is not reached by a timing clock
Related violations: <none>

LUTAR-1#1 Warning
LUT drives async reset alert  
LUT cell design_1_i/myBuzzer_0/inst/myBuzzer_v1_0_S00_AXI_inst/oBUZ_i_3, with 2 or more inputs, drives asynchronous preset/clear pin(s) design_1_i/myBuzzer_0/inst/Beep_inst/counter_reg[0]/CLR, design_1_i/myBuzzer_0/inst/Beep_inst/counter_reg[10]/CLR, design_1_i/myBuzzer_0/inst/Beep_inst/counter_reg[11]/CLR, design_1_i/myBuzzer_0/inst/Beep_inst/counter_reg[12]/CLR, design_1_i/myBuzzer_0/inst/Beep_inst/counter_reg[13]/CLR, design_1_i/myBuzzer_0/inst/Beep_inst/counter_reg[14]/CLR, design_1_i/myBuzzer_0/inst/Beep_inst/counter_reg[15]/CLR, design_1_i/myBuzzer_0/inst/Beep_inst/counter_reg[16]/CLR, design_1_i/myBuzzer_0/inst/Beep_inst/counter_reg[17]/CLR, design_1_i/myBuzzer_0/inst/Beep_inst/counter_reg[18]/CLR, design_1_i/myBuzzer_0/inst/Beep_inst/counter_reg[19]/CLR, design_1_i/myBuzzer_0/inst/Beep_inst/counter_reg[1]/CLR, design_1_i/myBuzzer_0/inst/Beep_inst/counter_reg[20]/CLR, design_1_i/myBuzzer_0/inst/Beep_inst/counter_reg[21]/CLR, design_1_i/myBuzzer_0/inst/Beep_inst/counter_reg[22]/CLR (the first 15 of 32 listed). The LUT may glitch and trigger an unexpected reset, even if it is a properly timed path.
Related violations: <none>

LUTAR-1#2 Warning
LUT drives async reset alert  
LUT cell design_1_i/myDCMotor_0/inst/myDCMotor_v1_0_S00_AXI_inst/axi_awready_i_2, with 2 or more inputs, drives asynchronous preset/clear pin(s) design_1_i/myDCMotor_0/inst/clk_div/clk_out_reg/CLR, design_1_i/myDCMotor_0/inst/clk_div/counter_reg[0]/CLR, design_1_i/myDCMotor_0/inst/clk_div/counter_reg[10]/CLR, design_1_i/myDCMotor_0/inst/clk_div/counter_reg[11]/CLR, design_1_i/myDCMotor_0/inst/clk_div/counter_reg[12]/CLR, design_1_i/myDCMotor_0/inst/clk_div/counter_reg[1]/CLR, design_1_i/myDCMotor_0/inst/clk_div/counter_reg[2]/CLR, design_1_i/myDCMotor_0/inst/clk_div/counter_reg[3]/CLR, design_1_i/myDCMotor_0/inst/clk_div/counter_reg[4]/CLR, design_1_i/myDCMotor_0/inst/clk_div/counter_reg[5]/CLR, design_1_i/myDCMotor_0/inst/clk_div/counter_reg[6]/CLR, design_1_i/myDCMotor_0/inst/clk_div/counter_reg[7]/CLR, design_1_i/myDCMotor_0/inst/clk_div/counter_reg[8]/CLR, design_1_i/myDCMotor_0/inst/clk_div/counter_reg[9]/CLR, design_1_i/myDCMotor_0/inst/DUTY/pwm_duty_reg[0]/CLR (the first 15 of 39 listed). The LUT may glitch and trigger an unexpected reset, even if it is a properly timed path.
Related violations: <none>

LUTAR-1#3 Warning
LUT drives async reset alert  
LUT cell design_1_i/myOLEDrgb_0/inst/myOLEDrgb_v1_0_S00_AXI_inst/MOSI_i_2, with 2 or more inputs, drives asynchronous preset/clear pin(s) design_1_i/myOLEDrgb_0/inst/spi/CE_reg/CLR, design_1_i/myOLEDrgb_0/inst/spi/FSM_onehot_state_reg[1]/CLR, design_1_i/myOLEDrgb_0/inst/spi/FSM_onehot_state_reg[2]/CLR, design_1_i/myOLEDrgb_0/inst/spi/MOSI_reg/CLR, design_1_i/myOLEDrgb_0/inst/spi/bit_cnt_reg[0]/CLR, design_1_i/myOLEDrgb_0/inst/spi/bit_cnt_reg[1]/CLR, design_1_i/myOLEDrgb_0/inst/spi/bit_cnt_reg[2]/CLR, design_1_i/myOLEDrgb_0/inst/spi/bit_cnt_reg[3]/CLR, design_1_i/myOLEDrgb_0/inst/spi/counter_reg[0]/CLR, design_1_i/myOLEDrgb_0/inst/spi/counter_reg[1]/CLR, design_1_i/myOLEDrgb_0/inst/spi/counter_reg[2]/CLR, design_1_i/myOLEDrgb_0/inst/spi/done_reg/CLR, design_1_i/myOLEDrgb_0/inst/spi/shift_reg_reg[0]/CLR, design_1_i/myOLEDrgb_0/inst/spi/shift_reg_reg[1]/CLR, design_1_i/myOLEDrgb_0/inst/spi/shift_reg_reg[2]/CLR (the first 15 of 71 listed). The LUT may glitch and trigger an unexpected reset, even if it is a properly timed path.
Related violations: <none>

LUTAR-1#4 Warning
LUT drives async reset alert  
LUT cell design_1_i/mySwitch_0/inst/rIRQ_i_3, with 2 or more inputs, drives asynchronous preset/clear pin(s) design_1_i/mySwitch_0/inst/rIRQ_reg/CLR. The LUT may glitch and trigger an unexpected reset, even if it is a properly timed path.
Related violations: <none>

TIMING-16#1 Warning
Large setup violation  
There is a large setup violation of -7.678 ns between design_1_i/myMAXSONAR_0/inst/myMAXSONAR_v1_0_S00_AXI_inst/pulse_width_reg[7]/C (clocked by clk_fpga_0) and design_1_i/myMAXSONAR_0/inst/myMAXSONAR_v1_0_S00_AXI_inst/distance_reg[3]/D (clocked by clk_fpga_0). Large setup violations at the end of those stages might be difficult to fix during the post-placement implementation flow and could be the result of non-optimal XDC constraints or non-optimal design architecture
Related violations: <none>

TIMING-16#2 Warning
Large setup violation  
There is a large setup violation of -7.685 ns between design_1_i/myMAXSONAR_0/inst/myMAXSONAR_v1_0_S00_AXI_inst/pulse_width_reg[7]/C (clocked by clk_fpga_0) and design_1_i/myMAXSONAR_0/inst/myMAXSONAR_v1_0_S00_AXI_inst/distance_reg[1]/D (clocked by clk_fpga_0). Large setup violations at the end of those stages might be difficult to fix during the post-placement implementation flow and could be the result of non-optimal XDC constraints or non-optimal design architecture
Related violations: <none>

TIMING-16#3 Warning
Large setup violation  
There is a large setup violation of -7.698 ns between design_1_i/myMAXSONAR_0/inst/myMAXSONAR_v1_0_S00_AXI_inst/pulse_width_reg[7]/C (clocked by clk_fpga_0) and design_1_i/myMAXSONAR_0/inst/myMAXSONAR_v1_0_S00_AXI_inst/distance_reg[5]/D (clocked by clk_fpga_0). Large setup violations at the end of those stages might be difficult to fix during the post-placement implementation flow and could be the result of non-optimal XDC constraints or non-optimal design architecture
Related violations: <none>

TIMING-16#4 Warning
Large setup violation  
There is a large setup violation of -7.703 ns between design_1_i/myMAXSONAR_0/inst/myMAXSONAR_v1_0_S00_AXI_inst/pulse_width_reg[7]/C (clocked by clk_fpga_0) and design_1_i/myMAXSONAR_0/inst/myMAXSONAR_v1_0_S00_AXI_inst/distance_reg[6]/D (clocked by clk_fpga_0). Large setup violations at the end of those stages might be difficult to fix during the post-placement implementation flow and could be the result of non-optimal XDC constraints or non-optimal design architecture
Related violations: <none>

TIMING-16#5 Warning
Large setup violation  
There is a large setup violation of -7.717 ns between design_1_i/myMAXSONAR_0/inst/myMAXSONAR_v1_0_S00_AXI_inst/pulse_width_reg[7]/C (clocked by clk_fpga_0) and design_1_i/myMAXSONAR_0/inst/myMAXSONAR_v1_0_S00_AXI_inst/distance_reg[4]/D (clocked by clk_fpga_0). Large setup violations at the end of those stages might be difficult to fix during the post-placement implementation flow and could be the result of non-optimal XDC constraints or non-optimal design architecture
Related violations: <none>

TIMING-16#6 Warning
Large setup violation  
There is a large setup violation of -7.722 ns between design_1_i/myMAXSONAR_0/inst/myMAXSONAR_v1_0_S00_AXI_inst/pulse_width_reg[7]/C (clocked by clk_fpga_0) and design_1_i/myMAXSONAR_0/inst/myMAXSONAR_v1_0_S00_AXI_inst/distance_reg[2]/D (clocked by clk_fpga_0). Large setup violations at the end of those stages might be difficult to fix during the post-placement implementation flow and could be the result of non-optimal XDC constraints or non-optimal design architecture
Related violations: <none>

TIMING-16#7 Warning
Large setup violation  
There is a large setup violation of -7.916 ns between design_1_i/myMAXSONAR_0/inst/myMAXSONAR_v1_0_S00_AXI_inst/pulse_width_reg[7]/C (clocked by clk_fpga_0) and design_1_i/myMAXSONAR_0/inst/myMAXSONAR_v1_0_S00_AXI_inst/distance_reg[0]/D (clocked by clk_fpga_0). Large setup violations at the end of those stages might be difficult to fix during the post-placement implementation flow and could be the result of non-optimal XDC constraints or non-optimal design architecture
Related violations: <none>

TIMING-16#8 Warning
Large setup violation  
There is a large setup violation of -7.920 ns between design_1_i/myMAXSONAR_0/inst/myMAXSONAR_v1_0_S00_AXI_inst/pulse_width_reg[7]/C (clocked by clk_fpga_0) and design_1_i/myMAXSONAR_0/inst/myMAXSONAR_v1_0_S00_AXI_inst/distance_reg[7]/D (clocked by clk_fpga_0). Large setup violations at the end of those stages might be difficult to fix during the post-placement implementation flow and could be the result of non-optimal XDC constraints or non-optimal design architecture
Related violations: <none>

TIMING-18#1 Warning
Missing input or output delay  
An input delay is missing on PWM relative to clock(s) clk_fpga_0
Related violations: <none>

TIMING-18#2 Warning
Missing input or output delay  
An input delay is missing on SW[0] relative to clock(s) clk_fpga_0
Related violations: <none>

TIMING-18#3 Warning
Missing input or output delay  
An input delay is missing on SW[1] relative to clock(s) clk_fpga_0
Related violations: <none>

TIMING-18#4 Warning
Missing input or output delay  
An input delay is missing on SW[2] relative to clock(s) clk_fpga_0
Related violations: <none>

TIMING-18#5 Warning
Missing input or output delay  
An input delay is missing on SW[3] relative to clock(s) clk_fpga_0
Related violations: <none>

TIMING-18#6 Warning
Missing input or output delay  
An output delay is missing on DC relative to clock(s) clk_fpga_0
Related violations: <none>

TIMING-18#7 Warning
Missing input or output delay  
An output delay is missing on PMODEN relative to clock(s) clk_fpga_0
Related violations: <none>

TIMING-18#8 Warning
Missing input or output delay  
An output delay is missing on RES relative to clock(s) clk_fpga_0
Related violations: <none>

TIMING-18#9 Warning
Missing input or output delay  
An output delay is missing on RX relative to clock(s) clk_fpga_0
Related violations: <none>

TIMING-18#10 Warning
Missing input or output delay  
An output delay is missing on SCK relative to clock(s) clk_fpga_0
Related violations: <none>

TIMING-18#11 Warning
Missing input or output delay  
An output delay is missing on VCCEN relative to clock(s) clk_fpga_0
Related violations: <none>

TIMING-18#12 Warning
Missing input or output delay  
An output delay is missing on buzzer relative to clock(s) clk_fpga_0
Related violations: <none>

TIMING-18#13 Warning
Missing input or output delay  
An output delay is missing on oPWM relative to clock(s) clk_fpga_0
Related violations: <none>


