#-----------------------------------------------------------
# Vivado v2019.1 (64-bit)
# SW Build 2552052 on Fri May 24 14:49:42 MDT 2019
# IP Build 2548770 on Fri May 24 18:01:18 MDT 2019
# Start of session at: Sun Dec 15 08:13:53 2024
# Process ID: 4384
# Current directory: D:/SoC-Design-Basics/TermProject
# Command line: vivado.exe -gui_launcher_event rodinguilauncherevent20400 D:\SoC-Design-Basics\TermProject\TermProject.xpr
# Log file: D:/SoC-Design-Basics/TermProject/vivado.log
# Journal file: D:/SoC-Design-Basics/TermProject\vivado.jou
#-----------------------------------------------------------
start_gui
open_project D:/SoC-Design-Basics/TermProject/TermProject.xpr
INFO: [Project 1-313] Project file moved from 'F:/01_SoC/TermProject' since last save.
Scanning sources...
Finished scanning sources
WARNING: [filemgmt 56-3] Board Part Repository Path: Could not find the directory 'C:/Users/foodbug/AppData/Roaming/Xilinx/Vivado/2019.1/xhub/board_store'.
INFO: [IP_Flow 19-234] Refreshing IP repositories
INFO: [IP_Flow 19-1700] Loaded user IP repository 'd:/SoC-Design-Basics/ip_repo'.
INFO: [IP_Flow 19-2313] Loaded Vivado IP repository 'C:/Xilinx/Vivado/2019.1/data/ip'.
WARNING: [IP_Flow 19-1663] Duplicate IP found for 'xilinx.com:user:mySimpleIO:1.0'. The one found in IP location 'd:/SoC-Design-Basics/ip_repo/mySimpleIO_1.0' will take precedence over the same IP in location d:/SoC-Design-Basics/ip_repo/myLED_1.0
open_project: Time (s): cpu = 00:00:17 ; elapsed = 00:00:10 . Memory (MB): peak = 951.082 ; gain = 38.605
update_compile_order -fileset sources_1
launch_sdk -workspace D:/SoC-Design-Basics/TermProject/TermProject.sdk -hwspec D:/SoC-Design-Basics/TermProject/TermProject.sdk/design_1_wrapper.hdf
INFO: [Vivado 12-393] Launching SDK...
INFO: [Vivado 12-417] Running xsdk -workspace D:/SoC-Design-Basics/TermProject/TermProject.sdk -hwspec D:/SoC-Design-Basics/TermProject/TermProject.sdk/design_1_wrapper.hdf
INFO: [Vivado 12-3157] SDK launch initiated. Please check console for any further messages.
open_bd_design {D:/SoC-Design-Basics/TermProject/TermProject.srcs/sources_1/bd/design_1/design_1.bd}
Adding component instance block -- xilinx.com:ip:processing_system7:5.5 - processing_system7_0
Adding component instance block -- xilinx.com:ip:axi_interconnect:2.1 - ps7_0_axi_periph
Adding component instance block -- xilinx.com:ip:axi_crossbar:2.1 - xbar
Adding component instance block -- xilinx.com:ip:axi_protocol_converter:2.1 - auto_pc
Adding component instance block -- xilinx.com:ip:proc_sys_reset:5.0 - rst_ps7_0_50M
Adding component instance block -- xilinx.com:user:myOLEDrgb:1.0 - myOLEDrgb_0
Adding component instance block -- xilinx.com:user:myMAXSONAR:1.0 - myMAXSONAR_0
Adding component instance block -- xilinx.com:user:myDCMotor:1.0 - myDCMotor_0
Successfully read diagram <design_1> from BD file <D:/SoC-Design-Basics/TermProject/TermProject.srcs/sources_1/bd/design_1/design_1.bd>
open_bd_design: Time (s): cpu = 00:00:08 ; elapsed = 00:00:08 . Memory (MB): peak = 1216.652 ; gain = 78.457
regenerate_bd_layout
startgroup
create_bd_cell -type ip -vlnv xilinx.com:user:myBuzzer:1.0 myBuzzer_0
endgroup
apply_bd_automation -rule xilinx.com:bd_rule:axi4 -config { Clk_master {/processing_system7_0/FCLK_CLK0 (50 MHz)} Clk_slave {Auto} Clk_xbar {/processing_system7_0/FCLK_CLK0 (50 MHz)} Master {/processing_system7_0/M_AXI_GP0} Slave {/myBuzzer_0/S00_AXI} intc_ip {/ps7_0_axi_periph} master_apm {0}}  [get_bd_intf_pins myBuzzer_0/S00_AXI]
Slave segment </myBuzzer_0/S00_AXI/S00_AXI_reg> is being mapped into address space </processing_system7_0/Data> at <0x43C3_0000 [ 64K ]>
regenerate_bd_layout
ipx::edit_ip_in_project -upgrade true -name myBuzzer_v1_0_project -directory D:/SoC-Design-Basics/TermProject/TermProject.tmp/myBuzzer_v1_0_project d:/SoC-Design-Basics/ip_repo/myBuzzer_1.0/component.xml
INFO: [IP_Flow 19-234] Refreshing IP repositories
INFO: [IP_Flow 19-1704] No user IP repositories specified
INFO: [IP_Flow 19-2313] Loaded Vivado IP repository 'C:/Xilinx/Vivado/2019.1/data/ip'.
INFO: [IP_Flow 19-234] Refreshing IP repositories
INFO: [IP_Flow 19-1700] Loaded user IP repository 'd:/SoC-Design-Basics/ip_repo'.
WARNING: [IP_Flow 19-1663] Duplicate IP found for 'xilinx.com:user:mySimpleIO:1.0'. The one found in IP location 'd:/SoC-Design-Basics/ip_repo/mySimpleIO_1.0' will take precedence over the same IP in location d:/SoC-Design-Basics/ip_repo/myLED_1.0
INFO: [IP_Flow 19-795] Syncing license key meta-data
WARNING: [filemgmt 56-99] Vivado Synthesis ignores library specification for Verilog or SystemVerilog files. [d:/SoC-Design-Basics/ip_repo/myBuzzer_1.0/hdl/myBuzzer_v1_0_S00_AXI.v:]
WARNING: [filemgmt 56-99] Vivado Synthesis ignores library specification for Verilog or SystemVerilog files. [d:/SoC-Design-Basics/ip_repo/myBuzzer_1.0/hdl/myBuzzer_v1_0.v:]
ipx::edit_ip_in_project: Time (s): cpu = 00:00:09 ; elapsed = 00:00:06 . Memory (MB): peak = 1216.652 ; gain = 0.000
update_compile_order -fileset sources_1
close [ open D:/SoC-Design-Basics/ip_repo/myBuzzer_1.0/hdl/BeepMaker.v w ]
add_files D:/SoC-Design-Basics/ip_repo/myBuzzer_1.0/hdl/BeepMaker.v
update_compile_order -fileset sources_1
update_compile_order -fileset sources_1
ipx::merge_project_changes files [ipx::current_core]
WARNING: [IP_Flow 19-5226] Project source file 'd:/SoC-Design-Basics/ip_repo/myBuzzer_1.0/component.xml' ignored by IP packager.
ipx::merge_project_changes hdl_parameters [ipx::current_core]
WARNING: [IP_Flow 19-5226] Project source file 'd:/SoC-Design-Basics/ip_repo/myBuzzer_1.0/component.xml' ignored by IP packager.
INFO: [IP_Flow 19-3166] Bus Interface 'S00_AXI': References existing memory map 'S00_AXI'.
ipx::update_checksums [ipx::current_core]
ipx::save_core [ipx::current_core]
set_property core_revision 9 [ipx::current_core]
ipx::update_source_project_archive -component [ipx::current_core]
ipx::create_xgui_files [ipx::current_core]
ipx::update_checksums [ipx::current_core]
ipx::save_core [ipx::current_core]
ipx::move_temp_component_back -component [ipx::current_core]
close_project -delete
update_ip_catalog -rebuild -repo_path d:/SoC-Design-Basics/ip_repo
INFO: [IP_Flow 19-725] Reloaded user IP repository 'd:/SoC-Design-Basics/ip_repo'
WARNING: [IP_Flow 19-1663] Duplicate IP found for 'xilinx.com:user:mySimpleIO:1.0'. The one found in IP location 'd:/SoC-Design-Basics/ip_repo/mySimpleIO_1.0' will take precedence over the same IP in location d:/SoC-Design-Basics/ip_repo/myLED_1.0
report_ip_status -name ip_status 
upgrade_ip [get_ips  design_1_myBuzzer_0_0] -log ip_upgrade.log
Upgrading 'D:/SoC-Design-Basics/TermProject/TermProject.srcs/sources_1/bd/design_1/design_1.bd'
INFO: [IP_Flow 19-3422] Upgraded design_1_myBuzzer_0_0 (myBuzzer_v1.0 1.0) from revision 8 to revision 9
WARNING: [IP_Flow 19-4698] Upgrade has added port 'distance'
WARNING: [IP_Flow 19-3298] Detected external port differences while upgrading 'design_1_myBuzzer_0_0'. These changes may impact your design.
CRITICAL WARNING: [Coretcl 2-1279] The upgrade of 'design_1_myBuzzer_0_0' has identified issues that may require user intervention. Please review the upgrade log 'd:/SoC-Design-Basics/TermProject/ip_upgrade.log', and verify that the upgraded IP is correctly configured.
Wrote  : <D:\SoC-Design-Basics\TermProject\TermProject.srcs\sources_1\bd\design_1\design_1.bd> 
Wrote  : <D:/SoC-Design-Basics/TermProject/TermProject.srcs/sources_1/bd/design_1/ui/bd_1f5defd0.ui> 
INFO: [Coretcl 2-1525] Wrote upgrade log to 'D:/SoC-Design-Basics/TermProject/ip_upgrade.log'.
export_ip_user_files -of_objects [get_ips design_1_myBuzzer_0_0] -no_script -sync -force -quiet
generate_target all [get_files  D:/SoC-Design-Basics/TermProject/TermProject.srcs/sources_1/bd/design_1/design_1.bd]
CRITICAL WARNING: [BD 41-759] The input pins (listed below) are either not connected or do not have a source port, and they don't have a tie-off specified. These pins are tied-off to all 0's to avoid error in Implementation flow.
Please check your design and connect them as needed: 
/myBuzzer_0/distance

Wrote  : <D:\SoC-Design-Basics\TermProject\TermProject.srcs\sources_1\bd\design_1\design_1.bd> 
VHDL Output written to : D:/SoC-Design-Basics/TermProject/TermProject.srcs/sources_1/bd/design_1/synth/design_1.v
VHDL Output written to : D:/SoC-Design-Basics/TermProject/TermProject.srcs/sources_1/bd/design_1/sim/design_1.v
VHDL Output written to : D:/SoC-Design-Basics/TermProject/TermProject.srcs/sources_1/bd/design_1/hdl/design_1_wrapper.v
INFO: [BD 41-1029] Generation completed for the IP Integrator block myDCMotor_0 .
INFO: [BD 41-1029] Generation completed for the IP Integrator block processing_system7_0 .
INFO: [BD 41-1029] Generation completed for the IP Integrator block myMAXSONAR_0 .
INFO: [BD 41-1029] Generation completed for the IP Integrator block ps7_0_axi_periph/xbar .
INFO: [BD 41-1029] Generation completed for the IP Integrator block rst_ps7_0_50M .
INFO: [BD 41-1029] Generation completed for the IP Integrator block myOLEDrgb_0 .
INFO: [BD 41-1029] Generation completed for the IP Integrator block myBuzzer_0 .
WARNING: [IP_Flow 19-4994] Overwriting existing constraint file 'd:/SoC-Design-Basics/TermProject/TermProject.srcs/sources_1/bd/design_1/ip/design_1_auto_pc_0/design_1_auto_pc_0_ooc.xdc'
INFO: [BD 41-1029] Generation completed for the IP Integrator block ps7_0_axi_periph/s00_couplers/auto_pc .
Exporting to file D:/SoC-Design-Basics/TermProject/TermProject.srcs/sources_1/bd/design_1/hw_handoff/design_1.hwh
Generated Block Design Tcl file D:/SoC-Design-Basics/TermProject/TermProject.srcs/sources_1/bd/design_1/hw_handoff/design_1_bd.tcl
Generated Hardware Definition File D:/SoC-Design-Basics/TermProject/TermProject.srcs/sources_1/bd/design_1/synth/design_1.hwdef
catch { config_ip_cache -export [get_ips -all design_1_xbar_0] }
catch { config_ip_cache -export [get_ips -all design_1_myBuzzer_0_0] }
catch { config_ip_cache -export [get_ips -all design_1_auto_pc_0] }
INFO: [IP_Flow 19-4993] Using cached IP synthesis design for IP design_1_auto_pc_0, cache-ID = a63199ff8af91886; cache size = 10.752 MB.
export_ip_user_files -of_objects [get_files D:/SoC-Design-Basics/TermProject/TermProject.srcs/sources_1/bd/design_1/design_1.bd] -no_script -sync -force -quiet
create_ip_run [get_files -of_objects [get_fileset sources_1] D:/SoC-Design-Basics/TermProject/TermProject.srcs/sources_1/bd/design_1/design_1.bd]
launch_runs -jobs 16 {design_1_xbar_0_synth_1 design_1_myBuzzer_0_0_synth_1}
[Sun Dec 15 08:24:26 2024] Launched design_1_xbar_0_synth_1, design_1_myBuzzer_0_0_synth_1...
Run output will be captured here:
design_1_xbar_0_synth_1: D:/SoC-Design-Basics/TermProject/TermProject.runs/design_1_xbar_0_synth_1/runme.log
design_1_myBuzzer_0_0_synth_1: D:/SoC-Design-Basics/TermProject/TermProject.runs/design_1_myBuzzer_0_0_synth_1/runme.log
export_simulation -of_objects [get_files D:/SoC-Design-Basics/TermProject/TermProject.srcs/sources_1/bd/design_1/design_1.bd] -directory D:/SoC-Design-Basics/TermProject/TermProject.ip_user_files/sim_scripts -ip_user_files_dir D:/SoC-Design-Basics/TermProject/TermProject.ip_user_files -ipstatic_source_dir D:/SoC-Design-Basics/TermProject/TermProject.ip_user_files/ipstatic -lib_map_path [list {modelsim=D:/SoC-Design-Basics/TermProject/TermProject.cache/compile_simlib/modelsim} {questa=D:/SoC-Design-Basics/TermProject/TermProject.cache/compile_simlib/questa} {riviera=D:/SoC-Design-Basics/TermProject/TermProject.cache/compile_simlib/riviera} {activehdl=D:/SoC-Design-Basics/TermProject/TermProject.cache/compile_simlib/activehdl}] -use_ip_compiled_libs -force -quiet
report_ip_status -name ip_status 
create_bd_port -dir O buzzer
connect_bd_net [get_bd_ports buzzer] [get_bd_pins myBuzzer_0/buzzer]
regenerate_bd_layout
set_property location {3 847 726} [get_bd_cells myMAXSONAR_0]
connect_bd_net [get_bd_pins myMAXSONAR_0/RX] [get_bd_pins myBuzzer_0/distance]
regenerate_bd_layout
regenerate_bd_layout
validate_bd_design
report_ip_status -name ip_status 
regenerate_bd_layout
validate_bd_design -force
ipx::edit_ip_in_project -upgrade true -name myDCMotor_v1_0_project -directory D:/SoC-Design-Basics/TermProject/TermProject.tmp/myDCMotor_v1_0_project d:/SoC-Design-Basics/ip_repo/myDCMotor_1.0/component.xml
INFO: [IP_Flow 19-234] Refreshing IP repositories
INFO: [IP_Flow 19-1704] No user IP repositories specified
INFO: [IP_Flow 19-2313] Loaded Vivado IP repository 'C:/Xilinx/Vivado/2019.1/data/ip'.
INFO: [IP_Flow 19-234] Refreshing IP repositories
INFO: [IP_Flow 19-1700] Loaded user IP repository 'd:/SoC-Design-Basics/ip_repo'.
WARNING: [IP_Flow 19-1663] Duplicate IP found for 'xilinx.com:user:mySimpleIO:1.0'. The one found in IP location 'd:/SoC-Design-Basics/ip_repo/mySimpleIO_1.0' will take precedence over the same IP in location d:/SoC-Design-Basics/ip_repo/myLED_1.0
INFO: [IP_Flow 19-795] Syncing license key meta-data
WARNING: [filemgmt 56-99] Vivado Synthesis ignores library specification for Verilog or SystemVerilog files. [d:/SoC-Design-Basics/ip_repo/myDCMotor_1.0/hdl/PWM.v:]
WARNING: [filemgmt 56-99] Vivado Synthesis ignores library specification for Verilog or SystemVerilog files. [d:/SoC-Design-Basics/ip_repo/myDCMotor_1.0/hdl/clock_divider.v:]
WARNING: [filemgmt 56-99] Vivado Synthesis ignores library specification for Verilog or SystemVerilog files. [d:/SoC-Design-Basics/ip_repo/myDCMotor_1.0/hdl/myDCMotor_v1_0_S00_AXI.v:]
WARNING: [filemgmt 56-99] Vivado Synthesis ignores library specification for Verilog or SystemVerilog files. [d:/SoC-Design-Basics/ip_repo/myDCMotor_1.0/hdl/pwm_controller.v:]
WARNING: [filemgmt 56-99] Vivado Synthesis ignores library specification for Verilog or SystemVerilog files. [d:/SoC-Design-Basics/ip_repo/myDCMotor_1.0/hdl/myDCMotor_v1_0.v:]
WARNING: [filemgmt 56-99] Vivado Synthesis ignores library specification for Verilog or SystemVerilog files. [d:/SoC-Design-Basics/ip_repo/myDCMotor_1.0/hdl/tb_pwm_controller.v:]
update_compile_order -fileset sources_1
set_property core_revision 16 [ipx::current_core]
ipx::update_source_project_archive -component [ipx::current_core]
ipx::create_xgui_files [ipx::current_core]
ipx::update_checksums [ipx::current_core]
ipx::save_core [ipx::current_core]
ipx::move_temp_component_back -component [ipx::current_core]
close_project -delete
update_ip_catalog -rebuild -repo_path d:/SoC-Design-Basics/ip_repo
INFO: [IP_Flow 19-725] Reloaded user IP repository 'd:/SoC-Design-Basics/ip_repo'
WARNING: [IP_Flow 19-1663] Duplicate IP found for 'xilinx.com:user:mySimpleIO:1.0'. The one found in IP location 'd:/SoC-Design-Basics/ip_repo/mySimpleIO_1.0' will take precedence over the same IP in location d:/SoC-Design-Basics/ip_repo/myLED_1.0
delete_bd_objs [get_bd_nets myDCMotor_0_PWM] [get_bd_ports DC_PWM]
report_ip_status -name ip_status 
upgrade_ip -vlnv xilinx.com:user:myDCMotor:1.0 [get_ips  design_1_myDCMotor_0_2] -log ip_upgrade.log
Upgrading 'D:/SoC-Design-Basics/TermProject/TermProject.srcs/sources_1/bd/design_1/design_1.bd'
INFO: [IP_Flow 19-3422] Upgraded design_1_myDCMotor_0_2 (myDCMotor_v1.0 1.0) from revision 15 to revision 16
Wrote  : <D:\SoC-Design-Basics\TermProject\TermProject.srcs\sources_1\bd\design_1\design_1.bd> 
Wrote  : <D:/SoC-Design-Basics/TermProject/TermProject.srcs/sources_1/bd/design_1/ui/bd_1f5defd0.ui> 
INFO: [Coretcl 2-1525] Wrote upgrade log to 'D:/SoC-Design-Basics/TermProject/ip_upgrade.log'.
export_ip_user_files -of_objects [get_ips design_1_myDCMotor_0_2] -no_script -sync -force -quiet
generate_target all [get_files  D:/SoC-Design-Basics/TermProject/TermProject.srcs/sources_1/bd/design_1/design_1.bd]
Wrote  : <D:\SoC-Design-Basics\TermProject\TermProject.srcs\sources_1\bd\design_1\design_1.bd> 
VHDL Output written to : D:/SoC-Design-Basics/TermProject/TermProject.srcs/sources_1/bd/design_1/synth/design_1.v
VHDL Output written to : D:/SoC-Design-Basics/TermProject/TermProject.srcs/sources_1/bd/design_1/sim/design_1.v
VHDL Output written to : D:/SoC-Design-Basics/TermProject/TermProject.srcs/sources_1/bd/design_1/hdl/design_1_wrapper.v
INFO: [BD 41-1029] Generation completed for the IP Integrator block myDCMotor_0 .
INFO: [BD 41-1029] Generation completed for the IP Integrator block processing_system7_0 .
INFO: [BD 41-1029] Generation completed for the IP Integrator block myMAXSONAR_0 .
INFO: [BD 41-1029] Generation completed for the IP Integrator block ps7_0_axi_periph/xbar .
INFO: [BD 41-1029] Generation completed for the IP Integrator block rst_ps7_0_50M .
INFO: [BD 41-1029] Generation completed for the IP Integrator block myOLEDrgb_0 .
INFO: [BD 41-1029] Generation completed for the IP Integrator block myBuzzer_0 .
WARNING: [IP_Flow 19-4994] Overwriting existing constraint file 'd:/SoC-Design-Basics/TermProject/TermProject.srcs/sources_1/bd/design_1/ip/design_1_auto_pc_0/design_1_auto_pc_0_ooc.xdc'
INFO: [BD 41-1029] Generation completed for the IP Integrator block ps7_0_axi_periph/s00_couplers/auto_pc .
Exporting to file D:/SoC-Design-Basics/TermProject/TermProject.srcs/sources_1/bd/design_1/hw_handoff/design_1.hwh
Generated Block Design Tcl file D:/SoC-Design-Basics/TermProject/TermProject.srcs/sources_1/bd/design_1/hw_handoff/design_1_bd.tcl
Generated Hardware Definition File D:/SoC-Design-Basics/TermProject/TermProject.srcs/sources_1/bd/design_1/synth/design_1.hwdef
catch { config_ip_cache -export [get_ips -all design_1_myDCMotor_0_2] }
catch { config_ip_cache -export [get_ips -all design_1_auto_pc_0] }
INFO: [IP_Flow 19-4993] Using cached IP synthesis design for IP design_1_auto_pc_0, cache-ID = a63199ff8af91886; cache size = 11.549 MB.
export_ip_user_files -of_objects [get_files D:/SoC-Design-Basics/TermProject/TermProject.srcs/sources_1/bd/design_1/design_1.bd] -no_script -sync -force -quiet
create_ip_run [get_files -of_objects [get_fileset sources_1] D:/SoC-Design-Basics/TermProject/TermProject.srcs/sources_1/bd/design_1/design_1.bd]
launch_runs -jobs 16 design_1_myDCMotor_0_2_synth_1
[Sun Dec 15 08:26:22 2024] Launched design_1_myDCMotor_0_2_synth_1...
Run output will be captured here: D:/SoC-Design-Basics/TermProject/TermProject.runs/design_1_myDCMotor_0_2_synth_1/runme.log
export_simulation -of_objects [get_files D:/SoC-Design-Basics/TermProject/TermProject.srcs/sources_1/bd/design_1/design_1.bd] -directory D:/SoC-Design-Basics/TermProject/TermProject.ip_user_files/sim_scripts -ip_user_files_dir D:/SoC-Design-Basics/TermProject/TermProject.ip_user_files -ipstatic_source_dir D:/SoC-Design-Basics/TermProject/TermProject.ip_user_files/ipstatic -lib_map_path [list {modelsim=D:/SoC-Design-Basics/TermProject/TermProject.cache/compile_simlib/modelsim} {questa=D:/SoC-Design-Basics/TermProject/TermProject.cache/compile_simlib/questa} {riviera=D:/SoC-Design-Basics/TermProject/TermProject.cache/compile_simlib/riviera} {activehdl=D:/SoC-Design-Basics/TermProject/TermProject.cache/compile_simlib/activehdl}] -use_ip_compiled_libs -force -quiet
report_ip_status -name ip_status 
create_bd_port -dir O DC_PWM
ipx::edit_ip_in_project -upgrade true -name myDCMotor_v1_0_project -directory D:/SoC-Design-Basics/TermProject/TermProject.tmp/myDCMotor_v1_0_project d:/SoC-Design-Basics/ip_repo/myDCMotor_1.0/component.xml
INFO: [IP_Flow 19-234] Refreshing IP repositories
INFO: [IP_Flow 19-1704] No user IP repositories specified
INFO: [IP_Flow 19-2313] Loaded Vivado IP repository 'C:/Xilinx/Vivado/2019.1/data/ip'.
INFO: [IP_Flow 19-234] Refreshing IP repositories
INFO: [IP_Flow 19-1700] Loaded user IP repository 'd:/SoC-Design-Basics/ip_repo'.
WARNING: [IP_Flow 19-1663] Duplicate IP found for 'xilinx.com:user:mySimpleIO:1.0'. The one found in IP location 'd:/SoC-Design-Basics/ip_repo/mySimpleIO_1.0' will take precedence over the same IP in location d:/SoC-Design-Basics/ip_repo/myLED_1.0
INFO: [IP_Flow 19-795] Syncing license key meta-data
WARNING: [filemgmt 56-99] Vivado Synthesis ignores library specification for Verilog or SystemVerilog files. [d:/SoC-Design-Basics/ip_repo/myDCMotor_1.0/hdl/PWM.v:]
WARNING: [filemgmt 56-99] Vivado Synthesis ignores library specification for Verilog or SystemVerilog files. [d:/SoC-Design-Basics/ip_repo/myDCMotor_1.0/hdl/clock_divider.v:]
WARNING: [filemgmt 56-99] Vivado Synthesis ignores library specification for Verilog or SystemVerilog files. [d:/SoC-Design-Basics/ip_repo/myDCMotor_1.0/hdl/myDCMotor_v1_0_S00_AXI.v:]
WARNING: [filemgmt 56-99] Vivado Synthesis ignores library specification for Verilog or SystemVerilog files. [d:/SoC-Design-Basics/ip_repo/myDCMotor_1.0/hdl/pwm_controller.v:]
WARNING: [filemgmt 56-99] Vivado Synthesis ignores library specification for Verilog or SystemVerilog files. [d:/SoC-Design-Basics/ip_repo/myDCMotor_1.0/hdl/myDCMotor_v1_0.v:]
WARNING: [filemgmt 56-99] Vivado Synthesis ignores library specification for Verilog or SystemVerilog files. [d:/SoC-Design-Basics/ip_repo/myDCMotor_1.0/hdl/tb_pwm_controller.v:]
update_compile_order -fileset sources_1
ipx::merge_project_changes hdl_parameters [ipx::current_core]
WARNING: [IP_Flow 19-5226] Project source file 'd:/SoC-Design-Basics/ip_repo/myDCMotor_1.0/component.xml' ignored by IP packager.
INFO: [IP_Flow 19-3166] Bus Interface 'S00_AXI': References existing memory map 'S00_AXI'.
ipx::update_checksums [ipx::current_core]
ipx::save_core [ipx::current_core]
set_property core_revision 17 [ipx::current_core]
ipx::update_source_project_archive -component [ipx::current_core]
ipx::create_xgui_files [ipx::current_core]
ipx::update_checksums [ipx::current_core]
ipx::save_core [ipx::current_core]
ipx::move_temp_component_back -component [ipx::current_core]
close_project -delete
update_ip_catalog -rebuild -repo_path d:/SoC-Design-Basics/ip_repo
INFO: [IP_Flow 19-725] Reloaded user IP repository 'd:/SoC-Design-Basics/ip_repo'
WARNING: [IP_Flow 19-1663] Duplicate IP found for 'xilinx.com:user:mySimpleIO:1.0'. The one found in IP location 'd:/SoC-Design-Basics/ip_repo/mySimpleIO_1.0' will take precedence over the same IP in location d:/SoC-Design-Basics/ip_repo/myLED_1.0
report_ip_status -name ip_status 
upgrade_ip -vlnv xilinx.com:user:myDCMotor:1.0 [get_ips  design_1_myDCMotor_0_2] -log ip_upgrade.log
Upgrading 'D:/SoC-Design-Basics/TermProject/TermProject.srcs/sources_1/bd/design_1/design_1.bd'
INFO: [IP_Flow 19-3422] Upgraded design_1_myDCMotor_0_2 (myDCMotor_v1.0 1.0) from revision 16 to revision 17
Wrote  : <D:\SoC-Design-Basics\TermProject\TermProject.srcs\sources_1\bd\design_1\design_1.bd> 
Wrote  : <D:/SoC-Design-Basics/TermProject/TermProject.srcs/sources_1/bd/design_1/ui/bd_1f5defd0.ui> 
INFO: [Coretcl 2-1525] Wrote upgrade log to 'D:/SoC-Design-Basics/TermProject/ip_upgrade.log'.
export_ip_user_files -of_objects [get_ips design_1_myDCMotor_0_2] -no_script -sync -force -quiet
generate_target all [get_files  D:/SoC-Design-Basics/TermProject/TermProject.srcs/sources_1/bd/design_1/design_1.bd]
Wrote  : <D:\SoC-Design-Basics\TermProject\TermProject.srcs\sources_1\bd\design_1\design_1.bd> 
VHDL Output written to : D:/SoC-Design-Basics/TermProject/TermProject.srcs/sources_1/bd/design_1/synth/design_1.v
VHDL Output written to : D:/SoC-Design-Basics/TermProject/TermProject.srcs/sources_1/bd/design_1/sim/design_1.v
VHDL Output written to : D:/SoC-Design-Basics/TermProject/TermProject.srcs/sources_1/bd/design_1/hdl/design_1_wrapper.v
INFO: [BD 41-1029] Generation completed for the IP Integrator block myDCMotor_0 .
INFO: [BD 41-1029] Generation completed for the IP Integrator block processing_system7_0 .
INFO: [BD 41-1029] Generation completed for the IP Integrator block myMAXSONAR_0 .
INFO: [BD 41-1029] Generation completed for the IP Integrator block ps7_0_axi_periph/xbar .
INFO: [BD 41-1029] Generation completed for the IP Integrator block rst_ps7_0_50M .
INFO: [BD 41-1029] Generation completed for the IP Integrator block myOLEDrgb_0 .
INFO: [BD 41-1029] Generation completed for the IP Integrator block myBuzzer_0 .
WARNING: [IP_Flow 19-4994] Overwriting existing constraint file 'd:/SoC-Design-Basics/TermProject/TermProject.srcs/sources_1/bd/design_1/ip/design_1_auto_pc_0/design_1_auto_pc_0_ooc.xdc'
INFO: [BD 41-1029] Generation completed for the IP Integrator block ps7_0_axi_periph/s00_couplers/auto_pc .
Exporting to file D:/SoC-Design-Basics/TermProject/TermProject.srcs/sources_1/bd/design_1/hw_handoff/design_1.hwh
Generated Block Design Tcl file D:/SoC-Design-Basics/TermProject/TermProject.srcs/sources_1/bd/design_1/hw_handoff/design_1_bd.tcl
Generated Hardware Definition File D:/SoC-Design-Basics/TermProject/TermProject.srcs/sources_1/bd/design_1/synth/design_1.hwdef
catch { config_ip_cache -export [get_ips -all design_1_myDCMotor_0_2] }
catch { config_ip_cache -export [get_ips -all design_1_auto_pc_0] }
INFO: [IP_Flow 19-4993] Using cached IP synthesis design for IP design_1_auto_pc_0, cache-ID = a63199ff8af91886; cache size = 11.867 MB.
export_ip_user_files -of_objects [get_files D:/SoC-Design-Basics/TermProject/TermProject.srcs/sources_1/bd/design_1/design_1.bd] -no_script -sync -force -quiet
create_ip_run [get_files -of_objects [get_fileset sources_1] D:/SoC-Design-Basics/TermProject/TermProject.srcs/sources_1/bd/design_1/design_1.bd]
launch_runs -jobs 16 design_1_myDCMotor_0_2_synth_1
[Sun Dec 15 08:27:30 2024] Launched design_1_myDCMotor_0_2_synth_1...
Run output will be captured here: D:/SoC-Design-Basics/TermProject/TermProject.runs/design_1_myDCMotor_0_2_synth_1/runme.log
export_simulation -of_objects [get_files D:/SoC-Design-Basics/TermProject/TermProject.srcs/sources_1/bd/design_1/design_1.bd] -directory D:/SoC-Design-Basics/TermProject/TermProject.ip_user_files/sim_scripts -ip_user_files_dir D:/SoC-Design-Basics/TermProject/TermProject.ip_user_files -ipstatic_source_dir D:/SoC-Design-Basics/TermProject/TermProject.ip_user_files/ipstatic -lib_map_path [list {modelsim=D:/SoC-Design-Basics/TermProject/TermProject.cache/compile_simlib/modelsim} {questa=D:/SoC-Design-Basics/TermProject/TermProject.cache/compile_simlib/questa} {riviera=D:/SoC-Design-Basics/TermProject/TermProject.cache/compile_simlib/riviera} {activehdl=D:/SoC-Design-Basics/TermProject/TermProject.cache/compile_simlib/activehdl}] -use_ip_compiled_libs -force -quiet
report_ip_status -name ip_status 
regenerate_bd_layout
connect_bd_net [get_bd_ports DC_PWM] [get_bd_pins myDCMotor_0/PWM]
regenerate_bd_layout
validate_bd_design
delete_bd_objs [get_bd_nets myDCMotor_0_PWM] [get_bd_ports DC_PWM]
delete_bd_objs [get_bd_intf_nets ps7_0_axi_periph_M02_AXI] [get_bd_cells myDCMotor_0]
startgroup
create_bd_cell -type ip -vlnv xilinx.com:user:myDCMotor:1.0 myDCMotor_0
endgroup
ipx::edit_ip_in_project -upgrade true -name myDCMotor_v1_0_project -directory D:/SoC-Design-Basics/TermProject/TermProject.tmp/myDCMotor_v1_0_project d:/SoC-Design-Basics/ip_repo/myDCMotor_1.0/component.xml
INFO: [IP_Flow 19-234] Refreshing IP repositories
INFO: [IP_Flow 19-1704] No user IP repositories specified
INFO: [IP_Flow 19-2313] Loaded Vivado IP repository 'C:/Xilinx/Vivado/2019.1/data/ip'.
INFO: [IP_Flow 19-234] Refreshing IP repositories
INFO: [IP_Flow 19-1700] Loaded user IP repository 'd:/SoC-Design-Basics/ip_repo'.
WARNING: [IP_Flow 19-1663] Duplicate IP found for 'xilinx.com:user:mySimpleIO:1.0'. The one found in IP location 'd:/SoC-Design-Basics/ip_repo/mySimpleIO_1.0' will take precedence over the same IP in location d:/SoC-Design-Basics/ip_repo/myLED_1.0
INFO: [IP_Flow 19-795] Syncing license key meta-data
WARNING: [filemgmt 56-99] Vivado Synthesis ignores library specification for Verilog or SystemVerilog files. [d:/SoC-Design-Basics/ip_repo/myDCMotor_1.0/hdl/PWM.v:]
WARNING: [filemgmt 56-99] Vivado Synthesis ignores library specification for Verilog or SystemVerilog files. [d:/SoC-Design-Basics/ip_repo/myDCMotor_1.0/hdl/clock_divider.v:]
WARNING: [filemgmt 56-99] Vivado Synthesis ignores library specification for Verilog or SystemVerilog files. [d:/SoC-Design-Basics/ip_repo/myDCMotor_1.0/hdl/myDCMotor_v1_0_S00_AXI.v:]
WARNING: [filemgmt 56-99] Vivado Synthesis ignores library specification for Verilog or SystemVerilog files. [d:/SoC-Design-Basics/ip_repo/myDCMotor_1.0/hdl/pwm_controller.v:]
WARNING: [filemgmt 56-99] Vivado Synthesis ignores library specification for Verilog or SystemVerilog files. [d:/SoC-Design-Basics/ip_repo/myDCMotor_1.0/hdl/myDCMotor_v1_0.v:]
WARNING: [filemgmt 56-99] Vivado Synthesis ignores library specification for Verilog or SystemVerilog files. [d:/SoC-Design-Basics/ip_repo/myDCMotor_1.0/hdl/tb_pwm_controller.v:]
update_compile_order -fileset sources_1
ipx::merge_project_changes hdl_parameters [ipx::current_core]
WARNING: [IP_Flow 19-5226] Project source file 'd:/SoC-Design-Basics/ip_repo/myDCMotor_1.0/component.xml' ignored by IP packager.
INFO: [IP_Flow 19-3166] Bus Interface 'S00_AXI': References existing memory map 'S00_AXI'.
ipx::update_checksums [ipx::current_core]
ipx::save_core [ipx::current_core]
set_property core_revision 18 [ipx::current_core]
ipx::update_source_project_archive -component [ipx::current_core]
ipx::create_xgui_files [ipx::current_core]
ipx::update_checksums [ipx::current_core]
ipx::save_core [ipx::current_core]
ipx::move_temp_component_back -component [ipx::current_core]
close_project -delete
update_ip_catalog -rebuild -repo_path d:/SoC-Design-Basics/ip_repo
INFO: [IP_Flow 19-725] Reloaded user IP repository 'd:/SoC-Design-Basics/ip_repo'
WARNING: [IP_Flow 19-1663] Duplicate IP found for 'xilinx.com:user:mySimpleIO:1.0'. The one found in IP location 'd:/SoC-Design-Basics/ip_repo/mySimpleIO_1.0' will take precedence over the same IP in location d:/SoC-Design-Basics/ip_repo/myLED_1.0
report_ip_status -name ip_status 
upgrade_ip [get_ips  design_1_myDCMotor_0_3] -log ip_upgrade.log
Upgrading 'D:/SoC-Design-Basics/TermProject/TermProject.srcs/sources_1/bd/design_1/design_1.bd'
INFO: [IP_Flow 19-3422] Upgraded design_1_myDCMotor_0_3 (myDCMotor_v1.0 1.0) from revision 17 to revision 18
WARNING: [IP_Flow 19-4700] Upgrade has removed port 'PWM'
WARNING: [IP_Flow 19-4698] Upgrade has added port 'oPWM'
WARNING: [IP_Flow 19-3298] Detected external port differences while upgrading 'design_1_myDCMotor_0_3'. These changes may impact your design.
CRITICAL WARNING: [Coretcl 2-1279] The upgrade of 'design_1_myDCMotor_0_3' has identified issues that may require user intervention. Please review the upgrade log 'd:/SoC-Design-Basics/TermProject/ip_upgrade.log', and verify that the upgraded IP is correctly configured.
Wrote  : <D:\SoC-Design-Basics\TermProject\TermProject.srcs\sources_1\bd\design_1\design_1.bd> 
Wrote  : <D:/SoC-Design-Basics/TermProject/TermProject.srcs/sources_1/bd/design_1/ui/bd_1f5defd0.ui> 
INFO: [Coretcl 2-1525] Wrote upgrade log to 'D:/SoC-Design-Basics/TermProject/ip_upgrade.log'.
export_ip_user_files -of_objects [get_ips design_1_myDCMotor_0_3] -no_script -sync -force -quiet
generate_target all [get_files  D:/SoC-Design-Basics/TermProject/TermProject.srcs/sources_1/bd/design_1/design_1.bd]
ERROR: [BD 41-758] The following clock pins are not connected to a valid clock source: 
/myDCMotor_0/s00_axi_aclk

ERROR: [BD 41-1031] Hdl Generation failed for the IP Integrator design D:/SoC-Design-Basics/TermProject/TermProject.srcs/sources_1/bd/design_1/design_1.bd 
ERROR: [Common 17-39] 'generate_target' failed due to earlier errors.
set_property location {1.5 213 -157} [get_bd_cells myDCMotor_0]
apply_bd_automation -rule xilinx.com:bd_rule:axi4 -config { Clk_master {/processing_system7_0/FCLK_CLK0 (50 MHz)} Clk_slave {Auto} Clk_xbar {/processing_system7_0/FCLK_CLK0 (50 MHz)} Master {/processing_system7_0/M_AXI_GP0} Slave {/myDCMotor_0/S00_AXI} intc_ip {/ps7_0_axi_periph} master_apm {0}}  [get_bd_intf_pins myDCMotor_0/S00_AXI]
Slave segment </myDCMotor_0/S00_AXI/S00_AXI_reg> is being mapped into address space </processing_system7_0/Data> at <0x43C2_0000 [ 64K ]>
regenerate_bd_layout
report_ip_status -name ip_status 
create_bd_port -dir O oPWM
connect_bd_net [get_bd_ports oPWM] [get_bd_pins myDCMotor_0/oPWM]
connect_bd_net [get_bd_pins myMAXSONAR_0/RX] [get_bd_pins myDCMotor_0/distance]
delete_bd_objs [get_bd_nets myMAXSONAR_0_RX]
connect_bd_net [get_bd_ports RX] [get_bd_pins myMAXSONAR_0/RX]
connect_bd_net [get_bd_pins myMAXSONAR_0/distance] [get_bd_pins myBuzzer_0/distance]
connect_bd_net [get_bd_pins myMAXSONAR_0/distance] [get_bd_pins myDCMotor_0/distance]
regenerate_bd_layout
validate_bd_design
report_ip_status -name ip_status 
save_bd_design
Wrote  : <D:\SoC-Design-Basics\TermProject\TermProject.srcs\sources_1\bd\design_1\design_1.bd> 
Wrote  : <D:/SoC-Design-Basics/TermProject/TermProject.srcs/sources_1/bd/design_1/ui/bd_1f5defd0.ui> 
reset_run synth_1
launch_runs impl_1 -to_step write_bitstream -jobs 16
INFO: [BD 41-1662] The design 'design_1.bd' is already validated. Therefore parameter propagation will not be re-run.
VHDL Output written to : D:/SoC-Design-Basics/TermProject/TermProject.srcs/sources_1/bd/design_1/synth/design_1.v
VHDL Output written to : D:/SoC-Design-Basics/TermProject/TermProject.srcs/sources_1/bd/design_1/sim/design_1.v
VHDL Output written to : D:/SoC-Design-Basics/TermProject/TermProject.srcs/sources_1/bd/design_1/hdl/design_1_wrapper.v
INFO: [BD 41-1029] Generation completed for the IP Integrator block processing_system7_0 .
INFO: [BD 41-1029] Generation completed for the IP Integrator block myMAXSONAR_0 .
INFO: [BD 41-1029] Generation completed for the IP Integrator block ps7_0_axi_periph/xbar .
INFO: [BD 41-1029] Generation completed for the IP Integrator block rst_ps7_0_50M .
INFO: [BD 41-1029] Generation completed for the IP Integrator block myOLEDrgb_0 .
INFO: [BD 41-1029] Generation completed for the IP Integrator block myBuzzer_0 .
INFO: [BD 41-1029] Generation completed for the IP Integrator block myDCMotor_0 .
WARNING: [IP_Flow 19-4994] Overwriting existing constraint file 'd:/SoC-Design-Basics/TermProject/TermProject.srcs/sources_1/bd/design_1/ip/design_1_auto_pc_0/design_1_auto_pc_0_ooc.xdc'
INFO: [BD 41-1029] Generation completed for the IP Integrator block ps7_0_axi_periph/s00_couplers/auto_pc .
Exporting to file D:/SoC-Design-Basics/TermProject/TermProject.srcs/sources_1/bd/design_1/hw_handoff/design_1.hwh
Generated Block Design Tcl file D:/SoC-Design-Basics/TermProject/TermProject.srcs/sources_1/bd/design_1/hw_handoff/design_1_bd.tcl
Generated Hardware Definition File D:/SoC-Design-Basics/TermProject/TermProject.srcs/sources_1/bd/design_1/synth/design_1.hwdef
INFO: [IP_Flow 19-4993] Using cached IP synthesis design for IP design_1_auto_pc_0, cache-ID = a63199ff8af91886; cache size = 12.185 MB.
[Sun Dec 15 08:30:31 2024] Launched design_1_myDCMotor_0_3_synth_1, synth_1...
Run output will be captured here:
design_1_myDCMotor_0_3_synth_1: D:/SoC-Design-Basics/TermProject/TermProject.runs/design_1_myDCMotor_0_3_synth_1/runme.log
synth_1: D:/SoC-Design-Basics/TermProject/TermProject.runs/synth_1/runme.log
[Sun Dec 15 08:30:31 2024] Launched impl_1...
Run output will be captured here: D:/SoC-Design-Basics/TermProject/TermProject.runs/impl_1/runme.log
launch_runs: Time (s): cpu = 00:00:02 ; elapsed = 00:00:06 . Memory (MB): peak = 1918.434 ; gain = 30.223
report_ip_status -name ip_status 
file copy -force D:/SoC-Design-Basics/TermProject/TermProject.runs/impl_1/design_1_wrapper.sysdef D:/SoC-Design-Basics/TermProject/TermProject.sdk/design_1_wrapper.hdf

file copy -force D:/SoC-Design-Basics/TermProject/TermProject.runs/impl_1/design_1_wrapper.sysdef D:/SoC-Design-Basics/TermProject/TermProject.sdk/design_1_wrapper.hdf

file copy -force D:/SoC-Design-Basics/TermProject/TermProject.runs/impl_1/design_1_wrapper.sysdef D:/SoC-Design-Basics/TermProject/TermProject.sdk/design_1_wrapper.hdf

file mkdir D:/SoC-Design-Basics/TermProject/TermProject.sdk
file copy -force D:/SoC-Design-Basics/TermProject/TermProject.runs/impl_1/design_1_wrapper.sysdef D:/SoC-Design-Basics/TermProject/TermProject.sdk/design_1_wrapper.hdf

launch_sdk -workspace D:/SoC-Design-Basics/TermProject/TermProject.sdk -hwspec D:/SoC-Design-Basics/TermProject/TermProject.sdk/design_1_wrapper.hdf
INFO: [Vivado 12-393] Launching SDK...
INFO: [Vivado 12-417] Running xsdk -workspace D:/SoC-Design-Basics/TermProject/TermProject.sdk -hwspec D:/SoC-Design-Basics/TermProject/TermProject.sdk/design_1_wrapper.hdf
INFO: [Vivado 12-3157] SDK launch initiated. Please check console for any further messages.
exit
INFO: [Common 17-206] Exiting Vivado at Sun Dec 15 08:42:07 2024...
