
*** Running vivado
    with args -log design_1_OLEDrgb_0_1.vds -m64 -product Vivado -mode batch -messageDb vivado.pb -notrace -source design_1_OLEDrgb_0_1.tcl


****** Vivado v2019.1 (64-bit)
  **** SW Build 2552052 on Fri May 24 14:49:42 MDT 2019
  **** IP Build 2548770 on Fri May 24 18:01:18 MDT 2019
    ** Copyright 1986-2019 Xilinx, Inc. All Rights Reserved.

source design_1_OLEDrgb_0_1.tcl -notrace
INFO: [IP_Flow 19-234] Refreshing IP repositories
INFO: [IP_Flow 19-1700] Loaded user IP repository 'f:/01_SoC/ip_repo/OLEDrgb_1.0'.
WARNING: [IP_Flow 19-2207] Repository 'f:/01_SoC/ip_repo/OLEDrgb_1.0' already exists; ignoring attempt to add it again.
INFO: [IP_Flow 19-1700] Loaded user IP repository 'f:/01_SoC/ip_repo/OLEDrgb_1.0'.
INFO: [IP_Flow 19-2313] Loaded Vivado IP repository 'C:/Xilinx/Vivado/2019.1/data/ip'.
Command: synth_design -top design_1_OLEDrgb_0_1 -part xc7z020clg400-1 -mode out_of_context
Starting synth_design
Attempting to get a license for feature 'Synthesis' and/or device 'xc7z020'
INFO: [Common 17-349] Got license for feature 'Synthesis' and/or device 'xc7z020'
INFO: [Device 21-403] Loading part xc7z020clg400-1
INFO: Launching helper process for spawning children vivado processes
INFO: Helper process launched with PID 7572 
---------------------------------------------------------------------------------
Starting RTL Elaboration : Time (s): cpu = 00:00:02 ; elapsed = 00:00:02 . Memory (MB): peak = 740.344 ; gain = 177.691
---------------------------------------------------------------------------------
INFO: [Synth 8-6157] synthesizing module 'design_1_OLEDrgb_0_1' [f:/01_SoC/myOLEDrgb_SW/myOLEDrgb_SW.srcs/sources_1/bd/design_1/ip/design_1_OLEDrgb_0_1/synth/design_1_OLEDrgb_0_1.v:57]
INFO: [Synth 8-6157] synthesizing module 'OLEDrgb_v1_0' [f:/01_SoC/myOLEDrgb_SW/myOLEDrgb_SW.srcs/sources_1/bd/design_1/ipshared/36fc/hdl/OLEDrgb_v1_0.v:4]
	Parameter C_S00_AXI_DATA_WIDTH bound to: 32 - type: integer 
	Parameter C_S00_AXI_ADDR_WIDTH bound to: 6 - type: integer 
INFO: [Synth 8-6157] synthesizing module 'OLEDrgb_v1_0_S00_AXI' [f:/01_SoC/myOLEDrgb_SW/myOLEDrgb_SW.srcs/sources_1/bd/design_1/ipshared/36fc/hdl/OLEDrgb_v1_0_S00_AXI.v:4]
	Parameter C_S_AXI_DATA_WIDTH bound to: 32 - type: integer 
	Parameter C_S_AXI_ADDR_WIDTH bound to: 6 - type: integer 
	Parameter ADDR_LSB bound to: 2 - type: integer 
	Parameter OPT_MEM_ADDR_BITS bound to: 3 - type: integer 
INFO: [Synth 8-226] default block is never used [f:/01_SoC/myOLEDrgb_SW/myOLEDrgb_SW.srcs/sources_1/bd/design_1/ipshared/36fc/hdl/OLEDrgb_v1_0_S00_AXI.v:271]
INFO: [Synth 8-226] default block is never used [f:/01_SoC/myOLEDrgb_SW/myOLEDrgb_SW.srcs/sources_1/bd/design_1/ipshared/36fc/hdl/OLEDrgb_v1_0_S00_AXI.v:507]
WARNING: [Synth 8-6014] Unused sequential element slv_reg6_reg was removed.  [f:/01_SoC/myOLEDrgb_SW/myOLEDrgb_SW.srcs/sources_1/bd/design_1/ipshared/36fc/hdl/OLEDrgb_v1_0_S00_AXI.v:257]
WARNING: [Synth 8-6014] Unused sequential element slv_reg7_reg was removed.  [f:/01_SoC/myOLEDrgb_SW/myOLEDrgb_SW.srcs/sources_1/bd/design_1/ipshared/36fc/hdl/OLEDrgb_v1_0_S00_AXI.v:258]
WARNING: [Synth 8-6014] Unused sequential element slv_reg8_reg was removed.  [f:/01_SoC/myOLEDrgb_SW/myOLEDrgb_SW.srcs/sources_1/bd/design_1/ipshared/36fc/hdl/OLEDrgb_v1_0_S00_AXI.v:259]
WARNING: [Synth 8-6014] Unused sequential element slv_reg9_reg was removed.  [f:/01_SoC/myOLEDrgb_SW/myOLEDrgb_SW.srcs/sources_1/bd/design_1/ipshared/36fc/hdl/OLEDrgb_v1_0_S00_AXI.v:260]
WARNING: [Synth 8-6014] Unused sequential element slv_reg10_reg was removed.  [f:/01_SoC/myOLEDrgb_SW/myOLEDrgb_SW.srcs/sources_1/bd/design_1/ipshared/36fc/hdl/OLEDrgb_v1_0_S00_AXI.v:261]
WARNING: [Synth 8-6014] Unused sequential element slv_reg11_reg was removed.  [f:/01_SoC/myOLEDrgb_SW/myOLEDrgb_SW.srcs/sources_1/bd/design_1/ipshared/36fc/hdl/OLEDrgb_v1_0_S00_AXI.v:262]
WARNING: [Synth 8-6014] Unused sequential element slv_reg12_reg was removed.  [f:/01_SoC/myOLEDrgb_SW/myOLEDrgb_SW.srcs/sources_1/bd/design_1/ipshared/36fc/hdl/OLEDrgb_v1_0_S00_AXI.v:263]
INFO: [Synth 8-6155] done synthesizing module 'OLEDrgb_v1_0_S00_AXI' (1#1) [f:/01_SoC/myOLEDrgb_SW/myOLEDrgb_SW.srcs/sources_1/bd/design_1/ipshared/36fc/hdl/OLEDrgb_v1_0_S00_AXI.v:4]
INFO: [Synth 8-6157] synthesizing module 'spi_master' [f:/01_SoC/myOLEDrgb_SW/myOLEDrgb_SW.srcs/sources_1/bd/design_1/ipshared/36fc/hdl/spi_master.v:24]
	Parameter DATA_WIDTH bound to: 8 - type: integer 
	Parameter IDLE bound to: 2'b00 
	Parameter TRANSFER bound to: 2'b01 
	Parameter DONE bound to: 2'b10 
INFO: [Synth 8-155] case statement is not full and has no default [f:/01_SoC/myOLEDrgb_SW/myOLEDrgb_SW.srcs/sources_1/bd/design_1/ipshared/36fc/hdl/spi_master.v:93]
INFO: [Synth 8-6155] done synthesizing module 'spi_master' (2#1) [f:/01_SoC/myOLEDrgb_SW/myOLEDrgb_SW.srcs/sources_1/bd/design_1/ipshared/36fc/hdl/spi_master.v:24]
INFO: [Synth 8-6155] done synthesizing module 'OLEDrgb_v1_0' (3#1) [f:/01_SoC/myOLEDrgb_SW/myOLEDrgb_SW.srcs/sources_1/bd/design_1/ipshared/36fc/hdl/OLEDrgb_v1_0.v:4]
INFO: [Synth 8-6155] done synthesizing module 'design_1_OLEDrgb_0_1' (4#1) [f:/01_SoC/myOLEDrgb_SW/myOLEDrgb_SW.srcs/sources_1/bd/design_1/ip/design_1_OLEDrgb_0_1/synth/design_1_OLEDrgb_0_1.v:57]
WARNING: [Synth 8-3331] design OLEDrgb_v1_0_S00_AXI has unconnected port S_AXI_AWPROT[2]
WARNING: [Synth 8-3331] design OLEDrgb_v1_0_S00_AXI has unconnected port S_AXI_AWPROT[1]
WARNING: [Synth 8-3331] design OLEDrgb_v1_0_S00_AXI has unconnected port S_AXI_AWPROT[0]
WARNING: [Synth 8-3331] design OLEDrgb_v1_0_S00_AXI has unconnected port S_AXI_ARPROT[2]
WARNING: [Synth 8-3331] design OLEDrgb_v1_0_S00_AXI has unconnected port S_AXI_ARPROT[1]
WARNING: [Synth 8-3331] design OLEDrgb_v1_0_S00_AXI has unconnected port S_AXI_ARPROT[0]
---------------------------------------------------------------------------------
Finished RTL Elaboration : Time (s): cpu = 00:00:03 ; elapsed = 00:00:03 . Memory (MB): peak = 806.488 ; gain = 243.836
---------------------------------------------------------------------------------

Report Check Netlist: 
+------+------------------+-------+---------+-------+------------------+
|      |Item              |Errors |Warnings |Status |Description       |
+------+------------------+-------+---------+-------+------------------+
|1     |multi_driven_nets |      0|        0|Passed |Multi driven nets |
+------+------------------+-------+---------+-------+------------------+
---------------------------------------------------------------------------------
Start Handling Custom Attributes
---------------------------------------------------------------------------------
---------------------------------------------------------------------------------
Finished Handling Custom Attributes : Time (s): cpu = 00:00:03 ; elapsed = 00:00:03 . Memory (MB): peak = 806.488 ; gain = 243.836
---------------------------------------------------------------------------------
---------------------------------------------------------------------------------
Finished RTL Optimization Phase 1 : Time (s): cpu = 00:00:03 ; elapsed = 00:00:03 . Memory (MB): peak = 806.488 ; gain = 243.836
---------------------------------------------------------------------------------
INFO: [Project 1-570] Preparing netlist for logic optimization

Processing XDC Constraints
Initializing timing engine
Completed Processing XDC Constraints

Netlist sorting complete. Time (s): cpu = 00:00:00 ; elapsed = 00:00:00.001 . Memory (MB): peak = 904.547 ; gain = 0.000
INFO: [Project 1-111] Unisim Transformation Summary:
No Unisim elements were transformed.

WARNING: [Constraints 18-5210] No constraints selected for write.
Resolution: This message can indicate that there are no constraints for the design, or it can indicate that the used_in flags are set such that the constraints are ignored. This later case is used when running synth_design to not write synthesis constraints to the resulting checkpoint. Instead, project constraints are read when the synthesized design is opened.
Constraint Validation Runtime : Time (s): cpu = 00:00:00 ; elapsed = 00:00:00.054 . Memory (MB): peak = 907.625 ; gain = 3.078
---------------------------------------------------------------------------------
Finished Constraint Validation : Time (s): cpu = 00:00:06 ; elapsed = 00:00:07 . Memory (MB): peak = 907.625 ; gain = 344.973
---------------------------------------------------------------------------------
---------------------------------------------------------------------------------
Start Loading Part and Timing Information
---------------------------------------------------------------------------------
Loading part: xc7z020clg400-1
---------------------------------------------------------------------------------
Finished Loading Part and Timing Information : Time (s): cpu = 00:00:06 ; elapsed = 00:00:07 . Memory (MB): peak = 907.625 ; gain = 344.973
---------------------------------------------------------------------------------
---------------------------------------------------------------------------------
Start Applying 'set_property' XDC Constraints
---------------------------------------------------------------------------------
---------------------------------------------------------------------------------
Finished applying 'set_property' XDC Constraints : Time (s): cpu = 00:00:06 ; elapsed = 00:00:07 . Memory (MB): peak = 907.625 ; gain = 344.973
---------------------------------------------------------------------------------
INFO: [Synth 8-802] inferred FSM for state register 'state_reg' in module 'spi_master'
---------------------------------------------------------------------------------------------------
                   State |                     New Encoding |                Previous Encoding 
---------------------------------------------------------------------------------------------------
                    IDLE |                               00 |                               00
                TRANSFER |                               01 |                               01
                    DONE |                               10 |                               10
                  iSTATE |                               11 |                               11
---------------------------------------------------------------------------------------------------
INFO: [Synth 8-3354] encoded FSM with state register 'state_reg' using encoding 'sequential' in module 'spi_master'
---------------------------------------------------------------------------------
Finished RTL Optimization Phase 2 : Time (s): cpu = 00:00:06 ; elapsed = 00:00:07 . Memory (MB): peak = 907.625 ; gain = 344.973
---------------------------------------------------------------------------------

Report RTL Partitions: 
+-+--------------+------------+----------+
| |RTL Partition |Replication |Instances |
+-+--------------+------------+----------+
+-+--------------+------------+----------+
---------------------------------------------------------------------------------
Start RTL Component Statistics 
---------------------------------------------------------------------------------
Detailed RTL Component Info : 
+---Adders : 
	   2 Input      4 Bit       Adders := 2     
+---Registers : 
	               32 Bit    Registers := 10    
	                8 Bit    Registers := 1     
	                6 Bit    Registers := 2     
	                4 Bit    Registers := 2     
	                2 Bit    Registers := 2     
	                1 Bit    Registers := 10    
+---Muxes : 
	   2 Input     32 Bit        Muxes := 9     
	  16 Input     32 Bit        Muxes := 9     
	   4 Input      8 Bit        Muxes := 1     
	   2 Input      4 Bit        Muxes := 1     
	   4 Input      4 Bit        Muxes := 1     
	   3 Input      2 Bit        Muxes := 1     
	   2 Input      2 Bit        Muxes := 1     
	   2 Input      1 Bit        Muxes := 10    
	   4 Input      1 Bit        Muxes := 8     
---------------------------------------------------------------------------------
Finished RTL Component Statistics 
---------------------------------------------------------------------------------
---------------------------------------------------------------------------------
Start RTL Hierarchical Component Statistics 
---------------------------------------------------------------------------------
Hierarchical RTL Component report 
Module OLEDrgb_v1_0_S00_AXI 
Detailed RTL Component Info : 
+---Registers : 
	               32 Bit    Registers := 10    
	                6 Bit    Registers := 2     
	                2 Bit    Registers := 2     
	                1 Bit    Registers := 6     
+---Muxes : 
	   2 Input     32 Bit        Muxes := 9     
	  16 Input     32 Bit        Muxes := 9     
	   2 Input      1 Bit        Muxes := 5     
Module spi_master 
Detailed RTL Component Info : 
+---Adders : 
	   2 Input      4 Bit       Adders := 2     
+---Registers : 
	                8 Bit    Registers := 1     
	                4 Bit    Registers := 2     
	                1 Bit    Registers := 4     
+---Muxes : 
	   4 Input      8 Bit        Muxes := 1     
	   2 Input      4 Bit        Muxes := 1     
	   4 Input      4 Bit        Muxes := 1     
	   3 Input      2 Bit        Muxes := 1     
	   2 Input      2 Bit        Muxes := 1     
	   2 Input      1 Bit        Muxes := 5     
	   4 Input      1 Bit        Muxes := 8     
---------------------------------------------------------------------------------
Finished RTL Hierarchical Component Statistics
---------------------------------------------------------------------------------
---------------------------------------------------------------------------------
Start Part Resource Summary
---------------------------------------------------------------------------------
Part Resources:
DSPs: 220 (col length:60)
BRAMs: 280 (col length: RAMB18 60 RAMB36 30)
---------------------------------------------------------------------------------
Finished Part Resource Summary
---------------------------------------------------------------------------------
---------------------------------------------------------------------------------
Start Cross Boundary and Area Optimization
---------------------------------------------------------------------------------
Warning: Parallel synthesis criteria is not met 
INFO: [Synth 8-3917] design design_1_OLEDrgb_0_1 has port CS driven by constant 0
WARNING: [Synth 8-3331] design design_1_OLEDrgb_0_1 has unconnected port s00_axi_awprot[2]
WARNING: [Synth 8-3331] design design_1_OLEDrgb_0_1 has unconnected port s00_axi_awprot[1]
WARNING: [Synth 8-3331] design design_1_OLEDrgb_0_1 has unconnected port s00_axi_awprot[0]
WARNING: [Synth 8-3331] design design_1_OLEDrgb_0_1 has unconnected port s00_axi_arprot[2]
WARNING: [Synth 8-3331] design design_1_OLEDrgb_0_1 has unconnected port s00_axi_arprot[1]
WARNING: [Synth 8-3331] design design_1_OLEDrgb_0_1 has unconnected port s00_axi_arprot[0]
INFO: [Synth 8-3886] merging instance 'inst/OLEDrgb_v1_0_S00_AXI_inst/axi_rresp_reg[0]' (FDRE) to 'inst/OLEDrgb_v1_0_S00_AXI_inst/axi_rresp_reg[1]'
INFO: [Synth 8-3333] propagating constant 0 across sequential element (\inst/OLEDrgb_v1_0_S00_AXI_inst/axi_rresp_reg[1] )
INFO: [Synth 8-3886] merging instance 'inst/OLEDrgb_v1_0_S00_AXI_inst/axi_bresp_reg[0]' (FDRE) to 'inst/OLEDrgb_v1_0_S00_AXI_inst/axi_bresp_reg[1]'
INFO: [Synth 8-3333] propagating constant 0 across sequential element (\inst/OLEDrgb_v1_0_S00_AXI_inst/axi_bresp_reg[1] )
---------------------------------------------------------------------------------
Finished Cross Boundary and Area Optimization : Time (s): cpu = 00:00:07 ; elapsed = 00:00:08 . Memory (MB): peak = 907.625 ; gain = 344.973
---------------------------------------------------------------------------------

Report RTL Partitions: 
+-+--------------+------------+----------+
| |RTL Partition |Replication |Instances |
+-+--------------+------------+----------+
+-+--------------+------------+----------+
---------------------------------------------------------------------------------
Start Applying XDC Timing Constraints
---------------------------------------------------------------------------------
---------------------------------------------------------------------------------
Finished Applying XDC Timing Constraints : Time (s): cpu = 00:00:11 ; elapsed = 00:00:12 . Memory (MB): peak = 907.625 ; gain = 344.973
---------------------------------------------------------------------------------
---------------------------------------------------------------------------------
Start Timing Optimization
---------------------------------------------------------------------------------
---------------------------------------------------------------------------------
Finished Timing Optimization : Time (s): cpu = 00:00:11 ; elapsed = 00:00:12 . Memory (MB): peak = 907.625 ; gain = 344.973
---------------------------------------------------------------------------------

Report RTL Partitions: 
+-+--------------+------------+----------+
| |RTL Partition |Replication |Instances |
+-+--------------+------------+----------+
+-+--------------+------------+----------+
---------------------------------------------------------------------------------
Start Technology Mapping
---------------------------------------------------------------------------------
---------------------------------------------------------------------------------
Finished Technology Mapping : Time (s): cpu = 00:00:11 ; elapsed = 00:00:12 . Memory (MB): peak = 923.559 ; gain = 360.906
---------------------------------------------------------------------------------

Report RTL Partitions: 
+-+--------------+------------+----------+
| |RTL Partition |Replication |Instances |
+-+--------------+------------+----------+
+-+--------------+------------+----------+
---------------------------------------------------------------------------------
Start IO Insertion
---------------------------------------------------------------------------------
---------------------------------------------------------------------------------
Start Flattening Before IO Insertion
---------------------------------------------------------------------------------
---------------------------------------------------------------------------------
Finished Flattening Before IO Insertion
---------------------------------------------------------------------------------
---------------------------------------------------------------------------------
Start Final Netlist Cleanup
---------------------------------------------------------------------------------
---------------------------------------------------------------------------------
Finished Final Netlist Cleanup
---------------------------------------------------------------------------------
---------------------------------------------------------------------------------
Finished IO Insertion : Time (s): cpu = 00:00:12 ; elapsed = 00:00:13 . Memory (MB): peak = 928.383 ; gain = 365.730
---------------------------------------------------------------------------------

Report Check Netlist: 
+------+------------------+-------+---------+-------+------------------+
|      |Item              |Errors |Warnings |Status |Description       |
+------+------------------+-------+---------+-------+------------------+
|1     |multi_driven_nets |      0|        0|Passed |Multi driven nets |
+------+------------------+-------+---------+-------+------------------+
---------------------------------------------------------------------------------
Start Renaming Generated Instances
---------------------------------------------------------------------------------
---------------------------------------------------------------------------------
Finished Renaming Generated Instances : Time (s): cpu = 00:00:12 ; elapsed = 00:00:13 . Memory (MB): peak = 928.383 ; gain = 365.730
---------------------------------------------------------------------------------

Report RTL Partitions: 
+-+--------------+------------+----------+
| |RTL Partition |Replication |Instances |
+-+--------------+------------+----------+
+-+--------------+------------+----------+
---------------------------------------------------------------------------------
Start Rebuilding User Hierarchy
---------------------------------------------------------------------------------
---------------------------------------------------------------------------------
Finished Rebuilding User Hierarchy : Time (s): cpu = 00:00:12 ; elapsed = 00:00:13 . Memory (MB): peak = 928.383 ; gain = 365.730
---------------------------------------------------------------------------------
---------------------------------------------------------------------------------
Start Renaming Generated Ports
---------------------------------------------------------------------------------
---------------------------------------------------------------------------------
Finished Renaming Generated Ports : Time (s): cpu = 00:00:12 ; elapsed = 00:00:13 . Memory (MB): peak = 928.383 ; gain = 365.730
---------------------------------------------------------------------------------
---------------------------------------------------------------------------------
Start Handling Custom Attributes
---------------------------------------------------------------------------------
---------------------------------------------------------------------------------
Finished Handling Custom Attributes : Time (s): cpu = 00:00:12 ; elapsed = 00:00:13 . Memory (MB): peak = 928.383 ; gain = 365.730
---------------------------------------------------------------------------------
---------------------------------------------------------------------------------
Start Renaming Generated Nets
---------------------------------------------------------------------------------
---------------------------------------------------------------------------------
Finished Renaming Generated Nets : Time (s): cpu = 00:00:12 ; elapsed = 00:00:13 . Memory (MB): peak = 928.383 ; gain = 365.730
---------------------------------------------------------------------------------
---------------------------------------------------------------------------------
Start Writing Synthesis Report
---------------------------------------------------------------------------------

Report BlackBoxes: 
+-+--------------+----------+
| |BlackBox name |Instances |
+-+--------------+----------+
+-+--------------+----------+

Report Cell Usage: 
+------+------+------+
|      |Cell  |Count |
+------+------+------+
|1     |LUT1  |     2|
|2     |LUT2  |     7|
|3     |LUT3  |    12|
|4     |LUT4  |    10|
|5     |LUT5  |     8|
|6     |LUT6  |   135|
|7     |MUXF7 |    32|
|8     |FDCE  |    22|
|9     |FDRE  |   333|
|10    |FDSE  |     1|
+------+------+------+

Report Instance Areas: 
+------+------------------------------+---------------------+------+
|      |Instance                      |Module               |Cells |
+------+------------------------------+---------------------+------+
|1     |top                           |                     |   562|
|2     |  inst                        |OLEDrgb_v1_0         |   562|
|3     |    OLEDrgb_v1_0_S00_AXI_inst |OLEDrgb_v1_0_S00_AXI |   511|
|4     |    spi                       |spi_master           |    51|
+------+------------------------------+---------------------+------+
---------------------------------------------------------------------------------
Finished Writing Synthesis Report : Time (s): cpu = 00:00:12 ; elapsed = 00:00:13 . Memory (MB): peak = 928.383 ; gain = 365.730
---------------------------------------------------------------------------------
Synthesis finished with 0 errors, 0 critical warnings and 6 warnings.
Synthesis Optimization Runtime : Time (s): cpu = 00:00:09 ; elapsed = 00:00:12 . Memory (MB): peak = 928.383 ; gain = 264.594
Synthesis Optimization Complete : Time (s): cpu = 00:00:13 ; elapsed = 00:00:13 . Memory (MB): peak = 928.383 ; gain = 365.730
INFO: [Project 1-571] Translating synthesized netlist
INFO: [Netlist 29-17] Analyzing 32 Unisim elements for replacement
INFO: [Netlist 29-28] Unisim Transformation completed in 0 CPU seconds
INFO: [Project 1-570] Preparing netlist for logic optimization
INFO: [Opt 31-138] Pushed 0 inverter(s) to 0 load pin(s).
Netlist sorting complete. Time (s): cpu = 00:00:00 ; elapsed = 00:00:00 . Memory (MB): peak = 946.730 ; gain = 0.000
INFO: [Project 1-111] Unisim Transformation Summary:
No Unisim elements were transformed.

INFO: [Common 17-83] Releasing license: Synthesis
33 Infos, 21 Warnings, 0 Critical Warnings and 0 Errors encountered.
synth_design completed successfully
synth_design: Time (s): cpu = 00:00:16 ; elapsed = 00:00:18 . Memory (MB): peak = 946.730 ; gain = 655.457
Netlist sorting complete. Time (s): cpu = 00:00:00 ; elapsed = 00:00:00 . Memory (MB): peak = 946.730 ; gain = 0.000
WARNING: [Constraints 18-5210] No constraints selected for write.
Resolution: This message can indicate that there are no constraints for the design, or it can indicate that the used_in flags are set such that the constraints are ignored. This later case is used when running synth_design to not write synthesis constraints to the resulting checkpoint. Instead, project constraints are read when the synthesized design is opened.
INFO: [Common 17-1381] The checkpoint 'F:/01_SoC/myOLEDrgb_SW/myOLEDrgb_SW.runs/design_1_OLEDrgb_0_1_synth_1/design_1_OLEDrgb_0_1.dcp' has been generated.
WARNING: [Common 17-576] 'use_project_ipc' is deprecated. This option is deprecated and no longer used.
INFO: [Coretcl 2-1648] Added synthesis output to IP cache for IP design_1_OLEDrgb_0_1, cache-ID = af1bf2681778f247
INFO: [Coretcl 2-1174] Renamed 3 cell refs.
Netlist sorting complete. Time (s): cpu = 00:00:00 ; elapsed = 00:00:00 . Memory (MB): peak = 946.730 ; gain = 0.000
WARNING: [Constraints 18-5210] No constraints selected for write.
Resolution: This message can indicate that there are no constraints for the design, or it can indicate that the used_in flags are set such that the constraints are ignored. This later case is used when running synth_design to not write synthesis constraints to the resulting checkpoint. Instead, project constraints are read when the synthesized design is opened.
INFO: [Common 17-1381] The checkpoint 'F:/01_SoC/myOLEDrgb_SW/myOLEDrgb_SW.runs/design_1_OLEDrgb_0_1_synth_1/design_1_OLEDrgb_0_1.dcp' has been generated.
INFO: [runtcl-4] Executing : report_utilization -file design_1_OLEDrgb_0_1_utilization_synth.rpt -pb design_1_OLEDrgb_0_1_utilization_synth.pb
INFO: [Common 17-206] Exiting Vivado at Mon Dec  9 03:41:38 2024...
