INFO: [VRFC 10-2263] Analyzing Verilog file "E:/01_SoC/04_ZynqLab/ZynqLab04/ZynqLab04.ip_user_files/bd/design_1/ip/design_1_processing_system7_0_0/sim/design_1_processing_system7_0_0.v" into library xil_defaultlib
INFO: [VRFC 10-311] analyzing module design_1_processing_system7_0_0
INFO: [VRFC 10-2263] Analyzing Verilog file "E:/01_SoC/04_ZynqLab/ZynqLab04/ZynqLab04.ip_user_files/bd/design_1/ipshared/bf49/hdl/FND.v" into library xil_defaultlib
INFO: [VRFC 10-311] analyzing module FND
INFO: [VRFC 10-2263] Analyzing Verilog file "E:/01_SoC/04_ZynqLab/ZynqLab04/ZynqLab04.ip_user_files/bd/design_1/ipshared/bf49/hdl/Hex2Dec.v" into library xil_defaultlib
INFO: [VRFC 10-311] analyzing module Hex2Dec
INFO: [VRFC 10-2263] Analyzing Verilog file "E:/01_SoC/04_ZynqLab/ZynqLab04/ZynqLab04.ip_user_files/bd/design_1/ipshared/bf49/hdl/myFND_v1_0_S00_AXI.v" into library xil_defaultlib
INFO: [VRFC 10-311] analyzing module myFND_v1_0_S00_AXI
INFO: [VRFC 10-2263] Analyzing Verilog file "E:/01_SoC/04_ZynqLab/ZynqLab04/ZynqLab04.ip_user_files/bd/design_1/ipshared/bf49/hdl/myFND_v1_0.v" into library xil_defaultlib
INFO: [VRFC 10-311] analyzing module myFND_v1_0
INFO: [VRFC 10-2263] Analyzing Verilog file "E:/01_SoC/04_ZynqLab/ZynqLab04/ZynqLab04.ip_user_files/bd/design_1/ip/design_1_myFND_0_0/sim/design_1_myFND_0_0.v" into library xil_defaultlib
INFO: [VRFC 10-311] analyzing module design_1_myFND_0_0
INFO: [VRFC 10-2263] Analyzing Verilog file "E:/01_SoC/04_ZynqLab/ZynqLab04/ZynqLab04.ip_user_files/bd/design_1/ip/design_1_auto_pc_0/sim/design_1_auto_pc_0.v" into library xil_defaultlib
INFO: [VRFC 10-311] analyzing module design_1_auto_pc_0
INFO: [VRFC 10-2263] Analyzing Verilog file "E:/01_SoC/04_ZynqLab/ZynqLab04/ZynqLab04.ip_user_files/bd/design_1/sim/design_1.v" into library xil_defaultlib
INFO: [VRFC 10-311] analyzing module design_1
INFO: [VRFC 10-311] analyzing module design_1_ps7_0_axi_periph_0
INFO: [VRFC 10-311] analyzing module s00_couplers_imp_UYSKKA
INFO: [VRFC 10-2263] Analyzing Verilog file "E:/01_SoC/04_ZynqLab/ZynqLab04/ZynqLab04.srcs/sources_1/bd/design_1/hdl/design_1_wrapper.v" into library xil_defaultlib
INFO: [VRFC 10-311] analyzing module design_1_wrapper
INFO: [VRFC 10-2263] Analyzing Verilog file "E:/01_SoC/04_ZynqLab/ZynqLab04/ZynqLab04.sim/sim_1/behav/xsim/glbl.v" into library xil_defaultlib
INFO: [VRFC 10-311] analyzing module glbl
