#-----------------------------------------------------------
# Webtalk v2019.1 (64-bit)
# SW Build 2552052 on Fri May 24 14:49:42 MDT 2019
# 
# Start of session at: Mon Oct 21 10:59:11 2024
# Process ID: 6660
# Current directory: D:/SoC-Design-Basics-main/04_ZynqLab/ZynqLab03/ZynqLab03.sdk/webtalk
# Command line: wbtcv.exe -mode batch -source sdk_webtalk.tcl
# Log file: D:/SoC-Design-Basics-main/04_ZynqLab/ZynqLab03/ZynqLab03.sdk/webtalk/webtalk.log
# Journal file: D:/SoC-Design-Basics-main/04_ZynqLab/ZynqLab03/ZynqLab03.sdk/webtalk\webtalk.jou
#-----------------------------------------------------------
source sdk_webtalk.tcl
# webtalk_init -webtalk_dir D:\\SoC-Design-Basics-main\\04_ZynqLab\\ZynqLab03\\ZynqLab03.sdk\\webtalk
# webtalk_register_client -client project
# webtalk_add_data -client project -key date_generated -value "2024-10-21 10:59:10" -context "software_version_and_target_device"
# webtalk_add_data -client project -key product_version -value "SDK v2019.1" -context "software_version_and_target_device"
# webtalk_add_data -client project -key build_version -value "2019.1" -context "software_version_and_target_device"
# webtalk_add_data -client project -key os_platform -value "amd64" -context "software_version_and_target_device"
# webtalk_add_data -client project -key registration_id -value "210778754_1777493916_0_708" -context "software_version_and_target_device"
# webtalk_add_data -client project -key tool_flow -value "SDK" -context "software_version_and_target_device"
# webtalk_add_data -client project -key beta -value "false" -context "software_version_and_target_device"
# webtalk_add_data -client project -key route_design -value "NA" -context "software_version_and_target_device"
# webtalk_add_data -client project -key target_family -value "NA" -context "software_version_and_target_device"
# webtalk_add_data -client project -key target_device -value "NA" -context "software_version_and_target_device"
# webtalk_add_data -client project -key target_package -value "NA" -context "software_version_and_target_device"
# webtalk_add_data -client project -key target_speed -value "NA" -context "software_version_and_target_device"
# webtalk_add_data -client project -key random_id -value "qc9btikorj189o8eviub774tkb" -context "software_version_and_target_device"
# webtalk_add_data -client project -key project_id -value "2019.1_2" -context "software_version_and_target_device"
# webtalk_add_data -client project -key project_iteration -value "2" -context "software_version_and_target_device"
# webtalk_add_data -client project -key os_name -value "Microsoft Windows 8 or later , 64-bit" -context "user_environment"
# webtalk_add_data -client project -key os_release -value "major release  (build 9200)" -context "user_environment"
# webtalk_add_data -client project -key cpu_name -value "Intel(R) Core(TM) i7-10700 CPU @ 2.90GHz" -context "user_environment"
# webtalk_add_data -client project -key cpu_speed -value "2904 MHz" -context "user_environment"
# webtalk_add_data -client project -key total_processors -value "1" -context "user_environment"
# webtalk_add_data -client project -key system_ram -value "8.429 GB" -context "user_environment"
# webtalk_register_client -client sdk
# webtalk_add_data -client sdk -key uid -value "1729474075207" -context "sdk\\\\hardware/1729474075207"
# webtalk_add_data -client sdk -key isZynq -value "true" -context "sdk\\\\hardware/1729474075207"
# webtalk_add_data -client sdk -key isZynqMP -value "false" -context "sdk\\\\hardware/1729474075207"
# webtalk_add_data -client sdk -key Processors -value "2" -context "sdk\\\\hardware/1729474075207"
# webtalk_add_data -client sdk -key VivadoVersion -value "2019.1" -context "sdk\\\\hardware/1729474075207"
# webtalk_add_data -client sdk -key Arch -value "zynq" -context "sdk\\\\hardware/1729474075207"
# webtalk_add_data -client sdk -key Device -value "7z020" -context "sdk\\\\hardware/1729474075207"
# webtalk_add_data -client sdk -key IsHandoff -value "true" -context "sdk\\\\hardware/1729474075207"
# webtalk_add_data -client sdk -key os -value "NA" -context "sdk\\\\hardware/1729474075207"
# webtalk_add_data -client sdk -key apptemplate -value "NA" -context "sdk\\\\hardware/1729474075207"
# webtalk_add_data -client sdk -key RecordType -value "HWCreation" -context "sdk\\\\hardware/1729474075207"
# webtalk_add_data -client sdk -key uid -value "1729474334932" -context "sdk\\\\bsp/1729474334932"
# webtalk_add_data -client sdk -key hwid -value "1729474075207" -context "sdk\\\\bsp/1729474334932"
# webtalk_add_data -client sdk -key os -value "standalone" -context "sdk\\\\bsp/1729474334932"
# webtalk_add_data -client sdk -key apptemplate -value "empty_application" -context "sdk\\\\bsp/1729474334932"
# webtalk_add_data -client sdk -key RecordType -value "BSPCreation" -context "sdk\\\\bsp/1729474334932"
# webtalk_add_data -client sdk -key uid -value "1729474337771" -context "sdk\\\\application/1729474337771"
# webtalk_add_data -client sdk -key hwid -value "1729474075207" -context "sdk\\\\application/1729474337771"
# webtalk_add_data -client sdk -key bspid -value "1729474334932" -context "sdk\\\\application/1729474337771"
# webtalk_add_data -client sdk -key newbsp -value "true" -context "sdk\\\\application/1729474337771"
# webtalk_add_data -client sdk -key os -value "standalone" -context "sdk\\\\application/1729474337771"
# webtalk_add_data -client sdk -key apptemplate -value "empty_application" -context "sdk\\\\application/1729474337771"
# webtalk_add_data -client sdk -key RecordType -value "APPCreation" -context "sdk\\\\application/1729474337771"
# webtalk_add_data -client sdk -key LangUsed -value "C" -context "sdk\\\\application/1729474337771"
# webtalk_add_data -client sdk -key Procused -value "ps7_cortexa9" -context "sdk\\\\application/1729474337771"
# webtalk_add_data -client sdk -key projSize -value "195.0859375" -context "sdk\\\\application/1729474337771"
# webtalk_add_data -client sdk -key uid -value "NA" -context "sdk\\\\bsp/1729475950299"
# webtalk_add_data -client sdk -key RecordType -value "ToolUsage" -context "sdk\\\\bsp/1729475950299"
# webtalk_add_data -client sdk -key BootgenCount -value "0" -context "sdk\\\\bsp/1729475950299"
# webtalk_add_data -client sdk -key DebugCount -value "7" -context "sdk\\\\bsp/1729475950299"
# webtalk_add_data -client sdk -key PerfCount -value "0" -context "sdk\\\\bsp/1729475950299"
# webtalk_add_data -client sdk -key FlashCount -value "0" -context "sdk\\\\bsp/1729475950299"
# webtalk_add_data -client sdk -key CrossTriggCount -value "0" -context "sdk\\\\bsp/1729475950299"
# webtalk_add_data -client sdk -key QemuDebugCount -value "0" -context "sdk\\\\bsp/1729475950299"
# webtalk_transmit -clientid 3943947570 -regid "210778754_1777493916_0_708" -xml D:\\SoC-Design-Basics-main\\04_ZynqLab\\ZynqLab03\\ZynqLab03.sdk\\webtalk\\usage_statistics_ext_sdk.xml -html D:\\SoC-Design-Basics-main\\04_ZynqLab\\ZynqLab03\\ZynqLab03.sdk\\webtalk\\usage_statistics_ext_sdk.html -wdm D:\\SoC-Design-Basics-main\\04_ZynqLab\\ZynqLab03\\ZynqLab03.sdk\\webtalk\\sdk_webtalk.wdm -intro "<H3>SDK Usage Report</H3><BR>"
# webtalk_terminate
INFO: [Common 17-206] Exiting Webtalk at Mon Oct 21 10:59:13 2024...
