#-----------------------------------------------------------
# Vivado v2019.1 (64-bit)
# SW Build 2552052 on Fri May 24 14:49:42 MDT 2019
# IP Build 2548770 on Fri May 24 18:01:18 MDT 2019
# Start of session at: Sun Oct  6 16:32:11 2024
# Process ID: 27224
# Current directory: E:/SoC/03_Lab03/Lab03
# Command line: vivado.exe -gui_launcher_event rodinguilauncherevent18420 E:\SoC\03_Lab03\Lab03\Lab03.xpr
# Log file: E:/SoC/03_Lab03/Lab03/vivado.log
# Journal file: E:/SoC/03_Lab03/Lab03\vivado.jou
#-----------------------------------------------------------
start_gui
open_project E:/SoC/03_Lab03/Lab03/Lab03.xpr
Scanning sources...
Finished scanning sources
INFO: [IP_Flow 19-234] Refreshing IP repositories
INFO: [IP_Flow 19-1704] No user IP repositories specified
INFO: [IP_Flow 19-2313] Loaded Vivado IP repository 'C:/Xilinx/Vivado/2019.1/data/ip'.
update_compile_order -fileset sources_1
export_ip_user_files -of_objects  [get_files E:/SoC/03_Lab03/Lab03/Lab03.srcs/sources_1/new/TimerIP.v] -no_script -reset -force -quiet
remove_files  E:/SoC/03_Lab03/Lab03/Lab03.srcs/sources_1/new/TimerIP.v
file delete -force E:/SoC/03_Lab03/Lab03/Lab03.srcs/sources_1/new/TimerIP.v
export_ip_user_files -of_objects  [get_files E:/SoC/03_Lab03/Lab03/tb_TimerIP_behav.wcfg] -no_script -reset -force -quiet
remove_files  -fileset sim_1 E:/SoC/03_Lab03/Lab03/tb_TimerIP_behav.wcfg
export_ip_user_files -of_objects  [get_files E:/SoC/03_Lab03/Lab03/Lab03.srcs/sim_1/new/tb_TimerIP.v] -no_script -reset -force -quiet
remove_files  -fileset sim_1 E:/SoC/03_Lab03/Lab03/Lab03.srcs/sim_1/new/tb_TimerIP.v
file delete -force E:/SoC/03_Lab03/Lab03/Lab03.srcs/sim_1/new/tb_TimerIP.v
launch_simulation
INFO: [Vivado 12-5682] Launching behavioral simulation in 'E:/SoC/03_Lab03/Lab03/Lab03.sim/sim_1/behav/xsim'
INFO: [SIM-utils-51] Simulation object is 'sim_1'
INFO: [SIM-utils-54] Inspecting design source files for 'tb_PWM_IP' in fileset 'sim_1'...
INFO: [USF-XSim-97] Finding global include files...
INFO: [USF-XSim-98] Fetching design files from 'sim_1'...
INFO: [USF-XSim-2] XSim::Compile design
INFO: [USF-XSim-61] Executing 'COMPILE and ANALYZE' step in 'E:/SoC/03_Lab03/Lab03/Lab03.sim/sim_1/behav/xsim'
"xvlog --incr --relax -prj tb_PWM_IP_vlog.prj"
INFO: [VRFC 10-2263] Analyzing Verilog file "E:/SoC/03_Lab03/Lab03/Lab03.srcs/sources_1/new/AddrDec.v" into library xil_defaultlib
INFO: [VRFC 10-311] analyzing module AddrDec
INFO: [VRFC 10-2263] Analyzing Verilog file "E:/SoC/03_Lab03/Lab03/Lab03.srcs/sources_1/new/PWM_IP.v" into library xil_defaultlib
INFO: [VRFC 10-311] analyzing module PWM_IP
INFO: [VRFC 10-2263] Analyzing Verilog file "E:/SoC/03_Lab03/Lab03/Lab03.srcs/sources_1/new/up_counter.v" into library xil_defaultlib
INFO: [VRFC 10-311] analyzing module up_counter
INFO: [VRFC 10-2263] Analyzing Verilog file "E:/SoC/03_Lab03/Lab03/Lab03.srcs/sim_1/new/tb_PWM_IP.v" into library xil_defaultlib
INFO: [VRFC 10-311] analyzing module tb_PWM_IP
INFO: [USF-XSim-69] 'compile' step finished in '1' seconds
INFO: [USF-XSim-3] XSim::Elaborate design
INFO: [USF-XSim-61] Executing 'ELABORATE' step in 'E:/SoC/03_Lab03/Lab03/Lab03.sim/sim_1/behav/xsim'
"xelab -wto 0824fe6c8962483ca42537ded7bf6d7a --incr --debug typical --relax --mt 2 -L xil_defaultlib -L unisims_ver -L unimacro_ver -L secureip --snapshot tb_PWM_IP_behav xil_defaultlib.tb_PWM_IP xil_defaultlib.glbl -log elaborate.log"
Vivado Simulator 2019.1
Copyright 1986-1999, 2001-2019 Xilinx, Inc. All Rights Reserved.
Running: C:/Xilinx/Vivado/2019.1/bin/unwrapped/win64.o/xelab.exe -wto 0824fe6c8962483ca42537ded7bf6d7a --incr --debug typical --relax --mt 2 -L xil_defaultlib -L unisims_ver -L unimacro_ver -L secureip --snapshot tb_PWM_IP_behav xil_defaultlib.tb_PWM_IP xil_defaultlib.glbl -log elaborate.log 
Using 2 slave threads.
Starting static elaboration
Completed static elaboration
Starting simulation data flow analysis
Completed simulation data flow analysis
Time Resolution for simulation is 1ps
Compiling module xil_defaultlib.AddrDec
Compiling module xil_defaultlib.up_counter
Compiling module xil_defaultlib.PWM_IP
Compiling module xil_defaultlib.tb_PWM_IP
Compiling module xil_defaultlib.glbl
Built simulation snapshot tb_PWM_IP_behav

****** Webtalk v2019.1 (64-bit)
  **** SW Build 2552052 on Fri May 24 14:49:42 MDT 2019
  **** IP Build 2548770 on Fri May 24 18:01:18 MDT 2019
    ** Copyright 1986-2019 Xilinx, Inc. All Rights Reserved.

source E:/SoC/03_Lab03/Lab03/Lab03.sim/sim_1/behav/xsim/xsim.dir/tb_PWM_IP_behav/webtalk/xsim_webtalk.tcl -notrace
INFO: [Common 17-206] Exiting Webtalk at Sun Oct  6 16:33:55 2024...
INFO: [USF-XSim-69] 'elaborate' step finished in '3' seconds
INFO: [USF-XSim-4] XSim::Simulate design
INFO: [USF-XSim-61] Executing 'SIMULATE' step in 'E:/SoC/03_Lab03/Lab03/Lab03.sim/sim_1/behav/xsim'
INFO: [USF-XSim-98] *** Running xsim
   with args "tb_PWM_IP_behav -key {Behavioral:sim_1:Functional:tb_PWM_IP} -tclbatch {tb_PWM_IP.tcl} -view {E:/SoC/03_Lab03/Lab03/tb_PWM_IP_behav.wcfg} -log {simulate.log}"
INFO: [USF-XSim-8] Loading simulator feature
Vivado Simulator 2019.1
Time resolution is 1 ps
open_wave_config E:/SoC/03_Lab03/Lab03/tb_PWM_IP_behav.wcfg
source tb_PWM_IP.tcl
# set curr_wave [current_wave_config]
# if { [string length $curr_wave] == 0 } {
#   if { [llength [get_objects]] > 0} {
#     add_wave /
#     set_property needs_save false [current_wave_config]
#   } else {
#      send_msg_id Add_Wave-1 WARNING "No top level signals found. Simulator will start without a wave window. If you want to open a wave window go to 'File->New Waveform Configuration' or type 'create_wave_config' in the TCL console."
#   }
# }
# run 1000ns
INFO: [USF-XSim-96] XSim completed. Design snapshot 'tb_PWM_IP_behav' loaded.
INFO: [USF-XSim-97] XSim simulation ran for 1000ns
launch_simulation: Time (s): cpu = 00:00:06 ; elapsed = 00:00:09 . Memory (MB): peak = 759.949 ; gain = 22.473
run 1 s
$finish called at time : 6000350 ns : File "E:/SoC/03_Lab03/Lab03/Lab03.srcs/sim_1/new/tb_PWM_IP.v" Line 217
save_wave_config {E:/SoC/03_Lab03/Lab03/tb_PWM_IP_behav.wcfg}
close_sim
INFO: [Simtcl 6-16] Simulation closed
exit
INFO: [Common 17-206] Exiting Vivado at Sun Oct  6 16:35:01 2024...
