Copyright 1986-2019 Xilinx, Inc. All Rights Reserved.
---------------------------------------------------------------------------------------------
| Tool Version : Vivado v.2019.1 (win64) Build 2552052 Fri May 24 14:49:42 MDT 2019
| Date         : Wed Dec 18 20:15:07 2024
| Host         : DESKTOP-2TI4DL6 running 64-bit major release  (build 9200)
| Command      : report_control_sets -verbose -file design_1_wrapper_control_sets_placed.rpt
| Design       : design_1_wrapper
| Device       : xc7z020
---------------------------------------------------------------------------------------------

Control Set Information

Table of Contents
-----------------
1. Summary
2. Histogram
3. Flip-Flop Distribution
4. Detailed Control Set Information

1. Summary
----------

+----------------------------------------------------------+-------+
|                          Status                          | Count |
+----------------------------------------------------------+-------+
| Total control sets                                       |   203 |
|    Minimum number of control sets                        |   203 |
|    Addition due to synthesis replication                 |     0 |
|    Addition due to physical synthesis replication        |     0 |
| Unused register locations in slices containing registers |   146 |
+----------------------------------------------------------+-------+
* Control sets can be merged at opt_design using control_set_merge or merge_equivalent_drivers
** Run report_qor_suggestions for automated merging and remapping suggestions


2. Histogram
------------

+--------------------+-------+
|       Fanout       | Count |
+--------------------+-------+
| Total control sets |   203 |
| >= 0 to < 4        |     1 |
| >= 4 to < 6        |    11 |
| >= 6 to < 8        |     4 |
| >= 8 to < 10       |   153 |
| >= 10 to < 12      |     4 |
| >= 12 to < 14      |     2 |
| >= 14 to < 16      |     2 |
| >= 16              |    26 |
+--------------------+-------+
* Control sets can be remapped at either synth_design or opt_design


3. Flip-Flop Distribution
-------------------------

+--------------+-----------------------+------------------------+-----------------+--------------+
| Clock Enable | Synchronous Set/Reset | Asynchronous Set/Reset | Total Registers | Total Slices |
+--------------+-----------------------+------------------------+-----------------+--------------+
| No           | No                    | No                     |             181 |           67 |
| No           | No                    | Yes                    |              49 |           20 |
| No           | Yes                   | No                     |             126 |           45 |
| Yes          | No                    | No                     |             407 |          111 |
| Yes          | No                    | Yes                    |              94 |           30 |
| Yes          | Yes                   | No                     |            1461 |          474 |
+--------------+-----------------------+------------------------+-----------------+--------------+


4. Detailed Control Set Information
-----------------------------------

+-------------------------------------------------+----------------------------------------------------------------------------------------------------------------------------------------------------------------+-------------------------------------------------------------------------------------------------------------------------------------------------------+------------------+----------------+
|                   Clock Signal                  |                                                                          Enable Signal                                                                         |                                                                    Set/Reset Signal                                                                   | Slice Load Count | Bel Load Count |
+-------------------------------------------------+----------------------------------------------------------------------------------------------------------------------------------------------------------------+-------------------------------------------------------------------------------------------------------------------------------------------------------+------------------+----------------+
|  design_1_i/processing_system7_0/inst/FCLK_CLK0 | design_1_i/ps7_0_axi_periph/s00_couplers/auto_pc/inst/gen_axilite.gen_b2s_conv.axilite_b2s/WR.b_channel_0/bid_fifo_0/bresp_push                                |                                                                                                                                                       |                1 |              2 |
|  design_1_i/processing_system7_0/inst/FCLK_CLK0 | design_1_i/myOLEDrgb_0/inst/myOLEDrgb_v1_0_S00_AXI_inst/axi_awready0                                                                                           | design_1_i/myOLEDrgb_0/inst/myOLEDrgb_v1_0_S00_AXI_inst/axi_awready_i_1_n_0                                                                           |                1 |              4 |
|  design_1_i/processing_system7_0/inst/FCLK_CLK0 | design_1_i/myOLEDrgb_0/inst/myOLEDrgb_v1_0_S00_AXI_inst/axi_arready0                                                                                           | design_1_i/myOLEDrgb_0/inst/myOLEDrgb_v1_0_S00_AXI_inst/axi_awready_i_1_n_0                                                                           |                1 |              4 |
| ~design_1_i/myOLEDrgb_0/inst/spi/spi_clk        | design_1_i/myOLEDrgb_0/inst/spi/bit_cnt                                                                                                                        | design_1_i/myOLEDrgb_0/inst/myOLEDrgb_v1_0_S00_AXI_inst/slv_reg3_reg[0]_0                                                                             |                1 |              4 |
|  design_1_i/processing_system7_0/inst/FCLK_CLK0 |                                                                                                                                                                | design_1_i/rst_ps7_0_50M/U0/EXT_LPF/lpf_int                                                                                                           |                2 |              4 |
|  design_1_i/processing_system7_0/inst/FCLK_CLK0 |                                                                                                                                                                | design_1_i/ps7_0_axi_periph/s00_couplers/auto_pc/inst/gen_axilite.gen_b2s_conv.axilite_b2s/SI_REG/ar.ar_pipe/aresetn_d_reg[1]_inv_0                   |                2 |              4 |
|  design_1_i/processing_system7_0/inst/FCLK_CLK0 |                                                                                                                                                                | design_1_i/ps7_0_axi_periph/s00_couplers/auto_pc/inst/gen_axilite.gen_b2s_conv.axilite_b2s/SI_REG/aw.aw_pipe/aresetn_d_reg[0]_0                       |                2 |              4 |
|  design_1_i/processing_system7_0/inst/FCLK_CLK0 | design_1_i/ps7_0_axi_periph/s00_couplers/auto_pc/inst/gen_axilite.gen_b2s_conv.axilite_b2s/WR.aw_channel_0/aw_cmd_fsm_0/m_valid_i_reg_0                        | design_1_i/ps7_0_axi_periph/s00_couplers/auto_pc/inst/gen_axilite.gen_b2s_conv.axilite_b2s/WR.aw_channel_0/aw_cmd_fsm_0/m_valid_i_reg                 |                2 |              5 |
|  design_1_i/processing_system7_0/inst/FCLK_CLK0 | design_1_i/myOLEDrgb_0/inst/controller/state[4]_i_1_n_0                                                                                                        | design_1_i/myOLEDrgb_0/inst/myOLEDrgb_v1_0_S00_AXI_inst/slv_reg3_reg[0]_0                                                                             |                4 |              5 |
|  design_1_i/processing_system7_0/inst/FCLK_CLK0 | design_1_i/ps7_0_axi_periph/s00_couplers/auto_pc/inst/gen_axilite.gen_b2s_conv.axilite_b2s/RD.ar_channel_0/ar_cmd_fsm_0/m_axi_arready_0                        | design_1_i/ps7_0_axi_periph/s00_couplers/auto_pc/inst/gen_axilite.gen_b2s_conv.axilite_b2s/RD.ar_channel_0/ar_cmd_fsm_0/FSM_sequential_state_reg[1]_0 |                2 |              5 |
|  design_1_i/processing_system7_0/inst/FCLK_CLK0 | design_1_i/ps7_0_axi_periph/s00_couplers/auto_pc/inst/gen_axilite.gen_b2s_conv.axilite_b2s/RD.r_channel_0/transaction_fifo_0/E[0]                              | design_1_i/ps7_0_axi_periph/s00_couplers/auto_pc/inst/gen_axilite.gen_b2s_conv.axilite_b2s/areset_d1                                                  |                2 |              5 |
|  design_1_i/processing_system7_0/inst/FCLK_CLK0 | design_1_i/ps7_0_axi_periph/s00_couplers/auto_pc/inst/gen_axilite.gen_b2s_conv.axilite_b2s/RD.r_channel_0/transaction_fifo_0/cnt_read[4]_i_1__0_n_0            | design_1_i/ps7_0_axi_periph/s00_couplers/auto_pc/inst/gen_axilite.gen_b2s_conv.axilite_b2s/areset_d1                                                  |                1 |              5 |
|  design_1_i/processing_system7_0/inst/FCLK_CLK0 | design_1_i/rst_ps7_0_50M/U0/SEQ/seq_cnt_en                                                                                                                     | design_1_i/rst_ps7_0_50M/U0/SEQ/SEQ_COUNTER/clear                                                                                                     |                1 |              6 |
|  design_1_i/processing_system7_0/inst/FCLK_CLK0 |                                                                                                                                                                | design_1_i/myOLEDrgb_0/inst/myOLEDrgb_v1_0_S00_AXI_inst/axi_awready_i_1_n_0                                                                           |                2 |              6 |
| ~design_1_i/myOLEDrgb_0/inst/spi/spi_clk        |                                                                                                                                                                | design_1_i/myOLEDrgb_0/inst/myOLEDrgb_v1_0_S00_AXI_inst/slv_reg3_reg[0]_0                                                                             |                2 |              6 |
|  design_1_i/processing_system7_0/inst/FCLK_CLK0 | design_1_i/myOLEDrgb_0/inst/controller/cmd_index                                                                                                               | design_1_i/myOLEDrgb_0/inst/myOLEDrgb_v1_0_S00_AXI_inst/slv_reg3_reg[0]_0                                                                             |                2 |              6 |
|  design_1_i/processing_system7_0/inst/FCLK_CLK0 | design_1_i/myBuzzer_0/inst/myBuzzer_v1_0_S00_AXI_inst/p_1_in[31]                                                                                               | design_1_i/myBuzzer_0/inst/myBuzzer_v1_0_S00_AXI_inst/SR[0]                                                                                           |                1 |              8 |
|  design_1_i/processing_system7_0/inst/FCLK_CLK0 | design_1_i/ps7_0_axi_periph/s00_couplers/auto_pc/inst/gen_axilite.gen_b2s_conv.axilite_b2s/WR.aw_channel_0/aw_cmd_fsm_0/E[0]                                   |                                                                                                                                                       |                4 |              8 |
|  design_1_i/processing_system7_0/inst/FCLK_CLK0 | design_1_i/ps7_0_axi_periph/s00_couplers/auto_pc/inst/gen_axilite.gen_b2s_conv.axilite_b2s/WR.aw_channel_0/cmd_translator_0/incr_cmd_0/axaddr_incr[11]_i_1_n_0 |                                                                                                                                                       |                2 |              8 |
|  design_1_i/processing_system7_0/inst/FCLK_CLK0 | design_1_i/ps7_0_axi_periph/s00_couplers/auto_pc/inst/gen_axilite.gen_b2s_conv.axilite_b2s/RD.ar_channel_0/ar_cmd_fsm_0/E[0]                                   |                                                                                                                                                       |                4 |              8 |
|  design_1_i/processing_system7_0/inst/FCLK_CLK0 | design_1_i/ps7_0_axi_periph/s00_couplers/auto_pc/inst/gen_axilite.gen_b2s_conv.axilite_b2s/RD.ar_channel_0/ar_cmd_fsm_0/sel_first_reg[0]                       |                                                                                                                                                       |                2 |              8 |
|  design_1_i/myDCMotor_0/inst/clk_div/CLK        | design_1_i/myDCMotor_0/inst/PWM_gen/rDuty_0                                                                                                                    | design_1_i/myDCMotor_0/inst/myDCMotor_v1_0_S00_AXI_inst/s00_axi_aresetn_0                                                                             |                3 |              8 |
|  design_1_i/processing_system7_0/inst/FCLK_CLK0 | design_1_i/myMAXSONAR_0/inst/myMAXSONAR_v1_0_S00_AXI_inst/slv_reg3[23]_i_1_n_0                                                                                 | design_1_i/myMAXSONAR_0/inst/myMAXSONAR_v1_0_S00_AXI_inst/slv_reg0[0]_i_1_n_0                                                                         |                2 |              8 |
|  design_1_i/processing_system7_0/inst/FCLK_CLK0 | design_1_i/myMAXSONAR_0/inst/myMAXSONAR_v1_0_S00_AXI_inst/slv_reg5[23]_i_1_n_0                                                                                 | design_1_i/myMAXSONAR_0/inst/myMAXSONAR_v1_0_S00_AXI_inst/slv_reg0[0]_i_1_n_0                                                                         |                3 |              8 |
|  design_1_i/processing_system7_0/inst/FCLK_CLK0 | design_1_i/myMAXSONAR_0/inst/myMAXSONAR_v1_0_S00_AXI_inst/slv_reg4[7]_i_1_n_0                                                                                  | design_1_i/myMAXSONAR_0/inst/myMAXSONAR_v1_0_S00_AXI_inst/slv_reg0[0]_i_1_n_0                                                                         |                1 |              8 |
|  design_1_i/processing_system7_0/inst/FCLK_CLK0 | design_1_i/myMAXSONAR_0/inst/myMAXSONAR_v1_0_S00_AXI_inst/slv_reg5[7]_i_1_n_0                                                                                  | design_1_i/myMAXSONAR_0/inst/myMAXSONAR_v1_0_S00_AXI_inst/slv_reg0[0]_i_1_n_0                                                                         |                2 |              8 |
|  design_1_i/processing_system7_0/inst/FCLK_CLK0 | design_1_i/myMAXSONAR_0/inst/myMAXSONAR_v1_0_S00_AXI_inst/slv_reg2[23]_i_1_n_0                                                                                 | design_1_i/myMAXSONAR_0/inst/myMAXSONAR_v1_0_S00_AXI_inst/slv_reg0[0]_i_1_n_0                                                                         |                3 |              8 |
|  design_1_i/processing_system7_0/inst/FCLK_CLK0 | design_1_i/myMAXSONAR_0/inst/myMAXSONAR_v1_0_S00_AXI_inst/slv_reg2[15]_i_1_n_0                                                                                 | design_1_i/myMAXSONAR_0/inst/myMAXSONAR_v1_0_S00_AXI_inst/slv_reg0[0]_i_1_n_0                                                                         |                2 |              8 |
|  design_1_i/processing_system7_0/inst/FCLK_CLK0 | design_1_i/myMAXSONAR_0/inst/myMAXSONAR_v1_0_S00_AXI_inst/slv_reg3[31]_i_1_n_0                                                                                 | design_1_i/myMAXSONAR_0/inst/myMAXSONAR_v1_0_S00_AXI_inst/slv_reg0[0]_i_1_n_0                                                                         |                2 |              8 |
|  design_1_i/processing_system7_0/inst/FCLK_CLK0 | design_1_i/myMAXSONAR_0/inst/myMAXSONAR_v1_0_S00_AXI_inst/slv_reg3[15]_i_1_n_0                                                                                 | design_1_i/myMAXSONAR_0/inst/myMAXSONAR_v1_0_S00_AXI_inst/slv_reg0[0]_i_1_n_0                                                                         |                2 |              8 |
|  design_1_i/processing_system7_0/inst/FCLK_CLK0 | design_1_i/myMAXSONAR_0/inst/myMAXSONAR_v1_0_S00_AXI_inst/slv_reg0[15]_i_1_n_0                                                                                 | design_1_i/myMAXSONAR_0/inst/myMAXSONAR_v1_0_S00_AXI_inst/slv_reg0[0]_i_1_n_0                                                                         |                2 |              8 |
|  design_1_i/processing_system7_0/inst/FCLK_CLK0 | design_1_i/myMAXSONAR_0/inst/myMAXSONAR_v1_0_S00_AXI_inst/slv_reg4[31]_i_1_n_0                                                                                 | design_1_i/myMAXSONAR_0/inst/myMAXSONAR_v1_0_S00_AXI_inst/slv_reg0[0]_i_1_n_0                                                                         |                5 |              8 |
|  design_1_i/processing_system7_0/inst/FCLK_CLK0 | design_1_i/myOLEDrgb_0/inst/myOLEDrgb_v1_0_S00_AXI_inst/i___2/slv_reg10[15]_i_1_n_0                                                                            | design_1_i/myOLEDrgb_0/inst/myOLEDrgb_v1_0_S00_AXI_inst/axi_awready_i_1_n_0                                                                           |                1 |              8 |
|  design_1_i/processing_system7_0/inst/FCLK_CLK0 | design_1_i/myMAXSONAR_0/inst/myMAXSONAR_v1_0_S00_AXI_inst/slv_reg5[31]_i_1_n_0                                                                                 | design_1_i/myMAXSONAR_0/inst/myMAXSONAR_v1_0_S00_AXI_inst/slv_reg0[0]_i_1_n_0                                                                         |                2 |              8 |
|  design_1_i/processing_system7_0/inst/FCLK_CLK0 | design_1_i/myMAXSONAR_0/inst/myMAXSONAR_v1_0_S00_AXI_inst/slv_reg4[23]_i_1_n_0                                                                                 | design_1_i/myMAXSONAR_0/inst/myMAXSONAR_v1_0_S00_AXI_inst/slv_reg0[0]_i_1_n_0                                                                         |                2 |              8 |
|  design_1_i/processing_system7_0/inst/FCLK_CLK0 | design_1_i/myMAXSONAR_0/inst/myMAXSONAR_v1_0_S00_AXI_inst/slv_reg2[31]_i_1_n_0                                                                                 | design_1_i/myMAXSONAR_0/inst/myMAXSONAR_v1_0_S00_AXI_inst/slv_reg0[0]_i_1_n_0                                                                         |                2 |              8 |
|  design_1_i/processing_system7_0/inst/FCLK_CLK0 | design_1_i/myMAXSONAR_0/inst/myMAXSONAR_v1_0_S00_AXI_inst/slv_reg2[7]_i_1_n_0                                                                                  | design_1_i/myMAXSONAR_0/inst/myMAXSONAR_v1_0_S00_AXI_inst/slv_reg0[0]_i_1_n_0                                                                         |                3 |              8 |
|  design_1_i/processing_system7_0/inst/FCLK_CLK0 | design_1_i/myMAXSONAR_0/inst/myMAXSONAR_v1_0_S00_AXI_inst/slv_reg0[31]_i_1_n_0                                                                                 | design_1_i/myMAXSONAR_0/inst/myMAXSONAR_v1_0_S00_AXI_inst/slv_reg0[0]_i_1_n_0                                                                         |                3 |              8 |
|  design_1_i/processing_system7_0/inst/FCLK_CLK0 | design_1_i/myMAXSONAR_0/inst/myMAXSONAR_v1_0_S00_AXI_inst/slv_reg0[23]_i_1_n_0                                                                                 | design_1_i/myMAXSONAR_0/inst/myMAXSONAR_v1_0_S00_AXI_inst/slv_reg0[0]_i_1_n_0                                                                         |                1 |              8 |
|  design_1_i/processing_system7_0/inst/FCLK_CLK0 | design_1_i/myMAXSONAR_0/inst/myMAXSONAR_v1_0_S00_AXI_inst/slv_reg5[15]_i_1_n_0                                                                                 | design_1_i/myMAXSONAR_0/inst/myMAXSONAR_v1_0_S00_AXI_inst/slv_reg0[0]_i_1_n_0                                                                         |                2 |              8 |
|  design_1_i/processing_system7_0/inst/FCLK_CLK0 | design_1_i/myMAXSONAR_0/inst/myMAXSONAR_v1_0_S00_AXI_inst/slv_reg4[15]_i_1_n_0                                                                                 | design_1_i/myMAXSONAR_0/inst/myMAXSONAR_v1_0_S00_AXI_inst/slv_reg0[0]_i_1_n_0                                                                         |                2 |              8 |
|  design_1_i/processing_system7_0/inst/FCLK_CLK0 | design_1_i/myMAXSONAR_0/inst/myMAXSONAR_v1_0_S00_AXI_inst/slv_reg3[7]_i_1_n_0                                                                                  | design_1_i/myMAXSONAR_0/inst/myMAXSONAR_v1_0_S00_AXI_inst/slv_reg0[0]_i_1_n_0                                                                         |                2 |              8 |
|  design_1_i/processing_system7_0/inst/FCLK_CLK0 | design_1_i/myBuzzer_0/inst/myBuzzer_v1_0_S00_AXI_inst/slv_reg1[7]_i_1_n_0                                                                                      | design_1_i/myBuzzer_0/inst/myBuzzer_v1_0_S00_AXI_inst/SR[0]                                                                                           |                4 |              8 |
|  design_1_i/processing_system7_0/inst/FCLK_CLK0 | design_1_i/myBuzzer_0/inst/myBuzzer_v1_0_S00_AXI_inst/slv_reg2[23]_i_1_n_0                                                                                     | design_1_i/myBuzzer_0/inst/myBuzzer_v1_0_S00_AXI_inst/SR[0]                                                                                           |                1 |              8 |
|  design_1_i/processing_system7_0/inst/FCLK_CLK0 | design_1_i/myBuzzer_0/inst/myBuzzer_v1_0_S00_AXI_inst/slv_reg2[31]_i_1_n_0                                                                                     | design_1_i/myBuzzer_0/inst/myBuzzer_v1_0_S00_AXI_inst/SR[0]                                                                                           |                1 |              8 |
|  design_1_i/processing_system7_0/inst/FCLK_CLK0 | design_1_i/myBuzzer_0/inst/myBuzzer_v1_0_S00_AXI_inst/slv_reg3[15]_i_1_n_0                                                                                     | design_1_i/myBuzzer_0/inst/myBuzzer_v1_0_S00_AXI_inst/SR[0]                                                                                           |                1 |              8 |
|  design_1_i/processing_system7_0/inst/FCLK_CLK0 | design_1_i/myBuzzer_0/inst/myBuzzer_v1_0_S00_AXI_inst/slv_reg3[23]_i_1_n_0                                                                                     | design_1_i/myBuzzer_0/inst/myBuzzer_v1_0_S00_AXI_inst/SR[0]                                                                                           |                2 |              8 |
|  design_1_i/processing_system7_0/inst/FCLK_CLK0 | design_1_i/myBuzzer_0/inst/myBuzzer_v1_0_S00_AXI_inst/slv_reg3[7]_i_1_n_0                                                                                      | design_1_i/myBuzzer_0/inst/myBuzzer_v1_0_S00_AXI_inst/SR[0]                                                                                           |                1 |              8 |
|  design_1_i/processing_system7_0/inst/FCLK_CLK0 | design_1_i/myBuzzer_0/inst/myBuzzer_v1_0_S00_AXI_inst/slv_reg2[7]_i_1_n_0                                                                                      | design_1_i/myBuzzer_0/inst/myBuzzer_v1_0_S00_AXI_inst/SR[0]                                                                                           |                1 |              8 |
|  design_1_i/processing_system7_0/inst/FCLK_CLK0 | design_1_i/myBuzzer_0/inst/myBuzzer_v1_0_S00_AXI_inst/slv_reg1[15]_i_1_n_0                                                                                     | design_1_i/myBuzzer_0/inst/myBuzzer_v1_0_S00_AXI_inst/SR[0]                                                                                           |                3 |              8 |
|  design_1_i/processing_system7_0/inst/FCLK_CLK0 | design_1_i/myBuzzer_0/inst/myBuzzer_v1_0_S00_AXI_inst/slv_reg1[23]_i_1_n_0                                                                                     | design_1_i/myBuzzer_0/inst/myBuzzer_v1_0_S00_AXI_inst/SR[0]                                                                                           |                2 |              8 |
|  design_1_i/processing_system7_0/inst/FCLK_CLK0 | design_1_i/myBuzzer_0/inst/myBuzzer_v1_0_S00_AXI_inst/slv_reg1[31]_i_1_n_0                                                                                     | design_1_i/myBuzzer_0/inst/myBuzzer_v1_0_S00_AXI_inst/SR[0]                                                                                           |                2 |              8 |
|  design_1_i/processing_system7_0/inst/FCLK_CLK0 | design_1_i/myBuzzer_0/inst/myBuzzer_v1_0_S00_AXI_inst/slv_reg3[31]_i_1_n_0                                                                                     | design_1_i/myBuzzer_0/inst/myBuzzer_v1_0_S00_AXI_inst/SR[0]                                                                                           |                1 |              8 |
|  design_1_i/processing_system7_0/inst/FCLK_CLK0 | design_1_i/myBuzzer_0/inst/myBuzzer_v1_0_S00_AXI_inst/slv_reg2[15]_i_1_n_0                                                                                     | design_1_i/myBuzzer_0/inst/myBuzzer_v1_0_S00_AXI_inst/SR[0]                                                                                           |                1 |              8 |
|  design_1_i/processing_system7_0/inst/FCLK_CLK0 | design_1_i/myBuzzer_0/inst/myBuzzer_v1_0_S00_AXI_inst/p_1_in[23]                                                                                               | design_1_i/myBuzzer_0/inst/myBuzzer_v1_0_S00_AXI_inst/SR[0]                                                                                           |                3 |              8 |
|  design_1_i/processing_system7_0/inst/FCLK_CLK0 | design_1_i/myBuzzer_0/inst/myBuzzer_v1_0_S00_AXI_inst/p_1_in[15]                                                                                               | design_1_i/myBuzzer_0/inst/myBuzzer_v1_0_S00_AXI_inst/SR[0]                                                                                           |                2 |              8 |
|  design_1_i/processing_system7_0/inst/FCLK_CLK0 | design_1_i/myBuzzer_0/inst/myBuzzer_v1_0_S00_AXI_inst/p_1_in[2]                                                                                                | design_1_i/myBuzzer_0/inst/myBuzzer_v1_0_S00_AXI_inst/SR[0]                                                                                           |                3 |              8 |
|  design_1_i/processing_system7_0/inst/FCLK_CLK0 | design_1_i/mySwitch_0/inst/mySwitch_v1_0_S00_AXI_inst/slv_reg3[15]_i_1_n_0                                                                                     | design_1_i/mySwitch_0/inst/rIRQ_i_2_n_0                                                                                                               |                1 |              8 |
|  design_1_i/processing_system7_0/inst/FCLK_CLK0 | design_1_i/mySwitch_0/inst/mySwitch_v1_0_S00_AXI_inst/slv_reg2[15]_i_1_n_0                                                                                     | design_1_i/mySwitch_0/inst/rIRQ_i_2_n_0                                                                                                               |                2 |              8 |
|  design_1_i/processing_system7_0/inst/FCLK_CLK0 | design_1_i/mySwitch_0/inst/mySwitch_v1_0_S00_AXI_inst/slv_reg2[31]_i_1_n_0                                                                                     | design_1_i/mySwitch_0/inst/rIRQ_i_2_n_0                                                                                                               |                2 |              8 |
|  design_1_i/processing_system7_0/inst/FCLK_CLK0 | design_1_i/mySwitch_0/inst/mySwitch_v1_0_S00_AXI_inst/slv_reg2[7]_i_1_n_0                                                                                      | design_1_i/mySwitch_0/inst/rIRQ_i_2_n_0                                                                                                               |                1 |              8 |
|  design_1_i/processing_system7_0/inst/FCLK_CLK0 | design_1_i/mySwitch_0/inst/mySwitch_v1_0_S00_AXI_inst/slv_reg3[23]_i_1_n_0                                                                                     | design_1_i/mySwitch_0/inst/rIRQ_i_2_n_0                                                                                                               |                1 |              8 |
|  design_1_i/processing_system7_0/inst/FCLK_CLK0 | design_1_i/mySwitch_0/inst/mySwitch_v1_0_S00_AXI_inst/slv_reg3[31]_i_1_n_0                                                                                     | design_1_i/mySwitch_0/inst/rIRQ_i_2_n_0                                                                                                               |                1 |              8 |
|  design_1_i/processing_system7_0/inst/FCLK_CLK0 | design_1_i/mySwitch_0/inst/mySwitch_v1_0_S00_AXI_inst/slv_reg3[7]_i_1_n_0                                                                                      | design_1_i/mySwitch_0/inst/rIRQ_i_2_n_0                                                                                                               |                1 |              8 |
|  design_1_i/processing_system7_0/inst/FCLK_CLK0 | design_1_i/mySwitch_0/inst/mySwitch_v1_0_S00_AXI_inst/p_1_in[0]                                                                                                | design_1_i/mySwitch_0/inst/rIRQ_i_2_n_0                                                                                                               |                1 |              8 |
|  design_1_i/processing_system7_0/inst/FCLK_CLK0 | design_1_i/mySwitch_0/inst/mySwitch_v1_0_S00_AXI_inst/p_1_in[15]                                                                                               | design_1_i/mySwitch_0/inst/rIRQ_i_2_n_0                                                                                                               |                2 |              8 |
|  design_1_i/processing_system7_0/inst/FCLK_CLK0 | design_1_i/mySwitch_0/inst/mySwitch_v1_0_S00_AXI_inst/slv_reg2[23]_i_1_n_0                                                                                     | design_1_i/mySwitch_0/inst/rIRQ_i_2_n_0                                                                                                               |                1 |              8 |
|  design_1_i/processing_system7_0/inst/FCLK_CLK0 | design_1_i/mySwitch_0/inst/mySwitch_v1_0_S00_AXI_inst/p_1_in[23]                                                                                               | design_1_i/mySwitch_0/inst/rIRQ_i_2_n_0                                                                                                               |                1 |              8 |
|  design_1_i/processing_system7_0/inst/FCLK_CLK0 | design_1_i/mySwitch_0/inst/mySwitch_v1_0_S00_AXI_inst/p_1_in[31]                                                                                               | design_1_i/mySwitch_0/inst/rIRQ_i_2_n_0                                                                                                               |                3 |              8 |
|  design_1_i/processing_system7_0/inst/FCLK_CLK0 | design_1_i/myDCMotor_0/inst/myDCMotor_v1_0_S00_AXI_inst/slv_reg1[31]_i_1_n_0                                                                                   | design_1_i/myDCMotor_0/inst/myDCMotor_v1_0_S00_AXI_inst/s00_axi_aresetn_0                                                                             |                2 |              8 |
|  design_1_i/processing_system7_0/inst/FCLK_CLK0 | design_1_i/myDCMotor_0/inst/myDCMotor_v1_0_S00_AXI_inst/slv_reg2[31]_i_1_n_0                                                                                   | design_1_i/myDCMotor_0/inst/myDCMotor_v1_0_S00_AXI_inst/s00_axi_aresetn_0                                                                             |                2 |              8 |
|  design_1_i/processing_system7_0/inst/FCLK_CLK0 | design_1_i/myDCMotor_0/inst/myDCMotor_v1_0_S00_AXI_inst/slv_reg1[7]_i_1_n_0                                                                                    | design_1_i/myDCMotor_0/inst/myDCMotor_v1_0_S00_AXI_inst/s00_axi_aresetn_0                                                                             |                1 |              8 |
|  design_1_i/processing_system7_0/inst/FCLK_CLK0 | design_1_i/myDCMotor_0/inst/myDCMotor_v1_0_S00_AXI_inst/slv_reg1[15]_i_1_n_0                                                                                   | design_1_i/myDCMotor_0/inst/myDCMotor_v1_0_S00_AXI_inst/s00_axi_aresetn_0                                                                             |                2 |              8 |
|  design_1_i/processing_system7_0/inst/FCLK_CLK0 | design_1_i/myDCMotor_0/inst/myDCMotor_v1_0_S00_AXI_inst/slv_reg1[23]_i_1_n_0                                                                                   | design_1_i/myDCMotor_0/inst/myDCMotor_v1_0_S00_AXI_inst/s00_axi_aresetn_0                                                                             |                2 |              8 |
|  design_1_i/processing_system7_0/inst/FCLK_CLK0 | design_1_i/myDCMotor_0/inst/myDCMotor_v1_0_S00_AXI_inst/slv_reg2[15]_i_1_n_0                                                                                   | design_1_i/myDCMotor_0/inst/myDCMotor_v1_0_S00_AXI_inst/s00_axi_aresetn_0                                                                             |                2 |              8 |
|  design_1_i/processing_system7_0/inst/FCLK_CLK0 | design_1_i/myDCMotor_0/inst/myDCMotor_v1_0_S00_AXI_inst/slv_reg2[23]_i_1_n_0                                                                                   | design_1_i/myDCMotor_0/inst/myDCMotor_v1_0_S00_AXI_inst/s00_axi_aresetn_0                                                                             |                3 |              8 |
|  design_1_i/processing_system7_0/inst/FCLK_CLK0 | design_1_i/myDCMotor_0/inst/myDCMotor_v1_0_S00_AXI_inst/slv_reg2[7]_i_1_n_0                                                                                    | design_1_i/myDCMotor_0/inst/myDCMotor_v1_0_S00_AXI_inst/s00_axi_aresetn_0                                                                             |                1 |              8 |
|  design_1_i/processing_system7_0/inst/FCLK_CLK0 | design_1_i/myDCMotor_0/inst/myDCMotor_v1_0_S00_AXI_inst/slv_reg7[15]_i_1_n_0                                                                                   | design_1_i/myDCMotor_0/inst/myDCMotor_v1_0_S00_AXI_inst/s00_axi_aresetn_0                                                                             |                2 |              8 |
|  design_1_i/processing_system7_0/inst/FCLK_CLK0 | design_1_i/myDCMotor_0/inst/myDCMotor_v1_0_S00_AXI_inst/slv_reg7[31]_i_1_n_0                                                                                   | design_1_i/myDCMotor_0/inst/myDCMotor_v1_0_S00_AXI_inst/s00_axi_aresetn_0                                                                             |                3 |              8 |
|  design_1_i/processing_system7_0/inst/FCLK_CLK0 | design_1_i/myDCMotor_0/inst/myDCMotor_v1_0_S00_AXI_inst/slv_reg4[23]_i_1_n_0                                                                                   | design_1_i/myDCMotor_0/inst/myDCMotor_v1_0_S00_AXI_inst/s00_axi_aresetn_0                                                                             |                2 |              8 |
|  design_1_i/processing_system7_0/inst/FCLK_CLK0 | design_1_i/myDCMotor_0/inst/myDCMotor_v1_0_S00_AXI_inst/slv_reg3[31]_i_1_n_0                                                                                   | design_1_i/myDCMotor_0/inst/myDCMotor_v1_0_S00_AXI_inst/s00_axi_aresetn_0                                                                             |                3 |              8 |
|  design_1_i/processing_system7_0/inst/FCLK_CLK0 | design_1_i/myDCMotor_0/inst/myDCMotor_v1_0_S00_AXI_inst/slv_reg6[15]_i_1_n_0                                                                                   | design_1_i/myDCMotor_0/inst/myDCMotor_v1_0_S00_AXI_inst/s00_axi_aresetn_0                                                                             |                1 |              8 |
|  design_1_i/processing_system7_0/inst/FCLK_CLK0 | design_1_i/myDCMotor_0/inst/myDCMotor_v1_0_S00_AXI_inst/slv_reg7[7]_i_1_n_0                                                                                    | design_1_i/myDCMotor_0/inst/myDCMotor_v1_0_S00_AXI_inst/s00_axi_aresetn_0                                                                             |                4 |              8 |
|  design_1_i/processing_system7_0/inst/FCLK_CLK0 | design_1_i/myDCMotor_0/inst/myDCMotor_v1_0_S00_AXI_inst/slv_reg5[31]_i_1_n_0                                                                                   | design_1_i/myDCMotor_0/inst/myDCMotor_v1_0_S00_AXI_inst/s00_axi_aresetn_0                                                                             |                2 |              8 |
|  design_1_i/processing_system7_0/inst/FCLK_CLK0 | design_1_i/myDCMotor_0/inst/myDCMotor_v1_0_S00_AXI_inst/slv_reg5[15]_i_1_n_0                                                                                   | design_1_i/myDCMotor_0/inst/myDCMotor_v1_0_S00_AXI_inst/s00_axi_aresetn_0                                                                             |                3 |              8 |
|  design_1_i/processing_system7_0/inst/FCLK_CLK0 | design_1_i/myDCMotor_0/inst/myDCMotor_v1_0_S00_AXI_inst/slv_reg5[23]_i_1_n_0                                                                                   | design_1_i/myDCMotor_0/inst/myDCMotor_v1_0_S00_AXI_inst/s00_axi_aresetn_0                                                                             |                3 |              8 |
|  design_1_i/processing_system7_0/inst/FCLK_CLK0 | design_1_i/myDCMotor_0/inst/myDCMotor_v1_0_S00_AXI_inst/slv_reg6[31]_i_1_n_0                                                                                   | design_1_i/myDCMotor_0/inst/myDCMotor_v1_0_S00_AXI_inst/s00_axi_aresetn_0                                                                             |                3 |              8 |
|  design_1_i/processing_system7_0/inst/FCLK_CLK0 | design_1_i/myDCMotor_0/inst/myDCMotor_v1_0_S00_AXI_inst/slv_reg3[15]_i_1_n_0                                                                                   | design_1_i/myDCMotor_0/inst/myDCMotor_v1_0_S00_AXI_inst/s00_axi_aresetn_0                                                                             |                5 |              8 |
|  design_1_i/processing_system7_0/inst/FCLK_CLK0 | design_1_i/myDCMotor_0/inst/myDCMotor_v1_0_S00_AXI_inst/slv_reg4[31]_i_1_n_0                                                                                   | design_1_i/myDCMotor_0/inst/myDCMotor_v1_0_S00_AXI_inst/s00_axi_aresetn_0                                                                             |                2 |              8 |
|  design_1_i/processing_system7_0/inst/FCLK_CLK0 | design_1_i/myDCMotor_0/inst/myDCMotor_v1_0_S00_AXI_inst/slv_reg3[23]_i_1_n_0                                                                                   | design_1_i/myDCMotor_0/inst/myDCMotor_v1_0_S00_AXI_inst/s00_axi_aresetn_0                                                                             |                1 |              8 |
|  design_1_i/processing_system7_0/inst/FCLK_CLK0 | design_1_i/myDCMotor_0/inst/myDCMotor_v1_0_S00_AXI_inst/slv_reg4[7]_i_1_n_0                                                                                    | design_1_i/myDCMotor_0/inst/myDCMotor_v1_0_S00_AXI_inst/s00_axi_aresetn_0                                                                             |                2 |              8 |
|  design_1_i/processing_system7_0/inst/FCLK_CLK0 | design_1_i/myDCMotor_0/inst/myDCMotor_v1_0_S00_AXI_inst/slv_reg7[23]_i_1_n_0                                                                                   | design_1_i/myDCMotor_0/inst/myDCMotor_v1_0_S00_AXI_inst/s00_axi_aresetn_0                                                                             |                1 |              8 |
|  design_1_i/processing_system7_0/inst/FCLK_CLK0 | design_1_i/myDCMotor_0/inst/myDCMotor_v1_0_S00_AXI_inst/slv_reg6[23]_i_1_n_0                                                                                   | design_1_i/myDCMotor_0/inst/myDCMotor_v1_0_S00_AXI_inst/s00_axi_aresetn_0                                                                             |                4 |              8 |
|  design_1_i/processing_system7_0/inst/FCLK_CLK0 | design_1_i/myDCMotor_0/inst/myDCMotor_v1_0_S00_AXI_inst/slv_reg4[15]_i_1_n_0                                                                                   | design_1_i/myDCMotor_0/inst/myDCMotor_v1_0_S00_AXI_inst/s00_axi_aresetn_0                                                                             |                4 |              8 |
|  design_1_i/processing_system7_0/inst/FCLK_CLK0 | design_1_i/myDCMotor_0/inst/myDCMotor_v1_0_S00_AXI_inst/slv_reg3[7]_i_1_n_0                                                                                    | design_1_i/myDCMotor_0/inst/myDCMotor_v1_0_S00_AXI_inst/s00_axi_aresetn_0                                                                             |                4 |              8 |
|  design_1_i/processing_system7_0/inst/FCLK_CLK0 | design_1_i/myDCMotor_0/inst/myDCMotor_v1_0_S00_AXI_inst/slv_reg6[7]_i_1_n_0                                                                                    | design_1_i/myDCMotor_0/inst/myDCMotor_v1_0_S00_AXI_inst/s00_axi_aresetn_0                                                                             |                3 |              8 |
|  design_1_i/processing_system7_0/inst/FCLK_CLK0 | design_1_i/myDCMotor_0/inst/myDCMotor_v1_0_S00_AXI_inst/slv_reg5[7]_i_1_n_0                                                                                    | design_1_i/myDCMotor_0/inst/myDCMotor_v1_0_S00_AXI_inst/s00_axi_aresetn_0                                                                             |                2 |              8 |
|  design_1_i/processing_system7_0/inst/FCLK_CLK0 | design_1_i/myDCMotor_0/inst/myDCMotor_v1_0_S00_AXI_inst/p_1_in[15]                                                                                             | design_1_i/myDCMotor_0/inst/myDCMotor_v1_0_S00_AXI_inst/s00_axi_aresetn_0                                                                             |                4 |              8 |
|  design_1_i/processing_system7_0/inst/FCLK_CLK0 | design_1_i/myDCMotor_0/inst/myDCMotor_v1_0_S00_AXI_inst/p_1_in[7]                                                                                              | design_1_i/myDCMotor_0/inst/myDCMotor_v1_0_S00_AXI_inst/s00_axi_aresetn_0                                                                             |                1 |              8 |
|  design_1_i/processing_system7_0/inst/FCLK_CLK0 | design_1_i/myDCMotor_0/inst/myDCMotor_v1_0_S00_AXI_inst/p_1_in[23]                                                                                             | design_1_i/myDCMotor_0/inst/myDCMotor_v1_0_S00_AXI_inst/s00_axi_aresetn_0                                                                             |                2 |              8 |
|  design_1_i/processing_system7_0/inst/FCLK_CLK0 | design_1_i/myDCMotor_0/inst/myDCMotor_v1_0_S00_AXI_inst/p_1_in[31]                                                                                             | design_1_i/myDCMotor_0/inst/myDCMotor_v1_0_S00_AXI_inst/s00_axi_aresetn_0                                                                             |                1 |              8 |
| ~design_1_i/myOLEDrgb_0/inst/spi/spi_clk        | design_1_i/myOLEDrgb_0/inst/spi/shift_reg                                                                                                                      | design_1_i/myOLEDrgb_0/inst/myOLEDrgb_v1_0_S00_AXI_inst/slv_reg3_reg[0]_0                                                                             |                3 |              8 |
|  design_1_i/processing_system7_0/inst/FCLK_CLK0 | design_1_i/myOLEDrgb_0/inst/controller/data_o[7]_i_1_n_0                                                                                                       |                                                                                                                                                       |                6 |              8 |
|  design_1_i/processing_system7_0/inst/FCLK_CLK0 | design_1_i/myOLEDrgb_0/inst/myOLEDrgb_v1_0_S00_AXI_inst/i___2/slv_reg14[31]_i_1_n_0                                                                            | design_1_i/myOLEDrgb_0/inst/myOLEDrgb_v1_0_S00_AXI_inst/axi_awready_i_1_n_0                                                                           |                1 |              8 |
|  design_1_i/processing_system7_0/inst/FCLK_CLK0 | design_1_i/myOLEDrgb_0/inst/myOLEDrgb_v1_0_S00_AXI_inst/i___2/slv_reg10[23]_i_1_n_0                                                                            | design_1_i/myOLEDrgb_0/inst/myOLEDrgb_v1_0_S00_AXI_inst/axi_awready_i_1_n_0                                                                           |                3 |              8 |
|  design_1_i/processing_system7_0/inst/FCLK_CLK0 | design_1_i/myOLEDrgb_0/inst/myOLEDrgb_v1_0_S00_AXI_inst/i___2/slv_reg2[7]_i_1_n_0                                                                              | design_1_i/myOLEDrgb_0/inst/myOLEDrgb_v1_0_S00_AXI_inst/axi_awready_i_1_n_0                                                                           |                2 |              8 |
|  design_1_i/processing_system7_0/inst/FCLK_CLK0 | design_1_i/myOLEDrgb_0/inst/myOLEDrgb_v1_0_S00_AXI_inst/i___2/slv_reg3[15]_i_1_n_0                                                                             | design_1_i/myOLEDrgb_0/inst/myOLEDrgb_v1_0_S00_AXI_inst/axi_awready_i_1_n_0                                                                           |                3 |              8 |
|  design_1_i/processing_system7_0/inst/FCLK_CLK0 | design_1_i/myOLEDrgb_0/inst/myOLEDrgb_v1_0_S00_AXI_inst/i___2/slv_reg15[15]_i_1_n_0                                                                            | design_1_i/myOLEDrgb_0/inst/myOLEDrgb_v1_0_S00_AXI_inst/axi_awready_i_1_n_0                                                                           |                4 |              8 |
|  design_1_i/processing_system7_0/inst/FCLK_CLK0 | design_1_i/myOLEDrgb_0/inst/myOLEDrgb_v1_0_S00_AXI_inst/i___2/slv_reg3[23]_i_1_n_0                                                                             | design_1_i/myOLEDrgb_0/inst/myOLEDrgb_v1_0_S00_AXI_inst/axi_awready_i_1_n_0                                                                           |                4 |              8 |
|  design_1_i/processing_system7_0/inst/FCLK_CLK0 | design_1_i/myOLEDrgb_0/inst/myOLEDrgb_v1_0_S00_AXI_inst/i___2/slv_reg15[23]_i_1_n_0                                                                            | design_1_i/myOLEDrgb_0/inst/myOLEDrgb_v1_0_S00_AXI_inst/axi_awready_i_1_n_0                                                                           |                2 |              8 |
|  design_1_i/processing_system7_0/inst/FCLK_CLK0 | design_1_i/myOLEDrgb_0/inst/myOLEDrgb_v1_0_S00_AXI_inst/i___2/slv_reg1[7]_i_1_n_0                                                                              | design_1_i/myOLEDrgb_0/inst/myOLEDrgb_v1_0_S00_AXI_inst/axi_awready_i_1_n_0                                                                           |                1 |              8 |
|  design_1_i/processing_system7_0/inst/FCLK_CLK0 | design_1_i/myOLEDrgb_0/inst/myOLEDrgb_v1_0_S00_AXI_inst/i___2/slv_reg3[31]_i_1_n_0                                                                             | design_1_i/myOLEDrgb_0/inst/myOLEDrgb_v1_0_S00_AXI_inst/axi_awready_i_1_n_0                                                                           |                2 |              8 |
|  design_1_i/processing_system7_0/inst/FCLK_CLK0 | design_1_i/myOLEDrgb_0/inst/myOLEDrgb_v1_0_S00_AXI_inst/i___2/slv_reg14[15]_i_1_n_0                                                                            | design_1_i/myOLEDrgb_0/inst/myOLEDrgb_v1_0_S00_AXI_inst/axi_awready_i_1_n_0                                                                           |                1 |              8 |
|  design_1_i/processing_system7_0/inst/FCLK_CLK0 | design_1_i/myOLEDrgb_0/inst/myOLEDrgb_v1_0_S00_AXI_inst/i___2/slv_reg1[31]_i_1_n_0                                                                             | design_1_i/myOLEDrgb_0/inst/myOLEDrgb_v1_0_S00_AXI_inst/axi_awready_i_1_n_0                                                                           |                1 |              8 |
|  design_1_i/processing_system7_0/inst/FCLK_CLK0 | design_1_i/myOLEDrgb_0/inst/myOLEDrgb_v1_0_S00_AXI_inst/i___2/slv_reg2[31]_i_1_n_0                                                                             | design_1_i/myOLEDrgb_0/inst/myOLEDrgb_v1_0_S00_AXI_inst/axi_awready_i_1_n_0                                                                           |                2 |              8 |
|  design_1_i/processing_system7_0/inst/FCLK_CLK0 | design_1_i/myOLEDrgb_0/inst/myOLEDrgb_v1_0_S00_AXI_inst/i___2/slv_reg12[15]_i_1_n_0                                                                            | design_1_i/myOLEDrgb_0/inst/myOLEDrgb_v1_0_S00_AXI_inst/axi_awready_i_1_n_0                                                                           |                2 |              8 |
|  design_1_i/processing_system7_0/inst/FCLK_CLK0 | design_1_i/myOLEDrgb_0/inst/myOLEDrgb_v1_0_S00_AXI_inst/i___2/slv_reg3[7]_i_1_n_0                                                                              | design_1_i/myOLEDrgb_0/inst/myOLEDrgb_v1_0_S00_AXI_inst/axi_awready_i_1_n_0                                                                           |                5 |              8 |
|  design_1_i/processing_system7_0/inst/FCLK_CLK0 | design_1_i/myOLEDrgb_0/inst/myOLEDrgb_v1_0_S00_AXI_inst/i___2/slv_reg2[23]_i_1_n_0                                                                             | design_1_i/myOLEDrgb_0/inst/myOLEDrgb_v1_0_S00_AXI_inst/axi_awready_i_1_n_0                                                                           |                4 |              8 |
|  design_1_i/processing_system7_0/inst/FCLK_CLK0 | design_1_i/myOLEDrgb_0/inst/myOLEDrgb_v1_0_S00_AXI_inst/i___2/slv_reg10[31]_i_1_n_0                                                                            | design_1_i/myOLEDrgb_0/inst/myOLEDrgb_v1_0_S00_AXI_inst/axi_awready_i_1_n_0                                                                           |                1 |              8 |
|  design_1_i/processing_system7_0/inst/FCLK_CLK0 | design_1_i/myOLEDrgb_0/inst/myOLEDrgb_v1_0_S00_AXI_inst/i___2/slv_reg10[7]_i_1_n_0                                                                             | design_1_i/myOLEDrgb_0/inst/myOLEDrgb_v1_0_S00_AXI_inst/axi_awready_i_1_n_0                                                                           |                2 |              8 |
|  design_1_i/processing_system7_0/inst/FCLK_CLK0 | design_1_i/myOLEDrgb_0/inst/myOLEDrgb_v1_0_S00_AXI_inst/i___2/slv_reg12[31]_i_1_n_0                                                                            | design_1_i/myOLEDrgb_0/inst/myOLEDrgb_v1_0_S00_AXI_inst/axi_awready_i_1_n_0                                                                           |                2 |              8 |
|  design_1_i/processing_system7_0/inst/FCLK_CLK0 | design_1_i/myOLEDrgb_0/inst/myOLEDrgb_v1_0_S00_AXI_inst/i___2/slv_reg13[31]_i_1_n_0                                                                            | design_1_i/myOLEDrgb_0/inst/myOLEDrgb_v1_0_S00_AXI_inst/axi_awready_i_1_n_0                                                                           |                2 |              8 |
|  design_1_i/processing_system7_0/inst/FCLK_CLK0 | design_1_i/myOLEDrgb_0/inst/myOLEDrgb_v1_0_S00_AXI_inst/i___2/slv_reg13[15]_i_1_n_0                                                                            | design_1_i/myOLEDrgb_0/inst/myOLEDrgb_v1_0_S00_AXI_inst/axi_awready_i_1_n_0                                                                           |                5 |              8 |
|  design_1_i/processing_system7_0/inst/FCLK_CLK0 | design_1_i/myOLEDrgb_0/inst/myOLEDrgb_v1_0_S00_AXI_inst/i___2/slv_reg13[7]_i_1_n_0                                                                             | design_1_i/myOLEDrgb_0/inst/myOLEDrgb_v1_0_S00_AXI_inst/axi_awready_i_1_n_0                                                                           |                4 |              8 |
|  design_1_i/processing_system7_0/inst/FCLK_CLK0 | design_1_i/myOLEDrgb_0/inst/myOLEDrgb_v1_0_S00_AXI_inst/i___2/slv_reg14[23]_i_1_n_0                                                                            | design_1_i/myOLEDrgb_0/inst/myOLEDrgb_v1_0_S00_AXI_inst/axi_awready_i_1_n_0                                                                           |                1 |              8 |
|  design_1_i/processing_system7_0/inst/FCLK_CLK0 | design_1_i/myOLEDrgb_0/inst/myOLEDrgb_v1_0_S00_AXI_inst/i___2/slv_reg14[7]_i_1_n_0                                                                             | design_1_i/myOLEDrgb_0/inst/myOLEDrgb_v1_0_S00_AXI_inst/axi_awready_i_1_n_0                                                                           |                3 |              8 |
|  design_1_i/processing_system7_0/inst/FCLK_CLK0 | design_1_i/myOLEDrgb_0/inst/myOLEDrgb_v1_0_S00_AXI_inst/i___2/slv_reg15[31]_i_1_n_0                                                                            | design_1_i/myOLEDrgb_0/inst/myOLEDrgb_v1_0_S00_AXI_inst/axi_awready_i_1_n_0                                                                           |                4 |              8 |
|  design_1_i/processing_system7_0/inst/FCLK_CLK0 | design_1_i/myOLEDrgb_0/inst/myOLEDrgb_v1_0_S00_AXI_inst/i___2/slv_reg11[31]_i_1_n_0                                                                            | design_1_i/myOLEDrgb_0/inst/myOLEDrgb_v1_0_S00_AXI_inst/axi_awready_i_1_n_0                                                                           |                2 |              8 |
|  design_1_i/processing_system7_0/inst/FCLK_CLK0 | design_1_i/myOLEDrgb_0/inst/myOLEDrgb_v1_0_S00_AXI_inst/i___2/slv_reg11[7]_i_1_n_0                                                                             | design_1_i/myOLEDrgb_0/inst/myOLEDrgb_v1_0_S00_AXI_inst/axi_awready_i_1_n_0                                                                           |                2 |              8 |
|  design_1_i/processing_system7_0/inst/FCLK_CLK0 | design_1_i/myOLEDrgb_0/inst/myOLEDrgb_v1_0_S00_AXI_inst/i___2/slv_reg13[23]_i_1_n_0                                                                            | design_1_i/myOLEDrgb_0/inst/myOLEDrgb_v1_0_S00_AXI_inst/axi_awready_i_1_n_0                                                                           |                1 |              8 |
|  design_1_i/processing_system7_0/inst/FCLK_CLK0 | design_1_i/myOLEDrgb_0/inst/myOLEDrgb_v1_0_S00_AXI_inst/i___2/slv_reg15[7]_i_1_n_0                                                                             | design_1_i/myOLEDrgb_0/inst/myOLEDrgb_v1_0_S00_AXI_inst/axi_awready_i_1_n_0                                                                           |                3 |              8 |
|  design_1_i/processing_system7_0/inst/FCLK_CLK0 | design_1_i/myOLEDrgb_0/inst/myOLEDrgb_v1_0_S00_AXI_inst/i___2/slv_reg11[15]_i_1_n_0                                                                            | design_1_i/myOLEDrgb_0/inst/myOLEDrgb_v1_0_S00_AXI_inst/axi_awready_i_1_n_0                                                                           |                1 |              8 |
|  design_1_i/processing_system7_0/inst/FCLK_CLK0 | design_1_i/myOLEDrgb_0/inst/myOLEDrgb_v1_0_S00_AXI_inst/i___2/slv_reg1[15]_i_1_n_0                                                                             | design_1_i/myOLEDrgb_0/inst/myOLEDrgb_v1_0_S00_AXI_inst/axi_awready_i_1_n_0                                                                           |                3 |              8 |
|  design_1_i/processing_system7_0/inst/FCLK_CLK0 | design_1_i/myOLEDrgb_0/inst/myOLEDrgb_v1_0_S00_AXI_inst/i___2/slv_reg1[23]_i_1_n_0                                                                             | design_1_i/myOLEDrgb_0/inst/myOLEDrgb_v1_0_S00_AXI_inst/axi_awready_i_1_n_0                                                                           |                4 |              8 |
|  design_1_i/processing_system7_0/inst/FCLK_CLK0 | design_1_i/myOLEDrgb_0/inst/myOLEDrgb_v1_0_S00_AXI_inst/i___2/slv_reg11[23]_i_1_n_0                                                                            | design_1_i/myOLEDrgb_0/inst/myOLEDrgb_v1_0_S00_AXI_inst/axi_awready_i_1_n_0                                                                           |                1 |              8 |
|  design_1_i/processing_system7_0/inst/FCLK_CLK0 | design_1_i/myOLEDrgb_0/inst/myOLEDrgb_v1_0_S00_AXI_inst/i___2/slv_reg12[23]_i_1_n_0                                                                            | design_1_i/myOLEDrgb_0/inst/myOLEDrgb_v1_0_S00_AXI_inst/axi_awready_i_1_n_0                                                                           |                1 |              8 |
|  design_1_i/processing_system7_0/inst/FCLK_CLK0 | design_1_i/myOLEDrgb_0/inst/myOLEDrgb_v1_0_S00_AXI_inst/i___2/slv_reg2[15]_i_1_n_0                                                                             | design_1_i/myOLEDrgb_0/inst/myOLEDrgb_v1_0_S00_AXI_inst/axi_awready_i_1_n_0                                                                           |                2 |              8 |
|  design_1_i/processing_system7_0/inst/FCLK_CLK0 | design_1_i/myOLEDrgb_0/inst/myOLEDrgb_v1_0_S00_AXI_inst/i___2/slv_reg12[7]_i_1_n_0                                                                             | design_1_i/myOLEDrgb_0/inst/myOLEDrgb_v1_0_S00_AXI_inst/axi_awready_i_1_n_0                                                                           |                1 |              8 |
|  design_1_i/processing_system7_0/inst/FCLK_CLK0 | design_1_i/myOLEDrgb_0/inst/myOLEDrgb_v1_0_S00_AXI_inst/i___2/slv_reg8[15]_i_1_n_0                                                                             | design_1_i/myOLEDrgb_0/inst/myOLEDrgb_v1_0_S00_AXI_inst/axi_awready_i_1_n_0                                                                           |                5 |              8 |
|  design_1_i/processing_system7_0/inst/FCLK_CLK0 | design_1_i/myOLEDrgb_0/inst/myOLEDrgb_v1_0_S00_AXI_inst/i___2/slv_reg8[31]_i_1_n_0                                                                             | design_1_i/myOLEDrgb_0/inst/myOLEDrgb_v1_0_S00_AXI_inst/axi_awready_i_1_n_0                                                                           |                7 |              8 |
|  design_1_i/processing_system7_0/inst/FCLK_CLK0 | design_1_i/myOLEDrgb_0/inst/myOLEDrgb_v1_0_S00_AXI_inst/i___2/slv_reg9[7]_i_1_n_0                                                                              | design_1_i/myOLEDrgb_0/inst/myOLEDrgb_v1_0_S00_AXI_inst/axi_awready_i_1_n_0                                                                           |                1 |              8 |
|  design_1_i/processing_system7_0/inst/FCLK_CLK0 | design_1_i/myOLEDrgb_0/inst/myOLEDrgb_v1_0_S00_AXI_inst/i___2/slv_reg9[15]_i_1_n_0                                                                             | design_1_i/myOLEDrgb_0/inst/myOLEDrgb_v1_0_S00_AXI_inst/axi_awready_i_1_n_0                                                                           |                1 |              8 |
|  design_1_i/processing_system7_0/inst/FCLK_CLK0 | design_1_i/myOLEDrgb_0/inst/myOLEDrgb_v1_0_S00_AXI_inst/i___2/slv_reg7[23]_i_1_n_0                                                                             | design_1_i/myOLEDrgb_0/inst/myOLEDrgb_v1_0_S00_AXI_inst/axi_awready_i_1_n_0                                                                           |                3 |              8 |
|  design_1_i/processing_system7_0/inst/FCLK_CLK0 | design_1_i/myOLEDrgb_0/inst/myOLEDrgb_v1_0_S00_AXI_inst/p_1_in[7]                                                                                              | design_1_i/myOLEDrgb_0/inst/myOLEDrgb_v1_0_S00_AXI_inst/axi_awready_i_1_n_0                                                                           |                5 |              8 |
|  design_1_i/processing_system7_0/inst/FCLK_CLK0 | design_1_i/myOLEDrgb_0/inst/myOLEDrgb_v1_0_S00_AXI_inst/i___2/slv_reg7[15]_i_1_n_0                                                                             | design_1_i/myOLEDrgb_0/inst/myOLEDrgb_v1_0_S00_AXI_inst/axi_awready_i_1_n_0                                                                           |                1 |              8 |
|  design_1_i/processing_system7_0/inst/FCLK_CLK0 | design_1_i/myOLEDrgb_0/inst/myOLEDrgb_v1_0_S00_AXI_inst/p_1_in[23]                                                                                             | design_1_i/myOLEDrgb_0/inst/myOLEDrgb_v1_0_S00_AXI_inst/axi_awready_i_1_n_0                                                                           |                1 |              8 |
|  design_1_i/processing_system7_0/inst/FCLK_CLK0 | design_1_i/myOLEDrgb_0/inst/myOLEDrgb_v1_0_S00_AXI_inst/p_1_in[31]                                                                                             | design_1_i/myOLEDrgb_0/inst/myOLEDrgb_v1_0_S00_AXI_inst/axi_awready_i_1_n_0                                                                           |                2 |              8 |
|  design_1_i/processing_system7_0/inst/FCLK_CLK0 | design_1_i/myOLEDrgb_0/inst/myOLEDrgb_v1_0_S00_AXI_inst/i___2/slv_reg6[23]_i_1_n_0                                                                             | design_1_i/myOLEDrgb_0/inst/myOLEDrgb_v1_0_S00_AXI_inst/axi_awready_i_1_n_0                                                                           |                3 |              8 |
|  design_1_i/processing_system7_0/inst/FCLK_CLK0 | design_1_i/myOLEDrgb_0/inst/myOLEDrgb_v1_0_S00_AXI_inst/i___2/slv_reg5[15]_i_1_n_0                                                                             | design_1_i/myOLEDrgb_0/inst/myOLEDrgb_v1_0_S00_AXI_inst/axi_awready_i_1_n_0                                                                           |                5 |              8 |
|  design_1_i/processing_system7_0/inst/FCLK_CLK0 | design_1_i/myOLEDrgb_0/inst/myOLEDrgb_v1_0_S00_AXI_inst/i___2/slv_reg4[31]_i_1_n_0                                                                             | design_1_i/myOLEDrgb_0/inst/myOLEDrgb_v1_0_S00_AXI_inst/axi_awready_i_1_n_0                                                                           |                3 |              8 |
|  design_1_i/processing_system7_0/inst/FCLK_CLK0 | design_1_i/myOLEDrgb_0/inst/myOLEDrgb_v1_0_S00_AXI_inst/i___2/slv_reg7[31]_i_1_n_0                                                                             | design_1_i/myOLEDrgb_0/inst/myOLEDrgb_v1_0_S00_AXI_inst/axi_awready_i_1_n_0                                                                           |                2 |              8 |
|  design_1_i/processing_system7_0/inst/FCLK_CLK0 | design_1_i/myOLEDrgb_0/inst/myOLEDrgb_v1_0_S00_AXI_inst/i___2/slv_reg8[23]_i_1_n_0                                                                             | design_1_i/myOLEDrgb_0/inst/myOLEDrgb_v1_0_S00_AXI_inst/axi_awready_i_1_n_0                                                                           |                3 |              8 |
|  design_1_i/processing_system7_0/inst/FCLK_CLK0 | design_1_i/myOLEDrgb_0/inst/myOLEDrgb_v1_0_S00_AXI_inst/i___2/slv_reg5[31]_i_1_n_0                                                                             | design_1_i/myOLEDrgb_0/inst/myOLEDrgb_v1_0_S00_AXI_inst/axi_awready_i_1_n_0                                                                           |                1 |              8 |
|  design_1_i/processing_system7_0/inst/FCLK_CLK0 | design_1_i/myOLEDrgb_0/inst/myOLEDrgb_v1_0_S00_AXI_inst/i___2/slv_reg9[23]_i_1_n_0                                                                             | design_1_i/myOLEDrgb_0/inst/myOLEDrgb_v1_0_S00_AXI_inst/axi_awready_i_1_n_0                                                                           |                2 |              8 |
|  design_1_i/processing_system7_0/inst/FCLK_CLK0 | design_1_i/myOLEDrgb_0/inst/myOLEDrgb_v1_0_S00_AXI_inst/i___2/slv_reg9[31]_i_1_n_0                                                                             | design_1_i/myOLEDrgb_0/inst/myOLEDrgb_v1_0_S00_AXI_inst/axi_awready_i_1_n_0                                                                           |                2 |              8 |
|  design_1_i/processing_system7_0/inst/FCLK_CLK0 | design_1_i/myOLEDrgb_0/inst/myOLEDrgb_v1_0_S00_AXI_inst/i___2/slv_reg4[15]_i_1_n_0                                                                             | design_1_i/myOLEDrgb_0/inst/myOLEDrgb_v1_0_S00_AXI_inst/axi_awready_i_1_n_0                                                                           |                4 |              8 |
|  design_1_i/processing_system7_0/inst/FCLK_CLK0 | design_1_i/myOLEDrgb_0/inst/myOLEDrgb_v1_0_S00_AXI_inst/i___2/slv_reg4[7]_i_1_n_0                                                                              | design_1_i/myOLEDrgb_0/inst/myOLEDrgb_v1_0_S00_AXI_inst/axi_awready_i_1_n_0                                                                           |                2 |              8 |
|  design_1_i/processing_system7_0/inst/FCLK_CLK0 | design_1_i/myOLEDrgb_0/inst/myOLEDrgb_v1_0_S00_AXI_inst/i___2/slv_reg8[7]_i_1_n_0                                                                              | design_1_i/myOLEDrgb_0/inst/myOLEDrgb_v1_0_S00_AXI_inst/axi_awready_i_1_n_0                                                                           |                4 |              8 |
|  design_1_i/processing_system7_0/inst/FCLK_CLK0 | design_1_i/myOLEDrgb_0/inst/myOLEDrgb_v1_0_S00_AXI_inst/i___2/slv_reg5[7]_i_1_n_0                                                                              | design_1_i/myOLEDrgb_0/inst/myOLEDrgb_v1_0_S00_AXI_inst/axi_awready_i_1_n_0                                                                           |                2 |              8 |
|  design_1_i/processing_system7_0/inst/FCLK_CLK0 | design_1_i/myOLEDrgb_0/inst/myOLEDrgb_v1_0_S00_AXI_inst/i___2/slv_reg6[31]_i_1_n_0                                                                             | design_1_i/myOLEDrgb_0/inst/myOLEDrgb_v1_0_S00_AXI_inst/axi_awready_i_1_n_0                                                                           |                2 |              8 |
|  design_1_i/processing_system7_0/inst/FCLK_CLK0 | design_1_i/myOLEDrgb_0/inst/myOLEDrgb_v1_0_S00_AXI_inst/p_1_in[15]                                                                                             | design_1_i/myOLEDrgb_0/inst/myOLEDrgb_v1_0_S00_AXI_inst/axi_awready_i_1_n_0                                                                           |                2 |              8 |
|  design_1_i/processing_system7_0/inst/FCLK_CLK0 | design_1_i/myOLEDrgb_0/inst/myOLEDrgb_v1_0_S00_AXI_inst/i___2/slv_reg7[7]_i_1_n_0                                                                              | design_1_i/myOLEDrgb_0/inst/myOLEDrgb_v1_0_S00_AXI_inst/axi_awready_i_1_n_0                                                                           |                2 |              8 |
|  design_1_i/processing_system7_0/inst/FCLK_CLK0 | design_1_i/myOLEDrgb_0/inst/myOLEDrgb_v1_0_S00_AXI_inst/i___2/slv_reg5[23]_i_1_n_0                                                                             | design_1_i/myOLEDrgb_0/inst/myOLEDrgb_v1_0_S00_AXI_inst/axi_awready_i_1_n_0                                                                           |                1 |              8 |
|  design_1_i/processing_system7_0/inst/FCLK_CLK0 | design_1_i/myOLEDrgb_0/inst/myOLEDrgb_v1_0_S00_AXI_inst/i___2/slv_reg4[23]_i_1_n_0                                                                             | design_1_i/myOLEDrgb_0/inst/myOLEDrgb_v1_0_S00_AXI_inst/axi_awready_i_1_n_0                                                                           |                1 |              8 |
|  design_1_i/processing_system7_0/inst/FCLK_CLK0 | design_1_i/myOLEDrgb_0/inst/myOLEDrgb_v1_0_S00_AXI_inst/i___2/slv_reg6[15]_i_1_n_0                                                                             | design_1_i/myOLEDrgb_0/inst/myOLEDrgb_v1_0_S00_AXI_inst/axi_awready_i_1_n_0                                                                           |                2 |              8 |
|  design_1_i/processing_system7_0/inst/FCLK_CLK0 | design_1_i/myOLEDrgb_0/inst/myOLEDrgb_v1_0_S00_AXI_inst/i___2/slv_reg6[7]_i_1_n_0                                                                              | design_1_i/myOLEDrgb_0/inst/myOLEDrgb_v1_0_S00_AXI_inst/axi_awready_i_1_n_0                                                                           |                5 |              8 |
|  design_1_i/processing_system7_0/inst/FCLK_CLK0 | design_1_i/ps7_0_axi_periph/s00_couplers/auto_pc/inst/gen_axilite.gen_b2s_conv.axilite_b2s/WR.b_channel_0/mhandshake_r                                         | design_1_i/ps7_0_axi_periph/s00_couplers/auto_pc/inst/gen_axilite.gen_b2s_conv.axilite_b2s/WR.b_channel_0/bid_fifo_0/SR[0]                            |                3 |              8 |
|  design_1_i/processing_system7_0/inst/FCLK_CLK0 | design_1_i/myMAXSONAR_0/inst/myMAXSONAR_v1_0_S00_AXI_inst/slv_reg0[0]_i_2_n_0                                                                                  | design_1_i/myMAXSONAR_0/inst/myMAXSONAR_v1_0_S00_AXI_inst/slv_reg0[0]_i_1_n_0                                                                         |                3 |              9 |
|  design_1_i/myDCMotor_0/inst/clk_div/CLK        |                                                                                                                                                                | design_1_i/myDCMotor_0/inst/myDCMotor_v1_0_S00_AXI_inst/s00_axi_aresetn_0                                                                             |                4 |              9 |
|  design_1_i/processing_system7_0/inst/FCLK_CLK0 |                                                                                                                                                                | design_1_i/ps7_0_axi_periph/s00_couplers/auto_pc/inst/gen_axilite.gen_b2s_conv.axilite_b2s/areset_d1                                                  |                4 |             10 |
|  design_1_i/processing_system7_0/inst/FCLK_CLK0 |                                                                                                                                                                | design_1_i/myOLEDrgb_0/inst/myOLEDrgb_v1_0_S00_AXI_inst/slv_reg3_reg[0]_0                                                                             |                5 |             10 |
|  design_1_i/processing_system7_0/inst/FCLK_CLK0 |                                                                                                                                                                | design_1_i/myBuzzer_0/inst/myBuzzer_v1_0_S00_AXI_inst/SR[0]                                                                                           |                5 |             11 |
|  design_1_i/processing_system7_0/inst/FCLK_CLK0 |                                                                                                                                                                | design_1_i/mySwitch_0/inst/rIRQ_i_2_n_0                                                                                                               |                5 |             11 |
|  design_1_i/processing_system7_0/inst/FCLK_CLK0 |                                                                                                                                                                | design_1_i/ps7_0_axi_periph/xbar/inst/gen_sasd.crossbar_sasd_0/addr_arbiter_inst/SR[0]                                                                |                4 |             13 |
|  design_1_i/processing_system7_0/inst/FCLK_CLK0 | design_1_i/ps7_0_axi_periph/s00_couplers/auto_pc/inst/gen_axilite.gen_b2s_conv.axilite_b2s/RD.r_channel_0/r_push_r                                             |                                                                                                                                                       |                4 |             13 |
|  design_1_i/processing_system7_0/inst/FCLK_CLK0 | design_1_i/ps7_0_axi_periph/s00_couplers/auto_pc/inst/gen_axilite.gen_b2s_conv.axilite_b2s/SI_REG/b.b_pipe/s_ready_i_reg_0                                     |                                                                                                                                                       |                2 |             14 |
|  design_1_i/processing_system7_0/inst/FCLK_CLK0 | design_1_i/ps7_0_axi_periph/s00_couplers/auto_pc/inst/gen_axilite.gen_b2s_conv.axilite_b2s/SI_REG/b.b_pipe/p_1_in                                              |                                                                                                                                                       |                2 |             14 |
|  design_1_i/processing_system7_0/inst/FCLK_CLK0 | design_1_i/ps7_0_axi_periph/s00_couplers/auto_pc/inst/gen_axilite.gen_b2s_conv.axilite_b2s/WR.aw_channel_0/aw_cmd_fsm_0/b_push                                 |                                                                                                                                                       |                3 |             16 |
|  design_1_i/processing_system7_0/inst/FCLK_CLK0 | design_1_i/ps7_0_axi_periph/s00_couplers/auto_pc/inst/gen_axilite.gen_b2s_conv.axilite_b2s/RD.ar_channel_0/ar_cmd_fsm_0/m_axi_arready_0                        |                                                                                                                                                       |                8 |             17 |
|  design_1_i/processing_system7_0/inst/FCLK_CLK0 | design_1_i/ps7_0_axi_periph/s00_couplers/auto_pc/inst/gen_axilite.gen_b2s_conv.axilite_b2s/WR.aw_channel_0/aw_cmd_fsm_0/m_valid_i_reg_0                        |                                                                                                                                                       |                7 |             17 |
|  design_1_i/processing_system7_0/inst/FCLK_CLK0 | design_1_i/ps7_0_axi_periph/xbar/inst/gen_sasd.crossbar_sasd_0/addr_arbiter_inst/p_0_in1_in                                                                    | design_1_i/ps7_0_axi_periph/xbar/inst/gen_sasd.crossbar_sasd_0/addr_arbiter_inst/SR[0]                                                                |                7 |             20 |
|  design_1_i/processing_system7_0/inst/FCLK_CLK0 |                                                                                                                                                                | design_1_i/myMAXSONAR_0/inst/myMAXSONAR_v1_0_S00_AXI_inst/slv_reg0[0]_i_1_n_0                                                                         |                9 |             21 |
|  design_1_i/processing_system7_0/inst/FCLK_CLK0 | design_1_i/myOLEDrgb_0/inst/controller/rect_cmds[4][5]_i_2_n_0                                                                                                 | design_1_i/myOLEDrgb_0/inst/controller/rect_cmds[4][5]_i_1_n_0                                                                                        |                5 |             22 |
|  design_1_i/processing_system7_0/inst/FCLK_CLK0 | design_1_i/myBuzzer_0/inst/myBuzzer_v1_0_S00_AXI_inst/E[0]                                                                                                     | design_1_i/myBuzzer_0/inst/myBuzzer_v1_0_S00_AXI_inst/SR[0]                                                                                           |                8 |             31 |
|  design_1_i/processing_system7_0/inst/FCLK_CLK0 | design_1_i/myOLEDrgb_0/inst/myOLEDrgb_v1_0_S00_AXI_inst/slv_reg_rden__0                                                                                        | design_1_i/myOLEDrgb_0/inst/myOLEDrgb_v1_0_S00_AXI_inst/axi_awready_i_1_n_0                                                                           |               32 |             32 |
|  design_1_i/processing_system7_0/inst/FCLK_CLK0 | design_1_i/myMAXSONAR_0/inst/myMAXSONAR_v1_0_S00_AXI_inst/pulse_width_0                                                                                        | design_1_i/myMAXSONAR_0/inst/myMAXSONAR_v1_0_S00_AXI_inst/slv_reg0[0]_i_1_n_0                                                                         |               18 |             32 |
|  design_1_i/processing_system7_0/inst/FCLK_CLK0 | design_1_i/myMAXSONAR_0/inst/myMAXSONAR_v1_0_S00_AXI_inst/PWMzzzz                                                                                              | design_1_i/myMAXSONAR_0/inst/myMAXSONAR_v1_0_S00_AXI_inst/timer_counter[0]_i_1_n_0                                                                    |                8 |             32 |
|  design_1_i/processing_system7_0/inst/FCLK_CLK0 | design_1_i/myOLEDrgb_0/inst/controller/pixel_index[31]_i_1_n_0                                                                                                 | design_1_i/myOLEDrgb_0/inst/myOLEDrgb_v1_0_S00_AXI_inst/slv_reg3_reg[0]_0                                                                             |                9 |             32 |
|  design_1_i/processing_system7_0/inst/FCLK_CLK0 | design_1_i/myBuzzer_0/inst/myBuzzer_v1_0_S00_AXI_inst/slv_reg_rden__0                                                                                          | design_1_i/myBuzzer_0/inst/myBuzzer_v1_0_S00_AXI_inst/SR[0]                                                                                           |               12 |             32 |
|  design_1_i/processing_system7_0/inst/FCLK_CLK0 | design_1_i/myDCMotor_0/inst/myDCMotor_v1_0_S00_AXI_inst/slv_reg_rden__0                                                                                        | design_1_i/myDCMotor_0/inst/myDCMotor_v1_0_S00_AXI_inst/s00_axi_aresetn_0                                                                             |               23 |             32 |
|  design_1_i/processing_system7_0/inst/FCLK_CLK0 | design_1_i/mySwitch_0/inst/mySwitch_v1_0_S00_AXI_inst/slv_reg_rden__0                                                                                          | design_1_i/mySwitch_0/inst/rIRQ_i_2_n_0                                                                                                               |               12 |             32 |
|  design_1_i/processing_system7_0/inst/FCLK_CLK0 | design_1_i/myMAXSONAR_0/inst/myMAXSONAR_v1_0_S00_AXI_inst/slv_reg_rden__0                                                                                      | design_1_i/myMAXSONAR_0/inst/myMAXSONAR_v1_0_S00_AXI_inst/slv_reg0[0]_i_1_n_0                                                                         |               18 |             32 |
|  design_1_i/processing_system7_0/inst/FCLK_CLK0 |                                                                                                                                                                | design_1_i/myOLEDrgb_0/inst/controller/clear                                                                                                          |                8 |             32 |
|  design_1_i/processing_system7_0/inst/FCLK_CLK0 |                                                                                                                                                                | design_1_i/myDCMotor_0/inst/myDCMotor_v1_0_S00_AXI_inst/s00_axi_aresetn_0                                                                             |               11 |             34 |
|  design_1_i/processing_system7_0/inst/FCLK_CLK0 | design_1_i/ps7_0_axi_periph/s00_couplers/auto_pc/inst/gen_axilite.gen_b2s_conv.axilite_b2s/RD.r_channel_0/rd_data_fifo_0/wr_en0                                |                                                                                                                                                       |                9 |             34 |
|  design_1_i/processing_system7_0/inst/FCLK_CLK0 | design_1_i/ps7_0_axi_periph/xbar/inst/gen_sasd.crossbar_sasd_0/addr_arbiter_inst/E[0]                                                                          |                                                                                                                                                       |               12 |             35 |
|  design_1_i/processing_system7_0/inst/FCLK_CLK0 | design_1_i/ps7_0_axi_periph/s00_couplers/auto_pc/inst/gen_axilite.gen_b2s_conv.axilite_b2s/RD.ar_channel_0/ar_cmd_fsm_0/FSM_sequential_state_reg[1]_1[0]       |                                                                                                                                                       |                9 |             44 |
|  design_1_i/processing_system7_0/inst/FCLK_CLK0 | design_1_i/ps7_0_axi_periph/s00_couplers/auto_pc/inst/gen_axilite.gen_b2s_conv.axilite_b2s/SI_REG/ar.ar_pipe/s_ready_i_reg_0                                   |                                                                                                                                                       |               10 |             44 |
|  design_1_i/processing_system7_0/inst/FCLK_CLK0 | design_1_i/ps7_0_axi_periph/s00_couplers/auto_pc/inst/gen_axilite.gen_b2s_conv.axilite_b2s/SI_REG/aw.aw_pipe/s_ready_i_reg_0                                   |                                                                                                                                                       |               11 |             44 |
|  design_1_i/processing_system7_0/inst/FCLK_CLK0 | design_1_i/ps7_0_axi_periph/s00_couplers/auto_pc/inst/gen_axilite.gen_b2s_conv.axilite_b2s/WR.aw_channel_0/aw_cmd_fsm_0/m_valid_i_reg_1[0]                     |                                                                                                                                                       |               11 |             44 |
|  design_1_i/processing_system7_0/inst/FCLK_CLK0 | design_1_i/ps7_0_axi_periph/s00_couplers/auto_pc/inst/gen_axilite.gen_b2s_conv.axilite_b2s/SI_REG/r.r_pipe/p_1_in                                              |                                                                                                                                                       |                9 |             47 |
|  design_1_i/processing_system7_0/inst/FCLK_CLK0 | design_1_i/ps7_0_axi_periph/s00_couplers/auto_pc/inst/gen_axilite.gen_b2s_conv.axilite_b2s/SI_REG/r.r_pipe/s_ready_i_reg_0                                     |                                                                                                                                                       |               12 |             47 |
|  design_1_i/processing_system7_0/inst/FCLK_CLK0 |                                                                                                                                                                |                                                                                                                                                       |               68 |            183 |
+-------------------------------------------------+----------------------------------------------------------------------------------------------------------------------------------------------------------------+-------------------------------------------------------------------------------------------------------------------------------------------------------+------------------+----------------+


