23:30:57 INFO  : Registering command handlers for SDK TCF services
23:30:58 INFO  : Launching XSCT server: xsct.bat -interactive F:\01_SoC\06_Keypad\Keypad_1\ZynqLab06\ZynqLab06.sdk\temp_xsdb_launch_script.tcl
23:31:00 INFO  : XSCT server has started successfully.
23:31:02 INFO  : Successfully done setting XSCT server connection channel  
23:31:02 INFO  : Successfully done setting SDK workspace  
23:31:02 INFO  : Processing command line option -hwspec F:/01_SoC/06_Keypad/Keypad_1/ZynqLab06/ZynqLab06.sdk/design_1_wrapper.hdf.
23:34:43 INFO  : SDK has detected change in the last modified timestamps for source hardware specification file Source:1731422068614,  Project:1731421829065
23:34:43 INFO  : Project design_1_wrapper_hw_platform_0's source hardware specification located at F:/01_SoC/06_Keypad/Keypad_1/ZynqLab06/ZynqLab06.sdk/design_1_wrapper.hdf is now different from the local copy.
		 The local copy will be replaced with the source specification and your workspace will be updated.
23:34:44 INFO  : Copied contents of F:/01_SoC/06_Keypad/Keypad_1/ZynqLab06/ZynqLab06.sdk/design_1_wrapper.hdf into \design_1_wrapper_hw_platform_0\system.hdf.
23:34:46 INFO  : Synchronizing projects in the workspace with the hardware platform specification changes.
23:34:47 INFO  : 
23:34:48 INFO  : Updating hardware inferred compiler options for ZynqLab06.
23:34:48 INFO  : Clearing existing target manager status.
23:34:48 INFO  : Closing and re-opening the MSS file of ther project ZynqLab06_bsp
23:34:49 INFO  : Workspace synchronized with the new hardware specification file. Cleaning dependent projects...
23:34:49 WARN  : Linker script will not be updated automatically. Users need to update it manually.
23:35:45 INFO  : Connected to target on host '127.0.0.1' and port '3121'.
23:35:46 INFO  : Jtag cable 'Digilent Zybo Z7 210351B7AC1BA' is selected.
23:35:46 INFO  : 'jtag frequency' command is executed.
23:35:46 INFO  : Sourcing of 'F:/01_SoC/06_Keypad/Keypad_1/ZynqLab06/ZynqLab06.sdk/design_1_wrapper_hw_platform_0/ps7_init.tcl' is done.
23:35:46 INFO  : Context for 'APU' is selected.
23:35:46 INFO  : System reset is completed.
23:35:49 INFO  : 'after 3000' command is executed.
23:35:49 INFO  : 'targets -set -filter {jtag_cable_name =~ "Digilent Zybo Z7 210351B7AC1BA" && level==0} -index 1' command is executed.
23:35:52 INFO  : FPGA configured successfully with bitstream "F:/01_SoC/06_Keypad/Keypad_1/ZynqLab06/ZynqLab06.sdk/design_1_wrapper_hw_platform_0/design_1_wrapper.bit"
23:35:52 INFO  : Context for 'APU' is selected.
23:35:52 INFO  : Hardware design information is loaded from 'F:/01_SoC/06_Keypad/Keypad_1/ZynqLab06/ZynqLab06.sdk/design_1_wrapper_hw_platform_0/system.hdf'.
23:35:52 INFO  : 'configparams force-mem-access 1' command is executed.
23:35:52 INFO  : Context for 'APU' is selected.
23:35:52 INFO  : 'ps7_init' command is executed.
23:35:52 INFO  : 'ps7_post_config' command is executed.
23:35:52 INFO  : Context for processor 'ps7_cortexa9_0' is selected.
23:35:52 INFO  : The application 'F:/01_SoC/06_Keypad/Keypad_1/ZynqLab06/ZynqLab06.sdk/ZynqLab06/Debug/ZynqLab06.elf' is downloaded to processor 'ps7_cortexa9_0'.
23:35:52 INFO  : 'configparams force-mem-access 0' command is executed.
23:35:52 INFO  : ----------------XSDB Script----------------
connect -url tcp:127.0.0.1:3121
source F:/01_SoC/06_Keypad/Keypad_1/ZynqLab06/ZynqLab06.sdk/design_1_wrapper_hw_platform_0/ps7_init.tcl
targets -set -nocase -filter {name =~"APU*" && jtag_cable_name =~ "Digilent Zybo Z7 210351B7AC1BA"} -index 0
rst -system
after 3000
targets -set -filter {jtag_cable_name =~ "Digilent Zybo Z7 210351B7AC1BA" && level==0} -index 1
fpga -file F:/01_SoC/06_Keypad/Keypad_1/ZynqLab06/ZynqLab06.sdk/design_1_wrapper_hw_platform_0/design_1_wrapper.bit
targets -set -nocase -filter {name =~"APU*" && jtag_cable_name =~ "Digilent Zybo Z7 210351B7AC1BA"} -index 0
loadhw -hw F:/01_SoC/06_Keypad/Keypad_1/ZynqLab06/ZynqLab06.sdk/design_1_wrapper_hw_platform_0/system.hdf -mem-ranges [list {0x40000000 0xbfffffff}]
configparams force-mem-access 1
targets -set -nocase -filter {name =~"APU*" && jtag_cable_name =~ "Digilent Zybo Z7 210351B7AC1BA"} -index 0
ps7_init
ps7_post_config
targets -set -nocase -filter {name =~ "ARM*#0" && jtag_cable_name =~ "Digilent Zybo Z7 210351B7AC1BA"} -index 0
dow F:/01_SoC/06_Keypad/Keypad_1/ZynqLab06/ZynqLab06.sdk/ZynqLab06/Debug/ZynqLab06.elf
configparams force-mem-access 0
----------------End of Script----------------

23:35:52 INFO  : Context for processor 'ps7_cortexa9_0' is selected.
23:35:52 INFO  : 'con' command is executed.
23:35:52 INFO  : ----------------XSDB Script (After Launch)----------------
targets -set -nocase -filter {name =~ "ARM*#0" && jtag_cable_name =~ "Digilent Zybo Z7 210351B7AC1BA"} -index 0
con
----------------End of Script----------------

23:35:52 INFO  : Disconnected from the channel tcfchan#1.
