Copyright 1986-2019 Xilinx, Inc. All Rights Reserved.
------------------------------------------------------------------------------------
| Tool Version : Vivado v.2019.1 (win64) Build 2552052 Fri May 24 14:49:42 MDT 2019
| Date         : Tue Dec 10 14:25:25 2024
| Host         : DESKTOP-2TI4DL6 running 64-bit major release  (build 9200)
| Command      : upgrade_ip
| Device       : xc7z020clg400-1
------------------------------------------------------------------------------------

Upgrade Log for IP 'design_1_myOLEDrgb_0_0'

1. Summary
----------

SUCCESS in the upgrade of design_1_myOLEDrgb_0_0 (xilinx.com:user:myOLEDrgb:1.0) from (Rev. 27) to (Rev. 28)






Copyright 1986-2019 Xilinx, Inc. All Rights Reserved.
------------------------------------------------------------------------------------
| Tool Version : Vivado v.2019.1 (win64) Build 2552052 Fri May 24 14:49:42 MDT 2019
| Date         : Tue Dec 10 14:20:28 2024
| Host         : DESKTOP-2TI4DL6 running 64-bit major release  (build 9200)
| Command      : upgrade_ip
| Device       : xc7z020clg400-1
------------------------------------------------------------------------------------

Upgrade Log for IP 'design_1_myOLEDrgb_0_0'

1. Summary
----------

SUCCESS in the upgrade of design_1_myOLEDrgb_0_0 (xilinx.com:user:myOLEDrgb:1.0) from (Rev. 26) to (Rev. 27)






Copyright 1986-2019 Xilinx, Inc. All Rights Reserved.
------------------------------------------------------------------------------------
| Tool Version : Vivado v.2019.1 (win64) Build 2552052 Fri May 24 14:49:42 MDT 2019
| Date         : Tue Dec 10 14:15:09 2024
| Host         : DESKTOP-2TI4DL6 running 64-bit major release  (build 9200)
| Command      : upgrade_ip
| Device       : xc7z020clg400-1
------------------------------------------------------------------------------------

Upgrade Log for IP 'design_1_myOLEDrgb_0_0'

1. Summary
----------

SUCCESS in the upgrade of design_1_myOLEDrgb_0_0 (xilinx.com:user:myOLEDrgb:1.0) from (Rev. 24) to (Rev. 26)






Copyright 1986-2019 Xilinx, Inc. All Rights Reserved.
------------------------------------------------------------------------------------
| Tool Version : Vivado v.2019.1 (win64) Build 2552052 Fri May 24 14:49:42 MDT 2019
| Date         : Tue Dec 10 13:34:48 2024
| Host         : DESKTOP-2TI4DL6 running 64-bit major release  (build 9200)
| Command      : upgrade_ip
| Device       : xc7z020clg400-1
------------------------------------------------------------------------------------

Upgrade Log for IP 'design_1_myOLEDrgb_0_0'

1. Summary
----------

CAUTION (success, with warnings) in the upgrade of design_1_myOLEDrgb_0_0 (xilinx.com:user:myOLEDrgb:1.0) from (Rev. 23) to (Rev. 24)

After upgrade, an IP may have parameter and port differences compared to the original customization. Please review the parameters within the IP customization GUI to ensure proper functionality. Also, please review the updated IP instantiation template to ensure proper connectivity, and update your design if required.

2. Connection Warnings
----------------------

Detected external port differences while upgrading 'design_1_myOLEDrgb_0_0'. These changes may impact your design.


-Upgrade has removed port 'start'

-Upgrade has added port 'spi_busy'

-Upgrade has added port 'spi_done'

-Upgrade has added port 'spi_en'







Copyright 1986-2019 Xilinx, Inc. All Rights Reserved.
------------------------------------------------------------------------------------
| Tool Version : Vivado v.2019.1 (win64) Build 2552052 Fri May 24 14:49:42 MDT 2019
| Date         : Tue Dec 10 13:32:33 2024
| Host         : DESKTOP-2TI4DL6 running 64-bit major release  (build 9200)
| Command      : upgrade_ip
| Device       : xc7z020clg400-1
------------------------------------------------------------------------------------

Upgrade Log for IP 'design_1_myOLEDrgb_0_0'

1. Summary
----------

SUCCESS in the upgrade of design_1_myOLEDrgb_0_0 (xilinx.com:user:myOLEDrgb:1.0) from (Rev. 22) to (Rev. 23)






Copyright 1986-2019 Xilinx, Inc. All Rights Reserved.
------------------------------------------------------------------------------------
| Tool Version : Vivado v.2019.1 (win64) Build 2552052 Fri May 24 14:49:42 MDT 2019
| Date         : Mon Dec  9 04:25:17 2024
| Host         : DESKTOP-2TI4DL6 running 64-bit major release  (build 9200)
| Command      : upgrade_ip
| Device       : xc7z020clg400-1
------------------------------------------------------------------------------------

Upgrade Log for IP 'design_1_myOLEDrgb_0_0'

1. Summary
----------

SUCCESS in the upgrade of design_1_myOLEDrgb_0_0 (xilinx.com:user:myOLEDrgb:1.0) from (Rev. 21) to (Rev. 22)






Copyright 1986-2019 Xilinx, Inc. All Rights Reserved.
------------------------------------------------------------------------------------
| Tool Version : Vivado v.2019.1 (win64) Build 2552052 Fri May 24 14:49:42 MDT 2019
| Date         : Mon Dec  9 02:57:14 2024
| Host         : DESKTOP-2TI4DL6 running 64-bit major release  (build 9200)
| Command      : upgrade_ip
| Device       : xc7z020clg400-1
------------------------------------------------------------------------------------

Upgrade Log for IP 'design_1_myOLEDrgb_0_0'

1. Summary
----------

SUCCESS in the upgrade of design_1_myOLEDrgb_0_0 (xilinx.com:user:myOLEDrgb:1.0) from (Rev. 20) to (Rev. 21)






Copyright 1986-2019 Xilinx, Inc. All Rights Reserved.
------------------------------------------------------------------------------------
| Tool Version : Vivado v.2019.1 (win64) Build 2552052 Fri May 24 14:49:42 MDT 2019
| Date         : Mon Dec  9 02:02:08 2024
| Host         : DESKTOP-2TI4DL6 running 64-bit major release  (build 9200)
| Command      : upgrade_ip
| Device       : xc7z020clg400-1
------------------------------------------------------------------------------------

Upgrade Log for IP 'design_1_myOLEDrgb_0_0'

1. Summary
----------

SUCCESS in the upgrade of design_1_myOLEDrgb_0_0 (xilinx.com:user:myOLEDrgb:1.0) from (Rev. 19) to (Rev. 20)






Copyright 1986-2019 Xilinx, Inc. All Rights Reserved.
------------------------------------------------------------------------------------
| Tool Version : Vivado v.2019.1 (win64) Build 2552052 Fri May 24 14:49:42 MDT 2019
| Date         : Thu Dec  5 22:14:06 2024
| Host         : DESKTOP-2TI4DL6 running 64-bit major release  (build 9200)
| Command      : upgrade_ip
| Device       : xc7z020clg400-1
------------------------------------------------------------------------------------

Upgrade Log for IP 'design_1_myOLEDrgb_0_0'

1. Summary
----------

SUCCESS in the upgrade of design_1_myOLEDrgb_0_0 (xilinx.com:user:myOLEDrgb:1.0) from (Rev. 18) to (Rev. 19)






Copyright 1986-2019 Xilinx, Inc. All Rights Reserved.
------------------------------------------------------------------------------------
| Tool Version : Vivado v.2019.1 (win64) Build 2552052 Fri May 24 14:49:42 MDT 2019
| Date         : Thu Dec  5 12:20:04 2024
| Host         : DESKTOP-2TI4DL6 running 64-bit major release  (build 9200)
| Command      : upgrade_ip
| Device       : xc7z020clg400-1
------------------------------------------------------------------------------------

Upgrade Log for IP 'design_1_myOLEDrgb_0_0'

1. Summary
----------

SUCCESS in the upgrade of design_1_myOLEDrgb_0_0 (xilinx.com:user:myOLEDrgb:1.0) from (Rev. 17) to (Rev. 18)






Copyright 1986-2019 Xilinx, Inc. All Rights Reserved.
------------------------------------------------------------------------------------
| Tool Version : Vivado v.2019.1 (win64) Build 2552052 Fri May 24 14:49:42 MDT 2019
| Date         : Thu Dec  5 11:44:10 2024
| Host         : DESKTOP-2TI4DL6 running 64-bit major release  (build 9200)
| Command      : upgrade_ip
| Device       : xc7z020clg400-1
------------------------------------------------------------------------------------

Upgrade Log for IP 'design_1_myOLEDrgb_0_0'

1. Summary
----------

SUCCESS in the conversion of design_1_myOLEDrgb_0_0 (xilinx.com:user:myOLEDrgb:1.0 (Rev. 17)) to Vivado generation flows.






Copyright 1986-2019 Xilinx, Inc. All Rights Reserved.
------------------------------------------------------------------------------------
| Tool Version : Vivado v.2019.1 (win64) Build 2552052 Fri May 24 14:49:42 MDT 2019
| Date         : Thu Dec  5 11:43:15 2024
| Host         : DESKTOP-2TI4DL6 running 64-bit major release  (build 9200)
| Command      : upgrade_ip
| Device       : xc7z020clg400-1
------------------------------------------------------------------------------------

Upgrade Log for IP 'design_1_myOLEDrgb_0_0'

1. Summary
----------

SUCCESS in the upgrade of design_1_myOLEDrgb_0_0 (xilinx.com:user:myOLEDrgb:1.0) from (Rev. 16) to (Rev. 17)






Copyright 1986-2019 Xilinx, Inc. All Rights Reserved.
------------------------------------------------------------------------------------
| Tool Version : Vivado v.2019.1 (win64) Build 2552052 Fri May 24 14:49:42 MDT 2019
| Date         : Thu Dec  5 11:20:37 2024
| Host         : DESKTOP-2TI4DL6 running 64-bit major release  (build 9200)
| Command      : upgrade_ip
| Device       : xc7z020clg400-1
------------------------------------------------------------------------------------

Upgrade Log for IP 'design_1_myOLEDrgb_0_0'

1. Summary
----------

SUCCESS in the conversion of design_1_myOLEDrgb_0_0 (xilinx.com:user:myOLEDrgb:1.0 (Rev. 16)) to Vivado generation flows.






Copyright 1986-2019 Xilinx, Inc. All Rights Reserved.
------------------------------------------------------------------------------------
| Tool Version : Vivado v.2019.1 (win64) Build 2552052 Fri May 24 14:49:42 MDT 2019
| Date         : Thu Dec  5 11:20:05 2024
| Host         : DESKTOP-2TI4DL6 running 64-bit major release  (build 9200)
| Command      : upgrade_ip
| Device       : xc7z020clg400-1
------------------------------------------------------------------------------------

Upgrade Log for IP 'design_1_myOLEDrgb_0_0'

1. Summary
----------

CAUTION (success, with warnings) in the upgrade of design_1_myOLEDrgb_0_0 (xilinx.com:user:myOLEDrgb:1.0) from (Rev. 15) to (Rev. 16)

After upgrade, an IP may have parameter and port differences compared to the original customization. Please review the parameters within the IP customization GUI to ensure proper functionality. Also, please review the updated IP instantiation template to ensure proper connectivity, and update your design if required.

2. Connection Warnings
----------------------

Detected external port differences while upgrading 'design_1_myOLEDrgb_0_0'. These changes may impact your design.


-Upgrade has added port 'start'







Copyright 1986-2019 Xilinx, Inc. All Rights Reserved.
------------------------------------------------------------------------------------
| Tool Version : Vivado v.2019.1 (win64) Build 2552052 Fri May 24 14:49:42 MDT 2019
| Date         : Thu Dec  5 10:49:25 2024
| Host         : DESKTOP-2TI4DL6 running 64-bit major release  (build 9200)
| Command      : upgrade_ip
| Device       : xc7z020clg400-1
------------------------------------------------------------------------------------

Upgrade Log for IP 'design_1_myOLEDrgb_0_0'

1. Summary
----------

SUCCESS in the conversion of design_1_myOLEDrgb_0_0 (xilinx.com:user:myOLEDrgb:1.0 (Rev. 15)) to Vivado generation flows.






Copyright 1986-2019 Xilinx, Inc. All Rights Reserved.
------------------------------------------------------------------------------------
| Tool Version : Vivado v.2019.1 (win64) Build 2552052 Fri May 24 14:49:42 MDT 2019
| Date         : Thu Dec  5 10:49:03 2024
| Host         : DESKTOP-2TI4DL6 running 64-bit major release  (build 9200)
| Command      : upgrade_ip
| Device       : xc7z020clg400-1
------------------------------------------------------------------------------------

Upgrade Log for IP 'design_1_myOLEDrgb_0_0'

1. Summary
----------

SUCCESS in the upgrade of design_1_myOLEDrgb_0_0 (xilinx.com:user:myOLEDrgb:1.0) from (Rev. 14) to (Rev. 15)






Copyright 1986-2019 Xilinx, Inc. All Rights Reserved.
------------------------------------------------------------------------------------
| Tool Version : Vivado v.2019.1 (win64) Build 2552052 Fri May 24 14:49:42 MDT 2019
| Date         : Thu Dec  5 10:28:29 2024
| Host         : DESKTOP-2TI4DL6 running 64-bit major release  (build 9200)
| Command      : upgrade_ip
| Device       : xc7z020clg400-1
------------------------------------------------------------------------------------

Upgrade Log for IP 'design_1_myOLEDrgb_0_0'

1. Summary
----------

SUCCESS in the upgrade of design_1_myOLEDrgb_0_0 (xilinx.com:user:myOLEDrgb:1.0) from (Rev. 12) to (Rev. 14)






Copyright 1986-2019 Xilinx, Inc. All Rights Reserved.
------------------------------------------------------------------------------------
| Tool Version : Vivado v.2019.1 (win64) Build 2552052 Fri May 24 14:49:42 MDT 2019
| Date         : Thu Dec  5 08:16:40 2024
| Host         : DESKTOP-2TI4DL6 running 64-bit major release  (build 9200)
| Command      : upgrade_ip
| Device       : xc7z020clg400-1
------------------------------------------------------------------------------------

Upgrade Log for IP 'design_1_myOLEDrgb_0_0'

1. Summary
----------

SUCCESS in the conversion of design_1_myOLEDrgb_0_0 (xilinx.com:user:myOLEDrgb:1.0 (Rev. 12)) to Vivado generation flows.






Copyright 1986-2019 Xilinx, Inc. All Rights Reserved.
------------------------------------------------------------------------------------
| Tool Version : Vivado v.2019.1 (win64) Build 2552052 Fri May 24 14:49:42 MDT 2019
| Date         : Thu Dec  5 08:16:24 2024
| Host         : DESKTOP-2TI4DL6 running 64-bit major release  (build 9200)
| Command      : upgrade_ip
| Device       : xc7z020clg400-1
------------------------------------------------------------------------------------

Upgrade Log for IP 'design_1_myOLEDrgb_0_0'

1. Summary
----------

SUCCESS in the upgrade of design_1_myOLEDrgb_0_0 (xilinx.com:user:myOLEDrgb:1.0) from (Rev. 11) to (Rev. 12)






Copyright 1986-2019 Xilinx, Inc. All Rights Reserved.
------------------------------------------------------------------------------------
| Tool Version : Vivado v.2019.1 (win64) Build 2552052 Fri May 24 14:49:42 MDT 2019
| Date         : Thu Dec  5 08:06:03 2024
| Host         : DESKTOP-2TI4DL6 running 64-bit major release  (build 9200)
| Command      : upgrade_ip
| Device       : xc7z020clg400-1
------------------------------------------------------------------------------------

Upgrade Log for IP 'design_1_myOLEDrgb_0_0'

1. Summary
----------

SUCCESS in the conversion of design_1_myOLEDrgb_0_0 (xilinx.com:user:myOLEDrgb:1.0 (Rev. 11)) to Vivado generation flows.






Copyright 1986-2019 Xilinx, Inc. All Rights Reserved.
------------------------------------------------------------------------------------
| Tool Version : Vivado v.2019.1 (win64) Build 2552052 Fri May 24 14:49:42 MDT 2019
| Date         : Thu Dec  5 08:05:48 2024
| Host         : DESKTOP-2TI4DL6 running 64-bit major release  (build 9200)
| Command      : upgrade_ip
| Device       : xc7z020clg400-1
------------------------------------------------------------------------------------

Upgrade Log for IP 'design_1_myOLEDrgb_0_0'

1. Summary
----------

SUCCESS in the upgrade of design_1_myOLEDrgb_0_0 (xilinx.com:user:myOLEDrgb:1.0) from (Rev. 10) to (Rev. 11)






Copyright 1986-2019 Xilinx, Inc. All Rights Reserved.
------------------------------------------------------------------------------------
| Tool Version : Vivado v.2019.1 (win64) Build 2552052 Fri May 24 14:49:42 MDT 2019
| Date         : Thu Dec  5 07:52:13 2024
| Host         : DESKTOP-2TI4DL6 running 64-bit major release  (build 9200)
| Command      : upgrade_ip
| Device       : xc7z020clg400-1
------------------------------------------------------------------------------------

Upgrade Log for IP 'design_1_myOLEDrgb_0_0'

1. Summary
----------

SUCCESS in the conversion of design_1_myOLEDrgb_0_0 (xilinx.com:user:myOLEDrgb:1.0 (Rev. 10)) to Vivado generation flows.






Copyright 1986-2019 Xilinx, Inc. All Rights Reserved.
------------------------------------------------------------------------------------
| Tool Version : Vivado v.2019.1 (win64) Build 2552052 Fri May 24 14:49:42 MDT 2019
| Date         : Thu Dec  5 07:51:56 2024
| Host         : DESKTOP-2TI4DL6 running 64-bit major release  (build 9200)
| Command      : upgrade_ip
| Device       : xc7z020clg400-1
------------------------------------------------------------------------------------

Upgrade Log for IP 'design_1_myOLEDrgb_0_0'

1. Summary
----------

SUCCESS in the upgrade of design_1_myOLEDrgb_0_0 (xilinx.com:user:myOLEDrgb:1.0) from (Rev. 9) to (Rev. 10)






Copyright 1986-2019 Xilinx, Inc. All Rights Reserved.
------------------------------------------------------------------------------------
| Tool Version : Vivado v.2019.1 (win64) Build 2552052 Fri May 24 14:49:42 MDT 2019
| Date         : Thu Dec  5 07:28:08 2024
| Host         : DESKTOP-2TI4DL6 running 64-bit major release  (build 9200)
| Command      : upgrade_ip
| Device       : xc7z020clg400-1
------------------------------------------------------------------------------------

Upgrade Log for IP 'design_1_myOLEDrgb_0_0'

1. Summary
----------

SUCCESS in the conversion of design_1_myOLEDrgb_0_0 (xilinx.com:user:myOLEDrgb:1.0 (Rev. 9)) to Vivado generation flows.






Copyright 1986-2019 Xilinx, Inc. All Rights Reserved.
------------------------------------------------------------------------------------
| Tool Version : Vivado v.2019.1 (win64) Build 2552052 Fri May 24 14:49:42 MDT 2019
| Date         : Thu Dec  5 07:27:51 2024
| Host         : DESKTOP-2TI4DL6 running 64-bit major release  (build 9200)
| Command      : upgrade_ip
| Device       : xc7z020clg400-1
------------------------------------------------------------------------------------

Upgrade Log for IP 'design_1_myOLEDrgb_0_0'

1. Summary
----------

SUCCESS in the upgrade of design_1_myOLEDrgb_0_0 (xilinx.com:user:myOLEDrgb:1.0) from (Rev. 8) to (Rev. 9)






Copyright 1986-2019 Xilinx, Inc. All Rights Reserved.
------------------------------------------------------------------------------------
| Tool Version : Vivado v.2019.1 (win64) Build 2552052 Fri May 24 14:49:42 MDT 2019
| Date         : Thu Dec  5 06:31:50 2024
| Host         : DESKTOP-2TI4DL6 running 64-bit major release  (build 9200)
| Command      : upgrade_ip
| Device       : xc7z020clg400-1
------------------------------------------------------------------------------------

Upgrade Log for IP 'design_1_myOLEDrgb_0_0'

1. Summary
----------

SUCCESS in the conversion of design_1_myOLEDrgb_0_0 (xilinx.com:user:myOLEDrgb:1.0 (Rev. 8)) to Vivado generation flows.






Copyright 1986-2019 Xilinx, Inc. All Rights Reserved.
------------------------------------------------------------------------------------
| Tool Version : Vivado v.2019.1 (win64) Build 2552052 Fri May 24 14:49:42 MDT 2019
| Date         : Thu Dec  5 06:31:29 2024
| Host         : DESKTOP-2TI4DL6 running 64-bit major release  (build 9200)
| Command      : upgrade_ip
| Device       : xc7z020clg400-1
------------------------------------------------------------------------------------

Upgrade Log for IP 'design_1_myOLEDrgb_0_0'

1. Summary
----------

SUCCESS in the upgrade of design_1_myOLEDrgb_0_0 (xilinx.com:user:myOLEDrgb:1.0) from (Rev. 7) to (Rev. 8)






Copyright 1986-2019 Xilinx, Inc. All Rights Reserved.
------------------------------------------------------------------------------------
| Tool Version : Vivado v.2019.1 (win64) Build 2552052 Fri May 24 14:49:42 MDT 2019
| Date         : Thu Dec  5 06:25:48 2024
| Host         : DESKTOP-2TI4DL6 running 64-bit major release  (build 9200)
| Command      : upgrade_ip
| Device       : xc7z020clg400-1
------------------------------------------------------------------------------------

Upgrade Log for IP 'design_1_myOLEDrgb_0_0'

1. Summary
----------

SUCCESS in the conversion of design_1_myOLEDrgb_0_0 (xilinx.com:user:myOLEDrgb:1.0 (Rev. 7)) to Vivado generation flows.






Copyright 1986-2019 Xilinx, Inc. All Rights Reserved.
------------------------------------------------------------------------------------
| Tool Version : Vivado v.2019.1 (win64) Build 2552052 Fri May 24 14:49:42 MDT 2019
| Date         : Thu Dec  5 06:25:22 2024
| Host         : DESKTOP-2TI4DL6 running 64-bit major release  (build 9200)
| Command      : upgrade_ip
| Device       : xc7z020clg400-1
------------------------------------------------------------------------------------

Upgrade Log for IP 'design_1_myOLEDrgb_0_0'

1. Summary
----------

SUCCESS in the upgrade of design_1_myOLEDrgb_0_0 (xilinx.com:user:myOLEDrgb:1.0) from (Rev. 6) to (Rev. 7)






Copyright 1986-2019 Xilinx, Inc. All Rights Reserved.
------------------------------------------------------------------------------------
| Tool Version : Vivado v.2019.1 (win64) Build 2552052 Fri May 24 14:49:42 MDT 2019
| Date         : Thu Dec  5 03:36:55 2024
| Host         : DESKTOP-2TI4DL6 running 64-bit major release  (build 9200)
| Command      : upgrade_ip
| Device       : xc7z020clg400-1
------------------------------------------------------------------------------------

Upgrade Log for IP 'design_1_myOLEDrgb_0_0'

1. Summary
----------

SUCCESS in the conversion of design_1_myOLEDrgb_0_0 (xilinx.com:user:myOLEDrgb:1.0 (Rev. 6)) to Vivado generation flows.






Copyright 1986-2019 Xilinx, Inc. All Rights Reserved.
------------------------------------------------------------------------------------
| Tool Version : Vivado v.2019.1 (win64) Build 2552052 Fri May 24 14:49:42 MDT 2019
| Date         : Thu Dec  5 03:35:52 2024
| Host         : DESKTOP-2TI4DL6 running 64-bit major release  (build 9200)
| Command      : upgrade_ip
| Device       : xc7z020clg400-1
------------------------------------------------------------------------------------

Upgrade Log for IP 'design_1_myOLEDrgb_0_0'

1. Summary
----------

SUCCESS in the upgrade of design_1_myOLEDrgb_0_0 (xilinx.com:user:myOLEDrgb:1.0) from (Rev. 5) to (Rev. 6)






Copyright 1986-2019 Xilinx, Inc. All Rights Reserved.
------------------------------------------------------------------------------------
| Tool Version : Vivado v.2019.1 (win64) Build 2552052 Fri May 24 14:49:42 MDT 2019
| Date         : Thu Dec  5 00:19:07 2024
| Host         : DESKTOP-2TI4DL6 running 64-bit major release  (build 9200)
| Command      : upgrade_ip
| Device       : xc7z020clg400-1
------------------------------------------------------------------------------------

Upgrade Log for IP 'design_1_myOLEDrgb_0_0'

1. Summary
----------

SUCCESS in the conversion of design_1_myOLEDrgb_0_0 (xilinx.com:user:myOLEDrgb:1.0 (Rev. 5)) to Vivado generation flows.






Copyright 1986-2019 Xilinx, Inc. All Rights Reserved.
------------------------------------------------------------------------------------
| Tool Version : Vivado v.2019.1 (win64) Build 2552052 Fri May 24 14:49:42 MDT 2019
| Date         : Thu Dec  5 00:18:47 2024
| Host         : DESKTOP-2TI4DL6 running 64-bit major release  (build 9200)
| Command      : upgrade_ip
| Device       : xc7z020clg400-1
------------------------------------------------------------------------------------

Upgrade Log for IP 'design_1_myOLEDrgb_0_0'

1. Summary
----------

SUCCESS in the upgrade of design_1_myOLEDrgb_0_0 (xilinx.com:user:myOLEDrgb:1.0) from (Rev. 4) to (Rev. 5)






Copyright 1986-2019 Xilinx, Inc. All Rights Reserved.
------------------------------------------------------------------------------------
| Tool Version : Vivado v.2019.1 (win64) Build 2552052 Fri May 24 14:49:42 MDT 2019
| Date         : Wed Dec  4 23:54:28 2024
| Host         : DESKTOP-2TI4DL6 running 64-bit major release  (build 9200)
| Command      : upgrade_ip
| Device       : xc7z020clg400-1
------------------------------------------------------------------------------------

Upgrade Log for IP 'design_1_myOLEDrgb_0_0'

1. Summary
----------

SUCCESS in the conversion of design_1_myOLEDrgb_0_0 (xilinx.com:user:myOLEDrgb:1.0 (Rev. 4)) to Vivado generation flows.






Copyright 1986-2019 Xilinx, Inc. All Rights Reserved.
------------------------------------------------------------------------------------
| Tool Version : Vivado v.2019.1 (win64) Build 2552052 Fri May 24 14:49:42 MDT 2019
| Date         : Wed Dec  4 23:54:05 2024
| Host         : DESKTOP-2TI4DL6 running 64-bit major release  (build 9200)
| Command      : upgrade_ip
| Device       : xc7z020clg400-1
------------------------------------------------------------------------------------

Upgrade Log for IP 'design_1_myOLEDrgb_0_0'

1. Summary
----------

SUCCESS in the upgrade of design_1_myOLEDrgb_0_0 (xilinx.com:user:myOLEDrgb:1.0) from (Rev. 3) to (Rev. 4)






Copyright 1986-2019 Xilinx, Inc. All Rights Reserved.
------------------------------------------------------------------------------------
| Tool Version : Vivado v.2019.1 (win64) Build 2552052 Fri May 24 14:49:42 MDT 2019
| Date         : Wed Dec  4 23:45:40 2024
| Host         : DESKTOP-2TI4DL6 running 64-bit major release  (build 9200)
| Command      : upgrade_ip
| Device       : xc7z020clg400-1
------------------------------------------------------------------------------------

Upgrade Log for IP 'design_1_myOLEDrgb_0_0'

1. Summary
----------

SUCCESS in the upgrade of design_1_myOLEDrgb_0_0 (xilinx.com:user:myOLEDrgb:1.0) from (Rev. 2) to (Rev. 3)






Copyright 1986-2019 Xilinx, Inc. All Rights Reserved.
------------------------------------------------------------------------------------
| Tool Version : Vivado v.2019.1 (win64) Build 2552052 Fri May 24 14:49:42 MDT 2019
| Date         : Wed Dec  4 23:44:24 2024
| Host         : DESKTOP-2TI4DL6 running 64-bit major release  (build 9200)
| Command      : upgrade_ip
| Device       : xc7z020clg400-1
------------------------------------------------------------------------------------

Upgrade Log for IP 'design_1_myOLEDrgb_0_0'

1. Summary
----------

CAUTION (success, with warnings) in the upgrade of design_1_myOLEDrgb_0_0 (xilinx.com:user:myOLEDrgb:1.0) from (Rev. 1) to (Rev. 2)

After upgrade, an IP may have parameter and port differences compared to the original customization. Please review the parameters within the IP customization GUI to ensure proper functionality. Also, please review the updated IP instantiation template to ensure proper connectivity, and update your design if required.

2. Connection Warnings
----------------------

Detected external port differences while upgrading 'design_1_myOLEDrgb_0_0'. These changes may impact your design.


-Upgrade has added port 'CS'

-Upgrade has added port 'DC'

-Upgrade has added port 'MOSI'

-Upgrade has added port 'PMODEN'

-Upgrade has added port 'RES'

-Upgrade has added port 'SCK'

-Upgrade has added port 'VCCEN'


