#-----------------------------------------------------------
# Vivado v2019.1 (64-bit)
# SW Build 2552052 on Fri May 24 14:49:42 MDT 2019
# IP Build 2548770 on Fri May 24 18:01:18 MDT 2019
# Start of session at: Mon Dec  9 04:24:39 2024
# Process ID: 18428
# Current directory: F:/01_SoC/myOLEDrgb
# Command line: vivado.exe -gui_launcher_event rodinguilauncherevent21340 F:\01_SoC\myOLEDrgb\myOLEDrgb.xpr
# Log file: F:/01_SoC/myOLEDrgb/vivado.log
# Journal file: F:/01_SoC/myOLEDrgb\vivado.jou
#-----------------------------------------------------------
start_gui
open_project F:/01_SoC/myOLEDrgb/myOLEDrgb.xpr
WARNING: [Board 49-91] Board repository path 'C:/Users/foodbug/AppData/Roaming/Xilinx/Vivado/2019.1/xhub/board_store' does not exist, it will not be used to search board files.
Scanning sources...
Finished scanning sources
WARNING: [filemgmt 56-3] Board Part Repository Path: Could not find the directory 'C:/Users/foodbug/AppData/Roaming/Xilinx/Vivado/2019.1/xhub/board_store'.
INFO: [IP_Flow 19-234] Refreshing IP repositories
INFO: [IP_Flow 19-1700] Loaded user IP repository 'f:/01_SoC/ip_repo'.
INFO: [IP_Flow 19-2313] Loaded Vivado IP repository 'C:/Xilinx/Vivado/2019.1/data/ip'.
WARNING: [IP_Flow 19-1663] Duplicate IP found for 'xilinx.com:user:mySimpleIO:1.0'. The one found in IP location 'f:/01_SoC/ip_repo/mySimpleIO_1.0' will take precedence over the same IP in location f:/01_SoC/ip_repo/myLED_1.0
WARNING: [BD 41-1661] One or more IPs have been locked in the design 'design_1.bd'. Please run report_ip_status for more details and recommendations on how to fix this issue.
List of locked IPs:
design_1_myOLEDrgb_0_0

update_compile_order -fileset sources_1
open_bd_design {F:/01_SoC/myOLEDrgb/myOLEDrgb.srcs/sources_1/bd/design_1/design_1.bd}
Adding component instance block -- xilinx.com:ip:processing_system7:5.5 - processing_system7_0
Adding component instance block -- xilinx.com:ip:axi_interconnect:2.1 - ps7_0_axi_periph
Adding component instance block -- xilinx.com:ip:axi_crossbar:2.1 - xbar
Adding component instance block -- xilinx.com:ip:axi_protocol_converter:2.1 - auto_pc
Adding component instance block -- xilinx.com:ip:axi_protocol_converter:2.1 - auto_pc
Adding component instance block -- xilinx.com:ip:proc_sys_reset:5.0 - rst_ps7_0_50M
Adding component instance block -- xilinx.com:user:myOLEDrgb:1.0 - myOLEDrgb_0
WARNING: [BD 41-1731] Type mismatch between connected pins: /myOLEDrgb_0/RES(undef) and /RES(rst)
WARNING: [BD 41-1731] Type mismatch between connected pins: /myOLEDrgb_0/SCK(undef) and /SCK(clk)
Successfully read diagram <design_1> from BD file <F:/01_SoC/myOLEDrgb/myOLEDrgb.srcs/sources_1/bd/design_1/design_1.bd>
open_bd_design: Time (s): cpu = 00:00:06 ; elapsed = 00:00:06 . Memory (MB): peak = 972.852 ; gain = 77.781
report_ip_status -name ip_status 
upgrade_ip -vlnv xilinx.com:user:myOLEDrgb:1.0 [get_ips  design_1_myOLEDrgb_0_0] -log ip_upgrade.log
Upgrading 'F:/01_SoC/myOLEDrgb/myOLEDrgb.srcs/sources_1/bd/design_1/design_1.bd'
INFO: [IP_Flow 19-3422] Upgraded design_1_myOLEDrgb_0_0 (myOLEDrgb_v1.0 1.0) from revision 21 to revision 22
WARNING: [BD 41-1731] Type mismatch between connected pins: /SCK(clk) and /myOLEDrgb_0_upgraded_ipi/SCK(undef)
WARNING: [BD 41-1731] Type mismatch between connected pins: /RES(rst) and /myOLEDrgb_0_upgraded_ipi/RES(undef)
Wrote  : <F:\01_SoC\myOLEDrgb\myOLEDrgb.srcs\sources_1\bd\design_1\design_1.bd> 
Wrote  : <F:/01_SoC/myOLEDrgb/myOLEDrgb.srcs/sources_1/bd/design_1/ui/bd_1f5defd0.ui> 
INFO: [Coretcl 2-1525] Wrote upgrade log to 'F:/01_SoC/myOLEDrgb/ip_upgrade.log'.
export_ip_user_files -of_objects [get_ips design_1_myOLEDrgb_0_0] -no_script -sync -force -quiet
generate_target all [get_files  F:/01_SoC/myOLEDrgb/myOLEDrgb.srcs/sources_1/bd/design_1/design_1.bd]
Wrote  : <F:\01_SoC\myOLEDrgb\myOLEDrgb.srcs\sources_1\bd\design_1\design_1.bd> 
VHDL Output written to : F:/01_SoC/myOLEDrgb/myOLEDrgb.srcs/sources_1/bd/design_1/synth/design_1.v
VHDL Output written to : F:/01_SoC/myOLEDrgb/myOLEDrgb.srcs/sources_1/bd/design_1/sim/design_1.v
VHDL Output written to : F:/01_SoC/myOLEDrgb/myOLEDrgb.srcs/sources_1/bd/design_1/hdl/design_1_wrapper.v
INFO: [BD 41-1029] Generation completed for the IP Integrator block myOLEDrgb_0 .
INFO: [BD 41-1029] Generation completed for the IP Integrator block processing_system7_0 .
INFO: [BD 41-1029] Generation completed for the IP Integrator block rst_ps7_0_50M .
INFO: [BD 41-1029] Generation completed for the IP Integrator block ps7_0_axi_periph/xbar .
WARNING: [IP_Flow 19-4994] Overwriting existing constraint file 'f:/01_SoC/myOLEDrgb/myOLEDrgb.srcs/sources_1/bd/design_1/ip/design_1_auto_pc_1/design_1_auto_pc_1_ooc.xdc'
INFO: [BD 41-1029] Generation completed for the IP Integrator block ps7_0_axi_periph/s00_couplers/auto_pc .
WARNING: [IP_Flow 19-4994] Overwriting existing constraint file 'f:/01_SoC/myOLEDrgb/myOLEDrgb.srcs/sources_1/bd/design_1/ip/design_1_auto_pc_0/design_1_auto_pc_0_ooc.xdc'
INFO: [BD 41-1029] Generation completed for the IP Integrator block ps7_0_axi_periph/m00_couplers/auto_pc .
Exporting to file F:/01_SoC/myOLEDrgb/myOLEDrgb.srcs/sources_1/bd/design_1/hw_handoff/design_1.hwh
Generated Block Design Tcl file F:/01_SoC/myOLEDrgb/myOLEDrgb.srcs/sources_1/bd/design_1/hw_handoff/design_1_bd.tcl
Generated Hardware Definition File F:/01_SoC/myOLEDrgb/myOLEDrgb.srcs/sources_1/bd/design_1/synth/design_1.hwdef
catch { config_ip_cache -export [get_ips -all design_1_myOLEDrgb_0_0] }
catch { config_ip_cache -export [get_ips -all design_1_auto_pc_1] }
INFO: [IP_Flow 19-4993] Using cached IP synthesis design for IP design_1_auto_pc_1, cache-ID = 7f93ad82727e8416; cache size = 20.346 MB.
catch { config_ip_cache -export [get_ips -all design_1_auto_pc_0] }
INFO: [IP_Flow 19-4993] Using cached IP synthesis design for IP design_1_auto_pc_0, cache-ID = c2a07eeb756def28; cache size = 20.346 MB.
export_ip_user_files -of_objects [get_files F:/01_SoC/myOLEDrgb/myOLEDrgb.srcs/sources_1/bd/design_1/design_1.bd] -no_script -sync -force -quiet
create_ip_run [get_files -of_objects [get_fileset sources_1] F:/01_SoC/myOLEDrgb/myOLEDrgb.srcs/sources_1/bd/design_1/design_1.bd]
launch_runs -jobs 12 design_1_myOLEDrgb_0_0_synth_1
[Mon Dec  9 04:25:23 2024] Launched design_1_myOLEDrgb_0_0_synth_1...
Run output will be captured here: F:/01_SoC/myOLEDrgb/myOLEDrgb.runs/design_1_myOLEDrgb_0_0_synth_1/runme.log
export_simulation -of_objects [get_files F:/01_SoC/myOLEDrgb/myOLEDrgb.srcs/sources_1/bd/design_1/design_1.bd] -directory F:/01_SoC/myOLEDrgb/myOLEDrgb.ip_user_files/sim_scripts -ip_user_files_dir F:/01_SoC/myOLEDrgb/myOLEDrgb.ip_user_files -ipstatic_source_dir F:/01_SoC/myOLEDrgb/myOLEDrgb.ip_user_files/ipstatic -lib_map_path [list {modelsim=F:/01_SoC/myOLEDrgb/myOLEDrgb.cache/compile_simlib/modelsim} {questa=F:/01_SoC/myOLEDrgb/myOLEDrgb.cache/compile_simlib/questa} {riviera=F:/01_SoC/myOLEDrgb/myOLEDrgb.cache/compile_simlib/riviera} {activehdl=F:/01_SoC/myOLEDrgb/myOLEDrgb.cache/compile_simlib/activehdl}] -use_ip_compiled_libs -force -quiet
report_ip_status -name ip_status 
ipx::edit_ip_in_project -upgrade true -name myOLEDrgb_v1_0_project -directory F:/01_SoC/myOLEDrgb/myOLEDrgb.tmp/myOLEDrgb_v1_0_project f:/01_SoC/ip_repo/myOLEDrgb_1.0/component.xml
INFO: [IP_Flow 19-234] Refreshing IP repositories
INFO: [IP_Flow 19-1704] No user IP repositories specified
INFO: [IP_Flow 19-2313] Loaded Vivado IP repository 'C:/Xilinx/Vivado/2019.1/data/ip'.
INFO: [IP_Flow 19-234] Refreshing IP repositories
INFO: [IP_Flow 19-1700] Loaded user IP repository 'f:/01_SoC/ip_repo'.
WARNING: [IP_Flow 19-1663] Duplicate IP found for 'xilinx.com:user:mySimpleIO:1.0'. The one found in IP location 'f:/01_SoC/ip_repo/mySimpleIO_1.0' will take precedence over the same IP in location f:/01_SoC/ip_repo/myLED_1.0
INFO: [IP_Flow 19-795] Syncing license key meta-data
WARNING: [filemgmt 56-99] Vivado Synthesis ignores library specification for Verilog or SystemVerilog files. [f:/01_SoC/ip_repo/myOLEDrgb_1.0/hdl/cursor_controller.v:]
WARNING: [filemgmt 56-99] Vivado Synthesis ignores library specification for Verilog or SystemVerilog files. [f:/01_SoC/ip_repo/myOLEDrgb_1.0/hdl/myOLEDrgb_v1_0_S00_AXI.v:]
WARNING: [filemgmt 56-99] Vivado Synthesis ignores library specification for Verilog or SystemVerilog files. [f:/01_SoC/ip_repo/myOLEDrgb_1.0/hdl/oled_controller.v:]
WARNING: [filemgmt 56-99] Vivado Synthesis ignores library specification for Verilog or SystemVerilog files. [f:/01_SoC/ip_repo/myOLEDrgb_1.0/hdl/spi_master.v:]
WARNING: [filemgmt 56-99] Vivado Synthesis ignores library specification for Verilog or SystemVerilog files. [f:/01_SoC/ip_repo/myOLEDrgb_1.0/hdl/myOLEDrgb_v1_0.v:]
WARNING: [filemgmt 56-99] Vivado Synthesis ignores library specification for Verilog or SystemVerilog files. [f:/01_SoC/ip_repo/myOLEDrgb_1.0/hdl/oled_receiver.v:]
WARNING: [filemgmt 56-99] Vivado Synthesis ignores library specification for Verilog or SystemVerilog files. [f:/01_SoC/ip_repo/myOLEDrgb_1.0/hdl/tb_oled_spi.v:]
update_compile_order -fileset sources_1
set_property core_revision 23 [ipx::current_core]
ipx::update_source_project_archive -component [ipx::current_core]
ipx::create_xgui_files [ipx::current_core]
ipx::update_checksums [ipx::current_core]
ipx::save_core [ipx::current_core]
ipx::move_temp_component_back -component [ipx::current_core]
close_project -delete
update_ip_catalog -rebuild -repo_path f:/01_SoC/ip_repo
INFO: [IP_Flow 19-725] Reloaded user IP repository 'f:/01_SoC/ip_repo'
WARNING: [IP_Flow 19-1663] Duplicate IP found for 'xilinx.com:user:mySimpleIO:1.0'. The one found in IP location 'f:/01_SoC/ip_repo/mySimpleIO_1.0' will take precedence over the same IP in location f:/01_SoC/ip_repo/myLED_1.0
exit
INFO: [Common 17-206] Exiting Vivado at Mon Dec  9 08:12:39 2024...
