
*** Running vivado
    with args -log design_1_myOLEDrgb_0_0.vds -m64 -product Vivado -mode batch -messageDb vivado.pb -notrace -source design_1_myOLEDrgb_0_0.tcl


****** Vivado v2019.1 (64-bit)
  **** SW Build 2552052 on Fri May 24 14:49:42 MDT 2019
  **** IP Build 2548770 on Fri May 24 18:01:18 MDT 2019
    ** Copyright 1986-2019 Xilinx, Inc. All Rights Reserved.

source design_1_myOLEDrgb_0_0.tcl -notrace
INFO: [IP_Flow 19-234] Refreshing IP repositories
INFO: [IP_Flow 19-1700] Loaded user IP repository 'f:/01_SoC/ip_repo'.
INFO: [IP_Flow 19-2313] Loaded Vivado IP repository 'C:/Xilinx/Vivado/2019.1/data/ip'.
WARNING: [IP_Flow 19-1663] Duplicate IP found for 'xilinx.com:user:mySimpleIO:1.0'. The one found in IP location 'f:/01_SoC/ip_repo/mySimpleIO_1.0' will take precedence over the same IP in location f:/01_SoC/ip_repo/myLED_1.0
Command: synth_design -top design_1_myOLEDrgb_0_0 -part xc7z020clg400-1 -mode out_of_context
Starting synth_design
Attempting to get a license for feature 'Synthesis' and/or device 'xc7z020'
INFO: [Common 17-349] Got license for feature 'Synthesis' and/or device 'xc7z020'
INFO: [Device 21-403] Loading part xc7z020clg400-1
INFO: Launching helper process for spawning children vivado processes
INFO: Helper process launched with PID 21868 
---------------------------------------------------------------------------------
Starting RTL Elaboration : Time (s): cpu = 00:00:01 ; elapsed = 00:00:02 . Memory (MB): peak = 755.957 ; gain = 178.070
---------------------------------------------------------------------------------
INFO: [Synth 8-6157] synthesizing module 'design_1_myOLEDrgb_0_0' [f:/01_SoC/TermProject/TermProject.srcs/sources_1/bd/design_1/ip/design_1_myOLEDrgb_0_0/synth/design_1_myOLEDrgb_0_0.v:57]
INFO: [Synth 8-6157] synthesizing module 'myOLEDrgb_v1_0' [f:/01_SoC/TermProject/TermProject.srcs/sources_1/bd/design_1/ipshared/5ec7/hdl/myOLEDrgb_v1_0.v:4]
	Parameter C_S00_AXI_DATA_WIDTH bound to: 32 - type: integer 
	Parameter C_S00_AXI_ADDR_WIDTH bound to: 6 - type: integer 
INFO: [Synth 8-6157] synthesizing module 'myOLEDrgb_v1_0_S00_AXI' [f:/01_SoC/TermProject/TermProject.srcs/sources_1/bd/design_1/ipshared/5ec7/hdl/myOLEDrgb_v1_0_S00_AXI.v:4]
	Parameter C_S_AXI_DATA_WIDTH bound to: 32 - type: integer 
	Parameter C_S_AXI_ADDR_WIDTH bound to: 6 - type: integer 
	Parameter ADDR_LSB bound to: 2 - type: integer 
	Parameter OPT_MEM_ADDR_BITS bound to: 3 - type: integer 
INFO: [Synth 8-226] default block is never used [f:/01_SoC/TermProject/TermProject.srcs/sources_1/bd/design_1/ipshared/5ec7/hdl/myOLEDrgb_v1_0_S00_AXI.v:262]
INFO: [Synth 8-226] default block is never used [f:/01_SoC/TermProject/TermProject.srcs/sources_1/bd/design_1/ipshared/5ec7/hdl/myOLEDrgb_v1_0_S00_AXI.v:498]
WARNING: [Synth 8-6014] Unused sequential element slv_reg2_reg was removed.  [f:/01_SoC/TermProject/TermProject.srcs/sources_1/bd/design_1/ipshared/5ec7/hdl/myOLEDrgb_v1_0_S00_AXI.v:244]
WARNING: [Synth 8-6014] Unused sequential element slv_reg3_reg was removed.  [f:/01_SoC/TermProject/TermProject.srcs/sources_1/bd/design_1/ipshared/5ec7/hdl/myOLEDrgb_v1_0_S00_AXI.v:245]
WARNING: [Synth 8-6014] Unused sequential element slv_reg4_reg was removed.  [f:/01_SoC/TermProject/TermProject.srcs/sources_1/bd/design_1/ipshared/5ec7/hdl/myOLEDrgb_v1_0_S00_AXI.v:246]
INFO: [Synth 8-6155] done synthesizing module 'myOLEDrgb_v1_0_S00_AXI' (1#1) [f:/01_SoC/TermProject/TermProject.srcs/sources_1/bd/design_1/ipshared/5ec7/hdl/myOLEDrgb_v1_0_S00_AXI.v:4]
INFO: [Synth 8-6157] synthesizing module 'spi_master' [f:/01_SoC/TermProject/TermProject.srcs/sources_1/bd/design_1/ipshared/5ec7/hdl/spi_master.v:24]
	Parameter DATA_WIDTH bound to: 8 - type: integer 
	Parameter IDLE bound to: 2'b00 
	Parameter TRANSFER bound to: 2'b01 
	Parameter DONE bound to: 2'b10 
INFO: [Synth 8-155] case statement is not full and has no default [f:/01_SoC/TermProject/TermProject.srcs/sources_1/bd/design_1/ipshared/5ec7/hdl/spi_master.v:93]
INFO: [Synth 8-6155] done synthesizing module 'spi_master' (2#1) [f:/01_SoC/TermProject/TermProject.srcs/sources_1/bd/design_1/ipshared/5ec7/hdl/spi_master.v:24]
WARNING: [Synth 8-7023] instance 'spi' of module 'spi_master' has 10 connections declared, but only 8 given [f:/01_SoC/TermProject/TermProject.srcs/sources_1/bd/design_1/ipshared/5ec7/hdl/myOLEDrgb_v1_0.v:97]
INFO: [Synth 8-6157] synthesizing module 'spi_controller' [f:/01_SoC/TermProject/TermProject.srcs/sources_1/bd/design_1/ipshared/5ec7/hdl/init_controller.v:24]
	Parameter IDLE bound to: 5'b00000 
	Parameter RES_WAIT bound to: 5'b00001 
	Parameter INIT bound to: 5'b00010 
	Parameter LOAD_CMD bound to: 5'b00011 
	Parameter SEND_CMD bound to: 5'b00100 
	Parameter WAIT_CMD bound to: 5'b00101 
	Parameter NEXT_CMD bound to: 5'b00110 
	Parameter WAIT_VCC bound to: 5'b00111 
	Parameter WAIT_PMOD bound to: 5'b01000 
	Parameter TURN_ON bound to: 5'b01001 
	Parameter LOAD_PIXEL bound to: 5'b01010 
	Parameter SEND_PIXEL bound to: 5'b01011 
	Parameter SET_RECT_CMD bound to: 5'b01100 
	Parameter LOAD_RECT_CMD bound to: 5'b01101 
	Parameter SEND_RECT_CMD bound to: 5'b01110 
	Parameter NEXT_RECT_CMD bound to: 5'b01111 
	Parameter WAIT_RECT bound to: 5'b10000 
	Parameter SET_DRECT_CMD bound to: 5'b10001 
	Parameter LOAD_DRECT_CMD bound to: 5'b10010 
	Parameter SEND_DRECT_CMD bound to: 5'b10011 
	Parameter NEXT_DRECT_CMD bound to: 5'b10100 
	Parameter WAIT_DRECT bound to: 5'b10101 
	Parameter DONE bound to: 5'b10110 
INFO: [Synth 8-155] case statement is not full and has no default [f:/01_SoC/TermProject/TermProject.srcs/sources_1/bd/design_1/ipshared/5ec7/hdl/init_controller.v:193]
WARNING: [Synth 8-6014] Unused sequential element Color_index_reg was removed.  [f:/01_SoC/TermProject/TermProject.srcs/sources_1/bd/design_1/ipshared/5ec7/hdl/init_controller.v:181]
WARNING: [Synth 8-6014] Unused sequential element data_index_reg was removed.  [f:/01_SoC/TermProject/TermProject.srcs/sources_1/bd/design_1/ipshared/5ec7/hdl/init_controller.v:184]
WARNING: [Synth 8-5788] Register data_o_reg in module spi_controller is has both Set and reset with same priority. This may cause simulation mismatches. Consider rewriting code  [f:/01_SoC/TermProject/TermProject.srcs/sources_1/bd/design_1/ipshared/5ec7/hdl/init_controller.v:225]
WARNING: [Synth 8-5788] Register rect_cmds_reg[4] in module spi_controller is has both Set and reset with same priority. This may cause simulation mismatches. Consider rewriting code  [f:/01_SoC/TermProject/TermProject.srcs/sources_1/bd/design_1/ipshared/5ec7/hdl/init_controller.v:306]
WARNING: [Synth 8-5788] Register rect_cmds_reg[5] in module spi_controller is has both Set and reset with same priority. This may cause simulation mismatches. Consider rewriting code  [f:/01_SoC/TermProject/TermProject.srcs/sources_1/bd/design_1/ipshared/5ec7/hdl/init_controller.v:306]
WARNING: [Synth 8-5788] Register rect_cmds_reg[6] in module spi_controller is has both Set and reset with same priority. This may cause simulation mismatches. Consider rewriting code  [f:/01_SoC/TermProject/TermProject.srcs/sources_1/bd/design_1/ipshared/5ec7/hdl/init_controller.v:306]
WARNING: [Synth 8-5788] Register rect_cmds_reg[7] in module spi_controller is has both Set and reset with same priority. This may cause simulation mismatches. Consider rewriting code  [f:/01_SoC/TermProject/TermProject.srcs/sources_1/bd/design_1/ipshared/5ec7/hdl/init_controller.v:306]
WARNING: [Synth 8-5788] Register rect_cmds_reg[8] in module spi_controller is has both Set and reset with same priority. This may cause simulation mismatches. Consider rewriting code  [f:/01_SoC/TermProject/TermProject.srcs/sources_1/bd/design_1/ipshared/5ec7/hdl/init_controller.v:306]
WARNING: [Synth 8-5788] Register rect_cmds_reg[9] in module spi_controller is has both Set and reset with same priority. This may cause simulation mismatches. Consider rewriting code  [f:/01_SoC/TermProject/TermProject.srcs/sources_1/bd/design_1/ipshared/5ec7/hdl/init_controller.v:306]
WARNING: [Synth 8-5788] Register rect_cmds_reg[10] in module spi_controller is has both Set and reset with same priority. This may cause simulation mismatches. Consider rewriting code  [f:/01_SoC/TermProject/TermProject.srcs/sources_1/bd/design_1/ipshared/5ec7/hdl/init_controller.v:306]
INFO: [Synth 8-6155] done synthesizing module 'spi_controller' (3#1) [f:/01_SoC/TermProject/TermProject.srcs/sources_1/bd/design_1/ipshared/5ec7/hdl/init_controller.v:24]
INFO: [Synth 8-6155] done synthesizing module 'myOLEDrgb_v1_0' (4#1) [f:/01_SoC/TermProject/TermProject.srcs/sources_1/bd/design_1/ipshared/5ec7/hdl/myOLEDrgb_v1_0.v:4]
INFO: [Synth 8-6155] done synthesizing module 'design_1_myOLEDrgb_0_0' (5#1) [f:/01_SoC/TermProject/TermProject.srcs/sources_1/bd/design_1/ip/design_1_myOLEDrgb_0_0/synth/design_1_myOLEDrgb_0_0.v:57]
WARNING: [Synth 8-3331] design spi_controller has unconnected port spi_busy_i
WARNING: [Synth 8-3331] design myOLEDrgb_v1_0_S00_AXI has unconnected port S_AXI_AWPROT[2]
WARNING: [Synth 8-3331] design myOLEDrgb_v1_0_S00_AXI has unconnected port S_AXI_AWPROT[1]
WARNING: [Synth 8-3331] design myOLEDrgb_v1_0_S00_AXI has unconnected port S_AXI_AWPROT[0]
WARNING: [Synth 8-3331] design myOLEDrgb_v1_0_S00_AXI has unconnected port S_AXI_ARPROT[2]
WARNING: [Synth 8-3331] design myOLEDrgb_v1_0_S00_AXI has unconnected port S_AXI_ARPROT[1]
WARNING: [Synth 8-3331] design myOLEDrgb_v1_0_S00_AXI has unconnected port S_AXI_ARPROT[0]
---------------------------------------------------------------------------------
Finished RTL Elaboration : Time (s): cpu = 00:00:02 ; elapsed = 00:00:03 . Memory (MB): peak = 822.910 ; gain = 245.023
---------------------------------------------------------------------------------

Report Check Netlist: 
+------+------------------+-------+---------+-------+------------------+
|      |Item              |Errors |Warnings |Status |Description       |
+------+------------------+-------+---------+-------+------------------+
|1     |multi_driven_nets |      0|        0|Passed |Multi driven nets |
+------+------------------+-------+---------+-------+------------------+
---------------------------------------------------------------------------------
Start Handling Custom Attributes
---------------------------------------------------------------------------------
---------------------------------------------------------------------------------
Finished Handling Custom Attributes : Time (s): cpu = 00:00:02 ; elapsed = 00:00:03 . Memory (MB): peak = 822.910 ; gain = 245.023
---------------------------------------------------------------------------------
---------------------------------------------------------------------------------
Finished RTL Optimization Phase 1 : Time (s): cpu = 00:00:02 ; elapsed = 00:00:03 . Memory (MB): peak = 822.910 ; gain = 245.023
---------------------------------------------------------------------------------
INFO: [Project 1-570] Preparing netlist for logic optimization

Processing XDC Constraints
Initializing timing engine
Completed Processing XDC Constraints

Netlist sorting complete. Time (s): cpu = 00:00:00 ; elapsed = 00:00:00 . Memory (MB): peak = 944.965 ; gain = 0.000
INFO: [Project 1-111] Unisim Transformation Summary:
No Unisim elements were transformed.

WARNING: [Constraints 18-5210] No constraints selected for write.
Resolution: This message can indicate that there are no constraints for the design, or it can indicate that the used_in flags are set such that the constraints are ignored. This later case is used when running synth_design to not write synthesis constraints to the resulting checkpoint. Instead, project constraints are read when the synthesized design is opened.
Constraint Validation Runtime : Time (s): cpu = 00:00:00 ; elapsed = 00:00:00.043 . Memory (MB): peak = 945.988 ; gain = 1.023
---------------------------------------------------------------------------------
Finished Constraint Validation : Time (s): cpu = 00:00:05 ; elapsed = 00:00:06 . Memory (MB): peak = 945.988 ; gain = 368.102
---------------------------------------------------------------------------------
---------------------------------------------------------------------------------
Start Loading Part and Timing Information
---------------------------------------------------------------------------------
Loading part: xc7z020clg400-1
---------------------------------------------------------------------------------
Finished Loading Part and Timing Information : Time (s): cpu = 00:00:05 ; elapsed = 00:00:06 . Memory (MB): peak = 945.988 ; gain = 368.102
---------------------------------------------------------------------------------
---------------------------------------------------------------------------------
Start Applying 'set_property' XDC Constraints
---------------------------------------------------------------------------------
---------------------------------------------------------------------------------
Finished applying 'set_property' XDC Constraints : Time (s): cpu = 00:00:05 ; elapsed = 00:00:06 . Memory (MB): peak = 945.988 ; gain = 368.102
---------------------------------------------------------------------------------
INFO: [Synth 8-802] inferred FSM for state register 'state_reg' in module 'spi_master'
INFO: [Synth 8-4471] merging register 'rect_cmds_reg[8][7:0]' into 'rect_cmds_reg[5][7:0]' [f:/01_SoC/TermProject/TermProject.srcs/sources_1/bd/design_1/ipshared/5ec7/hdl/init_controller.v:306]
INFO: [Synth 8-4471] merging register 'rect_cmds_reg[9][7:0]' into 'rect_cmds_reg[6][7:0]' [f:/01_SoC/TermProject/TermProject.srcs/sources_1/bd/design_1/ipshared/5ec7/hdl/init_controller.v:306]
INFO: [Synth 8-4471] merging register 'rect_cmds_reg[10][7:0]' into 'rect_cmds_reg[7][7:0]' [f:/01_SoC/TermProject/TermProject.srcs/sources_1/bd/design_1/ipshared/5ec7/hdl/init_controller.v:306]
INFO: [Synth 8-802] inferred FSM for state register 'state_reg' in module 'spi_controller'
---------------------------------------------------------------------------------------------------
                   State |                     New Encoding |                Previous Encoding 
---------------------------------------------------------------------------------------------------
                    IDLE |                              001 |                               00
                TRANSFER |                              010 |                               01
                    DONE |                              100 |                               10
---------------------------------------------------------------------------------------------------
INFO: [Synth 8-3354] encoded FSM with state register 'state_reg' using encoding 'one-hot' in module 'spi_master'
---------------------------------------------------------------------------------
Finished RTL Optimization Phase 2 : Time (s): cpu = 00:00:06 ; elapsed = 00:00:06 . Memory (MB): peak = 945.988 ; gain = 368.102
---------------------------------------------------------------------------------

Report RTL Partitions: 
+-+--------------+------------+----------+
| |RTL Partition |Replication |Instances |
+-+--------------+------------+----------+
+-+--------------+------------+----------+
---------------------------------------------------------------------------------
Start RTL Component Statistics 
---------------------------------------------------------------------------------
Detailed RTL Component Info : 
+---Adders : 
	   2 Input     32 Bit       Adders := 1     
	   2 Input      6 Bit       Adders := 1     
	   2 Input      4 Bit       Adders := 2     
+---Registers : 
	               32 Bit    Registers := 15    
	                8 Bit    Registers := 6     
	                6 Bit    Registers := 3     
	                4 Bit    Registers := 2     
	                2 Bit    Registers := 2     
	                1 Bit    Registers := 17    
+---Muxes : 
	   2 Input     32 Bit        Muxes := 14    
	  16 Input     32 Bit        Muxes := 13    
	   5 Input     16 Bit        Muxes := 1     
	   3 Input      8 Bit        Muxes := 1     
	   8 Input      8 Bit        Muxes := 1     
	  23 Input      8 Bit        Muxes := 4     
	   2 Input      8 Bit        Muxes := 1     
	  23 Input      6 Bit        Muxes := 1     
	  23 Input      5 Bit        Muxes := 1     
	   2 Input      5 Bit        Muxes := 2     
	   2 Input      4 Bit        Muxes := 2     
	   3 Input      4 Bit        Muxes := 1     
	  11 Input      3 Bit        Muxes := 1     
	   2 Input      3 Bit        Muxes := 1     
	   2 Input      1 Bit        Muxes := 11    
	   3 Input      1 Bit        Muxes := 5     
	  23 Input      1 Bit        Muxes := 17    
---------------------------------------------------------------------------------
Finished RTL Component Statistics 
---------------------------------------------------------------------------------
---------------------------------------------------------------------------------
Start RTL Hierarchical Component Statistics 
---------------------------------------------------------------------------------
Hierarchical RTL Component report 
Module myOLEDrgb_v1_0_S00_AXI 
Detailed RTL Component Info : 
+---Registers : 
	               32 Bit    Registers := 14    
	                6 Bit    Registers := 2     
	                2 Bit    Registers := 2     
	                1 Bit    Registers := 6     
+---Muxes : 
	   2 Input     32 Bit        Muxes := 13    
	  16 Input     32 Bit        Muxes := 13    
	   2 Input      1 Bit        Muxes := 5     
Module spi_master 
Detailed RTL Component Info : 
+---Adders : 
	   2 Input      4 Bit       Adders := 2     
+---Registers : 
	                8 Bit    Registers := 1     
	                4 Bit    Registers := 2     
	                1 Bit    Registers := 4     
+---Muxes : 
	   3 Input      8 Bit        Muxes := 1     
	   2 Input      4 Bit        Muxes := 1     
	   3 Input      4 Bit        Muxes := 1     
	   2 Input      1 Bit        Muxes := 5     
	   3 Input      1 Bit        Muxes := 5     
Module spi_controller 
Detailed RTL Component Info : 
+---Adders : 
	   2 Input     32 Bit       Adders := 1     
	   2 Input      6 Bit       Adders := 1     
+---Registers : 
	               32 Bit    Registers := 1     
	                8 Bit    Registers := 5     
	                6 Bit    Registers := 1     
	                1 Bit    Registers := 7     
+---Muxes : 
	   2 Input     32 Bit        Muxes := 1     
	   5 Input     16 Bit        Muxes := 1     
	   8 Input      8 Bit        Muxes := 1     
	  23 Input      8 Bit        Muxes := 4     
	  23 Input      6 Bit        Muxes := 1     
	  23 Input      5 Bit        Muxes := 1     
	   2 Input      5 Bit        Muxes := 2     
	   2 Input      4 Bit        Muxes := 1     
	  11 Input      3 Bit        Muxes := 1     
	   2 Input      3 Bit        Muxes := 1     
	   2 Input      1 Bit        Muxes := 1     
	  23 Input      1 Bit        Muxes := 17    
Module myOLEDrgb_v1_0 
Detailed RTL Component Info : 
+---Muxes : 
	   2 Input      8 Bit        Muxes := 1     
---------------------------------------------------------------------------------
Finished RTL Hierarchical Component Statistics
---------------------------------------------------------------------------------
---------------------------------------------------------------------------------
Start Part Resource Summary
---------------------------------------------------------------------------------
Part Resources:
DSPs: 220 (col length:60)
BRAMs: 280 (col length: RAMB18 60 RAMB36 30)
---------------------------------------------------------------------------------
Finished Part Resource Summary
---------------------------------------------------------------------------------
---------------------------------------------------------------------------------
Start Cross Boundary and Area Optimization
---------------------------------------------------------------------------------
Warning: Parallel synthesis criteria is not met 
INFO: [Synth 8-3917] design design_1_myOLEDrgb_0_0 has port CS driven by constant 0
WARNING: [Synth 8-3331] design myOLEDrgb_v1_0_S00_AXI has unconnected port S_AXI_AWPROT[2]
WARNING: [Synth 8-3331] design myOLEDrgb_v1_0_S00_AXI has unconnected port S_AXI_AWPROT[1]
WARNING: [Synth 8-3331] design myOLEDrgb_v1_0_S00_AXI has unconnected port S_AXI_AWPROT[0]
WARNING: [Synth 8-3331] design myOLEDrgb_v1_0_S00_AXI has unconnected port S_AXI_ARPROT[2]
WARNING: [Synth 8-3331] design myOLEDrgb_v1_0_S00_AXI has unconnected port S_AXI_ARPROT[1]
WARNING: [Synth 8-3331] design myOLEDrgb_v1_0_S00_AXI has unconnected port S_AXI_ARPROT[0]
INFO: [Synth 8-3886] merging instance 'inst/controller/rect_cmds_reg[6][0]' (FDE) to 'inst/controller/rect_cmds_reg[6][1]'
INFO: [Synth 8-3886] merging instance 'inst/controller/rect_cmds_reg[5][0]' (FDE) to 'inst/controller/rect_cmds_reg[6][6]'
INFO: [Synth 8-3886] merging instance 'inst/controller/rect_cmds_reg[7][0]' (FDE) to 'inst/controller/rect_cmds_reg[6][6]'
INFO: [Synth 8-3886] merging instance 'inst/controller/rect_cmds_reg[6][1]' (FDE) to 'inst/controller/rect_cmds_reg[6][2]'
INFO: [Synth 8-3886] merging instance 'inst/controller/rect_cmds_reg[5][1]' (FDE) to 'inst/controller/rect_cmds_reg[6][6]'
INFO: [Synth 8-3886] merging instance 'inst/controller/rect_cmds_reg[7][1]' (FDE) to 'inst/controller/rect_cmds_reg[7][3]'
INFO: [Synth 8-3886] merging instance 'inst/controller/rect_cmds_reg[6][2]' (FDE) to 'inst/controller/rect_cmds_reg[6][3]'
INFO: [Synth 8-3886] merging instance 'inst/controller/rect_cmds_reg[5][2]' (FDE) to 'inst/controller/rect_cmds_reg[6][6]'
INFO: [Synth 8-3886] merging instance 'inst/controller/rect_cmds_reg[7][2]' (FDE) to 'inst/controller/rect_cmds_reg[7][3]'
INFO: [Synth 8-3886] merging instance 'inst/controller/rect_cmds_reg[6][3]' (FDE) to 'inst/controller/rect_cmds_reg[6][4]'
INFO: [Synth 8-3886] merging instance 'inst/controller/rect_cmds_reg[5][3]' (FDE) to 'inst/controller/rect_cmds_reg[6][6]'
INFO: [Synth 8-3886] merging instance 'inst/controller/rect_cmds_reg[5][4]' (FDE) to 'inst/controller/rect_cmds_reg[6][6]'
INFO: [Synth 8-3886] merging instance 'inst/controller/rect_cmds_reg[7][4]' (FDE) to 'inst/controller/rect_cmds_reg[7][5]'
INFO: [Synth 8-3886] merging instance 'inst/controller/rect_cmds_reg[5][5]' (FDE) to 'inst/controller/rect_cmds_reg[6][6]'
INFO: [Synth 8-3886] merging instance 'inst/controller/rect_cmds_reg[6][6]' (FDE) to 'inst/controller/rect_cmds_reg[6][7]'
INFO: [Synth 8-3886] merging instance 'inst/controller/rect_cmds_reg[5][6]' (FDE) to 'inst/controller/rect_cmds_reg[6][7]'
INFO: [Synth 8-3886] merging instance 'inst/controller/rect_cmds_reg[7][6]' (FDE) to 'inst/controller/rect_cmds_reg[6][7]'
INFO: [Synth 8-3886] merging instance 'inst/controller/rect_cmds_reg[6][7]' (FDE) to 'inst/controller/rect_cmds_reg[5][7]'
INFO: [Synth 8-3886] merging instance 'inst/controller/rect_cmds_reg[5][7]' (FDE) to 'inst/controller/rect_cmds_reg[7][7]'
INFO: [Synth 8-3886] merging instance 'inst/myOLEDrgb_v1_0_S00_AXI_inst/axi_rresp_reg[0]' (FDRE) to 'inst/myOLEDrgb_v1_0_S00_AXI_inst/axi_rresp_reg[1]'
INFO: [Synth 8-3333] propagating constant 0 across sequential element (\inst/myOLEDrgb_v1_0_S00_AXI_inst/axi_rresp_reg[1] )
INFO: [Synth 8-3886] merging instance 'inst/myOLEDrgb_v1_0_S00_AXI_inst/axi_bresp_reg[0]' (FDRE) to 'inst/myOLEDrgb_v1_0_S00_AXI_inst/axi_bresp_reg[1]'
INFO: [Synth 8-3333] propagating constant 0 across sequential element (\inst/myOLEDrgb_v1_0_S00_AXI_inst/axi_bresp_reg[1] )
INFO: [Synth 8-3886] merging instance 'inst/controller/rect_cmds_reg[4][6]' (FDE) to 'inst/controller/rect_cmds_reg[4][7]'
INFO: [Synth 8-3333] propagating constant 0 across sequential element (\inst/controller/rect_cmds_reg[4][7] )
---------------------------------------------------------------------------------
Finished Cross Boundary and Area Optimization : Time (s): cpu = 00:00:08 ; elapsed = 00:00:09 . Memory (MB): peak = 945.988 ; gain = 368.102
---------------------------------------------------------------------------------
---------------------------------------------------------------------------------
Start ROM, RAM, DSP and Shift Register Reporting
---------------------------------------------------------------------------------

ROM:
+-----------------------+------------+---------------+----------------+
|Module Name            | RTL Object | Depth x Width | Implemented As | 
+-----------------------+------------+---------------+----------------+
|spi_controller         | p_0_out    | 64x8          | LUT            | 
|design_1_myOLEDrgb_0_0 | p_0_out    | 64x8          | LUT            | 
+-----------------------+------------+---------------+----------------+

---------------------------------------------------------------------------------
Finished ROM, RAM, DSP and Shift Register Reporting
---------------------------------------------------------------------------------

Report RTL Partitions: 
+-+--------------+------------+----------+
| |RTL Partition |Replication |Instances |
+-+--------------+------------+----------+
+-+--------------+------------+----------+
---------------------------------------------------------------------------------
Start Applying XDC Timing Constraints
---------------------------------------------------------------------------------
---------------------------------------------------------------------------------
Finished Applying XDC Timing Constraints : Time (s): cpu = 00:00:11 ; elapsed = 00:00:12 . Memory (MB): peak = 945.988 ; gain = 368.102
---------------------------------------------------------------------------------
---------------------------------------------------------------------------------
Start Timing Optimization
---------------------------------------------------------------------------------
---------------------------------------------------------------------------------
Finished Timing Optimization : Time (s): cpu = 00:00:11 ; elapsed = 00:00:12 . Memory (MB): peak = 945.988 ; gain = 368.102
---------------------------------------------------------------------------------

Report RTL Partitions: 
+-+--------------+------------+----------+
| |RTL Partition |Replication |Instances |
+-+--------------+------------+----------+
+-+--------------+------------+----------+
---------------------------------------------------------------------------------
Start Technology Mapping
---------------------------------------------------------------------------------
---------------------------------------------------------------------------------
Finished Technology Mapping : Time (s): cpu = 00:00:12 ; elapsed = 00:00:13 . Memory (MB): peak = 948.414 ; gain = 370.527
---------------------------------------------------------------------------------

Report RTL Partitions: 
+-+--------------+------------+----------+
| |RTL Partition |Replication |Instances |
+-+--------------+------------+----------+
+-+--------------+------------+----------+
---------------------------------------------------------------------------------
Start IO Insertion
---------------------------------------------------------------------------------
---------------------------------------------------------------------------------
Start Flattening Before IO Insertion
---------------------------------------------------------------------------------
---------------------------------------------------------------------------------
Finished Flattening Before IO Insertion
---------------------------------------------------------------------------------
---------------------------------------------------------------------------------
Start Final Netlist Cleanup
---------------------------------------------------------------------------------
---------------------------------------------------------------------------------
Finished Final Netlist Cleanup
---------------------------------------------------------------------------------
---------------------------------------------------------------------------------
Finished IO Insertion : Time (s): cpu = 00:00:13 ; elapsed = 00:00:14 . Memory (MB): peak = 954.719 ; gain = 376.832
---------------------------------------------------------------------------------

Report Check Netlist: 
+------+------------------+-------+---------+-------+------------------+
|      |Item              |Errors |Warnings |Status |Description       |
+------+------------------+-------+---------+-------+------------------+
|1     |multi_driven_nets |      0|        0|Passed |Multi driven nets |
+------+------------------+-------+---------+-------+------------------+
---------------------------------------------------------------------------------
Start Renaming Generated Instances
---------------------------------------------------------------------------------
---------------------------------------------------------------------------------
Finished Renaming Generated Instances : Time (s): cpu = 00:00:13 ; elapsed = 00:00:14 . Memory (MB): peak = 954.719 ; gain = 376.832
---------------------------------------------------------------------------------

Report RTL Partitions: 
+-+--------------+------------+----------+
| |RTL Partition |Replication |Instances |
+-+--------------+------------+----------+
+-+--------------+------------+----------+
---------------------------------------------------------------------------------
Start Rebuilding User Hierarchy
---------------------------------------------------------------------------------
---------------------------------------------------------------------------------
Finished Rebuilding User Hierarchy : Time (s): cpu = 00:00:13 ; elapsed = 00:00:14 . Memory (MB): peak = 954.719 ; gain = 376.832
---------------------------------------------------------------------------------
---------------------------------------------------------------------------------
Start Renaming Generated Ports
---------------------------------------------------------------------------------
---------------------------------------------------------------------------------
Finished Renaming Generated Ports : Time (s): cpu = 00:00:13 ; elapsed = 00:00:14 . Memory (MB): peak = 954.719 ; gain = 376.832
---------------------------------------------------------------------------------
---------------------------------------------------------------------------------
Start Handling Custom Attributes
---------------------------------------------------------------------------------
---------------------------------------------------------------------------------
Finished Handling Custom Attributes : Time (s): cpu = 00:00:13 ; elapsed = 00:00:14 . Memory (MB): peak = 954.719 ; gain = 376.832
---------------------------------------------------------------------------------
---------------------------------------------------------------------------------
Start Renaming Generated Nets
---------------------------------------------------------------------------------
---------------------------------------------------------------------------------
Finished Renaming Generated Nets : Time (s): cpu = 00:00:13 ; elapsed = 00:00:14 . Memory (MB): peak = 954.719 ; gain = 376.832
---------------------------------------------------------------------------------
---------------------------------------------------------------------------------
Start Writing Synthesis Report
---------------------------------------------------------------------------------

Report BlackBoxes: 
+-+--------------+----------+
| |BlackBox name |Instances |
+-+--------------+----------+
+-+--------------+----------+

Report Cell Usage: 
+------+-------+------+
|      |Cell   |Count |
+------+-------+------+
|1     |CARRY4 |    16|
|2     |LUT1   |     4|
|3     |LUT2   |    43|
|4     |LUT3   |    12|
|5     |LUT4   |    68|
|6     |LUT5   |    59|
|7     |LUT6   |   220|
|8     |MUXF7  |     5|
|9     |MUXF8  |     1|
|10    |FDCE   |    69|
|11    |FDPE   |     2|
|12    |FDRE   |   508|
|13    |FDSE   |     5|
+------+-------+------+

Report Instance Areas: 
+------+--------------------------------+-----------------------+------+
|      |Instance                        |Module                 |Cells |
+------+--------------------------------+-----------------------+------+
|1     |top                             |                       |  1012|
|2     |  inst                          |myOLEDrgb_v1_0         |  1012|
|3     |    controller                  |spi_controller         |   278|
|4     |    myOLEDrgb_v1_0_S00_AXI_inst |myOLEDrgb_v1_0_S00_AXI |   685|
|5     |    spi                         |spi_master             |    49|
+------+--------------------------------+-----------------------+------+
---------------------------------------------------------------------------------
Finished Writing Synthesis Report : Time (s): cpu = 00:00:13 ; elapsed = 00:00:14 . Memory (MB): peak = 954.719 ; gain = 376.832
---------------------------------------------------------------------------------
Synthesis finished with 0 errors, 0 critical warnings and 6 warnings.
Synthesis Optimization Runtime : Time (s): cpu = 00:00:10 ; elapsed = 00:00:12 . Memory (MB): peak = 954.719 ; gain = 253.754
Synthesis Optimization Complete : Time (s): cpu = 00:00:13 ; elapsed = 00:00:14 . Memory (MB): peak = 954.719 ; gain = 376.832
INFO: [Project 1-571] Translating synthesized netlist
INFO: [Netlist 29-17] Analyzing 22 Unisim elements for replacement
INFO: [Netlist 29-28] Unisim Transformation completed in 0 CPU seconds
INFO: [Project 1-570] Preparing netlist for logic optimization
INFO: [Opt 31-138] Pushed 0 inverter(s) to 0 load pin(s).
Netlist sorting complete. Time (s): cpu = 00:00:00 ; elapsed = 00:00:00 . Memory (MB): peak = 965.258 ; gain = 0.000
INFO: [Project 1-111] Unisim Transformation Summary:
No Unisim elements were transformed.

INFO: [Common 17-83] Releasing license: Synthesis
60 Infos, 29 Warnings, 0 Critical Warnings and 0 Errors encountered.
synth_design completed successfully
synth_design: Time (s): cpu = 00:00:17 ; elapsed = 00:00:18 . Memory (MB): peak = 965.258 ; gain = 663.520
Netlist sorting complete. Time (s): cpu = 00:00:00 ; elapsed = 00:00:00 . Memory (MB): peak = 965.258 ; gain = 0.000
WARNING: [Constraints 18-5210] No constraints selected for write.
Resolution: This message can indicate that there are no constraints for the design, or it can indicate that the used_in flags are set such that the constraints are ignored. This later case is used when running synth_design to not write synthesis constraints to the resulting checkpoint. Instead, project constraints are read when the synthesized design is opened.
INFO: [Common 17-1381] The checkpoint 'F:/01_SoC/TermProject/TermProject.runs/design_1_myOLEDrgb_0_0_synth_1/design_1_myOLEDrgb_0_0.dcp' has been generated.
WARNING: [Common 17-576] 'use_project_ipc' is deprecated. This option is deprecated and no longer used.
INFO: [Coretcl 2-1648] Added synthesis output to IP cache for IP design_1_myOLEDrgb_0_0, cache-ID = 88e0ea33bc97ffc1
INFO: [Coretcl 2-1174] Renamed 4 cell refs.
Netlist sorting complete. Time (s): cpu = 00:00:00 ; elapsed = 00:00:00 . Memory (MB): peak = 965.258 ; gain = 0.000
WARNING: [Constraints 18-5210] No constraints selected for write.
Resolution: This message can indicate that there are no constraints for the design, or it can indicate that the used_in flags are set such that the constraints are ignored. This later case is used when running synth_design to not write synthesis constraints to the resulting checkpoint. Instead, project constraints are read when the synthesized design is opened.
INFO: [Common 17-1381] The checkpoint 'F:/01_SoC/TermProject/TermProject.runs/design_1_myOLEDrgb_0_0_synth_1/design_1_myOLEDrgb_0_0.dcp' has been generated.
INFO: [runtcl-4] Executing : report_utilization -file design_1_myOLEDrgb_0_0_utilization_synth.rpt -pb design_1_myOLEDrgb_0_0_utilization_synth.pb
INFO: [Common 17-206] Exiting Vivado at Sat Dec 14 11:35:58 2024...
