Copyright 1986-2019 Xilinx, Inc. All Rights Reserved.
------------------------------------------------------------------------------------
| Tool Version : Vivado v.2019.1 (win64) Build 2552052 Fri May 24 14:49:42 MDT 2019
| Date         : Mon Oct 21 04:33:21 2024
| Host         : DESKTOP-LUJNASU running 64-bit major release  (build 9200)
| Command      : upgrade_ip
| Device       : xc7z020clg400-1
------------------------------------------------------------------------------------

Upgrade Log for IP 'design_1_myPWM_0_0'

1. Summary
----------

SUCCESS in the conversion of design_1_myPWM_0_0 (xilinx.com:user:myPWM:1.0 (Rev. 2)) to Vivado generation flows.






Copyright 1986-2019 Xilinx, Inc. All Rights Reserved.
------------------------------------------------------------------------------------
| Tool Version : Vivado v.2019.1 (win64) Build 2552052 Fri May 24 14:49:42 MDT 2019
| Date         : Mon Oct 21 03:56:15 2024
| Host         : DESKTOP-LUJNASU running 64-bit major release  (build 9200)
| Command      : upgrade_ip
| Device       : xc7z020clg400-1
------------------------------------------------------------------------------------

Upgrade Log for IP 'design_1_myPWM_0_0'

1. Summary
----------

SUCCESS in the conversion of design_1_myPWM_0_0 (xilinx.com:user:myPWM:1.0 (Rev. 2)) to Vivado generation flows.

