Copyright 1986-2019 Xilinx, Inc. All Rights Reserved.
---------------------------------------------------------------------------------------
| Tool Version : Vivado v.2019.1 (win64) Build 2552052 Fri May 24 14:49:42 MDT 2019
| Date         : Sun Nov 10 21:05:37 2024
| Host         : DESKTOP-LUJNASU running 64-bit major release  (build 9200)
| Command      : report_control_sets -verbose -file myFND_v1_0_control_sets_placed.rpt
| Design       : myFND_v1_0
| Device       : xc7z020
---------------------------------------------------------------------------------------

Control Set Information

Table of Contents
-----------------
1. Summary
2. Histogram
3. Flip-Flop Distribution
4. Detailed Control Set Information

1. Summary
----------

+----------------------------------------------------------+-------+
|                          Status                          | Count |
+----------------------------------------------------------+-------+
| Total control sets                                       |    22 |
|    Minimum number of control sets                        |    22 |
|    Addition due to synthesis replication                 |     0 |
|    Addition due to physical synthesis replication        |     0 |
| Unused register locations in slices containing registers |    14 |
+----------------------------------------------------------+-------+
* Control sets can be merged at opt_design using control_set_merge or merge_equivalent_drivers
** Run report_qor_suggestions for automated merging and remapping suggestions


2. Histogram
------------

+--------------------+-------+
|       Fanout       | Count |
+--------------------+-------+
| Total control sets |    22 |
| >= 0 to < 4        |     2 |
| >= 4 to < 6        |     0 |
| >= 6 to < 8        |     2 |
| >= 8 to < 10       |    16 |
| >= 10 to < 12      |     0 |
| >= 12 to < 14      |     0 |
| >= 14 to < 16      |     0 |
| >= 16              |     2 |
+--------------------+-------+
* Control sets can be remapped at either synth_design or opt_design


3. Flip-Flop Distribution
-------------------------

+--------------+-----------------------+------------------------+-----------------+--------------+
| Clock Enable | Synchronous Set/Reset | Asynchronous Set/Reset | Total Registers | Total Slices |
+--------------+-----------------------+------------------------+-----------------+--------------+
| No           | No                    | No                     |               0 |            0 |
| No           | No                    | Yes                    |               0 |            0 |
| No           | Yes                   | No                     |              39 |           11 |
| Yes          | No                    | No                     |               7 |            3 |
| Yes          | No                    | Yes                    |               0 |            0 |
| Yes          | Yes                   | No                     |             164 |           71 |
+--------------+-----------------------+------------------------+-----------------+--------------+


4. Detailed Control Set Information
-----------------------------------

+-------------------------+----------------------------------------------+-------------------------------+------------------+----------------+
|       Clock Signal      |                 Enable Signal                |        Set/Reset Signal       | Slice Load Count | Bel Load Count |
+-------------------------+----------------------------------------------+-------------------------------+------------------+----------------+
|  s00_axi_aclk_IBUF_BUFG | myFND_v1_0_S00_AXI_inst/axi_arready0         | myFND_v1_0_S00_AXI_inst/SR[0] |                1 |              2 |
|  s00_axi_aclk_IBUF_BUFG | myFND_v1_0_S00_AXI_inst/axi_awready0         | myFND_v1_0_S00_AXI_inst/SR[0] |                1 |              2 |
|  s00_axi_aclk_IBUF_BUFG |                                              | myFND_v1_0_S00_AXI_inst/SR[0] |                3 |              7 |
|  s00_axi_aclk_IBUF_BUFG | fnd0/oSeg[6]_i_1_n_0                         |                               |                3 |              7 |
|  s00_axi_aclk_IBUF_BUFG | myFND_v1_0_S00_AXI_inst/slv_reg1[7]_i_1_n_0  | myFND_v1_0_S00_AXI_inst/SR[0] |                4 |              8 |
|  s00_axi_aclk_IBUF_BUFG | myFND_v1_0_S00_AXI_inst/slv_reg1[31]_i_1_n_0 | myFND_v1_0_S00_AXI_inst/SR[0] |                3 |              8 |
|  s00_axi_aclk_IBUF_BUFG | myFND_v1_0_S00_AXI_inst/slv_reg3[31]_i_1_n_0 | myFND_v1_0_S00_AXI_inst/SR[0] |                3 |              8 |
|  s00_axi_aclk_IBUF_BUFG | myFND_v1_0_S00_AXI_inst/slv_reg1[15]_i_1_n_0 | myFND_v1_0_S00_AXI_inst/SR[0] |                3 |              8 |
|  s00_axi_aclk_IBUF_BUFG | myFND_v1_0_S00_AXI_inst/slv_reg2[15]_i_1_n_0 | myFND_v1_0_S00_AXI_inst/SR[0] |                3 |              8 |
|  s00_axi_aclk_IBUF_BUFG | myFND_v1_0_S00_AXI_inst/slv_reg3[15]_i_1_n_0 | myFND_v1_0_S00_AXI_inst/SR[0] |                3 |              8 |
|  s00_axi_aclk_IBUF_BUFG | myFND_v1_0_S00_AXI_inst/slv_reg2[7]_i_1_n_0  | myFND_v1_0_S00_AXI_inst/SR[0] |                4 |              8 |
|  s00_axi_aclk_IBUF_BUFG | myFND_v1_0_S00_AXI_inst/slv_reg1[23]_i_1_n_0 | myFND_v1_0_S00_AXI_inst/SR[0] |                5 |              8 |
|  s00_axi_aclk_IBUF_BUFG | myFND_v1_0_S00_AXI_inst/slv_reg3[23]_i_1_n_0 | myFND_v1_0_S00_AXI_inst/SR[0] |                5 |              8 |
|  s00_axi_aclk_IBUF_BUFG | myFND_v1_0_S00_AXI_inst/slv_reg2[31]_i_1_n_0 | myFND_v1_0_S00_AXI_inst/SR[0] |                3 |              8 |
|  s00_axi_aclk_IBUF_BUFG | myFND_v1_0_S00_AXI_inst/slv_reg3[7]_i_1_n_0  | myFND_v1_0_S00_AXI_inst/SR[0] |                3 |              8 |
|  s00_axi_aclk_IBUF_BUFG | myFND_v1_0_S00_AXI_inst/slv_reg2[23]_i_1_n_0 | myFND_v1_0_S00_AXI_inst/SR[0] |                3 |              8 |
|  s00_axi_aclk_IBUF_BUFG | myFND_v1_0_S00_AXI_inst/p_1_in[23]           | myFND_v1_0_S00_AXI_inst/SR[0] |                4 |              8 |
|  s00_axi_aclk_IBUF_BUFG | myFND_v1_0_S00_AXI_inst/p_1_in[7]            | myFND_v1_0_S00_AXI_inst/SR[0] |                4 |              8 |
|  s00_axi_aclk_IBUF_BUFG | myFND_v1_0_S00_AXI_inst/p_1_in[15]           | myFND_v1_0_S00_AXI_inst/SR[0] |                3 |              8 |
|  s00_axi_aclk_IBUF_BUFG | myFND_v1_0_S00_AXI_inst/p_1_in[31]           | myFND_v1_0_S00_AXI_inst/SR[0] |                3 |              8 |
|  s00_axi_aclk_IBUF_BUFG |                                              | fnd0/oSeg[6]_i_1_n_0          |                8 |             32 |
|  s00_axi_aclk_IBUF_BUFG | myFND_v1_0_S00_AXI_inst/slv_reg_rden__0      | myFND_v1_0_S00_AXI_inst/SR[0] |               13 |             32 |
+-------------------------+----------------------------------------------+-------------------------------+------------------+----------------+


