
*** Running vivado
    with args -log design_1_myFND_0_0.vds -m64 -product Vivado -mode batch -messageDb vivado.pb -notrace -source design_1_myFND_0_0.tcl


****** Vivado v2019.1 (64-bit)
  **** SW Build 2552052 on Fri May 24 14:49:42 MDT 2019
  **** IP Build 2548770 on Fri May 24 18:01:18 MDT 2019
    ** Copyright 1986-2019 Xilinx, Inc. All Rights Reserved.

source design_1_myFND_0_0.tcl -notrace
INFO: [IP_Flow 19-234] Refreshing IP repositories
INFO: [IP_Flow 19-1700] Loaded user IP repository 'e:/01_SoC/04_ZynqLab/ip_repo/myFND_1.0'.
INFO: [IP_Flow 19-2313] Loaded Vivado IP repository 'C:/Xilinx/Vivado/2019.1/data/ip'.
Command: synth_design -top design_1_myFND_0_0 -part xc7z020clg400-1 -mode out_of_context
Starting synth_design
Attempting to get a license for feature 'Synthesis' and/or device 'xc7z020'
INFO: [Common 17-349] Got license for feature 'Synthesis' and/or device 'xc7z020'
INFO: [Device 21-403] Loading part xc7z020clg400-1
INFO: Launching helper process for spawning children vivado processes
INFO: Helper process launched with PID 24960 
---------------------------------------------------------------------------------
Starting RTL Elaboration : Time (s): cpu = 00:00:02 ; elapsed = 00:00:02 . Memory (MB): peak = 838.742 ; gain = 176.891
---------------------------------------------------------------------------------
INFO: [Synth 8-6157] synthesizing module 'design_1_myFND_0_0' [e:/01_SoC/04_ZynqLab/ZynqLab04/ZynqLab04.srcs/sources_1/bd/design_1/ip/design_1_myFND_0_0/synth/design_1_myFND_0_0.v:57]
INFO: [Synth 8-6157] synthesizing module 'myFND_v1_0' [e:/01_SoC/04_ZynqLab/ZynqLab04/ZynqLab04.srcs/sources_1/bd/design_1/ipshared/f5ad/hdl/myFND_v1_0.v:4]
	Parameter C_S00_AXI_DATA_WIDTH bound to: 32 - type: integer 
	Parameter C_S00_AXI_ADDR_WIDTH bound to: 4 - type: integer 
INFO: [Synth 8-6157] synthesizing module 'myFND_v1_0_S00_AXI' [e:/01_SoC/04_ZynqLab/ZynqLab04/ZynqLab04.srcs/sources_1/bd/design_1/ipshared/f5ad/hdl/myFND_v1_0_S00_AXI.v:4]
	Parameter C_S_AXI_DATA_WIDTH bound to: 32 - type: integer 
	Parameter C_S_AXI_ADDR_WIDTH bound to: 4 - type: integer 
	Parameter ADDR_LSB bound to: 2 - type: integer 
	Parameter OPT_MEM_ADDR_BITS bound to: 1 - type: integer 
INFO: [Synth 8-226] default block is never used [e:/01_SoC/04_ZynqLab/ZynqLab04/ZynqLab04.srcs/sources_1/bd/design_1/ipshared/f5ad/hdl/myFND_v1_0_S00_AXI.v:232]
INFO: [Synth 8-226] default block is never used [e:/01_SoC/04_ZynqLab/ZynqLab04/ZynqLab04.srcs/sources_1/bd/design_1/ipshared/f5ad/hdl/myFND_v1_0_S00_AXI.v:373]
INFO: [Synth 8-6155] done synthesizing module 'myFND_v1_0_S00_AXI' (1#1) [e:/01_SoC/04_ZynqLab/ZynqLab04/ZynqLab04.srcs/sources_1/bd/design_1/ipshared/f5ad/hdl/myFND_v1_0_S00_AXI.v:4]
INFO: [Synth 8-6157] synthesizing module 'FND' [e:/01_SoC/04_ZynqLab/ZynqLab04/ZynqLab04.srcs/sources_1/bd/design_1/ipshared/f5ad/hdl/FND.v:3]
INFO: [Synth 8-226] default block is never used [e:/01_SoC/04_ZynqLab/ZynqLab04/ZynqLab04.srcs/sources_1/bd/design_1/ipshared/f5ad/hdl/FND.v:50]
INFO: [Synth 8-226] default block is never used [e:/01_SoC/04_ZynqLab/ZynqLab04/ZynqLab04.srcs/sources_1/bd/design_1/ipshared/f5ad/hdl/FND.v:50]
INFO: [Synth 8-226] default block is never used [e:/01_SoC/04_ZynqLab/ZynqLab04/ZynqLab04.srcs/sources_1/bd/design_1/ipshared/f5ad/hdl/FND.v:50]
INFO: [Synth 8-6155] done synthesizing module 'FND' (2#1) [e:/01_SoC/04_ZynqLab/ZynqLab04/ZynqLab04.srcs/sources_1/bd/design_1/ipshared/f5ad/hdl/FND.v:3]
INFO: [Synth 8-6157] synthesizing module 'Hex2Dec' [e:/01_SoC/04_ZynqLab/ZynqLab04/ZynqLab04.srcs/sources_1/bd/design_1/ipshared/f5ad/hdl/Hex2Dec.v:22]
INFO: [Synth 8-6155] done synthesizing module 'Hex2Dec' (3#1) [e:/01_SoC/04_ZynqLab/ZynqLab04/ZynqLab04.srcs/sources_1/bd/design_1/ipshared/f5ad/hdl/Hex2Dec.v:22]
INFO: [Synth 8-6155] done synthesizing module 'myFND_v1_0' (4#1) [e:/01_SoC/04_ZynqLab/ZynqLab04/ZynqLab04.srcs/sources_1/bd/design_1/ipshared/f5ad/hdl/myFND_v1_0.v:4]
INFO: [Synth 8-6155] done synthesizing module 'design_1_myFND_0_0' (5#1) [e:/01_SoC/04_ZynqLab/ZynqLab04/ZynqLab04.srcs/sources_1/bd/design_1/ip/design_1_myFND_0_0/synth/design_1_myFND_0_0.v:57]
WARNING: [Synth 8-3331] design myFND_v1_0_S00_AXI has unconnected port S_AXI_AWPROT[2]
WARNING: [Synth 8-3331] design myFND_v1_0_S00_AXI has unconnected port S_AXI_AWPROT[1]
WARNING: [Synth 8-3331] design myFND_v1_0_S00_AXI has unconnected port S_AXI_AWPROT[0]
WARNING: [Synth 8-3331] design myFND_v1_0_S00_AXI has unconnected port S_AXI_ARPROT[2]
WARNING: [Synth 8-3331] design myFND_v1_0_S00_AXI has unconnected port S_AXI_ARPROT[1]
WARNING: [Synth 8-3331] design myFND_v1_0_S00_AXI has unconnected port S_AXI_ARPROT[0]
---------------------------------------------------------------------------------
Finished RTL Elaboration : Time (s): cpu = 00:00:03 ; elapsed = 00:00:03 . Memory (MB): peak = 905.773 ; gain = 243.922
---------------------------------------------------------------------------------

Report Check Netlist: 
+------+------------------+-------+---------+-------+------------------+
|      |Item              |Errors |Warnings |Status |Description       |
+------+------------------+-------+---------+-------+------------------+
|1     |multi_driven_nets |      0|        0|Passed |Multi driven nets |
+------+------------------+-------+---------+-------+------------------+
---------------------------------------------------------------------------------
Start Handling Custom Attributes
---------------------------------------------------------------------------------
---------------------------------------------------------------------------------
Finished Handling Custom Attributes : Time (s): cpu = 00:00:03 ; elapsed = 00:00:03 . Memory (MB): peak = 905.773 ; gain = 243.922
---------------------------------------------------------------------------------
---------------------------------------------------------------------------------
Finished RTL Optimization Phase 1 : Time (s): cpu = 00:00:03 ; elapsed = 00:00:03 . Memory (MB): peak = 905.773 ; gain = 243.922
---------------------------------------------------------------------------------
INFO: [Project 1-570] Preparing netlist for logic optimization

Processing XDC Constraints
Initializing timing engine
Completed Processing XDC Constraints

Netlist sorting complete. Time (s): cpu = 00:00:00 ; elapsed = 00:00:00 . Memory (MB): peak = 1014.312 ; gain = 0.000
INFO: [Project 1-111] Unisim Transformation Summary:
No Unisim elements were transformed.

WARNING: [Constraints 18-5210] No constraints selected for write.
Resolution: This message can indicate that there are no constraints for the design, or it can indicate that the used_in flags are set such that the constraints are ignored. This later case is used when running synth_design to not write synthesis constraints to the resulting checkpoint. Instead, project constraints are read when the synthesized design is opened.
Constraint Validation Runtime : Time (s): cpu = 00:00:00 ; elapsed = 00:00:00.045 . Memory (MB): peak = 1015.488 ; gain = 1.176
---------------------------------------------------------------------------------
Finished Constraint Validation : Time (s): cpu = 00:00:07 ; elapsed = 00:00:07 . Memory (MB): peak = 1015.488 ; gain = 353.637
---------------------------------------------------------------------------------
---------------------------------------------------------------------------------
Start Loading Part and Timing Information
---------------------------------------------------------------------------------
Loading part: xc7z020clg400-1
---------------------------------------------------------------------------------
Finished Loading Part and Timing Information : Time (s): cpu = 00:00:07 ; elapsed = 00:00:07 . Memory (MB): peak = 1015.488 ; gain = 353.637
---------------------------------------------------------------------------------
---------------------------------------------------------------------------------
Start Applying 'set_property' XDC Constraints
---------------------------------------------------------------------------------
---------------------------------------------------------------------------------
Finished applying 'set_property' XDC Constraints : Time (s): cpu = 00:00:07 ; elapsed = 00:00:07 . Memory (MB): peak = 1015.488 ; gain = 353.637
---------------------------------------------------------------------------------
---------------------------------------------------------------------------------
Finished RTL Optimization Phase 2 : Time (s): cpu = 00:00:07 ; elapsed = 00:00:07 . Memory (MB): peak = 1015.488 ; gain = 353.637
---------------------------------------------------------------------------------

Report RTL Partitions: 
+-+--------------+------------+----------+
| |RTL Partition |Replication |Instances |
+-+--------------+------------+----------+
+-+--------------+------------+----------+
---------------------------------------------------------------------------------
Start RTL Component Statistics 
---------------------------------------------------------------------------------
Detailed RTL Component Info : 
+---Registers : 
	               32 Bit    Registers := 5     
	                7 Bit    Registers := 1     
	                4 Bit    Registers := 2     
	                2 Bit    Registers := 2     
	                1 Bit    Registers := 7     
+---Muxes : 
	   2 Input     32 Bit        Muxes := 4     
	   4 Input     32 Bit        Muxes := 5     
	  17 Input      7 Bit        Muxes := 1     
	   2 Input      7 Bit        Muxes := 1     
	   2 Input      4 Bit        Muxes := 2     
	   3 Input      4 Bit        Muxes := 1     
	   2 Input      1 Bit        Muxes := 6     
---------------------------------------------------------------------------------
Finished RTL Component Statistics 
---------------------------------------------------------------------------------
---------------------------------------------------------------------------------
Start RTL Hierarchical Component Statistics 
---------------------------------------------------------------------------------
Hierarchical RTL Component report 
Module myFND_v1_0_S00_AXI 
Detailed RTL Component Info : 
+---Registers : 
	               32 Bit    Registers := 5     
	                4 Bit    Registers := 2     
	                2 Bit    Registers := 2     
	                1 Bit    Registers := 6     
+---Muxes : 
	   2 Input     32 Bit        Muxes := 4     
	   4 Input     32 Bit        Muxes := 5     
	   2 Input      1 Bit        Muxes := 5     
Module FND 
Detailed RTL Component Info : 
+---Registers : 
	                7 Bit    Registers := 1     
	                1 Bit    Registers := 1     
+---Muxes : 
	  17 Input      7 Bit        Muxes := 1     
	   2 Input      7 Bit        Muxes := 1     
	   2 Input      1 Bit        Muxes := 1     
Module Hex2Dec 
Detailed RTL Component Info : 
+---Muxes : 
	   2 Input      4 Bit        Muxes := 2     
	   3 Input      4 Bit        Muxes := 1     
---------------------------------------------------------------------------------
Finished RTL Hierarchical Component Statistics
---------------------------------------------------------------------------------
---------------------------------------------------------------------------------
Start Part Resource Summary
---------------------------------------------------------------------------------
Part Resources:
DSPs: 220 (col length:60)
BRAMs: 280 (col length: RAMB18 60 RAMB36 30)
---------------------------------------------------------------------------------
Finished Part Resource Summary
---------------------------------------------------------------------------------
---------------------------------------------------------------------------------
Start Cross Boundary and Area Optimization
---------------------------------------------------------------------------------
Warning: Parallel synthesis criteria is not met 
WARNING: [Synth 8-3331] design design_1_myFND_0_0 has unconnected port s00_axi_awprot[2]
WARNING: [Synth 8-3331] design design_1_myFND_0_0 has unconnected port s00_axi_awprot[1]
WARNING: [Synth 8-3331] design design_1_myFND_0_0 has unconnected port s00_axi_awprot[0]
WARNING: [Synth 8-3331] design design_1_myFND_0_0 has unconnected port s00_axi_arprot[2]
WARNING: [Synth 8-3331] design design_1_myFND_0_0 has unconnected port s00_axi_arprot[1]
WARNING: [Synth 8-3331] design design_1_myFND_0_0 has unconnected port s00_axi_arprot[0]
INFO: [Synth 8-3886] merging instance 'inst/myFND_v1_0_S00_AXI_inst/axi_rresp_reg[0]' (FDRE) to 'inst/myFND_v1_0_S00_AXI_inst/axi_rresp_reg[1]'
INFO: [Synth 8-3333] propagating constant 0 across sequential element (\inst/myFND_v1_0_S00_AXI_inst/axi_rresp_reg[1] )
INFO: [Synth 8-3886] merging instance 'inst/myFND_v1_0_S00_AXI_inst/axi_bresp_reg[0]' (FDRE) to 'inst/myFND_v1_0_S00_AXI_inst/axi_bresp_reg[1]'
INFO: [Synth 8-3333] propagating constant 0 across sequential element (\inst/myFND_v1_0_S00_AXI_inst/axi_bresp_reg[1] )
---------------------------------------------------------------------------------
Finished Cross Boundary and Area Optimization : Time (s): cpu = 00:00:09 ; elapsed = 00:00:09 . Memory (MB): peak = 1015.488 ; gain = 353.637
---------------------------------------------------------------------------------

Report RTL Partitions: 
+-+--------------+------------+----------+
| |RTL Partition |Replication |Instances |
+-+--------------+------------+----------+
+-+--------------+------------+----------+
---------------------------------------------------------------------------------
Start Applying XDC Timing Constraints
---------------------------------------------------------------------------------
---------------------------------------------------------------------------------
Finished Applying XDC Timing Constraints : Time (s): cpu = 00:00:13 ; elapsed = 00:00:13 . Memory (MB): peak = 1015.488 ; gain = 353.637
---------------------------------------------------------------------------------
---------------------------------------------------------------------------------
Start Timing Optimization
---------------------------------------------------------------------------------
---------------------------------------------------------------------------------
Finished Timing Optimization : Time (s): cpu = 00:00:13 ; elapsed = 00:00:13 . Memory (MB): peak = 1015.488 ; gain = 353.637
---------------------------------------------------------------------------------

Report RTL Partitions: 
+-+--------------+------------+----------+
| |RTL Partition |Replication |Instances |
+-+--------------+------------+----------+
+-+--------------+------------+----------+
---------------------------------------------------------------------------------
Start Technology Mapping
---------------------------------------------------------------------------------
---------------------------------------------------------------------------------
Finished Technology Mapping : Time (s): cpu = 00:00:13 ; elapsed = 00:00:13 . Memory (MB): peak = 1015.488 ; gain = 353.637
---------------------------------------------------------------------------------

Report RTL Partitions: 
+-+--------------+------------+----------+
| |RTL Partition |Replication |Instances |
+-+--------------+------------+----------+
+-+--------------+------------+----------+
---------------------------------------------------------------------------------
Start IO Insertion
---------------------------------------------------------------------------------
---------------------------------------------------------------------------------
Start Flattening Before IO Insertion
---------------------------------------------------------------------------------
---------------------------------------------------------------------------------
Finished Flattening Before IO Insertion
---------------------------------------------------------------------------------
---------------------------------------------------------------------------------
Start Final Netlist Cleanup
---------------------------------------------------------------------------------
---------------------------------------------------------------------------------
Finished Final Netlist Cleanup
---------------------------------------------------------------------------------
CRITICAL WARNING: [Synth 8-5799] Converted tricell instance 'insti_0' to logic
CRITICAL WARNING: [Synth 8-5799] Converted tricell instance 'insti_1' to logic
CRITICAL WARNING: [Synth 8-5799] Converted tricell instance 'insti_2' to logic
CRITICAL WARNING: [Synth 8-5799] Converted tricell instance 'insti_3' to logic
CRITICAL WARNING: [Synth 8-5799] Converted tricell instance 'insti_4' to logic
CRITICAL WARNING: [Synth 8-5799] Converted tricell instance 'insti_5' to logic
CRITICAL WARNING: [Synth 8-5799] Converted tricell instance 'insti_6' to logic
CRITICAL WARNING: [Synth 8-5799] Converted tricell instance 'insti_7' to logic
---------------------------------------------------------------------------------
Finished IO Insertion : Time (s): cpu = 00:00:14 ; elapsed = 00:00:14 . Memory (MB): peak = 1031.098 ; gain = 369.246
---------------------------------------------------------------------------------

Report Check Netlist: 
+------+------------------+-------+---------+-------+------------------+
|      |Item              |Errors |Warnings |Status |Description       |
+------+------------------+-------+---------+-------+------------------+
|1     |multi_driven_nets |      0|        0|Passed |Multi driven nets |
+------+------------------+-------+---------+-------+------------------+
---------------------------------------------------------------------------------
Start Renaming Generated Instances
---------------------------------------------------------------------------------
---------------------------------------------------------------------------------
Finished Renaming Generated Instances : Time (s): cpu = 00:00:14 ; elapsed = 00:00:14 . Memory (MB): peak = 1031.098 ; gain = 369.246
---------------------------------------------------------------------------------

Report RTL Partitions: 
+-+--------------+------------+----------+
| |RTL Partition |Replication |Instances |
+-+--------------+------------+----------+
+-+--------------+------------+----------+
---------------------------------------------------------------------------------
Start Rebuilding User Hierarchy
---------------------------------------------------------------------------------
---------------------------------------------------------------------------------
Finished Rebuilding User Hierarchy : Time (s): cpu = 00:00:14 ; elapsed = 00:00:14 . Memory (MB): peak = 1031.098 ; gain = 369.246
---------------------------------------------------------------------------------
---------------------------------------------------------------------------------
Start Renaming Generated Ports
---------------------------------------------------------------------------------
---------------------------------------------------------------------------------
Finished Renaming Generated Ports : Time (s): cpu = 00:00:14 ; elapsed = 00:00:14 . Memory (MB): peak = 1031.098 ; gain = 369.246
---------------------------------------------------------------------------------
---------------------------------------------------------------------------------
Start Handling Custom Attributes
---------------------------------------------------------------------------------
---------------------------------------------------------------------------------
Finished Handling Custom Attributes : Time (s): cpu = 00:00:14 ; elapsed = 00:00:14 . Memory (MB): peak = 1031.098 ; gain = 369.246
---------------------------------------------------------------------------------
---------------------------------------------------------------------------------
Start Renaming Generated Nets
---------------------------------------------------------------------------------
---------------------------------------------------------------------------------
Finished Renaming Generated Nets : Time (s): cpu = 00:00:14 ; elapsed = 00:00:14 . Memory (MB): peak = 1031.098 ; gain = 369.246
---------------------------------------------------------------------------------
---------------------------------------------------------------------------------
Start Writing Synthesis Report
---------------------------------------------------------------------------------

Report BlackBoxes: 
+-+--------------+----------+
| |BlackBox name |Instances |
+-+--------------+----------+
+-+--------------+----------+

Report Cell Usage: 
+------+-------+------+
|      |Cell   |Count |
+------+-------+------+
|1     |CARRY4 |     8|
|2     |LUT1   |     2|
|3     |LUT2   |    11|
|4     |LUT3   |     2|
|5     |LUT4   |    27|
|6     |LUT5   |    10|
|7     |LUT6   |    60|
|8     |FDRE   |   209|
|9     |FDSE   |     1|
+------+-------+------+

Report Instance Areas: 
+------+----------------------------+-------------------+------+
|      |Instance                    |Module             |Cells |
+------+----------------------------+-------------------+------+
|1     |top                         |                   |   330|
|2     |  inst                      |myFND_v1_0         |   330|
|3     |    fnd0                    |FND                |    60|
|4     |    myFND_v1_0_S00_AXI_inst |myFND_v1_0_S00_AXI |   270|
+------+----------------------------+-------------------+------+
---------------------------------------------------------------------------------
Finished Writing Synthesis Report : Time (s): cpu = 00:00:14 ; elapsed = 00:00:14 . Memory (MB): peak = 1031.098 ; gain = 369.246
---------------------------------------------------------------------------------
Synthesis finished with 0 errors, 8 critical warnings and 6 warnings.
Synthesis Optimization Runtime : Time (s): cpu = 00:00:09 ; elapsed = 00:00:13 . Memory (MB): peak = 1031.098 ; gain = 259.531
Synthesis Optimization Complete : Time (s): cpu = 00:00:14 ; elapsed = 00:00:14 . Memory (MB): peak = 1031.098 ; gain = 369.246
INFO: [Project 1-571] Translating synthesized netlist
INFO: [Netlist 29-17] Analyzing 8 Unisim elements for replacement
INFO: [Netlist 29-28] Unisim Transformation completed in 0 CPU seconds
INFO: [Project 1-570] Preparing netlist for logic optimization
INFO: [Opt 31-138] Pushed 0 inverter(s) to 0 load pin(s).
Netlist sorting complete. Time (s): cpu = 00:00:00 ; elapsed = 00:00:00 . Memory (MB): peak = 1051.449 ; gain = 0.000
INFO: [Project 1-111] Unisim Transformation Summary:
No Unisim elements were transformed.

INFO: [Common 17-83] Releasing license: Synthesis
33 Infos, 13 Warnings, 8 Critical Warnings and 0 Errors encountered.
synth_design completed successfully
synth_design: Time (s): cpu = 00:00:18 ; elapsed = 00:00:19 . Memory (MB): peak = 1051.449 ; gain = 654.844
Netlist sorting complete. Time (s): cpu = 00:00:00 ; elapsed = 00:00:00 . Memory (MB): peak = 1051.449 ; gain = 0.000
WARNING: [Constraints 18-5210] No constraints selected for write.
Resolution: This message can indicate that there are no constraints for the design, or it can indicate that the used_in flags are set such that the constraints are ignored. This later case is used when running synth_design to not write synthesis constraints to the resulting checkpoint. Instead, project constraints are read when the synthesized design is opened.
INFO: [Common 17-1381] The checkpoint 'E:/01_SoC/04_ZynqLab/ZynqLab04/ZynqLab04.runs/design_1_myFND_0_0_synth_1/design_1_myFND_0_0.dcp' has been generated.
WARNING: [Common 17-576] 'use_project_ipc' is deprecated. This option is deprecated and no longer used.
INFO: [Coretcl 2-1648] Added synthesis output to IP cache for IP design_1_myFND_0_0, cache-ID = e8f5452b625905a7
INFO: [Coretcl 2-1174] Renamed 3 cell refs.
Netlist sorting complete. Time (s): cpu = 00:00:00 ; elapsed = 00:00:00 . Memory (MB): peak = 1051.449 ; gain = 0.000
WARNING: [Constraints 18-5210] No constraints selected for write.
Resolution: This message can indicate that there are no constraints for the design, or it can indicate that the used_in flags are set such that the constraints are ignored. This later case is used when running synth_design to not write synthesis constraints to the resulting checkpoint. Instead, project constraints are read when the synthesized design is opened.
INFO: [Common 17-1381] The checkpoint 'E:/01_SoC/04_ZynqLab/ZynqLab04/ZynqLab04.runs/design_1_myFND_0_0_synth_1/design_1_myFND_0_0.dcp' has been generated.
INFO: [runtcl-4] Executing : report_utilization -file design_1_myFND_0_0_utilization_synth.rpt -pb design_1_myFND_0_0_utilization_synth.pb
INFO: [Common 17-206] Exiting Vivado at Sun Nov 10 20:43:15 2024...
