01:52:19 **** Auto Build of configuration Debug for project ZynqLab06 ****
make pre-build main-build 
a9-linaro-pre-build-step
' '
'Building file: ../src/main.c'
'Invoking: ARM v7 gcc compiler'
arm-none-eabi-gcc -Wall -O0 -g3 -c -fmessage-length=0 -MT"src/main.o" -mcpu=cortex-a9 -mfpu=vfpv3 -mfloat-abi=hard -I../../ZynqLab06_bsp/ps7_cortexa9_0/include -MMD -MP -MF"src/main.d" -MT"src/main.o" -o "src/main.o" "../src/main.c"
'Finished building: ../src/main.c'
' '
'Building target: ZynqLab06.elf'
'Invoking: ARM v7 gcc linker'
arm-none-eabi-gcc -mcpu=cortex-a9 -mfpu=vfpv3 -mfloat-abi=hard -Wl,-build-id=none -specs=Xilinx.spec -Wl,-T -Wl,../src/lscript.ld -L../../ZynqLab06_bsp/ps7_cortexa9_0/lib -o "ZynqLab06.elf"  ./src/main.o   -Wl,--start-group,-lxil,-lgcc,-lc,--end-group
'Finished building target: ZynqLab06.elf'
' '
'Invoking: ARM v7 Print Size'
arm-none-eabi-size ZynqLab06.elf  |tee "ZynqLab06.elf.size"
   text	   data	    bss	    dec	    hex	filename
  61112	   3376	  23360	  87848	  15728	ZynqLab06.elf
'Finished building: ZynqLab06.elf.size'
' '

01:52:20 Build Finished (took 530ms)

