Copyright 1986-2019 Xilinx, Inc. All Rights Reserved.
------------------------------------------------------------------------------------
| Tool Version : Vivado v.2019.1 (win64) Build 2552052 Fri May 24 14:49:42 MDT 2019
| Date         : Tue Nov 12 03:54:03 2024
| Host         : DESKTOP-LUJNASU running 64-bit major release  (build 9200)
| Command      : upgrade_ip
| Device       : xc7z020clg400-1
------------------------------------------------------------------------------------

Upgrade Log for IP 'design_1_myKEYPAD2_0_0'

1. Summary
----------

SUCCESS in the upgrade of design_1_myKEYPAD2_0_0 (xilinx.com:user:myKEYPAD2:1.0) from (Rev. 13) to (Rev. 14)






Copyright 1986-2019 Xilinx, Inc. All Rights Reserved.
------------------------------------------------------------------------------------
| Tool Version : Vivado v.2019.1 (win64) Build 2552052 Fri May 24 14:49:42 MDT 2019
| Date         : Tue Nov 12 03:02:57 2024
| Host         : DESKTOP-LUJNASU running 64-bit major release  (build 9200)
| Command      : upgrade_ip
| Device       : xc7z020clg400-1
------------------------------------------------------------------------------------

Upgrade Log for IP 'design_1_myKEYPAD2_0_0'

1. Summary
----------

SUCCESS in the conversion of design_1_myKEYPAD2_0_0 (xilinx.com:user:myKEYPAD2:1.0 (Rev. 13)) to Vivado generation flows.






Copyright 1986-2019 Xilinx, Inc. All Rights Reserved.
------------------------------------------------------------------------------------
| Tool Version : Vivado v.2019.1 (win64) Build 2552052 Fri May 24 14:49:42 MDT 2019
| Date         : Tue Nov 12 03:02:31 2024
| Host         : DESKTOP-LUJNASU running 64-bit major release  (build 9200)
| Command      : upgrade_ip
| Device       : xc7z020clg400-1
------------------------------------------------------------------------------------

Upgrade Log for IP 'design_1_myKEYPAD2_0_0'

1. Summary
----------

CAUTION (success, with warnings) in the upgrade of design_1_myKEYPAD2_0_0 (xilinx.com:user:myKEYPAD2:1.0) from (Rev. 12) to (Rev. 13)

2. Interface Information
------------------------

Detected external interface differences while upgrading 'design_1_myKEYPAD2_0_0'.


-Upgrade has added interface 'oIRQ' (xilinx.com:signal:interrupt:1.0)







Copyright 1986-2019 Xilinx, Inc. All Rights Reserved.
------------------------------------------------------------------------------------
| Tool Version : Vivado v.2019.1 (win64) Build 2552052 Fri May 24 14:49:42 MDT 2019
| Date         : Tue Nov 12 02:58:31 2024
| Host         : DESKTOP-LUJNASU running 64-bit major release  (build 9200)
| Command      : upgrade_ip
| Device       : xc7z020clg400-1
------------------------------------------------------------------------------------

Upgrade Log for IP 'design_1_myKEYPAD2_0_0'

1. Summary
----------

SUCCESS in the upgrade of design_1_myKEYPAD2_0_0 (xilinx.com:user:myKEYPAD2:1.0) from (Rev. 11) to (Rev. 12)






Copyright 1986-2019 Xilinx, Inc. All Rights Reserved.
------------------------------------------------------------------------------------
| Tool Version : Vivado v.2019.1 (win64) Build 2552052 Fri May 24 14:49:42 MDT 2019
| Date         : Tue Nov 12 02:57:06 2024
| Host         : DESKTOP-LUJNASU running 64-bit major release  (build 9200)
| Command      : upgrade_ip
| Device       : xc7z020clg400-1
------------------------------------------------------------------------------------

Upgrade Log for IP 'design_1_myKEYPAD2_0_0'

1. Summary
----------

CAUTION (success, with warnings) in the upgrade of design_1_myKEYPAD2_0_0 (xilinx.com:user:myKEYPAD2:1.0) from (Rev. 10) to (Rev. 11)

After upgrade, an IP may have parameter and port differences compared to the original customization. Please review the parameters within the IP customization GUI to ensure proper functionality. Also, please review the updated IP instantiation template to ensure proper connectivity, and update your design if required.

2. Connection Warnings
----------------------

Detected external port differences while upgrading 'design_1_myKEYPAD2_0_0'. These changes may impact your design.


-Upgrade has removed port 'oKEY'

-Upgrade has added port 'oIRQ'







Copyright 1986-2019 Xilinx, Inc. All Rights Reserved.
------------------------------------------------------------------------------------
| Tool Version : Vivado v.2019.1 (win64) Build 2552052 Fri May 24 14:49:42 MDT 2019
| Date         : Tue Nov 12 02:23:45 2024
| Host         : DESKTOP-LUJNASU running 64-bit major release  (build 9200)
| Command      : upgrade_ip
| Device       : xc7z020clg400-1
------------------------------------------------------------------------------------

Upgrade Log for IP 'design_1_myKEYPAD2_0_0'

1. Summary
----------

SUCCESS in the upgrade of design_1_myKEYPAD2_0_0 (xilinx.com:user:myKEYPAD2:1.0) from (Rev. 9) to (Rev. 10)






Copyright 1986-2019 Xilinx, Inc. All Rights Reserved.
------------------------------------------------------------------------------------
| Tool Version : Vivado v.2019.1 (win64) Build 2552052 Fri May 24 14:49:42 MDT 2019
| Date         : Tue Nov 12 02:05:05 2024
| Host         : DESKTOP-LUJNASU running 64-bit major release  (build 9200)
| Command      : upgrade_ip
| Device       : xc7z020clg400-1
------------------------------------------------------------------------------------

Upgrade Log for IP 'design_1_myKEYPAD2_0_0'

1. Summary
----------

SUCCESS in the upgrade of design_1_myKEYPAD2_0_0 (xilinx.com:user:myKEYPAD2:1.0) from (Rev. 8) to (Rev. 9)






Copyright 1986-2019 Xilinx, Inc. All Rights Reserved.
------------------------------------------------------------------------------------
| Tool Version : Vivado v.2019.1 (win64) Build 2552052 Fri May 24 14:49:42 MDT 2019
| Date         : Tue Nov 12 01:56:16 2024
| Host         : DESKTOP-LUJNASU running 64-bit major release  (build 9200)
| Command      : upgrade_ip
| Device       : xc7z020clg400-1
------------------------------------------------------------------------------------

Upgrade Log for IP 'design_1_myKEYPAD2_0_0'

1. Summary
----------

SUCCESS in the upgrade of design_1_myKEYPAD2_0_0 (xilinx.com:user:myKEYPAD2:1.0) from (Rev. 7) to (Rev. 8)






Copyright 1986-2019 Xilinx, Inc. All Rights Reserved.
------------------------------------------------------------------------------------
| Tool Version : Vivado v.2019.1 (win64) Build 2552052 Fri May 24 14:49:42 MDT 2019
| Date         : Tue Nov 12 01:48:20 2024
| Host         : DESKTOP-LUJNASU running 64-bit major release  (build 9200)
| Command      : upgrade_ip
| Device       : xc7z020clg400-1
------------------------------------------------------------------------------------

Upgrade Log for IP 'design_1_myKEYPAD2_0_0'

1. Summary
----------

SUCCESS in the upgrade of design_1_myKEYPAD2_0_0 (xilinx.com:user:myKEYPAD2:1.0) from (Rev. 6) to (Rev. 7)






Copyright 1986-2019 Xilinx, Inc. All Rights Reserved.
------------------------------------------------------------------------------------
| Tool Version : Vivado v.2019.1 (win64) Build 2552052 Fri May 24 14:49:42 MDT 2019
| Date         : Tue Nov 12 01:31:42 2024
| Host         : DESKTOP-LUJNASU running 64-bit major release  (build 9200)
| Command      : upgrade_ip
| Device       : xc7z020clg400-1
------------------------------------------------------------------------------------

Upgrade Log for IP 'design_1_myKEYPAD2_0_0'

1. Summary
----------

SUCCESS in the upgrade of design_1_myKEYPAD2_0_0 (xilinx.com:user:myKEYPAD2:1.0) from (Rev. 5) to (Rev. 6)

