Copyright 1986-2019 Xilinx, Inc. All Rights Reserved.
---------------------------------------------------------------------------------------------
| Tool Version : Vivado v.2019.1 (win64) Build 2552052 Fri May 24 14:49:42 MDT 2019
| Date         : Mon Oct 21 05:58:38 2024
| Host         : DESKTOP-LUJNASU running 64-bit major release  (build 9200)
| Command      : report_control_sets -verbose -file design_1_wrapper_control_sets_placed.rpt
| Design       : design_1_wrapper
| Device       : xc7z020
---------------------------------------------------------------------------------------------

Control Set Information

Table of Contents
-----------------
1. Summary
2. Histogram
3. Flip-Flop Distribution
4. Detailed Control Set Information

1. Summary
----------

+----------------------------------------------------------+-------+
|                          Status                          | Count |
+----------------------------------------------------------+-------+
| Total control sets                                       |    91 |
|    Minimum number of control sets                        |    91 |
|    Addition due to synthesis replication                 |     0 |
|    Addition due to physical synthesis replication        |     0 |
| Unused register locations in slices containing registers |   116 |
+----------------------------------------------------------+-------+
* Control sets can be merged at opt_design using control_set_merge or merge_equivalent_drivers
** Run report_qor_suggestions for automated merging and remapping suggestions


2. Histogram
------------

+--------------------+-------+
|       Fanout       | Count |
+--------------------+-------+
| Total control sets |    91 |
| >= 0 to < 4        |     1 |
| >= 4 to < 6        |     7 |
| >= 6 to < 8        |     1 |
| >= 8 to < 10       |    53 |
| >= 10 to < 12      |     2 |
| >= 12 to < 14      |     2 |
| >= 14 to < 16      |     2 |
| >= 16              |    23 |
+--------------------+-------+
* Control sets can be remapped at either synth_design or opt_design


3. Flip-Flop Distribution
-------------------------

+--------------+-----------------------+------------------------+-----------------+--------------+
| Clock Enable | Synchronous Set/Reset | Asynchronous Set/Reset | Total Registers | Total Slices |
+--------------+-----------------------+------------------------+-----------------+--------------+
| No           | No                    | No                     |             158 |           43 |
| No           | No                    | Yes                    |               0 |            0 |
| No           | Yes                   | No                     |             167 |           46 |
| Yes          | No                    | No                     |             399 |           87 |
| Yes          | No                    | Yes                    |               0 |            0 |
| Yes          | Yes                   | No                     |             648 |          166 |
+--------------+-----------------------+------------------------+-----------------+--------------+


4. Detailed Control Set Information
-----------------------------------

+-------------------------------------------------+----------------------------------------------------------------------------------------------------------------------------------------------------------------+-------------------------------------------------------------------------------------------------------------------------------------------------------+------------------+----------------+
|                   Clock Signal                  |                                                                          Enable Signal                                                                         |                                                                    Set/Reset Signal                                                                   | Slice Load Count | Bel Load Count |
+-------------------------------------------------+----------------------------------------------------------------------------------------------------------------------------------------------------------------+-------------------------------------------------------------------------------------------------------------------------------------------------------+------------------+----------------+
|  design_1_i/processing_system7_0/inst/FCLK_CLK0 | design_1_i/ps7_0_axi_periph/s00_couplers/auto_pc/inst/gen_axilite.gen_b2s_conv.axilite_b2s/WR.b_channel_0/bid_fifo_0/bresp_push                                |                                                                                                                                                       |                1 |              2 |
|  design_1_i/processing_system7_0/inst/FCLK_CLK0 |                                                                                                                                                                | design_1_i/ps7_0_axi_periph/s00_couplers/auto_pc/inst/gen_axilite.gen_b2s_conv.axilite_b2s/SI_REG/aw.aw_pipe/aresetn_d_reg[0]_0                       |                1 |              4 |
|  design_1_i/processing_system7_0/inst/FCLK_CLK0 |                                                                                                                                                                | design_1_i/ps7_0_axi_periph/s00_couplers/auto_pc/inst/gen_axilite.gen_b2s_conv.axilite_b2s/SI_REG/ar.ar_pipe/aresetn_d_reg[1]_inv_0                   |                1 |              4 |
|  design_1_i/processing_system7_0/inst/FCLK_CLK0 |                                                                                                                                                                | design_1_i/rst_ps7_0_50M/U0/EXT_LPF/lpf_int                                                                                                           |                1 |              4 |
|  design_1_i/processing_system7_0/inst/FCLK_CLK0 | design_1_i/ps7_0_axi_periph/s00_couplers/auto_pc/inst/gen_axilite.gen_b2s_conv.axilite_b2s/WR.aw_channel_0/aw_cmd_fsm_0/m_valid_i_reg_0                        | design_1_i/ps7_0_axi_periph/s00_couplers/auto_pc/inst/gen_axilite.gen_b2s_conv.axilite_b2s/WR.aw_channel_0/aw_cmd_fsm_0/m_valid_i_reg                 |                2 |              5 |
|  design_1_i/processing_system7_0/inst/FCLK_CLK0 | design_1_i/ps7_0_axi_periph/s00_couplers/auto_pc/inst/gen_axilite.gen_b2s_conv.axilite_b2s/RD.ar_channel_0/ar_cmd_fsm_0/m_axi_arready_0                        | design_1_i/ps7_0_axi_periph/s00_couplers/auto_pc/inst/gen_axilite.gen_b2s_conv.axilite_b2s/RD.ar_channel_0/ar_cmd_fsm_0/FSM_sequential_state_reg[1]_0 |                2 |              5 |
|  design_1_i/processing_system7_0/inst/FCLK_CLK0 | design_1_i/ps7_0_axi_periph/s00_couplers/auto_pc/inst/gen_axilite.gen_b2s_conv.axilite_b2s/RD.r_channel_0/transaction_fifo_0/E[0]                              | design_1_i/ps7_0_axi_periph/s00_couplers/auto_pc/inst/gen_axilite.gen_b2s_conv.axilite_b2s/areset_d1                                                  |                2 |              5 |
|  design_1_i/processing_system7_0/inst/FCLK_CLK0 | design_1_i/ps7_0_axi_periph/s00_couplers/auto_pc/inst/gen_axilite.gen_b2s_conv.axilite_b2s/RD.r_channel_0/transaction_fifo_0/cnt_read[4]_i_1__0_n_0            | design_1_i/ps7_0_axi_periph/s00_couplers/auto_pc/inst/gen_axilite.gen_b2s_conv.axilite_b2s/areset_d1                                                  |                2 |              5 |
|  design_1_i/processing_system7_0/inst/FCLK_CLK0 | design_1_i/rst_ps7_0_50M/U0/SEQ/seq_cnt_en                                                                                                                     | design_1_i/rst_ps7_0_50M/U0/SEQ/SEQ_COUNTER/clear                                                                                                     |                1 |              6 |
|  design_1_i/processing_system7_0/inst/FCLK_CLK0 | design_1_i/myPWM_0/inst/myPWM_v1_0_S00_AXI_inst/slv_reg1[31]_i_1_n_0                                                                                           | design_1_i/myPWM_0/inst/myPWM_v1_0_S00_AXI_inst/clear                                                                                                 |                2 |              8 |
|  design_1_i/processing_system7_0/inst/FCLK_CLK0 | design_1_i/myTimer_0/inst/myTimer_v1_0_S00_AXI_inst/slv_reg4[31]_i_1_n_0                                                                                       | design_1_i/myTimer_0/inst/myTimer_v1_0_S00_AXI_inst/s00_axi_aresetn_0                                                                                 |                2 |              8 |
|  design_1_i/processing_system7_0/inst/FCLK_CLK0 | design_1_i/myTimer_0/inst/myTimer_v1_0_S00_AXI_inst/slv_reg3[23]_i_1_n_0                                                                                       | design_1_i/myTimer_0/inst/myTimer_v1_0_S00_AXI_inst/s00_axi_aresetn_0                                                                                 |                3 |              8 |
|  design_1_i/processing_system7_0/inst/FCLK_CLK0 | design_1_i/myTimer_0/inst/myTimer_v1_0_S00_AXI_inst/slv_reg7[15]_i_1_n_0                                                                                       | design_1_i/myTimer_0/inst/myTimer_v1_0_S00_AXI_inst/s00_axi_aresetn_0                                                                                 |                2 |              8 |
|  design_1_i/processing_system7_0/inst/FCLK_CLK0 | design_1_i/myTimer_0/inst/myTimer_v1_0_S00_AXI_inst/slv_reg7[23]_i_1_n_0                                                                                       | design_1_i/myTimer_0/inst/myTimer_v1_0_S00_AXI_inst/s00_axi_aresetn_0                                                                                 |                3 |              8 |
|  design_1_i/processing_system7_0/inst/FCLK_CLK0 | design_1_i/myTimer_0/inst/myTimer_v1_0_S00_AXI_inst/slv_reg2[31]_i_1_n_0                                                                                       | design_1_i/myTimer_0/inst/myTimer_v1_0_S00_AXI_inst/s00_axi_aresetn_0                                                                                 |                1 |              8 |
|  design_1_i/processing_system7_0/inst/FCLK_CLK0 | design_1_i/myTimer_0/inst/myTimer_v1_0_S00_AXI_inst/slv_reg5[7]_i_1_n_0                                                                                        | design_1_i/myTimer_0/inst/myTimer_v1_0_S00_AXI_inst/s00_axi_aresetn_0                                                                                 |                2 |              8 |
|  design_1_i/processing_system7_0/inst/FCLK_CLK0 | design_1_i/myTimer_0/inst/myTimer_v1_0_S00_AXI_inst/slv_reg1[7]_i_1_n_0                                                                                        | design_1_i/myTimer_0/inst/myTimer_v1_0_S00_AXI_inst/s00_axi_aresetn_0                                                                                 |                1 |              8 |
|  design_1_i/processing_system7_0/inst/FCLK_CLK0 | design_1_i/ps7_0_axi_periph/s00_couplers/auto_pc/inst/gen_axilite.gen_b2s_conv.axilite_b2s/WR.aw_channel_0/aw_cmd_fsm_0/E[0]                                   |                                                                                                                                                       |                5 |              8 |
|  design_1_i/processing_system7_0/inst/FCLK_CLK0 | design_1_i/myTimer_0/inst/myTimer_v1_0_S00_AXI_inst/slv_reg0[23]_i_1_n_0                                                                                       | design_1_i/myTimer_0/inst/myTimer_v1_0_S00_AXI_inst/s00_axi_aresetn_0                                                                                 |                1 |              8 |
|  design_1_i/processing_system7_0/inst/FCLK_CLK0 | design_1_i/myTimer_0/inst/myTimer_v1_0_S00_AXI_inst/slv_reg4[15]_i_1_n_0                                                                                       | design_1_i/myTimer_0/inst/myTimer_v1_0_S00_AXI_inst/s00_axi_aresetn_0                                                                                 |                1 |              8 |
|  design_1_i/processing_system7_0/inst/FCLK_CLK0 | design_1_i/myTimer_0/inst/myTimer_v1_0_S00_AXI_inst/slv_reg2[15]_i_1_n_0                                                                                       | design_1_i/myTimer_0/inst/myTimer_v1_0_S00_AXI_inst/s00_axi_aresetn_0                                                                                 |                2 |              8 |
|  design_1_i/processing_system7_0/inst/FCLK_CLK0 | design_1_i/myTimer_0/inst/myTimer_v1_0_S00_AXI_inst/slv_reg7[31]_i_1_n_0                                                                                       | design_1_i/myTimer_0/inst/myTimer_v1_0_S00_AXI_inst/s00_axi_aresetn_0                                                                                 |                2 |              8 |
|  design_1_i/processing_system7_0/inst/FCLK_CLK0 | design_1_i/ps7_0_axi_periph/s00_couplers/auto_pc/inst/gen_axilite.gen_b2s_conv.axilite_b2s/RD.ar_channel_0/ar_cmd_fsm_0/sel_first_reg[0]                       |                                                                                                                                                       |                3 |              8 |
|  design_1_i/processing_system7_0/inst/FCLK_CLK0 | design_1_i/myTimer_0/inst/myTimer_v1_0_S00_AXI_inst/slv_reg4[7]_i_1_n_0                                                                                        | design_1_i/myTimer_0/inst/myTimer_v1_0_S00_AXI_inst/s00_axi_aresetn_0                                                                                 |                1 |              8 |
|  design_1_i/processing_system7_0/inst/FCLK_CLK0 | design_1_i/myTimer_0/inst/myTimer_v1_0_S00_AXI_inst/slv_reg5[23]_i_1_n_0                                                                                       | design_1_i/myTimer_0/inst/myTimer_v1_0_S00_AXI_inst/s00_axi_aresetn_0                                                                                 |                2 |              8 |
|  design_1_i/processing_system7_0/inst/FCLK_CLK0 | design_1_i/ps7_0_axi_periph/s00_couplers/auto_pc/inst/gen_axilite.gen_b2s_conv.axilite_b2s/RD.ar_channel_0/ar_cmd_fsm_0/E[0]                                   |                                                                                                                                                       |                3 |              8 |
|  design_1_i/processing_system7_0/inst/FCLK_CLK0 | design_1_i/myPWM_0/inst/myPWM_v1_0_S00_AXI_inst/slv_reg1[23]_i_1_n_0                                                                                           | design_1_i/myPWM_0/inst/myPWM_v1_0_S00_AXI_inst/clear                                                                                                 |                1 |              8 |
|  design_1_i/processing_system7_0/inst/FCLK_CLK0 | design_1_i/myTimer_0/inst/myTimer_v1_0_S00_AXI_inst/slv_reg3[7]_i_1_n_0                                                                                        | design_1_i/myTimer_0/inst/myTimer_v1_0_S00_AXI_inst/s00_axi_aresetn_0                                                                                 |                1 |              8 |
|  design_1_i/processing_system7_0/inst/FCLK_CLK0 | design_1_i/myPWM_0/inst/myPWM_v1_0_S00_AXI_inst/slv_reg1[15]_i_1_n_0                                                                                           | design_1_i/myPWM_0/inst/myPWM_v1_0_S00_AXI_inst/clear                                                                                                 |                1 |              8 |
|  design_1_i/processing_system7_0/inst/FCLK_CLK0 | design_1_i/myPWM_0/inst/myPWM_v1_0_S00_AXI_inst/slv_reg1[7]_i_1_n_0                                                                                            | design_1_i/myPWM_0/inst/myPWM_v1_0_S00_AXI_inst/clear                                                                                                 |                3 |              8 |
|  design_1_i/processing_system7_0/inst/FCLK_CLK0 | design_1_i/myPWM_0/inst/myPWM_v1_0_S00_AXI_inst/slv_reg2[15]_i_1_n_0                                                                                           | design_1_i/myPWM_0/inst/myPWM_v1_0_S00_AXI_inst/clear                                                                                                 |                1 |              8 |
|  design_1_i/processing_system7_0/inst/FCLK_CLK0 | design_1_i/myPWM_0/inst/myPWM_v1_0_S00_AXI_inst/slv_reg2[23]_i_1_n_0                                                                                           | design_1_i/myPWM_0/inst/myPWM_v1_0_S00_AXI_inst/clear                                                                                                 |                1 |              8 |
|  design_1_i/processing_system7_0/inst/FCLK_CLK0 | design_1_i/myPWM_0/inst/myPWM_v1_0_S00_AXI_inst/slv_reg2[31]_i_1_n_0                                                                                           | design_1_i/myPWM_0/inst/myPWM_v1_0_S00_AXI_inst/clear                                                                                                 |                2 |              8 |
|  design_1_i/processing_system7_0/inst/FCLK_CLK0 | design_1_i/myPWM_0/inst/myPWM_v1_0_S00_AXI_inst/slv_reg3[7]_i_1_n_0                                                                                            | design_1_i/myPWM_0/inst/myPWM_v1_0_S00_AXI_inst/clear                                                                                                 |                2 |              8 |
|  design_1_i/processing_system7_0/inst/FCLK_CLK0 | design_1_i/myPWM_0/inst/myPWM_v1_0_S00_AXI_inst/p_1_in[31]                                                                                                     | design_1_i/myPWM_0/inst/myPWM_v1_0_S00_AXI_inst/clear                                                                                                 |                2 |              8 |
|  design_1_i/processing_system7_0/inst/FCLK_CLK0 | design_1_i/myTimer_0/inst/myTimer_v1_0_S00_AXI_inst/slv_reg7[7]_i_1_n_0                                                                                        | design_1_i/myTimer_0/inst/myTimer_v1_0_S00_AXI_inst/s00_axi_aresetn_0                                                                                 |                2 |              8 |
|  design_1_i/processing_system7_0/inst/FCLK_CLK0 | design_1_i/myPWM_0/inst/myPWM_v1_0_S00_AXI_inst/p_1_in[15]                                                                                                     | design_1_i/myPWM_0/inst/myPWM_v1_0_S00_AXI_inst/clear                                                                                                 |                2 |              8 |
|  design_1_i/processing_system7_0/inst/FCLK_CLK0 | design_1_i/myPWM_0/inst/myPWM_v1_0_S00_AXI_inst/slv_reg3[15]_i_1_n_0                                                                                           | design_1_i/myPWM_0/inst/myPWM_v1_0_S00_AXI_inst/clear                                                                                                 |                1 |              8 |
|  design_1_i/processing_system7_0/inst/FCLK_CLK0 | design_1_i/myPWM_0/inst/myPWM_v1_0_S00_AXI_inst/p_1_in[23]                                                                                                     | design_1_i/myPWM_0/inst/myPWM_v1_0_S00_AXI_inst/clear                                                                                                 |                2 |              8 |
|  design_1_i/processing_system7_0/inst/FCLK_CLK0 | design_1_i/myPWM_0/inst/myPWM_v1_0_S00_AXI_inst/slv_reg3[23]_i_1_n_0                                                                                           | design_1_i/myPWM_0/inst/myPWM_v1_0_S00_AXI_inst/clear                                                                                                 |                1 |              8 |
|  design_1_i/processing_system7_0/inst/FCLK_CLK0 | design_1_i/myPWM_0/inst/myPWM_v1_0_S00_AXI_inst/p_1_in[7]                                                                                                      | design_1_i/myPWM_0/inst/myPWM_v1_0_S00_AXI_inst/clear                                                                                                 |                2 |              8 |
|  design_1_i/processing_system7_0/inst/FCLK_CLK0 | design_1_i/myPWM_0/inst/myPWM_v1_0_S00_AXI_inst/slv_reg2[7]_i_1_n_0                                                                                            | design_1_i/myPWM_0/inst/myPWM_v1_0_S00_AXI_inst/clear                                                                                                 |                2 |              8 |
|  design_1_i/processing_system7_0/inst/FCLK_CLK0 | design_1_i/myPWM_0/inst/myPWM_v1_0_S00_AXI_inst/slv_reg3[31]_i_1_n_0                                                                                           | design_1_i/myPWM_0/inst/myPWM_v1_0_S00_AXI_inst/clear                                                                                                 |                1 |              8 |
|  design_1_i/processing_system7_0/inst/FCLK_CLK0 | design_1_i/myTimer_0/inst/myTimer_v1_0_S00_AXI_inst/slv_reg6[7]_i_1_n_0                                                                                        | design_1_i/myTimer_0/inst/myTimer_v1_0_S00_AXI_inst/s00_axi_aresetn_0                                                                                 |                2 |              8 |
|  design_1_i/processing_system7_0/inst/FCLK_CLK0 | design_1_i/ps7_0_axi_periph/s00_couplers/auto_pc/inst/gen_axilite.gen_b2s_conv.axilite_b2s/WR.b_channel_0/mhandshake_r                                         | design_1_i/ps7_0_axi_periph/s00_couplers/auto_pc/inst/gen_axilite.gen_b2s_conv.axilite_b2s/WR.b_channel_0/bid_fifo_0/SR[0]                            |                3 |              8 |
|  design_1_i/processing_system7_0/inst/FCLK_CLK0 | design_1_i/myTimer_0/inst/myTimer_v1_0_S00_AXI_inst/slv_reg1[23]_i_1_n_0                                                                                       | design_1_i/myTimer_0/inst/myTimer_v1_0_S00_AXI_inst/s00_axi_aresetn_0                                                                                 |                1 |              8 |
|  design_1_i/processing_system7_0/inst/FCLK_CLK0 | design_1_i/ps7_0_axi_periph/s00_couplers/auto_pc/inst/gen_axilite.gen_b2s_conv.axilite_b2s/WR.aw_channel_0/cmd_translator_0/incr_cmd_0/axaddr_incr[11]_i_1_n_0 |                                                                                                                                                       |                2 |              8 |
|  design_1_i/processing_system7_0/inst/FCLK_CLK0 | design_1_i/myTimer_0/inst/myTimer_v1_0_S00_AXI_inst/slv_reg6[31]_i_1_n_0                                                                                       | design_1_i/myTimer_0/inst/myTimer_v1_0_S00_AXI_inst/s00_axi_aresetn_0                                                                                 |                2 |              8 |
|  design_1_i/processing_system7_0/inst/FCLK_CLK0 | design_1_i/myTimer_0/inst/myTimer_v1_0_S00_AXI_inst/slv_reg0[7]_i_1_n_0                                                                                        | design_1_i/myTimer_0/inst/myTimer_v1_0_S00_AXI_inst/s00_axi_aresetn_0                                                                                 |                2 |              8 |
|  design_1_i/processing_system7_0/inst/FCLK_CLK0 | design_1_i/myTimer_0/inst/myTimer_v1_0_S00_AXI_inst/slv_reg6[23]_i_1_n_0                                                                                       | design_1_i/myTimer_0/inst/myTimer_v1_0_S00_AXI_inst/s00_axi_aresetn_0                                                                                 |                2 |              8 |
|  design_1_i/processing_system7_0/inst/FCLK_CLK0 | design_1_i/myTimer_0/inst/myTimer_v1_0_S00_AXI_inst/slv_reg0[15]_i_1_n_0                                                                                       | design_1_i/myTimer_0/inst/myTimer_v1_0_S00_AXI_inst/s00_axi_aresetn_0                                                                                 |                2 |              8 |
|  design_1_i/processing_system7_0/inst/FCLK_CLK0 | design_1_i/myTimer_0/inst/myTimer_v1_0_S00_AXI_inst/slv_reg3[15]_i_1_n_0                                                                                       | design_1_i/myTimer_0/inst/myTimer_v1_0_S00_AXI_inst/s00_axi_aresetn_0                                                                                 |                1 |              8 |
|  design_1_i/processing_system7_0/inst/FCLK_CLK0 | design_1_i/myTimer_0/inst/myTimer_v1_0_S00_AXI_inst/slv_reg1[31]_i_1_n_0                                                                                       | design_1_i/myTimer_0/inst/myTimer_v1_0_S00_AXI_inst/s00_axi_aresetn_0                                                                                 |                1 |              8 |
|  design_1_i/processing_system7_0/inst/FCLK_CLK0 | design_1_i/myTimer_0/inst/myTimer_v1_0_S00_AXI_inst/slv_reg2[23]_i_1_n_0                                                                                       | design_1_i/myTimer_0/inst/myTimer_v1_0_S00_AXI_inst/s00_axi_aresetn_0                                                                                 |                2 |              8 |
|  design_1_i/processing_system7_0/inst/FCLK_CLK0 | design_1_i/myTimer_0/inst/myTimer_v1_0_S00_AXI_inst/slv_reg3[31]_i_1_n_0                                                                                       | design_1_i/myTimer_0/inst/myTimer_v1_0_S00_AXI_inst/s00_axi_aresetn_0                                                                                 |                1 |              8 |
|  design_1_i/processing_system7_0/inst/FCLK_CLK0 | design_1_i/myTimer_0/inst/myTimer_v1_0_S00_AXI_inst/slv_reg4[23]_i_1_n_0                                                                                       | design_1_i/myTimer_0/inst/myTimer_v1_0_S00_AXI_inst/s00_axi_aresetn_0                                                                                 |                3 |              8 |
|  design_1_i/processing_system7_0/inst/FCLK_CLK0 | design_1_i/myTimer_0/inst/myTimer_v1_0_S00_AXI_inst/slv_reg6[15]_i_1_n_0                                                                                       | design_1_i/myTimer_0/inst/myTimer_v1_0_S00_AXI_inst/s00_axi_aresetn_0                                                                                 |                2 |              8 |
|  design_1_i/processing_system7_0/inst/FCLK_CLK0 | design_1_i/myTimer_0/inst/myTimer_v1_0_S00_AXI_inst/slv_reg0[31]_i_1_n_0                                                                                       | design_1_i/myTimer_0/inst/myTimer_v1_0_S00_AXI_inst/s00_axi_aresetn_0                                                                                 |                4 |              8 |
|  design_1_i/processing_system7_0/inst/FCLK_CLK0 | design_1_i/myTimer_0/inst/myTimer_v1_0_S00_AXI_inst/slv_reg2[7]_i_1_n_0                                                                                        | design_1_i/myTimer_0/inst/myTimer_v1_0_S00_AXI_inst/s00_axi_aresetn_0                                                                                 |                1 |              8 |
|  design_1_i/processing_system7_0/inst/FCLK_CLK0 | design_1_i/myTimer_0/inst/myTimer_v1_0_S00_AXI_inst/slv_reg5[15]_i_1_n_0                                                                                       | design_1_i/myTimer_0/inst/myTimer_v1_0_S00_AXI_inst/s00_axi_aresetn_0                                                                                 |                3 |              8 |
|  design_1_i/processing_system7_0/inst/FCLK_CLK0 | design_1_i/myTimer_0/inst/myTimer_v1_0_S00_AXI_inst/slv_reg5[31]_i_1_n_0                                                                                       | design_1_i/myTimer_0/inst/myTimer_v1_0_S00_AXI_inst/s00_axi_aresetn_0                                                                                 |                2 |              8 |
|  design_1_i/processing_system7_0/inst/FCLK_CLK0 | design_1_i/myTimer_0/inst/myTimer_v1_0_S00_AXI_inst/slv_reg1[15]_i_1_n_0                                                                                       | design_1_i/myTimer_0/inst/myTimer_v1_0_S00_AXI_inst/s00_axi_aresetn_0                                                                                 |                2 |              8 |
|  design_1_i/processing_system7_0/inst/FCLK_CLK0 |                                                                                                                                                                | design_1_i/ps7_0_axi_periph/s00_couplers/auto_pc/inst/gen_axilite.gen_b2s_conv.axilite_b2s/areset_d1                                                  |                4 |             10 |
|  design_1_i/processing_system7_0/inst/FCLK_CLK0 |                                                                                                                                                                | design_1_i/ps7_0_axi_periph/xbar/inst/gen_sasd.crossbar_sasd_0/addr_arbiter_inst/SR[0]                                                                |                4 |             11 |
|  design_1_i/processing_system7_0/inst/FCLK_CLK0 |                                                                                                                                                                | design_1_i/myTimer_0/inst/myTimer_v1_0_S00_AXI_inst/s00_axi_aresetn_0                                                                                 |                3 |             12 |
|  design_1_i/processing_system7_0/inst/FCLK_CLK0 | design_1_i/ps7_0_axi_periph/s00_couplers/auto_pc/inst/gen_axilite.gen_b2s_conv.axilite_b2s/RD.r_channel_0/r_push_r                                             |                                                                                                                                                       |                4 |             13 |
|  design_1_i/processing_system7_0/inst/FCLK_CLK0 | design_1_i/ps7_0_axi_periph/s00_couplers/auto_pc/inst/gen_axilite.gen_b2s_conv.axilite_b2s/SI_REG/b.b_pipe/s_ready_i_reg_0                                     |                                                                                                                                                       |                3 |             14 |
|  design_1_i/processing_system7_0/inst/FCLK_CLK0 | design_1_i/ps7_0_axi_periph/s00_couplers/auto_pc/inst/gen_axilite.gen_b2s_conv.axilite_b2s/SI_REG/b.b_pipe/p_1_in                                              |                                                                                                                                                       |                2 |             14 |
|  design_1_i/processing_system7_0/inst/FCLK_CLK0 | design_1_i/ps7_0_axi_periph/s00_couplers/auto_pc/inst/gen_axilite.gen_b2s_conv.axilite_b2s/WR.aw_channel_0/aw_cmd_fsm_0/b_push                                 |                                                                                                                                                       |                3 |             16 |
|  design_1_i/processing_system7_0/inst/FCLK_CLK0 | design_1_i/ps7_0_axi_periph/s00_couplers/auto_pc/inst/gen_axilite.gen_b2s_conv.axilite_b2s/RD.ar_channel_0/ar_cmd_fsm_0/m_axi_arready_0                        |                                                                                                                                                       |                9 |             17 |
|  design_1_i/processing_system7_0/inst/FCLK_CLK0 | design_1_i/ps7_0_axi_periph/s00_couplers/auto_pc/inst/gen_axilite.gen_b2s_conv.axilite_b2s/WR.aw_channel_0/aw_cmd_fsm_0/m_valid_i_reg_0                        |                                                                                                                                                       |                7 |             17 |
|  design_1_i/processing_system7_0/inst/FCLK_CLK0 | design_1_i/ps7_0_axi_periph/xbar/inst/gen_sasd.crossbar_sasd_0/addr_arbiter_inst/p_0_in1_in                                                                    | design_1_i/ps7_0_axi_periph/xbar/inst/gen_sasd.crossbar_sasd_0/addr_arbiter_inst/SR[0]                                                                |                7 |             19 |
|  design_1_i/processing_system7_0/inst/FCLK_CLK0 |                                                                                                                                                                | design_1_i/myPWM_0/inst/myPWM_v1_0_S00_AXI_inst/clear                                                                                                 |                8 |             26 |
|  design_1_i/processing_system7_0/inst/FCLK_CLK0 |                                                                                                                                                                | design_1_i/myTimer_0/inst/timer2/rTimerCnt[0]_i_1_n_0                                                                                                 |                8 |             32 |
|  design_1_i/processing_system7_0/inst/FCLK_CLK0 |                                                                                                                                                                | design_1_i/myTimer_0/inst/timer1/rTimerCnt[0]_i_1__1_n_0                                                                                              |                8 |             32 |
|  design_1_i/processing_system7_0/inst/FCLK_CLK0 |                                                                                                                                                                | design_1_i/myTimer_0/inst/timer0/rTimerCnt[0]_i_1__0_n_0                                                                                              |                8 |             32 |
|  design_1_i/processing_system7_0/inst/FCLK_CLK0 | design_1_i/myPWM_0/inst/myPWM_v1_0_S00_AXI_inst/slv_reg_rden__0                                                                                                | design_1_i/myPWM_0/inst/myPWM_v1_0_S00_AXI_inst/clear                                                                                                 |               11 |             32 |
|  design_1_i/processing_system7_0/inst/FCLK_CLK0 | design_1_i/myTimer_0/inst/myTimer_v1_0_S00_AXI_inst/slv_reg_rden__0                                                                                            | design_1_i/myTimer_0/inst/myTimer_v1_0_S00_AXI_inst/s00_axi_aresetn_0                                                                                 |               20 |             32 |
|  design_1_i/processing_system7_0/inst/FCLK_CLK0 | design_1_i/myTimer_0/inst/timer1/rTimerCnt0_carry__2_n_0                                                                                                       | design_1_i/myTimer_0/inst/myTimer_v1_0_S00_AXI_inst/s00_axi_aresetn_0                                                                                 |                7 |             33 |
|  design_1_i/processing_system7_0/inst/FCLK_CLK0 | design_1_i/myTimer_0/inst/timer2/rTimerCnt0_carry__2_n_0                                                                                                       | design_1_i/myTimer_0/inst/myTimer_v1_0_S00_AXI_inst/s00_axi_aresetn_0                                                                                 |                8 |             33 |
|  design_1_i/processing_system7_0/inst/FCLK_CLK0 | design_1_i/myTimer_0/inst/timer0/rTimerCnt0_carry__2_n_0                                                                                                       | design_1_i/myTimer_0/inst/myTimer_v1_0_S00_AXI_inst/s00_axi_aresetn_0                                                                                 |                7 |             33 |
|  design_1_i/processing_system7_0/inst/FCLK_CLK0 | design_1_i/ps7_0_axi_periph/s00_couplers/auto_pc/inst/gen_axilite.gen_b2s_conv.axilite_b2s/RD.r_channel_0/rd_data_fifo_0/wr_en0                                |                                                                                                                                                       |                9 |             34 |
|  design_1_i/processing_system7_0/inst/FCLK_CLK0 | design_1_i/ps7_0_axi_periph/xbar/inst/gen_sasd.crossbar_sasd_0/addr_arbiter_inst/E[0]                                                                          |                                                                                                                                                       |                5 |             35 |
|  design_1_i/processing_system7_0/inst/FCLK_CLK0 | design_1_i/ps7_0_axi_periph/s00_couplers/auto_pc/inst/gen_axilite.gen_b2s_conv.axilite_b2s/SI_REG/aw.aw_pipe/s_ready_i_reg_0                                   |                                                                                                                                                       |                7 |             44 |
|  design_1_i/processing_system7_0/inst/FCLK_CLK0 | design_1_i/ps7_0_axi_periph/s00_couplers/auto_pc/inst/gen_axilite.gen_b2s_conv.axilite_b2s/RD.ar_channel_0/ar_cmd_fsm_0/FSM_sequential_state_reg[1]_1[0]       |                                                                                                                                                       |               10 |             44 |
|  design_1_i/processing_system7_0/inst/FCLK_CLK0 | design_1_i/ps7_0_axi_periph/s00_couplers/auto_pc/inst/gen_axilite.gen_b2s_conv.axilite_b2s/WR.aw_channel_0/aw_cmd_fsm_0/m_valid_i_reg_1[0]                     |                                                                                                                                                       |                7 |             44 |
|  design_1_i/processing_system7_0/inst/FCLK_CLK0 | design_1_i/ps7_0_axi_periph/s00_couplers/auto_pc/inst/gen_axilite.gen_b2s_conv.axilite_b2s/SI_REG/ar.ar_pipe/s_ready_i_reg_0                                   |                                                                                                                                                       |                9 |             44 |
|  design_1_i/processing_system7_0/inst/FCLK_CLK0 | design_1_i/ps7_0_axi_periph/s00_couplers/auto_pc/inst/gen_axilite.gen_b2s_conv.axilite_b2s/SI_REG/r.r_pipe/p_1_in                                              |                                                                                                                                                       |                8 |             47 |
|  design_1_i/processing_system7_0/inst/FCLK_CLK0 | design_1_i/ps7_0_axi_periph/s00_couplers/auto_pc/inst/gen_axilite.gen_b2s_conv.axilite_b2s/SI_REG/r.r_pipe/s_ready_i_reg_0                                     |                                                                                                                                                       |                7 |             47 |
|  design_1_i/processing_system7_0/inst/FCLK_CLK0 | design_1_i/myPWM_0/inst/pwm0/E[0]                                                                                                                              | design_1_i/myPWM_0/inst/myPWM_v1_0_S00_AXI_inst/clear                                                                                                 |                9 |             48 |
|  design_1_i/processing_system7_0/inst/FCLK_CLK0 |                                                                                                                                                                |                                                                                                                                                       |               44 |            159 |
+-------------------------------------------------+----------------------------------------------------------------------------------------------------------------------------------------------------------------+-------------------------------------------------------------------------------------------------------------------------------------------------------+------------------+----------------+


