02:12:13 INFO  : Registering command handlers for SDK TCF services
02:12:14 INFO  : Launching XSCT server: xsct.bat -interactive E:\01_SoC\06_ZynqLab\ZynqLab06\ZynqLab06.sdk\temp_xsdb_launch_script.tcl
02:12:16 INFO  : XSCT server has started successfully.
02:12:16 INFO  : Successfully done setting XSCT server connection channel  
02:12:16 INFO  : Successfully done setting SDK workspace  
02:12:16 INFO  : Processing command line option -hwspec E:/01_SoC/06_ZynqLab/ZynqLab06/ZynqLab06.sdk/design_1_wrapper.hdf.
02:27:10 INFO  : SDK has detected change in the last modified timestamps for source hardware specification file Source:1731345947653,  Project:1731344832826
02:27:10 INFO  : Project design_1_wrapper_hw_platform_0's source hardware specification located at E:/01_SoC/06_ZynqLab/ZynqLab06/ZynqLab06.sdk/design_1_wrapper.hdf is now different from the local copy.
		 The local copy will be replaced with the source specification and your workspace will be updated.
02:27:17 INFO  : Copied contents of E:/01_SoC/06_ZynqLab/ZynqLab06/ZynqLab06.sdk/design_1_wrapper.hdf into \design_1_wrapper_hw_platform_0\system.hdf.
02:27:19 INFO  : Synchronizing projects in the workspace with the hardware platform specification changes.
02:27:21 INFO  : 
02:27:22 INFO  : Updating hardware inferred compiler options for ZynqLab06.
02:27:22 INFO  : Clearing existing target manager status.
02:27:22 INFO  : Closing and re-opening the MSS file of ther project ZynqLab06_bsp
02:27:23 INFO  : Workspace synchronized with the new hardware specification file. Cleaning dependent projects...
02:27:25 WARN  : Linker script will not be updated automatically. Users need to update it manually.
02:29:10 INFO  : Connected to target on host '127.0.0.1' and port '3121'.
02:29:11 INFO  : Jtag cable 'Digilent Zybo Z7 210351B7AC1BA' is selected.
02:29:11 INFO  : 'jtag frequency' command is executed.
02:29:11 INFO  : Sourcing of 'E:/01_SoC/06_ZynqLab/ZynqLab06/ZynqLab06.sdk/design_1_wrapper_hw_platform_0/ps7_init.tcl' is done.
02:29:11 INFO  : Context for 'APU' is selected.
02:29:11 INFO  : System reset is completed.
02:29:14 INFO  : 'after 3000' command is executed.
02:29:14 INFO  : 'targets -set -filter {jtag_cable_name =~ "Digilent Zybo Z7 210351B7AC1BA" && level==0} -index 1' command is executed.
02:29:16 INFO  : FPGA configured successfully with bitstream "E:/01_SoC/06_ZynqLab/ZynqLab06/ZynqLab06.sdk/design_1_wrapper_hw_platform_0/design_1_wrapper.bit"
02:29:16 INFO  : Context for 'APU' is selected.
02:29:16 INFO  : Hardware design information is loaded from 'E:/01_SoC/06_ZynqLab/ZynqLab06/ZynqLab06.sdk/design_1_wrapper_hw_platform_0/system.hdf'.
02:29:16 INFO  : 'configparams force-mem-access 1' command is executed.
02:29:16 INFO  : Context for 'APU' is selected.
02:29:17 INFO  : 'ps7_init' command is executed.
02:29:17 INFO  : 'ps7_post_config' command is executed.
02:29:17 INFO  : Context for processor 'ps7_cortexa9_0' is selected.
02:29:17 INFO  : The application 'E:/01_SoC/06_ZynqLab/ZynqLab06/ZynqLab06.sdk/ZynqLab06/Debug/ZynqLab06.elf' is downloaded to processor 'ps7_cortexa9_0'.
02:29:17 INFO  : 'configparams force-mem-access 0' command is executed.
02:29:17 INFO  : ----------------XSDB Script----------------
connect -url tcp:127.0.0.1:3121
source E:/01_SoC/06_ZynqLab/ZynqLab06/ZynqLab06.sdk/design_1_wrapper_hw_platform_0/ps7_init.tcl
targets -set -nocase -filter {name =~"APU*" && jtag_cable_name =~ "Digilent Zybo Z7 210351B7AC1BA"} -index 0
rst -system
after 3000
targets -set -filter {jtag_cable_name =~ "Digilent Zybo Z7 210351B7AC1BA" && level==0} -index 1
fpga -file E:/01_SoC/06_ZynqLab/ZynqLab06/ZynqLab06.sdk/design_1_wrapper_hw_platform_0/design_1_wrapper.bit
targets -set -nocase -filter {name =~"APU*" && jtag_cable_name =~ "Digilent Zybo Z7 210351B7AC1BA"} -index 0
loadhw -hw E:/01_SoC/06_ZynqLab/ZynqLab06/ZynqLab06.sdk/design_1_wrapper_hw_platform_0/system.hdf -mem-ranges [list {0x40000000 0xbfffffff}]
configparams force-mem-access 1
targets -set -nocase -filter {name =~"APU*" && jtag_cable_name =~ "Digilent Zybo Z7 210351B7AC1BA"} -index 0
ps7_init
ps7_post_config
targets -set -nocase -filter {name =~ "ARM*#0" && jtag_cable_name =~ "Digilent Zybo Z7 210351B7AC1BA"} -index 0
dow E:/01_SoC/06_ZynqLab/ZynqLab06/ZynqLab06.sdk/ZynqLab06/Debug/ZynqLab06.elf
configparams force-mem-access 0
----------------End of Script----------------

02:29:17 INFO  : Context for processor 'ps7_cortexa9_0' is selected.
02:29:17 INFO  : 'con' command is executed.
02:29:17 INFO  : ----------------XSDB Script (After Launch)----------------
targets -set -nocase -filter {name =~ "ARM*#0" && jtag_cable_name =~ "Digilent Zybo Z7 210351B7AC1BA"} -index 0
con
----------------End of Script----------------

02:29:17 INFO  : Disconnected from the channel tcfchan#1.
02:36:19 INFO  : Connected to target on host '127.0.0.1' and port '3121'.
02:36:20 INFO  : Jtag cable 'Digilent Zybo Z7 210351B7AC1BA' is selected.
02:36:20 INFO  : 'jtag frequency' command is executed.
02:36:20 INFO  : Sourcing of 'E:/01_SoC/06_ZynqLab/ZynqLab06/ZynqLab06.sdk/design_1_wrapper_hw_platform_0/ps7_init.tcl' is done.
02:36:20 INFO  : Context for 'APU' is selected.
02:36:20 INFO  : System reset is completed.
02:36:23 INFO  : 'after 3000' command is executed.
02:36:23 INFO  : 'targets -set -filter {jtag_cable_name =~ "Digilent Zybo Z7 210351B7AC1BA" && level==0} -index 1' command is executed.
02:36:26 INFO  : FPGA configured successfully with bitstream "E:/01_SoC/06_ZynqLab/ZynqLab06/ZynqLab06.sdk/design_1_wrapper_hw_platform_0/design_1_wrapper.bit"
02:36:26 INFO  : Context for 'APU' is selected.
02:36:27 INFO  : Hardware design information is loaded from 'E:/01_SoC/06_ZynqLab/ZynqLab06/ZynqLab06.sdk/design_1_wrapper_hw_platform_0/system.hdf'.
02:36:27 INFO  : 'configparams force-mem-access 1' command is executed.
02:36:27 INFO  : Context for 'APU' is selected.
02:36:27 INFO  : 'ps7_init' command is executed.
02:36:27 INFO  : 'ps7_post_config' command is executed.
02:36:27 INFO  : Context for processor 'ps7_cortexa9_0' is selected.
02:36:27 INFO  : The application 'E:/01_SoC/06_ZynqLab/ZynqLab06/ZynqLab06.sdk/ZynqLab06/Debug/ZynqLab06.elf' is downloaded to processor 'ps7_cortexa9_0'.
02:36:27 INFO  : 'configparams force-mem-access 0' command is executed.
02:36:27 INFO  : ----------------XSDB Script----------------
connect -url tcp:127.0.0.1:3121
source E:/01_SoC/06_ZynqLab/ZynqLab06/ZynqLab06.sdk/design_1_wrapper_hw_platform_0/ps7_init.tcl
targets -set -nocase -filter {name =~"APU*" && jtag_cable_name =~ "Digilent Zybo Z7 210351B7AC1BA"} -index 0
rst -system
after 3000
targets -set -filter {jtag_cable_name =~ "Digilent Zybo Z7 210351B7AC1BA" && level==0} -index 1
fpga -file E:/01_SoC/06_ZynqLab/ZynqLab06/ZynqLab06.sdk/design_1_wrapper_hw_platform_0/design_1_wrapper.bit
targets -set -nocase -filter {name =~"APU*" && jtag_cable_name =~ "Digilent Zybo Z7 210351B7AC1BA"} -index 0
loadhw -hw E:/01_SoC/06_ZynqLab/ZynqLab06/ZynqLab06.sdk/design_1_wrapper_hw_platform_0/system.hdf -mem-ranges [list {0x40000000 0xbfffffff}]
configparams force-mem-access 1
targets -set -nocase -filter {name =~"APU*" && jtag_cable_name =~ "Digilent Zybo Z7 210351B7AC1BA"} -index 0
ps7_init
ps7_post_config
targets -set -nocase -filter {name =~ "ARM*#0" && jtag_cable_name =~ "Digilent Zybo Z7 210351B7AC1BA"} -index 0
dow E:/01_SoC/06_ZynqLab/ZynqLab06/ZynqLab06.sdk/ZynqLab06/Debug/ZynqLab06.elf
configparams force-mem-access 0
----------------End of Script----------------

02:36:27 INFO  : Context for processor 'ps7_cortexa9_0' is selected.
02:36:27 INFO  : 'con' command is executed.
02:36:27 INFO  : ----------------XSDB Script (After Launch)----------------
targets -set -nocase -filter {name =~ "ARM*#0" && jtag_cable_name =~ "Digilent Zybo Z7 210351B7AC1BA"} -index 0
con
----------------End of Script----------------

02:36:27 INFO  : Disconnected from the channel tcfchan#2.
03:07:35 INFO  : Registering command handlers for SDK TCF services
03:07:35 INFO  : Launching XSCT server: xsct.bat -interactive E:\01_SoC\06_ZynqLab\ZynqLab06\ZynqLab06.sdk\temp_xsdb_launch_script.tcl
03:07:37 INFO  : XSCT server has started successfully.
03:07:37 INFO  : Successfully done setting XSCT server connection channel  
03:07:38 INFO  : Successfully done setting SDK workspace  
03:07:38 INFO  : Processing command line option -hwspec E:/01_SoC/06_ZynqLab/ZynqLab06/ZynqLab06.sdk/design_1_wrapper.hdf.
03:07:38 INFO  : Checking for hwspec changes in the project design_1_wrapper_hw_platform_0.
03:07:58 INFO  : SDK has detected change in the last modified timestamps for source hardware specification file Source:1731348301358,  Project:1731345947653
03:07:58 INFO  : Project design_1_wrapper_hw_platform_0's source hardware specification located at E:/01_SoC/06_ZynqLab/ZynqLab06/ZynqLab06.sdk/design_1_wrapper.hdf is now different from the local copy.
		 The local copy will be replaced with the source specification and your workspace will be updated.
03:08:02 INFO  : Copied contents of E:/01_SoC/06_ZynqLab/ZynqLab06/ZynqLab06.sdk/design_1_wrapper.hdf into \design_1_wrapper_hw_platform_0\system.hdf.
03:08:04 INFO  : Synchronizing projects in the workspace with the hardware platform specification changes.
03:08:06 INFO  : 
03:08:07 INFO  : Updating hardware inferred compiler options for ZynqLab06.
03:08:07 INFO  : Clearing existing target manager status.
03:20:46 INFO  : Connected to target on host '127.0.0.1' and port '3121'.
03:20:47 INFO  : Jtag cable 'Digilent Zybo Z7 210351B7AC1BA' is selected.
03:20:47 INFO  : 'jtag frequency' command is executed.
03:20:47 INFO  : Sourcing of 'E:/01_SoC/06_ZynqLab/ZynqLab06/ZynqLab06.sdk/design_1_wrapper_hw_platform_0/ps7_init.tcl' is done.
03:20:47 INFO  : Context for 'APU' is selected.
03:20:47 INFO  : System reset is completed.
03:20:50 INFO  : 'after 3000' command is executed.
03:20:50 INFO  : 'targets -set -filter {jtag_cable_name =~ "Digilent Zybo Z7 210351B7AC1BA" && level==0} -index 1' command is executed.
03:20:53 INFO  : FPGA configured successfully with bitstream "E:/01_SoC/06_ZynqLab/ZynqLab06/ZynqLab06.sdk/design_1_wrapper_hw_platform_0/design_1_wrapper.bit"
03:20:53 INFO  : Context for 'APU' is selected.
03:20:53 INFO  : Hardware design information is loaded from 'E:/01_SoC/06_ZynqLab/ZynqLab06/ZynqLab06.sdk/design_1_wrapper_hw_platform_0/system.hdf'.
03:20:53 INFO  : 'configparams force-mem-access 1' command is executed.
03:20:53 INFO  : Context for 'APU' is selected.
03:20:53 INFO  : 'ps7_init' command is executed.
03:20:53 INFO  : 'ps7_post_config' command is executed.
03:20:53 INFO  : Context for processor 'ps7_cortexa9_0' is selected.
03:20:53 INFO  : The application 'E:/01_SoC/06_ZynqLab/ZynqLab06/ZynqLab06.sdk/ZynqLab06/Debug/ZynqLab06.elf' is downloaded to processor 'ps7_cortexa9_0'.
03:20:53 INFO  : 'configparams force-mem-access 0' command is executed.
03:20:53 INFO  : ----------------XSDB Script----------------
connect -url tcp:127.0.0.1:3121
source E:/01_SoC/06_ZynqLab/ZynqLab06/ZynqLab06.sdk/design_1_wrapper_hw_platform_0/ps7_init.tcl
targets -set -nocase -filter {name =~"APU*" && jtag_cable_name =~ "Digilent Zybo Z7 210351B7AC1BA"} -index 0
rst -system
after 3000
targets -set -filter {jtag_cable_name =~ "Digilent Zybo Z7 210351B7AC1BA" && level==0} -index 1
fpga -file E:/01_SoC/06_ZynqLab/ZynqLab06/ZynqLab06.sdk/design_1_wrapper_hw_platform_0/design_1_wrapper.bit
targets -set -nocase -filter {name =~"APU*" && jtag_cable_name =~ "Digilent Zybo Z7 210351B7AC1BA"} -index 0
loadhw -hw E:/01_SoC/06_ZynqLab/ZynqLab06/ZynqLab06.sdk/design_1_wrapper_hw_platform_0/system.hdf -mem-ranges [list {0x40000000 0xbfffffff}]
configparams force-mem-access 1
targets -set -nocase -filter {name =~"APU*" && jtag_cable_name =~ "Digilent Zybo Z7 210351B7AC1BA"} -index 0
ps7_init
ps7_post_config
targets -set -nocase -filter {name =~ "ARM*#0" && jtag_cable_name =~ "Digilent Zybo Z7 210351B7AC1BA"} -index 0
dow E:/01_SoC/06_ZynqLab/ZynqLab06/ZynqLab06.sdk/ZynqLab06/Debug/ZynqLab06.elf
configparams force-mem-access 0
----------------End of Script----------------

03:20:53 INFO  : Context for processor 'ps7_cortexa9_0' is selected.
03:20:53 INFO  : 'con' command is executed.
03:20:53 INFO  : ----------------XSDB Script (After Launch)----------------
targets -set -nocase -filter {name =~ "ARM*#0" && jtag_cable_name =~ "Digilent Zybo Z7 210351B7AC1BA"} -index 0
con
----------------End of Script----------------

03:20:53 INFO  : Disconnected from the channel tcfchan#1.
03:22:07 INFO  : Connected to target on host '127.0.0.1' and port '3121'.
03:22:08 INFO  : Jtag cable 'Digilent Zybo Z7 210351B7AC1BA' is selected.
03:22:08 INFO  : 'jtag frequency' command is executed.
03:22:08 INFO  : Sourcing of 'E:/01_SoC/06_ZynqLab/ZynqLab06/ZynqLab06.sdk/design_1_wrapper_hw_platform_0/ps7_init.tcl' is done.
03:22:08 INFO  : Context for 'APU' is selected.
03:22:08 INFO  : System reset is completed.
03:22:11 INFO  : 'after 3000' command is executed.
03:22:11 INFO  : 'targets -set -filter {jtag_cable_name =~ "Digilent Zybo Z7 210351B7AC1BA" && level==0} -index 1' command is executed.
03:22:14 INFO  : FPGA configured successfully with bitstream "E:/01_SoC/06_ZynqLab/ZynqLab06/ZynqLab06.sdk/design_1_wrapper_hw_platform_0/design_1_wrapper.bit"
03:22:14 INFO  : Context for 'APU' is selected.
03:22:15 INFO  : Hardware design information is loaded from 'E:/01_SoC/06_ZynqLab/ZynqLab06/ZynqLab06.sdk/design_1_wrapper_hw_platform_0/system.hdf'.
03:22:15 INFO  : 'configparams force-mem-access 1' command is executed.
03:22:15 INFO  : Context for 'APU' is selected.
03:22:15 INFO  : 'ps7_init' command is executed.
03:22:15 INFO  : 'ps7_post_config' command is executed.
03:22:15 INFO  : Context for processor 'ps7_cortexa9_0' is selected.
03:22:15 INFO  : The application 'E:/01_SoC/06_ZynqLab/ZynqLab06/ZynqLab06.sdk/ZynqLab06/Debug/ZynqLab06.elf' is downloaded to processor 'ps7_cortexa9_0'.
03:22:15 INFO  : 'configparams force-mem-access 0' command is executed.
03:22:15 INFO  : ----------------XSDB Script----------------
connect -url tcp:127.0.0.1:3121
source E:/01_SoC/06_ZynqLab/ZynqLab06/ZynqLab06.sdk/design_1_wrapper_hw_platform_0/ps7_init.tcl
targets -set -nocase -filter {name =~"APU*" && jtag_cable_name =~ "Digilent Zybo Z7 210351B7AC1BA"} -index 0
rst -system
after 3000
targets -set -filter {jtag_cable_name =~ "Digilent Zybo Z7 210351B7AC1BA" && level==0} -index 1
fpga -file E:/01_SoC/06_ZynqLab/ZynqLab06/ZynqLab06.sdk/design_1_wrapper_hw_platform_0/design_1_wrapper.bit
targets -set -nocase -filter {name =~"APU*" && jtag_cable_name =~ "Digilent Zybo Z7 210351B7AC1BA"} -index 0
loadhw -hw E:/01_SoC/06_ZynqLab/ZynqLab06/ZynqLab06.sdk/design_1_wrapper_hw_platform_0/system.hdf -mem-ranges [list {0x40000000 0xbfffffff}]
configparams force-mem-access 1
targets -set -nocase -filter {name =~"APU*" && jtag_cable_name =~ "Digilent Zybo Z7 210351B7AC1BA"} -index 0
ps7_init
ps7_post_config
targets -set -nocase -filter {name =~ "ARM*#0" && jtag_cable_name =~ "Digilent Zybo Z7 210351B7AC1BA"} -index 0
dow E:/01_SoC/06_ZynqLab/ZynqLab06/ZynqLab06.sdk/ZynqLab06/Debug/ZynqLab06.elf
configparams force-mem-access 0
----------------End of Script----------------

03:22:15 INFO  : Context for processor 'ps7_cortexa9_0' is selected.
03:22:15 INFO  : 'con' command is executed.
03:22:15 INFO  : ----------------XSDB Script (After Launch)----------------
targets -set -nocase -filter {name =~ "ARM*#0" && jtag_cable_name =~ "Digilent Zybo Z7 210351B7AC1BA"} -index 0
con
----------------End of Script----------------

03:22:15 INFO  : Disconnected from the channel tcfchan#2.
03:25:53 INFO  : Connected to target on host '127.0.0.1' and port '3121'.
03:25:53 INFO  : Jtag cable 'Digilent Zybo Z7 210351B7AC1BA' is selected.
03:25:53 INFO  : 'jtag frequency' command is executed.
03:25:53 INFO  : Sourcing of 'E:/01_SoC/06_ZynqLab/ZynqLab06/ZynqLab06.sdk/design_1_wrapper_hw_platform_0/ps7_init.tcl' is done.
03:25:53 INFO  : Context for 'APU' is selected.
03:25:53 INFO  : System reset is completed.
03:25:56 INFO  : 'after 3000' command is executed.
03:25:56 INFO  : 'targets -set -filter {jtag_cable_name =~ "Digilent Zybo Z7 210351B7AC1BA" && level==0} -index 1' command is executed.
03:25:59 INFO  : FPGA configured successfully with bitstream "E:/01_SoC/06_ZynqLab/ZynqLab06/ZynqLab06.sdk/design_1_wrapper_hw_platform_0/design_1_wrapper.bit"
03:25:59 INFO  : Context for 'APU' is selected.
03:25:59 INFO  : Hardware design information is loaded from 'E:/01_SoC/06_ZynqLab/ZynqLab06/ZynqLab06.sdk/design_1_wrapper_hw_platform_0/system.hdf'.
03:25:59 INFO  : 'configparams force-mem-access 1' command is executed.
03:25:59 INFO  : Context for 'APU' is selected.
03:25:59 INFO  : 'ps7_init' command is executed.
03:25:59 INFO  : 'ps7_post_config' command is executed.
03:25:59 INFO  : Context for processor 'ps7_cortexa9_0' is selected.
03:25:59 INFO  : The application 'E:/01_SoC/06_ZynqLab/ZynqLab06/ZynqLab06.sdk/ZynqLab06/Debug/ZynqLab06.elf' is downloaded to processor 'ps7_cortexa9_0'.
03:25:59 INFO  : 'configparams force-mem-access 0' command is executed.
03:25:59 INFO  : ----------------XSDB Script----------------
connect -url tcp:127.0.0.1:3121
source E:/01_SoC/06_ZynqLab/ZynqLab06/ZynqLab06.sdk/design_1_wrapper_hw_platform_0/ps7_init.tcl
targets -set -nocase -filter {name =~"APU*" && jtag_cable_name =~ "Digilent Zybo Z7 210351B7AC1BA"} -index 0
rst -system
after 3000
targets -set -filter {jtag_cable_name =~ "Digilent Zybo Z7 210351B7AC1BA" && level==0} -index 1
fpga -file E:/01_SoC/06_ZynqLab/ZynqLab06/ZynqLab06.sdk/design_1_wrapper_hw_platform_0/design_1_wrapper.bit
targets -set -nocase -filter {name =~"APU*" && jtag_cable_name =~ "Digilent Zybo Z7 210351B7AC1BA"} -index 0
loadhw -hw E:/01_SoC/06_ZynqLab/ZynqLab06/ZynqLab06.sdk/design_1_wrapper_hw_platform_0/system.hdf -mem-ranges [list {0x40000000 0xbfffffff}]
configparams force-mem-access 1
targets -set -nocase -filter {name =~"APU*" && jtag_cable_name =~ "Digilent Zybo Z7 210351B7AC1BA"} -index 0
ps7_init
ps7_post_config
targets -set -nocase -filter {name =~ "ARM*#0" && jtag_cable_name =~ "Digilent Zybo Z7 210351B7AC1BA"} -index 0
dow E:/01_SoC/06_ZynqLab/ZynqLab06/ZynqLab06.sdk/ZynqLab06/Debug/ZynqLab06.elf
configparams force-mem-access 0
----------------End of Script----------------

03:25:59 INFO  : Context for processor 'ps7_cortexa9_0' is selected.
03:25:59 INFO  : 'con' command is executed.
03:25:59 INFO  : ----------------XSDB Script (After Launch)----------------
targets -set -nocase -filter {name =~ "ARM*#0" && jtag_cable_name =~ "Digilent Zybo Z7 210351B7AC1BA"} -index 0
con
----------------End of Script----------------

03:25:59 INFO  : Disconnected from the channel tcfchan#3.
03:28:36 INFO  : Connected to target on host '127.0.0.1' and port '3121'.
03:28:37 INFO  : Jtag cable 'Digilent Zybo Z7 210351B7AC1BA' is selected.
03:28:37 INFO  : 'jtag frequency' command is executed.
03:28:37 INFO  : Sourcing of 'E:/01_SoC/06_ZynqLab/ZynqLab06/ZynqLab06.sdk/design_1_wrapper_hw_platform_0/ps7_init.tcl' is done.
03:28:37 INFO  : Context for 'APU' is selected.
03:28:37 INFO  : System reset is completed.
03:28:40 INFO  : 'after 3000' command is executed.
03:28:40 INFO  : 'targets -set -filter {jtag_cable_name =~ "Digilent Zybo Z7 210351B7AC1BA" && level==0} -index 1' command is executed.
03:28:43 INFO  : FPGA configured successfully with bitstream "E:/01_SoC/06_ZynqLab/ZynqLab06/ZynqLab06.sdk/design_1_wrapper_hw_platform_0/design_1_wrapper.bit"
03:28:43 INFO  : Context for 'APU' is selected.
03:28:43 INFO  : Hardware design information is loaded from 'E:/01_SoC/06_ZynqLab/ZynqLab06/ZynqLab06.sdk/design_1_wrapper_hw_platform_0/system.hdf'.
03:28:43 INFO  : 'configparams force-mem-access 1' command is executed.
03:28:43 INFO  : Context for 'APU' is selected.
03:28:43 INFO  : 'ps7_init' command is executed.
03:28:43 INFO  : 'ps7_post_config' command is executed.
03:28:43 INFO  : Context for processor 'ps7_cortexa9_0' is selected.
03:28:43 INFO  : The application 'E:/01_SoC/06_ZynqLab/ZynqLab06/ZynqLab06.sdk/ZynqLab06/Debug/ZynqLab06.elf' is downloaded to processor 'ps7_cortexa9_0'.
03:28:43 INFO  : 'configparams force-mem-access 0' command is executed.
03:28:43 INFO  : ----------------XSDB Script----------------
connect -url tcp:127.0.0.1:3121
source E:/01_SoC/06_ZynqLab/ZynqLab06/ZynqLab06.sdk/design_1_wrapper_hw_platform_0/ps7_init.tcl
targets -set -nocase -filter {name =~"APU*" && jtag_cable_name =~ "Digilent Zybo Z7 210351B7AC1BA"} -index 0
rst -system
after 3000
targets -set -filter {jtag_cable_name =~ "Digilent Zybo Z7 210351B7AC1BA" && level==0} -index 1
fpga -file E:/01_SoC/06_ZynqLab/ZynqLab06/ZynqLab06.sdk/design_1_wrapper_hw_platform_0/design_1_wrapper.bit
targets -set -nocase -filter {name =~"APU*" && jtag_cable_name =~ "Digilent Zybo Z7 210351B7AC1BA"} -index 0
loadhw -hw E:/01_SoC/06_ZynqLab/ZynqLab06/ZynqLab06.sdk/design_1_wrapper_hw_platform_0/system.hdf -mem-ranges [list {0x40000000 0xbfffffff}]
configparams force-mem-access 1
targets -set -nocase -filter {name =~"APU*" && jtag_cable_name =~ "Digilent Zybo Z7 210351B7AC1BA"} -index 0
ps7_init
ps7_post_config
targets -set -nocase -filter {name =~ "ARM*#0" && jtag_cable_name =~ "Digilent Zybo Z7 210351B7AC1BA"} -index 0
dow E:/01_SoC/06_ZynqLab/ZynqLab06/ZynqLab06.sdk/ZynqLab06/Debug/ZynqLab06.elf
configparams force-mem-access 0
----------------End of Script----------------

03:28:43 INFO  : Context for processor 'ps7_cortexa9_0' is selected.
03:28:43 INFO  : 'con' command is executed.
03:28:43 INFO  : ----------------XSDB Script (After Launch)----------------
targets -set -nocase -filter {name =~ "ARM*#0" && jtag_cable_name =~ "Digilent Zybo Z7 210351B7AC1BA"} -index 0
con
----------------End of Script----------------

03:28:43 INFO  : Disconnected from the channel tcfchan#4.
03:36:23 INFO  : Connected to target on host '127.0.0.1' and port '3121'.
03:36:24 INFO  : Jtag cable 'Digilent Zybo Z7 210351B7AC1BA' is selected.
03:36:24 INFO  : 'jtag frequency' command is executed.
03:36:24 INFO  : Sourcing of 'E:/01_SoC/06_ZynqLab/ZynqLab06/ZynqLab06.sdk/design_1_wrapper_hw_platform_0/ps7_init.tcl' is done.
03:36:24 INFO  : Context for 'APU' is selected.
03:36:24 INFO  : System reset is completed.
03:36:27 INFO  : 'after 3000' command is executed.
03:36:27 INFO  : 'targets -set -filter {jtag_cable_name =~ "Digilent Zybo Z7 210351B7AC1BA" && level==0} -index 1' command is executed.
03:36:29 INFO  : FPGA configured successfully with bitstream "E:/01_SoC/06_ZynqLab/ZynqLab06/ZynqLab06.sdk/design_1_wrapper_hw_platform_0/design_1_wrapper.bit"
03:36:29 INFO  : Context for 'APU' is selected.
03:36:29 INFO  : Hardware design information is loaded from 'E:/01_SoC/06_ZynqLab/ZynqLab06/ZynqLab06.sdk/design_1_wrapper_hw_platform_0/system.hdf'.
03:36:29 INFO  : 'configparams force-mem-access 1' command is executed.
03:36:29 INFO  : Context for 'APU' is selected.
03:36:29 INFO  : 'ps7_init' command is executed.
03:36:30 INFO  : 'ps7_post_config' command is executed.
03:36:30 INFO  : Context for processor 'ps7_cortexa9_0' is selected.
03:36:30 INFO  : The application 'E:/01_SoC/06_ZynqLab/ZynqLab06/ZynqLab06.sdk/ZynqLab06/Debug/ZynqLab06.elf' is downloaded to processor 'ps7_cortexa9_0'.
03:36:30 INFO  : 'configparams force-mem-access 0' command is executed.
03:36:30 INFO  : ----------------XSDB Script----------------
connect -url tcp:127.0.0.1:3121
source E:/01_SoC/06_ZynqLab/ZynqLab06/ZynqLab06.sdk/design_1_wrapper_hw_platform_0/ps7_init.tcl
targets -set -nocase -filter {name =~"APU*" && jtag_cable_name =~ "Digilent Zybo Z7 210351B7AC1BA"} -index 0
rst -system
after 3000
targets -set -filter {jtag_cable_name =~ "Digilent Zybo Z7 210351B7AC1BA" && level==0} -index 1
fpga -file E:/01_SoC/06_ZynqLab/ZynqLab06/ZynqLab06.sdk/design_1_wrapper_hw_platform_0/design_1_wrapper.bit
targets -set -nocase -filter {name =~"APU*" && jtag_cable_name =~ "Digilent Zybo Z7 210351B7AC1BA"} -index 0
loadhw -hw E:/01_SoC/06_ZynqLab/ZynqLab06/ZynqLab06.sdk/design_1_wrapper_hw_platform_0/system.hdf -mem-ranges [list {0x40000000 0xbfffffff}]
configparams force-mem-access 1
targets -set -nocase -filter {name =~"APU*" && jtag_cable_name =~ "Digilent Zybo Z7 210351B7AC1BA"} -index 0
ps7_init
ps7_post_config
targets -set -nocase -filter {name =~ "ARM*#0" && jtag_cable_name =~ "Digilent Zybo Z7 210351B7AC1BA"} -index 0
dow E:/01_SoC/06_ZynqLab/ZynqLab06/ZynqLab06.sdk/ZynqLab06/Debug/ZynqLab06.elf
configparams force-mem-access 0
----------------End of Script----------------

03:36:30 INFO  : Context for processor 'ps7_cortexa9_0' is selected.
03:36:30 INFO  : 'con' command is executed.
03:36:30 INFO  : ----------------XSDB Script (After Launch)----------------
targets -set -nocase -filter {name =~ "ARM*#0" && jtag_cable_name =~ "Digilent Zybo Z7 210351B7AC1BA"} -index 0
con
----------------End of Script----------------

03:36:30 INFO  : Disconnected from the channel tcfchan#5.
03:39:48 INFO  : Connected to target on host '127.0.0.1' and port '3121'.
03:39:49 INFO  : Jtag cable 'Digilent Zybo Z7 210351B7AC1BA' is selected.
03:39:49 INFO  : 'jtag frequency' command is executed.
03:39:49 INFO  : Sourcing of 'E:/01_SoC/06_ZynqLab/ZynqLab06/ZynqLab06.sdk/design_1_wrapper_hw_platform_0/ps7_init.tcl' is done.
03:39:49 INFO  : Context for 'APU' is selected.
03:39:49 INFO  : System reset is completed.
03:39:52 INFO  : 'after 3000' command is executed.
03:39:52 INFO  : 'targets -set -filter {jtag_cable_name =~ "Digilent Zybo Z7 210351B7AC1BA" && level==0} -index 1' command is executed.
03:39:54 INFO  : FPGA configured successfully with bitstream "E:/01_SoC/06_ZynqLab/ZynqLab06/ZynqLab06.sdk/design_1_wrapper_hw_platform_0/design_1_wrapper.bit"
03:39:54 INFO  : Context for 'APU' is selected.
03:39:54 INFO  : Hardware design information is loaded from 'E:/01_SoC/06_ZynqLab/ZynqLab06/ZynqLab06.sdk/design_1_wrapper_hw_platform_0/system.hdf'.
03:39:54 INFO  : 'configparams force-mem-access 1' command is executed.
03:39:54 INFO  : Context for 'APU' is selected.
03:39:54 INFO  : 'ps7_init' command is executed.
03:39:54 INFO  : 'ps7_post_config' command is executed.
03:39:54 INFO  : Context for processor 'ps7_cortexa9_0' is selected.
03:39:55 INFO  : The application 'E:/01_SoC/06_ZynqLab/ZynqLab06/ZynqLab06.sdk/ZynqLab06/Debug/ZynqLab06.elf' is downloaded to processor 'ps7_cortexa9_0'.
03:39:55 INFO  : 'configparams force-mem-access 0' command is executed.
03:39:55 INFO  : ----------------XSDB Script----------------
connect -url tcp:127.0.0.1:3121
source E:/01_SoC/06_ZynqLab/ZynqLab06/ZynqLab06.sdk/design_1_wrapper_hw_platform_0/ps7_init.tcl
targets -set -nocase -filter {name =~"APU*" && jtag_cable_name =~ "Digilent Zybo Z7 210351B7AC1BA"} -index 0
rst -system
after 3000
targets -set -filter {jtag_cable_name =~ "Digilent Zybo Z7 210351B7AC1BA" && level==0} -index 1
fpga -file E:/01_SoC/06_ZynqLab/ZynqLab06/ZynqLab06.sdk/design_1_wrapper_hw_platform_0/design_1_wrapper.bit
targets -set -nocase -filter {name =~"APU*" && jtag_cable_name =~ "Digilent Zybo Z7 210351B7AC1BA"} -index 0
loadhw -hw E:/01_SoC/06_ZynqLab/ZynqLab06/ZynqLab06.sdk/design_1_wrapper_hw_platform_0/system.hdf -mem-ranges [list {0x40000000 0xbfffffff}]
configparams force-mem-access 1
targets -set -nocase -filter {name =~"APU*" && jtag_cable_name =~ "Digilent Zybo Z7 210351B7AC1BA"} -index 0
ps7_init
ps7_post_config
targets -set -nocase -filter {name =~ "ARM*#0" && jtag_cable_name =~ "Digilent Zybo Z7 210351B7AC1BA"} -index 0
dow E:/01_SoC/06_ZynqLab/ZynqLab06/ZynqLab06.sdk/ZynqLab06/Debug/ZynqLab06.elf
configparams force-mem-access 0
----------------End of Script----------------

03:39:55 INFO  : Context for processor 'ps7_cortexa9_0' is selected.
03:39:55 INFO  : 'con' command is executed.
03:39:55 INFO  : ----------------XSDB Script (After Launch)----------------
targets -set -nocase -filter {name =~ "ARM*#0" && jtag_cable_name =~ "Digilent Zybo Z7 210351B7AC1BA"} -index 0
con
----------------End of Script----------------

03:39:55 INFO  : Disconnected from the channel tcfchan#6.
03:56:33 INFO  : SDK has detected change in the last modified timestamps for source hardware specification file Source:1731351381562,  Project:1731348301358
03:56:33 INFO  : Project design_1_wrapper_hw_platform_0's source hardware specification located at E:/01_SoC/06_ZynqLab/ZynqLab06/ZynqLab06.sdk/design_1_wrapper.hdf is now different from the local copy.
		 The local copy will be replaced with the source specification and your workspace will be updated.
03:56:33 INFO  : Copied contents of E:/01_SoC/06_ZynqLab/ZynqLab06/ZynqLab06.sdk/design_1_wrapper.hdf into \design_1_wrapper_hw_platform_0\system.hdf.
03:56:35 INFO  : Synchronizing projects in the workspace with the hardware platform specification changes.
03:56:37 INFO  : 
03:56:38 INFO  : Updating hardware inferred compiler options for ZynqLab06.
03:56:38 INFO  : Clearing existing target manager status.
03:56:38 INFO  : Closing and re-opening the MSS file of ther project ZynqLab06_bsp
03:56:39 INFO  : Closing and re-opening the MSS file of ther project ZynqLab06_bsp
03:56:39 INFO  : Closing and re-opening the MSS file of ther project ZynqLab06_bsp
03:56:39 INFO  : Closing and re-opening the MSS file of ther project ZynqLab06_bsp
03:56:39 INFO  : Workspace synchronized with the new hardware specification file. Cleaning dependent projects...
03:56:41 WARN  : Linker script will not be updated automatically. Users need to update it manually.
03:58:08 INFO  : Connected to target on host '127.0.0.1' and port '3121'.
03:58:08 INFO  : Jtag cable 'Digilent Zybo Z7 210351B7AC1BA' is selected.
03:58:08 INFO  : 'jtag frequency' command is executed.
03:58:08 INFO  : Sourcing of 'E:/01_SoC/06_ZynqLab/ZynqLab06/ZynqLab06.sdk/design_1_wrapper_hw_platform_0/ps7_init.tcl' is done.
03:58:08 INFO  : Context for 'APU' is selected.
03:58:08 INFO  : System reset is completed.
03:58:11 INFO  : 'after 3000' command is executed.
03:58:11 INFO  : 'targets -set -filter {jtag_cable_name =~ "Digilent Zybo Z7 210351B7AC1BA" && level==0} -index 1' command is executed.
03:58:14 INFO  : FPGA configured successfully with bitstream "E:/01_SoC/06_ZynqLab/ZynqLab06/ZynqLab06.sdk/design_1_wrapper_hw_platform_0/design_1_wrapper.bit"
03:58:14 INFO  : Context for 'APU' is selected.
03:58:14 INFO  : Hardware design information is loaded from 'E:/01_SoC/06_ZynqLab/ZynqLab06/ZynqLab06.sdk/design_1_wrapper_hw_platform_0/system.hdf'.
03:58:14 INFO  : 'configparams force-mem-access 1' command is executed.
03:58:14 INFO  : Context for 'APU' is selected.
03:58:14 INFO  : 'ps7_init' command is executed.
03:58:14 INFO  : 'ps7_post_config' command is executed.
03:58:14 INFO  : Context for processor 'ps7_cortexa9_0' is selected.
03:58:14 INFO  : The application 'E:/01_SoC/06_ZynqLab/ZynqLab06/ZynqLab06.sdk/ZynqLab06/Debug/ZynqLab06.elf' is downloaded to processor 'ps7_cortexa9_0'.
03:58:14 INFO  : 'configparams force-mem-access 0' command is executed.
03:58:14 INFO  : ----------------XSDB Script----------------
connect -url tcp:127.0.0.1:3121
source E:/01_SoC/06_ZynqLab/ZynqLab06/ZynqLab06.sdk/design_1_wrapper_hw_platform_0/ps7_init.tcl
targets -set -nocase -filter {name =~"APU*" && jtag_cable_name =~ "Digilent Zybo Z7 210351B7AC1BA"} -index 0
rst -system
after 3000
targets -set -filter {jtag_cable_name =~ "Digilent Zybo Z7 210351B7AC1BA" && level==0} -index 1
fpga -file E:/01_SoC/06_ZynqLab/ZynqLab06/ZynqLab06.sdk/design_1_wrapper_hw_platform_0/design_1_wrapper.bit
targets -set -nocase -filter {name =~"APU*" && jtag_cable_name =~ "Digilent Zybo Z7 210351B7AC1BA"} -index 0
loadhw -hw E:/01_SoC/06_ZynqLab/ZynqLab06/ZynqLab06.sdk/design_1_wrapper_hw_platform_0/system.hdf -mem-ranges [list {0x40000000 0xbfffffff}]
configparams force-mem-access 1
targets -set -nocase -filter {name =~"APU*" && jtag_cable_name =~ "Digilent Zybo Z7 210351B7AC1BA"} -index 0
ps7_init
ps7_post_config
targets -set -nocase -filter {name =~ "ARM*#0" && jtag_cable_name =~ "Digilent Zybo Z7 210351B7AC1BA"} -index 0
dow E:/01_SoC/06_ZynqLab/ZynqLab06/ZynqLab06.sdk/ZynqLab06/Debug/ZynqLab06.elf
configparams force-mem-access 0
----------------End of Script----------------

03:58:14 INFO  : Context for processor 'ps7_cortexa9_0' is selected.
03:58:14 INFO  : 'con' command is executed.
03:58:14 INFO  : ----------------XSDB Script (After Launch)----------------
targets -set -nocase -filter {name =~ "ARM*#0" && jtag_cable_name =~ "Digilent Zybo Z7 210351B7AC1BA"} -index 0
con
----------------End of Script----------------

03:58:14 INFO  : Disconnected from the channel tcfchan#7.
04:00:17 INFO  : Connected to target on host '127.0.0.1' and port '3121'.
04:00:19 INFO  : Jtag cable 'Digilent Zybo Z7 210351B7AC1BA' is selected.
04:00:19 INFO  : 'jtag frequency' command is executed.
04:00:19 INFO  : Sourcing of 'E:/01_SoC/06_ZynqLab/ZynqLab06/ZynqLab06.sdk/design_1_wrapper_hw_platform_0/ps7_init.tcl' is done.
04:00:20 INFO  : Context for 'APU' is selected.
04:00:20 INFO  : System reset is completed.
04:00:23 INFO  : 'after 3000' command is executed.
04:00:23 INFO  : 'targets -set -filter {jtag_cable_name =~ "Digilent Zybo Z7 210351B7AC1BA" && level==0} -index 1' command is executed.
04:00:25 INFO  : FPGA configured successfully with bitstream "E:/01_SoC/06_ZynqLab/ZynqLab06/ZynqLab06.sdk/design_1_wrapper_hw_platform_0/design_1_wrapper.bit"
04:00:25 INFO  : Context for 'APU' is selected.
04:00:25 INFO  : Hardware design information is loaded from 'E:/01_SoC/06_ZynqLab/ZynqLab06/ZynqLab06.sdk/design_1_wrapper_hw_platform_0/system.hdf'.
04:00:25 INFO  : 'configparams force-mem-access 1' command is executed.
04:00:25 INFO  : Context for 'APU' is selected.
04:00:26 INFO  : 'ps7_init' command is executed.
04:00:26 INFO  : 'ps7_post_config' command is executed.
04:00:26 INFO  : Context for processor 'ps7_cortexa9_0' is selected.
04:00:26 INFO  : The application 'E:/01_SoC/06_ZynqLab/ZynqLab06/ZynqLab06.sdk/ZynqLab06/Debug/ZynqLab06.elf' is downloaded to processor 'ps7_cortexa9_0'.
04:00:26 INFO  : 'configparams force-mem-access 0' command is executed.
04:00:26 INFO  : ----------------XSDB Script----------------
connect -url tcp:127.0.0.1:3121
source E:/01_SoC/06_ZynqLab/ZynqLab06/ZynqLab06.sdk/design_1_wrapper_hw_platform_0/ps7_init.tcl
targets -set -nocase -filter {name =~"APU*" && jtag_cable_name =~ "Digilent Zybo Z7 210351B7AC1BA"} -index 0
rst -system
after 3000
targets -set -filter {jtag_cable_name =~ "Digilent Zybo Z7 210351B7AC1BA" && level==0} -index 1
fpga -file E:/01_SoC/06_ZynqLab/ZynqLab06/ZynqLab06.sdk/design_1_wrapper_hw_platform_0/design_1_wrapper.bit
targets -set -nocase -filter {name =~"APU*" && jtag_cable_name =~ "Digilent Zybo Z7 210351B7AC1BA"} -index 0
loadhw -hw E:/01_SoC/06_ZynqLab/ZynqLab06/ZynqLab06.sdk/design_1_wrapper_hw_platform_0/system.hdf -mem-ranges [list {0x40000000 0xbfffffff}]
configparams force-mem-access 1
targets -set -nocase -filter {name =~"APU*" && jtag_cable_name =~ "Digilent Zybo Z7 210351B7AC1BA"} -index 0
ps7_init
ps7_post_config
targets -set -nocase -filter {name =~ "ARM*#0" && jtag_cable_name =~ "Digilent Zybo Z7 210351B7AC1BA"} -index 0
dow E:/01_SoC/06_ZynqLab/ZynqLab06/ZynqLab06.sdk/ZynqLab06/Debug/ZynqLab06.elf
configparams force-mem-access 0
----------------End of Script----------------

04:00:26 INFO  : Context for processor 'ps7_cortexa9_0' is selected.
04:00:26 INFO  : 'con' command is executed.
04:00:26 INFO  : ----------------XSDB Script (After Launch)----------------
targets -set -nocase -filter {name =~ "ARM*#0" && jtag_cable_name =~ "Digilent Zybo Z7 210351B7AC1BA"} -index 0
con
----------------End of Script----------------

04:00:26 INFO  : Disconnected from the channel tcfchan#8.
04:01:44 INFO  : Connected to target on host '127.0.0.1' and port '3121'.
04:01:45 INFO  : Jtag cable 'Digilent Zybo Z7 210351B7AC1BA' is selected.
04:01:45 INFO  : 'jtag frequency' command is executed.
04:01:45 INFO  : Sourcing of 'E:/01_SoC/06_ZynqLab/ZynqLab06/ZynqLab06.sdk/design_1_wrapper_hw_platform_0/ps7_init.tcl' is done.
04:01:45 INFO  : Context for 'APU' is selected.
04:01:45 INFO  : System reset is completed.
04:01:48 INFO  : 'after 3000' command is executed.
04:01:48 INFO  : 'targets -set -filter {jtag_cable_name =~ "Digilent Zybo Z7 210351B7AC1BA" && level==0} -index 1' command is executed.
04:01:50 INFO  : FPGA configured successfully with bitstream "E:/01_SoC/06_ZynqLab/ZynqLab06/ZynqLab06.sdk/design_1_wrapper_hw_platform_0/design_1_wrapper.bit"
04:01:50 INFO  : Context for 'APU' is selected.
04:01:50 INFO  : Hardware design information is loaded from 'E:/01_SoC/06_ZynqLab/ZynqLab06/ZynqLab06.sdk/design_1_wrapper_hw_platform_0/system.hdf'.
04:01:50 INFO  : 'configparams force-mem-access 1' command is executed.
04:01:50 INFO  : Context for 'APU' is selected.
04:01:51 INFO  : 'ps7_init' command is executed.
04:01:51 INFO  : 'ps7_post_config' command is executed.
04:01:51 INFO  : Context for processor 'ps7_cortexa9_0' is selected.
04:01:51 INFO  : The application 'E:/01_SoC/06_ZynqLab/ZynqLab06/ZynqLab06.sdk/ZynqLab06/Debug/ZynqLab06.elf' is downloaded to processor 'ps7_cortexa9_0'.
04:01:51 INFO  : 'configparams force-mem-access 0' command is executed.
04:01:51 INFO  : ----------------XSDB Script----------------
connect -url tcp:127.0.0.1:3121
source E:/01_SoC/06_ZynqLab/ZynqLab06/ZynqLab06.sdk/design_1_wrapper_hw_platform_0/ps7_init.tcl
targets -set -nocase -filter {name =~"APU*" && jtag_cable_name =~ "Digilent Zybo Z7 210351B7AC1BA"} -index 0
rst -system
after 3000
targets -set -filter {jtag_cable_name =~ "Digilent Zybo Z7 210351B7AC1BA" && level==0} -index 1
fpga -file E:/01_SoC/06_ZynqLab/ZynqLab06/ZynqLab06.sdk/design_1_wrapper_hw_platform_0/design_1_wrapper.bit
targets -set -nocase -filter {name =~"APU*" && jtag_cable_name =~ "Digilent Zybo Z7 210351B7AC1BA"} -index 0
loadhw -hw E:/01_SoC/06_ZynqLab/ZynqLab06/ZynqLab06.sdk/design_1_wrapper_hw_platform_0/system.hdf -mem-ranges [list {0x40000000 0xbfffffff}]
configparams force-mem-access 1
targets -set -nocase -filter {name =~"APU*" && jtag_cable_name =~ "Digilent Zybo Z7 210351B7AC1BA"} -index 0
ps7_init
ps7_post_config
targets -set -nocase -filter {name =~ "ARM*#0" && jtag_cable_name =~ "Digilent Zybo Z7 210351B7AC1BA"} -index 0
dow E:/01_SoC/06_ZynqLab/ZynqLab06/ZynqLab06.sdk/ZynqLab06/Debug/ZynqLab06.elf
configparams force-mem-access 0
----------------End of Script----------------

04:01:51 INFO  : Context for processor 'ps7_cortexa9_0' is selected.
04:01:51 INFO  : 'con' command is executed.
04:01:51 INFO  : ----------------XSDB Script (After Launch)----------------
targets -set -nocase -filter {name =~ "ARM*#0" && jtag_cable_name =~ "Digilent Zybo Z7 210351B7AC1BA"} -index 0
con
----------------End of Script----------------

04:01:51 INFO  : Disconnected from the channel tcfchan#9.
04:04:12 INFO  : Connected to target on host '127.0.0.1' and port '3121'.
04:04:12 INFO  : Jtag cable 'Digilent Zybo Z7 210351B7AC1BA' is selected.
04:04:12 INFO  : 'jtag frequency' command is executed.
04:04:12 INFO  : Sourcing of 'E:/01_SoC/06_ZynqLab/ZynqLab06/ZynqLab06.sdk/design_1_wrapper_hw_platform_0/ps7_init.tcl' is done.
04:04:12 INFO  : Context for 'APU' is selected.
04:04:12 INFO  : System reset is completed.
04:04:15 INFO  : 'after 3000' command is executed.
04:04:15 INFO  : 'targets -set -filter {jtag_cable_name =~ "Digilent Zybo Z7 210351B7AC1BA" && level==0} -index 1' command is executed.
04:04:18 INFO  : FPGA configured successfully with bitstream "E:/01_SoC/06_ZynqLab/ZynqLab06/ZynqLab06.sdk/design_1_wrapper_hw_platform_0/design_1_wrapper.bit"
04:04:18 INFO  : Context for 'APU' is selected.
04:04:18 INFO  : Hardware design information is loaded from 'E:/01_SoC/06_ZynqLab/ZynqLab06/ZynqLab06.sdk/design_1_wrapper_hw_platform_0/system.hdf'.
04:04:18 INFO  : 'configparams force-mem-access 1' command is executed.
04:04:18 INFO  : Context for 'APU' is selected.
04:04:18 INFO  : 'ps7_init' command is executed.
04:04:18 INFO  : 'ps7_post_config' command is executed.
04:04:18 INFO  : Context for processor 'ps7_cortexa9_0' is selected.
04:04:18 INFO  : The application 'E:/01_SoC/06_ZynqLab/ZynqLab06/ZynqLab06.sdk/ZynqLab06/Debug/ZynqLab06.elf' is downloaded to processor 'ps7_cortexa9_0'.
04:04:18 INFO  : 'configparams force-mem-access 0' command is executed.
04:04:18 INFO  : ----------------XSDB Script----------------
connect -url tcp:127.0.0.1:3121
source E:/01_SoC/06_ZynqLab/ZynqLab06/ZynqLab06.sdk/design_1_wrapper_hw_platform_0/ps7_init.tcl
targets -set -nocase -filter {name =~"APU*" && jtag_cable_name =~ "Digilent Zybo Z7 210351B7AC1BA"} -index 0
rst -system
after 3000
targets -set -filter {jtag_cable_name =~ "Digilent Zybo Z7 210351B7AC1BA" && level==0} -index 1
fpga -file E:/01_SoC/06_ZynqLab/ZynqLab06/ZynqLab06.sdk/design_1_wrapper_hw_platform_0/design_1_wrapper.bit
targets -set -nocase -filter {name =~"APU*" && jtag_cable_name =~ "Digilent Zybo Z7 210351B7AC1BA"} -index 0
loadhw -hw E:/01_SoC/06_ZynqLab/ZynqLab06/ZynqLab06.sdk/design_1_wrapper_hw_platform_0/system.hdf -mem-ranges [list {0x40000000 0xbfffffff}]
configparams force-mem-access 1
targets -set -nocase -filter {name =~"APU*" && jtag_cable_name =~ "Digilent Zybo Z7 210351B7AC1BA"} -index 0
ps7_init
ps7_post_config
targets -set -nocase -filter {name =~ "ARM*#0" && jtag_cable_name =~ "Digilent Zybo Z7 210351B7AC1BA"} -index 0
dow E:/01_SoC/06_ZynqLab/ZynqLab06/ZynqLab06.sdk/ZynqLab06/Debug/ZynqLab06.elf
configparams force-mem-access 0
----------------End of Script----------------

04:04:18 INFO  : Context for processor 'ps7_cortexa9_0' is selected.
04:04:18 INFO  : 'con' command is executed.
04:04:18 INFO  : ----------------XSDB Script (After Launch)----------------
targets -set -nocase -filter {name =~ "ARM*#0" && jtag_cable_name =~ "Digilent Zybo Z7 210351B7AC1BA"} -index 0
con
----------------End of Script----------------

04:04:18 INFO  : Disconnected from the channel tcfchan#10.
04:06:49 INFO  : Connected to target on host '127.0.0.1' and port '3121'.
04:06:50 INFO  : Jtag cable 'Digilent Zybo Z7 210351B7AC1BA' is selected.
04:06:50 INFO  : 'jtag frequency' command is executed.
04:06:50 INFO  : Sourcing of 'E:/01_SoC/06_ZynqLab/ZynqLab06/ZynqLab06.sdk/design_1_wrapper_hw_platform_0/ps7_init.tcl' is done.
04:06:50 INFO  : Context for 'APU' is selected.
04:06:50 INFO  : System reset is completed.
04:06:53 INFO  : 'after 3000' command is executed.
04:06:53 INFO  : 'targets -set -filter {jtag_cable_name =~ "Digilent Zybo Z7 210351B7AC1BA" && level==0} -index 1' command is executed.
04:06:55 INFO  : FPGA configured successfully with bitstream "E:/01_SoC/06_ZynqLab/ZynqLab06/ZynqLab06.sdk/design_1_wrapper_hw_platform_0/design_1_wrapper.bit"
04:06:55 INFO  : Context for 'APU' is selected.
04:06:55 INFO  : Hardware design information is loaded from 'E:/01_SoC/06_ZynqLab/ZynqLab06/ZynqLab06.sdk/design_1_wrapper_hw_platform_0/system.hdf'.
04:06:55 INFO  : 'configparams force-mem-access 1' command is executed.
04:06:56 INFO  : Context for 'APU' is selected.
04:06:56 INFO  : 'ps7_init' command is executed.
04:06:56 INFO  : 'ps7_post_config' command is executed.
04:06:56 INFO  : Context for processor 'ps7_cortexa9_0' is selected.
04:06:56 INFO  : The application 'E:/01_SoC/06_ZynqLab/ZynqLab06/ZynqLab06.sdk/ZynqLab06/Debug/ZynqLab06.elf' is downloaded to processor 'ps7_cortexa9_0'.
04:06:56 INFO  : 'configparams force-mem-access 0' command is executed.
04:06:56 INFO  : ----------------XSDB Script----------------
connect -url tcp:127.0.0.1:3121
source E:/01_SoC/06_ZynqLab/ZynqLab06/ZynqLab06.sdk/design_1_wrapper_hw_platform_0/ps7_init.tcl
targets -set -nocase -filter {name =~"APU*" && jtag_cable_name =~ "Digilent Zybo Z7 210351B7AC1BA"} -index 0
rst -system
after 3000
targets -set -filter {jtag_cable_name =~ "Digilent Zybo Z7 210351B7AC1BA" && level==0} -index 1
fpga -file E:/01_SoC/06_ZynqLab/ZynqLab06/ZynqLab06.sdk/design_1_wrapper_hw_platform_0/design_1_wrapper.bit
targets -set -nocase -filter {name =~"APU*" && jtag_cable_name =~ "Digilent Zybo Z7 210351B7AC1BA"} -index 0
loadhw -hw E:/01_SoC/06_ZynqLab/ZynqLab06/ZynqLab06.sdk/design_1_wrapper_hw_platform_0/system.hdf -mem-ranges [list {0x40000000 0xbfffffff}]
configparams force-mem-access 1
targets -set -nocase -filter {name =~"APU*" && jtag_cable_name =~ "Digilent Zybo Z7 210351B7AC1BA"} -index 0
ps7_init
ps7_post_config
targets -set -nocase -filter {name =~ "ARM*#0" && jtag_cable_name =~ "Digilent Zybo Z7 210351B7AC1BA"} -index 0
dow E:/01_SoC/06_ZynqLab/ZynqLab06/ZynqLab06.sdk/ZynqLab06/Debug/ZynqLab06.elf
configparams force-mem-access 0
----------------End of Script----------------

04:06:56 INFO  : Context for processor 'ps7_cortexa9_0' is selected.
04:06:56 INFO  : 'con' command is executed.
04:06:56 INFO  : ----------------XSDB Script (After Launch)----------------
targets -set -nocase -filter {name =~ "ARM*#0" && jtag_cable_name =~ "Digilent Zybo Z7 210351B7AC1BA"} -index 0
con
----------------End of Script----------------

04:06:56 INFO  : Disconnected from the channel tcfchan#11.
04:17:29 INFO  : SDK has detected change in the last modified timestamps for source hardware specification file Source:1731352629175,  Project:1731351381562
04:17:29 INFO  : Project design_1_wrapper_hw_platform_0's source hardware specification located at E:/01_SoC/06_ZynqLab/ZynqLab06/ZynqLab06.sdk/design_1_wrapper.hdf is now different from the local copy.
		 The local copy will be replaced with the source specification and your workspace will be updated.
04:17:29 INFO  : Copied contents of E:/01_SoC/06_ZynqLab/ZynqLab06/ZynqLab06.sdk/design_1_wrapper.hdf into \design_1_wrapper_hw_platform_0\system.hdf.
04:17:31 INFO  : Synchronizing projects in the workspace with the hardware platform specification changes.
04:17:33 INFO  : 
04:17:34 INFO  : Updating hardware inferred compiler options for ZynqLab06.
04:17:34 INFO  : Clearing existing target manager status.
04:17:34 INFO  : Closing and re-opening the MSS file of ther project ZynqLab06_bsp
04:17:35 INFO  : Closing and re-opening the MSS file of ther project ZynqLab06_bsp
04:17:35 INFO  : Closing and re-opening the MSS file of ther project ZynqLab06_bsp
04:17:35 INFO  : Workspace synchronized with the new hardware specification file. Cleaning dependent projects...
04:17:38 WARN  : Linker script will not be updated automatically. Users need to update it manually.
04:19:36 INFO  : Connected to target on host '127.0.0.1' and port '3121'.
04:19:37 INFO  : Jtag cable 'Digilent Zybo Z7 210351B7AC1BA' is selected.
04:19:37 INFO  : 'jtag frequency' command is executed.
04:19:37 INFO  : Sourcing of 'E:/01_SoC/06_ZynqLab/ZynqLab06/ZynqLab06.sdk/design_1_wrapper_hw_platform_0/ps7_init.tcl' is done.
04:19:37 INFO  : Context for 'APU' is selected.
04:19:37 INFO  : System reset is completed.
04:19:40 INFO  : 'after 3000' command is executed.
04:19:40 INFO  : 'targets -set -filter {jtag_cable_name =~ "Digilent Zybo Z7 210351B7AC1BA" && level==0} -index 1' command is executed.
04:19:42 INFO  : FPGA configured successfully with bitstream "E:/01_SoC/06_ZynqLab/ZynqLab06/ZynqLab06.sdk/design_1_wrapper_hw_platform_0/design_1_wrapper.bit"
04:19:42 INFO  : Context for 'APU' is selected.
04:19:42 INFO  : Hardware design information is loaded from 'E:/01_SoC/06_ZynqLab/ZynqLab06/ZynqLab06.sdk/design_1_wrapper_hw_platform_0/system.hdf'.
04:19:42 INFO  : 'configparams force-mem-access 1' command is executed.
04:19:42 INFO  : Context for 'APU' is selected.
04:19:43 INFO  : 'ps7_init' command is executed.
04:19:43 INFO  : 'ps7_post_config' command is executed.
04:19:43 INFO  : Context for processor 'ps7_cortexa9_0' is selected.
04:19:43 INFO  : The application 'E:/01_SoC/06_ZynqLab/ZynqLab06/ZynqLab06.sdk/ZynqLab06/Debug/ZynqLab06.elf' is downloaded to processor 'ps7_cortexa9_0'.
04:19:43 INFO  : 'configparams force-mem-access 0' command is executed.
04:19:43 INFO  : ----------------XSDB Script----------------
connect -url tcp:127.0.0.1:3121
source E:/01_SoC/06_ZynqLab/ZynqLab06/ZynqLab06.sdk/design_1_wrapper_hw_platform_0/ps7_init.tcl
targets -set -nocase -filter {name =~"APU*" && jtag_cable_name =~ "Digilent Zybo Z7 210351B7AC1BA"} -index 0
rst -system
after 3000
targets -set -filter {jtag_cable_name =~ "Digilent Zybo Z7 210351B7AC1BA" && level==0} -index 1
fpga -file E:/01_SoC/06_ZynqLab/ZynqLab06/ZynqLab06.sdk/design_1_wrapper_hw_platform_0/design_1_wrapper.bit
targets -set -nocase -filter {name =~"APU*" && jtag_cable_name =~ "Digilent Zybo Z7 210351B7AC1BA"} -index 0
loadhw -hw E:/01_SoC/06_ZynqLab/ZynqLab06/ZynqLab06.sdk/design_1_wrapper_hw_platform_0/system.hdf -mem-ranges [list {0x40000000 0xbfffffff}]
configparams force-mem-access 1
targets -set -nocase -filter {name =~"APU*" && jtag_cable_name =~ "Digilent Zybo Z7 210351B7AC1BA"} -index 0
ps7_init
ps7_post_config
targets -set -nocase -filter {name =~ "ARM*#0" && jtag_cable_name =~ "Digilent Zybo Z7 210351B7AC1BA"} -index 0
dow E:/01_SoC/06_ZynqLab/ZynqLab06/ZynqLab06.sdk/ZynqLab06/Debug/ZynqLab06.elf
configparams force-mem-access 0
----------------End of Script----------------

04:19:43 INFO  : Context for processor 'ps7_cortexa9_0' is selected.
04:19:43 INFO  : 'con' command is executed.
04:19:43 INFO  : ----------------XSDB Script (After Launch)----------------
targets -set -nocase -filter {name =~ "ARM*#0" && jtag_cable_name =~ "Digilent Zybo Z7 210351B7AC1BA"} -index 0
con
----------------End of Script----------------

04:19:43 INFO  : Disconnected from the channel tcfchan#12.
04:20:22 INFO  : Connected to target on host '127.0.0.1' and port '3121'.
04:20:23 INFO  : Jtag cable 'Digilent Zybo Z7 210351B7AC1BA' is selected.
04:20:23 INFO  : 'jtag frequency' command is executed.
04:20:23 INFO  : Sourcing of 'E:/01_SoC/06_ZynqLab/ZynqLab06/ZynqLab06.sdk/design_1_wrapper_hw_platform_0/ps7_init.tcl' is done.
04:20:23 INFO  : Context for 'APU' is selected.
04:20:23 INFO  : System reset is completed.
04:20:26 INFO  : 'after 3000' command is executed.
04:20:26 INFO  : 'targets -set -filter {jtag_cable_name =~ "Digilent Zybo Z7 210351B7AC1BA" && level==0} -index 1' command is executed.
04:20:29 INFO  : FPGA configured successfully with bitstream "E:/01_SoC/06_ZynqLab/ZynqLab06/ZynqLab06.sdk/design_1_wrapper_hw_platform_0/design_1_wrapper.bit"
04:20:29 INFO  : Context for 'APU' is selected.
04:20:29 INFO  : Hardware design information is loaded from 'E:/01_SoC/06_ZynqLab/ZynqLab06/ZynqLab06.sdk/design_1_wrapper_hw_platform_0/system.hdf'.
04:20:29 INFO  : 'configparams force-mem-access 1' command is executed.
04:20:29 INFO  : Context for 'APU' is selected.
04:20:29 INFO  : 'ps7_init' command is executed.
04:20:29 INFO  : 'ps7_post_config' command is executed.
04:20:29 INFO  : Context for processor 'ps7_cortexa9_0' is selected.
04:20:29 INFO  : The application 'E:/01_SoC/06_ZynqLab/ZynqLab06/ZynqLab06.sdk/ZynqLab06/Debug/ZynqLab06.elf' is downloaded to processor 'ps7_cortexa9_0'.
04:20:29 INFO  : 'configparams force-mem-access 0' command is executed.
04:20:29 INFO  : ----------------XSDB Script----------------
connect -url tcp:127.0.0.1:3121
source E:/01_SoC/06_ZynqLab/ZynqLab06/ZynqLab06.sdk/design_1_wrapper_hw_platform_0/ps7_init.tcl
targets -set -nocase -filter {name =~"APU*" && jtag_cable_name =~ "Digilent Zybo Z7 210351B7AC1BA"} -index 0
rst -system
after 3000
targets -set -filter {jtag_cable_name =~ "Digilent Zybo Z7 210351B7AC1BA" && level==0} -index 1
fpga -file E:/01_SoC/06_ZynqLab/ZynqLab06/ZynqLab06.sdk/design_1_wrapper_hw_platform_0/design_1_wrapper.bit
targets -set -nocase -filter {name =~"APU*" && jtag_cable_name =~ "Digilent Zybo Z7 210351B7AC1BA"} -index 0
loadhw -hw E:/01_SoC/06_ZynqLab/ZynqLab06/ZynqLab06.sdk/design_1_wrapper_hw_platform_0/system.hdf -mem-ranges [list {0x40000000 0xbfffffff}]
configparams force-mem-access 1
targets -set -nocase -filter {name =~"APU*" && jtag_cable_name =~ "Digilent Zybo Z7 210351B7AC1BA"} -index 0
ps7_init
ps7_post_config
targets -set -nocase -filter {name =~ "ARM*#0" && jtag_cable_name =~ "Digilent Zybo Z7 210351B7AC1BA"} -index 0
dow E:/01_SoC/06_ZynqLab/ZynqLab06/ZynqLab06.sdk/ZynqLab06/Debug/ZynqLab06.elf
configparams force-mem-access 0
----------------End of Script----------------

04:20:29 INFO  : Context for processor 'ps7_cortexa9_0' is selected.
04:20:29 INFO  : 'con' command is executed.
04:20:29 INFO  : ----------------XSDB Script (After Launch)----------------
targets -set -nocase -filter {name =~ "ARM*#0" && jtag_cable_name =~ "Digilent Zybo Z7 210351B7AC1BA"} -index 0
con
----------------End of Script----------------

04:20:29 INFO  : Disconnected from the channel tcfchan#13.
04:21:00 INFO  : Connected to target on host '127.0.0.1' and port '3121'.
04:21:01 INFO  : Jtag cable 'Digilent Zybo Z7 210351B7AC1BA' is selected.
04:21:01 INFO  : 'jtag frequency' command is executed.
04:21:01 INFO  : Sourcing of 'E:/01_SoC/06_ZynqLab/ZynqLab06/ZynqLab06.sdk/design_1_wrapper_hw_platform_0/ps7_init.tcl' is done.
04:21:01 INFO  : Context for 'APU' is selected.
04:21:01 INFO  : System reset is completed.
04:21:04 INFO  : 'after 3000' command is executed.
04:21:04 INFO  : 'targets -set -filter {jtag_cable_name =~ "Digilent Zybo Z7 210351B7AC1BA" && level==0} -index 1' command is executed.
04:21:06 INFO  : FPGA configured successfully with bitstream "E:/01_SoC/06_ZynqLab/ZynqLab06/ZynqLab06.sdk/design_1_wrapper_hw_platform_0/design_1_wrapper.bit"
04:21:06 INFO  : Context for 'APU' is selected.
04:21:06 INFO  : Hardware design information is loaded from 'E:/01_SoC/06_ZynqLab/ZynqLab06/ZynqLab06.sdk/design_1_wrapper_hw_platform_0/system.hdf'.
04:21:06 INFO  : 'configparams force-mem-access 1' command is executed.
04:21:06 INFO  : Context for 'APU' is selected.
04:21:07 INFO  : 'ps7_init' command is executed.
04:21:07 INFO  : 'ps7_post_config' command is executed.
04:21:07 INFO  : Context for processor 'ps7_cortexa9_0' is selected.
04:21:07 INFO  : The application 'E:/01_SoC/06_ZynqLab/ZynqLab06/ZynqLab06.sdk/ZynqLab06/Debug/ZynqLab06.elf' is downloaded to processor 'ps7_cortexa9_0'.
04:21:07 INFO  : 'configparams force-mem-access 0' command is executed.
04:21:07 INFO  : ----------------XSDB Script----------------
connect -url tcp:127.0.0.1:3121
source E:/01_SoC/06_ZynqLab/ZynqLab06/ZynqLab06.sdk/design_1_wrapper_hw_platform_0/ps7_init.tcl
targets -set -nocase -filter {name =~"APU*" && jtag_cable_name =~ "Digilent Zybo Z7 210351B7AC1BA"} -index 0
rst -system
after 3000
targets -set -filter {jtag_cable_name =~ "Digilent Zybo Z7 210351B7AC1BA" && level==0} -index 1
fpga -file E:/01_SoC/06_ZynqLab/ZynqLab06/ZynqLab06.sdk/design_1_wrapper_hw_platform_0/design_1_wrapper.bit
targets -set -nocase -filter {name =~"APU*" && jtag_cable_name =~ "Digilent Zybo Z7 210351B7AC1BA"} -index 0
loadhw -hw E:/01_SoC/06_ZynqLab/ZynqLab06/ZynqLab06.sdk/design_1_wrapper_hw_platform_0/system.hdf -mem-ranges [list {0x40000000 0xbfffffff}]
configparams force-mem-access 1
targets -set -nocase -filter {name =~"APU*" && jtag_cable_name =~ "Digilent Zybo Z7 210351B7AC1BA"} -index 0
ps7_init
ps7_post_config
targets -set -nocase -filter {name =~ "ARM*#0" && jtag_cable_name =~ "Digilent Zybo Z7 210351B7AC1BA"} -index 0
dow E:/01_SoC/06_ZynqLab/ZynqLab06/ZynqLab06.sdk/ZynqLab06/Debug/ZynqLab06.elf
configparams force-mem-access 0
----------------End of Script----------------

04:21:07 INFO  : Context for processor 'ps7_cortexa9_0' is selected.
04:21:07 INFO  : 'con' command is executed.
04:21:07 INFO  : ----------------XSDB Script (After Launch)----------------
targets -set -nocase -filter {name =~ "ARM*#0" && jtag_cable_name =~ "Digilent Zybo Z7 210351B7AC1BA"} -index 0
con
----------------End of Script----------------

04:21:07 INFO  : Disconnected from the channel tcfchan#14.
