#-----------------------------------------------------------
# Vivado v2019.1 (64-bit)
# SW Build 2552052 on Fri May 24 14:49:42 MDT 2019
# IP Build 2548770 on Fri May 24 18:01:18 MDT 2019
# Start of session at: Sun Oct  6 16:30:39 2024
# Process ID: 8272
# Current directory: E:/SoC/03_Lab03/Lab03
# Command line: vivado.exe -gui_launcher_event rodinguilauncherevent6376 E:\SoC\03_Lab03\Lab03\Lab03.xpr
# Log file: E:/SoC/03_Lab03/Lab03/vivado.log
# Journal file: E:/SoC/03_Lab03/Lab03\vivado.jou
#-----------------------------------------------------------
start_gui
open_project E:/SoC/03_Lab03/Lab03/Lab03.xpr
Scanning sources...
Finished scanning sources
INFO: [IP_Flow 19-234] Refreshing IP repositories
INFO: [IP_Flow 19-1704] No user IP repositories specified
INFO: [IP_Flow 19-2313] Loaded Vivado IP repository 'C:/Xilinx/Vivado/2019.1/data/ip'.
update_compile_order -fileset sources_1
save_project_as Lab03_Advanced E:/SoC/03_Lab03/Lab03_Advanced -force
import_files
INFO: [filemgmt 20-334] All file(s) are already imported in fileset: 'constrs_1'
INFO: [filemgmt 20-348] Importing the appropriate files for fileset: 'constrs_1'
INFO: [filemgmt 20-348] Importing the appropriate files for fileset: 'sim_1'
INFO: [filemgmt 20-334] All file(s) are already imported in fileset: 'sources_1'
INFO: [filemgmt 20-348] Importing the appropriate files for fileset: 'sources_1'
exit
INFO: [Common 17-206] Exiting Vivado at Sun Oct  6 16:32:06 2024...
