#-----------------------------------------------------------
# Vivado v2019.1 (64-bit)
# SW Build 2552052 on Fri May 24 14:49:42 MDT 2019
# IP Build 2548770 on Fri May 24 18:01:18 MDT 2019
# Start of session at: Fri Oct  4 01:42:54 2024
# Process ID: 30000
# Current directory: E:/SoC/03_Lab03/Lab03
# Command line: vivado.exe -gui_launcher_event rodinguilauncherevent8844 E:\SoC\03_Lab03\Lab03\Lab03.xpr
# Log file: E:/SoC/03_Lab03/Lab03/vivado.log
# Journal file: E:/SoC/03_Lab03/Lab03\vivado.jou
#-----------------------------------------------------------
start_gui
open_project -part xc7z010iclg225-1L E:/SoC/03_Lab03/Lab03/Lab03.xpr
INFO: [Project 1-313] Project file moved from 'C:/Users/user/Lab03' since last save.
Scanning sources...
Finished scanning sources
INFO: [Project 1-573] Overriding 'synth_1' run's part, 'xc7k70tfbv676-1', with new part: 'xc7z010iclg225-1L'.
INFO: [Project 1-573] Overriding 'impl_1' run's part, 'xc7k70tfbv676-1', with new part: 'xc7z010iclg225-1L'.
INFO: [Project 1-563] Overriding project part, 'xc7k70tfbv676-1', with new part: 'xc7z010iclg225-1L'.
INFO: [IP_Flow 19-234] Refreshing IP repositories
INFO: [IP_Flow 19-1704] No user IP repositories specified
INFO: [IP_Flow 19-2313] Loaded Vivado IP repository 'C:/Xilinx/Vivado/2019.1/data/ip'.
update_compile_order -fileset sources_1
set_property board_part digilentinc.com:zybo-z7-20:part0:1.2 [current_project]
WARNING: [Project 1-153] The current project device 'xc7z010iclg225-1l' does not match with the device on the 'DIGILENTINC.COM:ZYBO-Z7-20:PART0:1.2' board part. A device change to match the device on 'DIGILENTINC.COM:ZYBO-Z7-20:PART0:1.2' board part is being done. Please upgrade the IP in the project via the upgrade_ip command or by selecting Reports => Reports IP Status.
INFO: [Project 1-152] Project part set to zynq (xc7z020clg400-1)
close [ open E:/SoC/03_Lab03/Lab03/Lab03.srcs/sources_1/new/Up_Counter.v w ]
add_files E:/SoC/03_Lab03/Lab03/Lab03.srcs/sources_1/new/Up_Counter.v
update_compile_order -fileset sources_1
export_ip_user_files -of_objects  [get_files E:/SoC/03_Lab03/Lab03/Lab03.srcs/sources_1/new/Up_Counter.v] -no_script -reset -force -quiet
remove_files  E:/SoC/03_Lab03/Lab03/Lab03.srcs/sources_1/new/Up_Counter.v
close [ open E:/SoC/03_Lab03/Lab03/Lab03.srcs/sources_1/new/up_counter.v w ]
add_files E:/SoC/03_Lab03/Lab03/Lab03.srcs/sources_1/new/up_counter.v
update_compile_order -fileset sources_1
WARNING: [filemgmt 56-199] Attempt to get parsing info during refresh. "On-the-fly" syntax checking information may be incorrect. [E:/SoC/03_Lab03/Lab03/Lab03.srcs/sources_1/new/TimerIP.v:]
WARNING: [filemgmt 56-199] Attempt to get parsing info during refresh. "On-the-fly" syntax checking information may be incorrect. [E:/SoC/03_Lab03/Lab03/Lab03.srcs/sources_1/new/up_counter.v:]
WARNING: [filemgmt 56-199] Attempt to get parsing info during refresh. "On-the-fly" syntax checking information may be incorrect. [E:/SoC/03_Lab03/Lab03/Lab03.srcs/sources_1/new/PWM_IP.v:]
WARNING: [filemgmt 56-199] Attempt to get parsing info during refresh. "On-the-fly" syntax checking information may be incorrect. [E:/SoC/03_Lab03/Lab03/Lab03.srcs/sources_1/new/Up_Counter.v:]
ERROR: [Common 17-180] Spawn failed: No error
WARNING: [filemgmt 56-199] Attempt to get parsing info during refresh. "On-the-fly" syntax checking information may be incorrect. [E:/SoC/03_Lab03/Lab03/Lab03.srcs/sources_1/new/TimerIP.v:]
WARNING: [filemgmt 56-199] Attempt to get parsing info during refresh. "On-the-fly" syntax checking information may be incorrect. [E:/SoC/03_Lab03/Lab03/Lab03.srcs/sources_1/new/up_counter.v:]
WARNING: [filemgmt 56-199] Attempt to get parsing info during refresh. "On-the-fly" syntax checking information may be incorrect. [E:/SoC/03_Lab03/Lab03/Lab03.srcs/sources_1/new/PWM_IP.v:]
WARNING: [filemgmt 56-199] Attempt to get parsing info during refresh. "On-the-fly" syntax checking information may be incorrect. [E:/SoC/03_Lab03/Lab03/Lab03.srcs/sources_1/new/Up_Counter.v:]
ERROR: [Common 17-180] Spawn failed: No error
WARNING: [filemgmt 56-199] Attempt to get parsing info during refresh. "On-the-fly" syntax checking information may be incorrect. [E:/SoC/03_Lab03/Lab03/Lab03.srcs/sources_1/new/TimerIP.v:]
WARNING: [filemgmt 56-199] Attempt to get parsing info during refresh. "On-the-fly" syntax checking information may be incorrect. [E:/SoC/03_Lab03/Lab03/Lab03.srcs/sources_1/new/up_counter.v:]
WARNING: [filemgmt 56-199] Attempt to get parsing info during refresh. "On-the-fly" syntax checking information may be incorrect. [E:/SoC/03_Lab03/Lab03/Lab03.srcs/sources_1/new/PWM_IP.v:]
WARNING: [filemgmt 56-199] Attempt to get parsing info during refresh. "On-the-fly" syntax checking information may be incorrect. [E:/SoC/03_Lab03/Lab03/Lab03.srcs/sources_1/new/Up_Counter.v:]
ERROR: [Common 17-180] Spawn failed: No error
WARNING: [filemgmt 56-199] Attempt to get parsing info during refresh. "On-the-fly" syntax checking information may be incorrect. [E:/SoC/03_Lab03/Lab03/Lab03.srcs/sources_1/new/TimerIP.v:]
WARNING: [filemgmt 56-199] Attempt to get parsing info during refresh. "On-the-fly" syntax checking information may be incorrect. [E:/SoC/03_Lab03/Lab03/Lab03.srcs/sources_1/new/up_counter.v:]
WARNING: [filemgmt 56-199] Attempt to get parsing info during refresh. "On-the-fly" syntax checking information may be incorrect. [E:/SoC/03_Lab03/Lab03/Lab03.srcs/sources_1/new/PWM_IP.v:]
WARNING: [filemgmt 56-199] Attempt to get parsing info during refresh. "On-the-fly" syntax checking information may be incorrect. [E:/SoC/03_Lab03/Lab03/Lab03.srcs/sources_1/new/Up_Counter.v:]
WARNING: [filemgmt 56-199] Attempt to get parsing info during refresh. "On-the-fly" syntax checking information may be incorrect. [E:/SoC/03_Lab03/Lab03/Lab03.srcs/sources_1/new/TimerIP.v:]
WARNING: [filemgmt 56-199] Attempt to get parsing info during refresh. "On-the-fly" syntax checking information may be incorrect. [E:/SoC/03_Lab03/Lab03/Lab03.srcs/sources_1/new/up_counter.v:]
WARNING: [filemgmt 56-199] Attempt to get parsing info during refresh. "On-the-fly" syntax checking information may be incorrect. [E:/SoC/03_Lab03/Lab03/Lab03.srcs/sources_1/new/PWM_IP.v:]
WARNING: [filemgmt 56-199] Attempt to get parsing info during refresh. "On-the-fly" syntax checking information may be incorrect. [E:/SoC/03_Lab03/Lab03/Lab03.srcs/sources_1/new/Up_Counter.v:]
ERROR: [Common 17-180] Spawn failed: No error
WARNING: [filemgmt 56-199] Attempt to get parsing info during refresh. "On-the-fly" syntax checking information may be incorrect. [E:/SoC/03_Lab03/Lab03/Lab03.srcs/sources_1/new/TimerIP.v:]
WARNING: [filemgmt 56-199] Attempt to get parsing info during refresh. "On-the-fly" syntax checking information may be incorrect. [E:/SoC/03_Lab03/Lab03/Lab03.srcs/sources_1/new/up_counter.v:]
WARNING: [filemgmt 56-199] Attempt to get parsing info during refresh. "On-the-fly" syntax checking information may be incorrect. [E:/SoC/03_Lab03/Lab03/Lab03.srcs/sources_1/new/PWM_IP.v:]
WARNING: [filemgmt 56-199] Attempt to get parsing info during refresh. "On-the-fly" syntax checking information may be incorrect. [E:/SoC/03_Lab03/Lab03/Lab03.srcs/sources_1/new/Up_Counter.v:]
ERROR: [Common 17-180] Spawn failed: No error
WARNING: [filemgmt 56-199] Attempt to get parsing info during refresh. "On-the-fly" syntax checking information may be incorrect. [E:/SoC/03_Lab03/Lab03/Lab03.srcs/sources_1/new/TimerIP.v:]
WARNING: [filemgmt 56-199] Attempt to get parsing info during refresh. "On-the-fly" syntax checking information may be incorrect. [E:/SoC/03_Lab03/Lab03/Lab03.srcs/sources_1/new/up_counter.v:]
WARNING: [filemgmt 56-199] Attempt to get parsing info during refresh. "On-the-fly" syntax checking information may be incorrect. [E:/SoC/03_Lab03/Lab03/Lab03.srcs/sources_1/new/PWM_IP.v:]
WARNING: [filemgmt 56-199] Attempt to get parsing info during refresh. "On-the-fly" syntax checking information may be incorrect. [E:/SoC/03_Lab03/Lab03/Lab03.srcs/sources_1/new/Up_Counter.v:]
ERROR: [Common 17-180] Spawn failed: No error
WARNING: [filemgmt 56-199] Attempt to get parsing info during refresh. "On-the-fly" syntax checking information may be incorrect. [E:/SoC/03_Lab03/Lab03/Lab03.srcs/sources_1/new/TimerIP.v:]
WARNING: [filemgmt 56-199] Attempt to get parsing info during refresh. "On-the-fly" syntax checking information may be incorrect. [E:/SoC/03_Lab03/Lab03/Lab03.srcs/sources_1/new/up_counter.v:]
WARNING: [filemgmt 56-199] Attempt to get parsing info during refresh. "On-the-fly" syntax checking information may be incorrect. [E:/SoC/03_Lab03/Lab03/Lab03.srcs/sources_1/new/PWM_IP.v:]
WARNING: [filemgmt 56-199] Attempt to get parsing info during refresh. "On-the-fly" syntax checking information may be incorrect. [E:/SoC/03_Lab03/Lab03/Lab03.srcs/sources_1/new/Up_Counter.v:]
ERROR: [Common 17-180] Spawn failed: No error
WARNING: [filemgmt 56-199] Attempt to get parsing info during refresh. "On-the-fly" syntax checking information may be incorrect. [E:/SoC/03_Lab03/Lab03/Lab03.srcs/sources_1/new/TimerIP.v:]
WARNING: [filemgmt 56-199] Attempt to get parsing info during refresh. "On-the-fly" syntax checking information may be incorrect. [E:/SoC/03_Lab03/Lab03/Lab03.srcs/sources_1/new/up_counter.v:]
WARNING: [filemgmt 56-199] Attempt to get parsing info during refresh. "On-the-fly" syntax checking information may be incorrect. [E:/SoC/03_Lab03/Lab03/Lab03.srcs/sources_1/new/PWM_IP.v:]
WARNING: [filemgmt 56-199] Attempt to get parsing info during refresh. "On-the-fly" syntax checking information may be incorrect. [E:/SoC/03_Lab03/Lab03/Lab03.srcs/sources_1/new/Up_Counter.v:]
ERROR: [Common 17-180] Spawn failed: No error
WARNING: [filemgmt 56-199] Attempt to get parsing info during refresh. "On-the-fly" syntax checking information may be incorrect. [E:/SoC/03_Lab03/Lab03/Lab03.srcs/sources_1/new/TimerIP.v:]
WARNING: [filemgmt 56-199] Attempt to get parsing info during refresh. "On-the-fly" syntax checking information may be incorrect. [E:/SoC/03_Lab03/Lab03/Lab03.srcs/sources_1/new/up_counter.v:]
WARNING: [filemgmt 56-199] Attempt to get parsing info during refresh. "On-the-fly" syntax checking information may be incorrect. [E:/SoC/03_Lab03/Lab03/Lab03.srcs/sources_1/new/PWM_IP.v:]
WARNING: [filemgmt 56-199] Attempt to get parsing info during refresh. "On-the-fly" syntax checking information may be incorrect. [E:/SoC/03_Lab03/Lab03/Lab03.srcs/sources_1/new/Up_Counter.v:]
ERROR: [Common 17-180] Spawn failed: No error
WARNING: [filemgmt 56-199] Attempt to get parsing info during refresh. "On-the-fly" syntax checking information may be incorrect. [E:/SoC/03_Lab03/Lab03/Lab03.srcs/sources_1/new/TimerIP.v:]
WARNING: [filemgmt 56-199] Attempt to get parsing info during refresh. "On-the-fly" syntax checking information may be incorrect. [E:/SoC/03_Lab03/Lab03/Lab03.srcs/sources_1/new/up_counter.v:]
WARNING: [filemgmt 56-199] Attempt to get parsing info during refresh. "On-the-fly" syntax checking information may be incorrect. [E:/SoC/03_Lab03/Lab03/Lab03.srcs/sources_1/new/PWM_IP.v:]
WARNING: [filemgmt 56-199] Attempt to get parsing info during refresh. "On-the-fly" syntax checking information may be incorrect. [E:/SoC/03_Lab03/Lab03/Lab03.srcs/sources_1/new/Up_Counter.v:]
ERROR: [Common 17-180] Spawn failed: No error
WARNING: [filemgmt 56-199] Attempt to get parsing info during refresh. "On-the-fly" syntax checking information may be incorrect. [E:/SoC/03_Lab03/Lab03/Lab03.srcs/sources_1/new/TimerIP.v:]
WARNING: [filemgmt 56-199] Attempt to get parsing info during refresh. "On-the-fly" syntax checking information may be incorrect. [E:/SoC/03_Lab03/Lab03/Lab03.srcs/sources_1/new/up_counter.v:]
WARNING: [filemgmt 56-199] Attempt to get parsing info during refresh. "On-the-fly" syntax checking information may be incorrect. [E:/SoC/03_Lab03/Lab03/Lab03.srcs/sources_1/new/PWM_IP.v:]
WARNING: [filemgmt 56-199] Attempt to get parsing info during refresh. "On-the-fly" syntax checking information may be incorrect. [E:/SoC/03_Lab03/Lab03/Lab03.srcs/sources_1/new/Up_Counter.v:]
ERROR: [Common 17-180] Spawn failed: No error
WARNING: [filemgmt 56-199] Attempt to get parsing info during refresh. "On-the-fly" syntax checking information may be incorrect. [E:/SoC/03_Lab03/Lab03/Lab03.srcs/sources_1/new/TimerIP.v:]
WARNING: [filemgmt 56-199] Attempt to get parsing info during refresh. "On-the-fly" syntax checking information may be incorrect. [E:/SoC/03_Lab03/Lab03/Lab03.srcs/sources_1/new/up_counter.v:]
WARNING: [filemgmt 56-199] Attempt to get parsing info during refresh. "On-the-fly" syntax checking information may be incorrect. [E:/SoC/03_Lab03/Lab03/Lab03.srcs/sources_1/new/PWM_IP.v:]
WARNING: [filemgmt 56-199] Attempt to get parsing info during refresh. "On-the-fly" syntax checking information may be incorrect. [E:/SoC/03_Lab03/Lab03/Lab03.srcs/sources_1/new/Up_Counter.v:]
ERROR: [Common 17-180] Spawn failed: No error
WARNING: [filemgmt 56-199] Attempt to get parsing info during refresh. "On-the-fly" syntax checking information may be incorrect. [E:/SoC/03_Lab03/Lab03/Lab03.srcs/sources_1/new/TimerIP.v:]
WARNING: [filemgmt 56-199] Attempt to get parsing info during refresh. "On-the-fly" syntax checking information may be incorrect. [E:/SoC/03_Lab03/Lab03/Lab03.srcs/sources_1/new/up_counter.v:]
WARNING: [filemgmt 56-199] Attempt to get parsing info during refresh. "On-the-fly" syntax checking information may be incorrect. [E:/SoC/03_Lab03/Lab03/Lab03.srcs/sources_1/new/PWM_IP.v:]
WARNING: [filemgmt 56-199] Attempt to get parsing info during refresh. "On-the-fly" syntax checking information may be incorrect. [E:/SoC/03_Lab03/Lab03/Lab03.srcs/sources_1/new/Up_Counter.v:]
ERROR: [Common 17-180] Spawn failed: No error
update_compile_order -fileset sources_1
add_files -norecurse -scan_for_includes E:/SoC/03_Lab03/Lab03/Lab03.srcs/sources_1/new/keypad.v
update_compile_order -fileset sources_1
close [ open E:/SoC/03_Lab03/Lab03/Lab03.srcs/sources_1/new/seven_segment_display.v w ]
add_files E:/SoC/03_Lab03/Lab03/Lab03.srcs/sources_1/new/seven_segment_display.v
update_compile_order -fileset sources_1
close [ open E:/SoC/03_Lab03/Lab03/Lab03.srcs/sources_1/new/top.v w ]
add_files E:/SoC/03_Lab03/Lab03/Lab03.srcs/sources_1/new/top.v
update_compile_order -fileset sources_1
update_compile_order -fileset sources_1
file mkdir E:/SoC/03_Lab03/Lab03/Lab03.srcs/constrs_1
file mkdir E:/SoC/03_Lab03/Lab03/Lab03.srcs/constrs_1/new
close [ open E:/SoC/03_Lab03/Lab03/Lab03.srcs/constrs_1/new/PWM.xdc w ]
add_files -fileset constrs_1 E:/SoC/03_Lab03/Lab03/Lab03.srcs/constrs_1/new/PWM.xdc
close [ open E:/SoC/03_Lab03/Lab03/Lab03.srcs/sources_1/new/edge_detector.v w ]
add_files E:/SoC/03_Lab03/Lab03/Lab03.srcs/sources_1/new/edge_detector.v
update_compile_order -fileset sources_1
update_compile_order -fileset sources_1
launch_runs synth_1 -jobs 12
[Fri Oct  4 03:22:24 2024] Launched synth_1...
Run output will be captured here: E:/SoC/03_Lab03/Lab03/Lab03.runs/synth_1/runme.log
reset_run synth_1
launch_runs synth_1 -jobs 12
[Fri Oct  4 03:23:15 2024] Launched synth_1...
Run output will be captured here: E:/SoC/03_Lab03/Lab03/Lab03.runs/synth_1/runme.log
launch_runs impl_1 -jobs 12
[Fri Oct  4 03:23:42 2024] Launched impl_1...
Run output will be captured here: E:/SoC/03_Lab03/Lab03/Lab03.runs/impl_1/runme.log
open_run impl_1
INFO: [Device 21-403] Loading part xc7z020clg400-1
INFO: [Netlist 29-17] Analyzing 4 Unisim elements for replacement
INFO: [Netlist 29-28] Unisim Transformation completed in 0 CPU seconds
INFO: [Project 1-479] Netlist was created with Vivado 2019.1
INFO: [Project 1-570] Preparing netlist for logic optimization
INFO: [Timing 38-478] Restoring timing data from binary archive.
INFO: [Timing 38-479] Binary timing data restore complete.
INFO: [Project 1-856] Restoring constraints from binary archive.
INFO: [Project 1-853] Binary constraint restore complete.
Reading XDEF placement.
Reading placer database...
Reading XDEF routing.
Read XDEF File: Time (s): cpu = 00:00:00 ; elapsed = 00:00:00.030 . Memory (MB): peak = 1799.316 ; gain = 0.000
Restored from archive | CPU: 0.000000 secs | Memory: 0.000000 MB |
Finished XDEF File Restore: Time (s): cpu = 00:00:00 ; elapsed = 00:00:00.030 . Memory (MB): peak = 1799.316 ; gain = 0.000
Netlist sorting complete. Time (s): cpu = 00:00:00 ; elapsed = 00:00:00 . Memory (MB): peak = 1799.316 ; gain = 0.000
INFO: [Project 1-111] Unisim Transformation Summary:
No Unisim elements were transformed.

open_run: Time (s): cpu = 00:00:13 ; elapsed = 00:00:11 . Memory (MB): peak = 1978.168 ; gain = 933.785
WARNING: [Timing 38-313] There are no user specified timing constraints. Timing constraints are needed for proper timing analysis.
reset_run synth_1
launch_runs impl_1 -to_step write_bitstream -jobs 12
[Fri Oct  4 03:25:50 2024] Launched synth_1...
Run output will be captured here: E:/SoC/03_Lab03/Lab03/Lab03.runs/synth_1/runme.log
[Fri Oct  4 03:25:50 2024] Launched impl_1...
Run output will be captured here: E:/SoC/03_Lab03/Lab03/Lab03.runs/impl_1/runme.log
reset_run synth_1
launch_runs impl_1 -to_step write_bitstream -jobs 12
[Fri Oct  4 03:28:50 2024] Launched synth_1...
Run output will be captured here: E:/SoC/03_Lab03/Lab03/Lab03.runs/synth_1/runme.log
[Fri Oct  4 03:28:50 2024] Launched impl_1...
Run output will be captured here: E:/SoC/03_Lab03/Lab03/Lab03.runs/impl_1/runme.log
open_hw
connect_hw_server
INFO: [Labtools 27-2285] Connecting to hw_server url TCP:localhost:3121
INFO: [Labtools 27-2222] Launching hw_server...
INFO: [Labtools 27-2221] Launch Output:

****** Xilinx hw_server v2019.1
  **** Build date : May 24 2019 at 15:13:31
    ** Copyright 1986-2019 Xilinx, Inc. All Rights Reserved.


connect_hw_server: Time (s): cpu = 00:00:01 ; elapsed = 00:00:06 . Memory (MB): peak = 4154.035 ; gain = 0.000
open_hw_target
INFO: [Labtoolstcl 44-466] Opening hw_target localhost:3121/xilinx_tcf/Digilent/210351BA1F56A
open_hw_target: Time (s): cpu = 00:00:02 ; elapsed = 00:00:07 . Memory (MB): peak = 4154.035 ; gain = 0.000
set_property PROGRAM.FILE {E:/SoC/03_Lab03/Lab03/Lab03.runs/impl_1/top.bit} [get_hw_devices xc7z020_1]
current_hw_device [get_hw_devices xc7z020_1]
refresh_hw_device -update_hw_probes false [lindex [get_hw_devices xc7z020_1] 0]
INFO: [Labtools 27-1434] Device xc7z020 (JTAG device index = 1) is programmed with a design that has no supported debug core(s) in it.
set_property PROBES.FILE {} [get_hw_devices xc7z020_1]
set_property FULL_PROBES.FILE {} [get_hw_devices xc7z020_1]
set_property PROGRAM.FILE {E:/SoC/03_Lab03/Lab03/Lab03.runs/impl_1/top.bit} [get_hw_devices xc7z020_1]
program_hw_devices [get_hw_devices xc7z020_1]
INFO: [Labtools 27-3164] End of startup status: HIGH
refresh_hw_device [lindex [get_hw_devices xc7z020_1] 0]
INFO: [Labtools 27-1434] Device xc7z020 (JTAG device index = 1) is programmed with a design that has no supported debug core(s) in it.
close_hw
close_design
export_ip_user_files -of_objects  [get_files E:/SoC/03_Lab03/Lab03/Lab03.srcs/sources_1/new/top.v] -no_script -reset -force -quiet
remove_files  E:/SoC/03_Lab03/Lab03/Lab03.srcs/sources_1/new/top.v
export_ip_user_files -of_objects  [get_files E:/SoC/03_Lab03/Lab03/Lab03.srcs/sources_1/new/keypad.v] -no_script -reset -force -quiet
remove_files  E:/SoC/03_Lab03/Lab03/Lab03.srcs/sources_1/new/keypad.v
export_ip_user_files -of_objects  [get_files E:/SoC/03_Lab03/Lab03/Lab03.srcs/sources_1/new/seven_segment_display.v] -no_script -reset -force -quiet
remove_files  E:/SoC/03_Lab03/Lab03/Lab03.srcs/sources_1/new/seven_segment_display.v
update_compile_order -fileset sources_1
update_compile_order -fileset sources_1
save_project_as PWM_LED_test E:/SoC/03_Lab03/PWM_LED_test -force
import_files
INFO: [filemgmt 20-334] All file(s) are already imported in fileset: 'constrs_1'
INFO: [filemgmt 20-348] Importing the appropriate files for fileset: 'constrs_1'
INFO: [filemgmt 20-348] Importing the appropriate files for fileset: 'sim_1'
INFO: [filemgmt 20-334] All file(s) are already imported in fileset: 'sources_1'
INFO: [filemgmt 20-348] Importing the appropriate files for fileset: 'sources_1'
update_compile_order -fileset sources_1
export_ip_user_files -of_objects  [get_files E:/SoC/03_Lab03/PWM_LED_test/PWM_LED_test.srcs/sources_1/new/AddrDec.v] -no_script -reset -force -quiet
remove_files  E:/SoC/03_Lab03/PWM_LED_test/PWM_LED_test.srcs/sources_1/new/AddrDec.v
export_ip_user_files -of_objects  [get_files E:/SoC/03_Lab03/PWM_LED_test/PWM_LED_test.srcs/sources_1/new/TimerIP.v] -no_script -reset -force -quiet
remove_files  E:/SoC/03_Lab03/PWM_LED_test/PWM_LED_test.srcs/sources_1/new/TimerIP.v
export_ip_user_files -of_objects  [get_files E:/SoC/03_Lab03/PWM_LED_test/PWM_LED_test.srcs/sources_1/new/up_counter.v] -no_script -reset -force -quiet
remove_files  E:/SoC/03_Lab03/PWM_LED_test/PWM_LED_test.srcs/sources_1/new/up_counter.v
export_ip_user_files -of_objects  [get_files E:/SoC/03_Lab03/PWM_LED_test/PWM_LED_test.srcs/sources_1/new/edge_detector.v] -no_script -reset -force -quiet
remove_files  E:/SoC/03_Lab03/PWM_LED_test/PWM_LED_test.srcs/sources_1/new/edge_detector.v
reset_run synth_1
launch_runs impl_1 -to_step write_bitstream -jobs 12
[Fri Oct  4 03:42:09 2024] Launched synth_1...
Run output will be captured here: E:/SoC/03_Lab03/PWM_LED_test/PWM_LED_test.runs/synth_1/runme.log
[Fri Oct  4 03:42:09 2024] Launched impl_1...
Run output will be captured here: E:/SoC/03_Lab03/PWM_LED_test/PWM_LED_test.runs/impl_1/runme.log
reset_run synth_1
launch_runs impl_1 -to_step write_bitstream -jobs 12
[Fri Oct  4 03:44:40 2024] Launched synth_1...
Run output will be captured here: E:/SoC/03_Lab03/PWM_LED_test/PWM_LED_test.runs/synth_1/runme.log
[Fri Oct  4 03:44:41 2024] Launched impl_1...
Run output will be captured here: E:/SoC/03_Lab03/PWM_LED_test/PWM_LED_test.runs/impl_1/runme.log
reset_run synth_1
launch_runs impl_1 -to_step write_bitstream -jobs 12
[Fri Oct  4 03:47:59 2024] Launched synth_1...
Run output will be captured here: E:/SoC/03_Lab03/PWM_LED_test/PWM_LED_test.runs/synth_1/runme.log
[Fri Oct  4 03:47:59 2024] Launched impl_1...
Run output will be captured here: E:/SoC/03_Lab03/PWM_LED_test/PWM_LED_test.runs/impl_1/runme.log
open_hw
connect_hw_server
INFO: [Labtools 27-2285] Connecting to hw_server url TCP:localhost:3121
INFO: [Labtools 27-2222] Launching hw_server...
INFO: [Labtools 27-2221] Launch Output:

****** Xilinx hw_server v2019.1
  **** Build date : May 24 2019 at 15:13:31
    ** Copyright 1986-2019 Xilinx, Inc. All Rights Reserved.


connect_hw_server: Time (s): cpu = 00:00:00 ; elapsed = 00:00:06 . Memory (MB): peak = 5000.305 ; gain = 0.000
open_hw_target
INFO: [Labtoolstcl 44-466] Opening hw_target localhost:3121/xilinx_tcf/Digilent/210351BA1F56A
set_property PROGRAM.FILE {E:/SoC/03_Lab03/PWM_LED_test/PWM_LED_test.runs/impl_1/PWM_LED.bit} [get_hw_devices xc7z020_1]
current_hw_device [get_hw_devices xc7z020_1]
refresh_hw_device -update_hw_probes false [lindex [get_hw_devices xc7z020_1] 0]
INFO: [Labtools 27-1434] Device xc7z020 (JTAG device index = 1) is programmed with a design that has no supported debug core(s) in it.
ERROR: [Labtoolstcl 44-513] HW Target shutdown. Closing target: localhost:3121/xilinx_tcf/Digilent/210351BA1F56A
INFO: [Labtoolstcl 44-466] Opening hw_target localhost:3121/xilinx_tcf/Digilent/210351BA1F56A
WARNING: [Labtoolstcl 44-129] No matching hw_ila_data was found.
INFO: [Labtools 27-1434] Device xc7z020 (JTAG device index = 1) is programmed with a design that has no supported debug core(s) in it.
WARNING: [Labtoolstcl 44-129] No matching hw_ila_data was found.
set_property PROBES.FILE {} [get_hw_devices xc7z020_1]
set_property FULL_PROBES.FILE {} [get_hw_devices xc7z020_1]
set_property PROGRAM.FILE {E:/SoC/03_Lab03/PWM_LED_test/PWM_LED_test.runs/impl_1/PWM_LED.bit} [get_hw_devices xc7z020_1]
program_hw_devices [get_hw_devices xc7z020_1]
INFO: [Labtools 27-3164] End of startup status: HIGH
refresh_hw_device [lindex [get_hw_devices xc7z020_1] 0]
INFO: [Labtools 27-1434] Device xc7z020 (JTAG device index = 1) is programmed with a design that has no supported debug core(s) in it.
set_property PROBES.FILE {} [get_hw_devices xc7z020_1]
set_property FULL_PROBES.FILE {} [get_hw_devices xc7z020_1]
set_property PROGRAM.FILE {E:/SoC/03_Lab03/PWM_LED_test/PWM_LED_test.runs/impl_1/PWM_LED.bit} [get_hw_devices xc7z020_1]
program_hw_devices [get_hw_devices xc7z020_1]
INFO: [Labtools 27-3164] End of startup status: HIGH
refresh_hw_device [lindex [get_hw_devices xc7z020_1] 0]
INFO: [Labtools 27-1434] Device xc7z020 (JTAG device index = 1) is programmed with a design that has no supported debug core(s) in it.
close_hw
close [ open E:/SoC/03_Lab03/PWM_LED_test/PWM_LED_test.srcs/sources_1/new/PWM_12bit_LED.v w ]
add_files E:/SoC/03_Lab03/PWM_LED_test/PWM_LED_test.srcs/sources_1/new/PWM_12bit_LED.v
update_compile_order -fileset sources_1
set_property top PWM_12bit_LED [current_fileset]
update_compile_order -fileset sources_1
reset_run synth_1
launch_runs impl_1 -to_step write_bitstream -jobs 12
[Fri Oct  4 04:08:34 2024] Launched synth_1...
Run output will be captured here: E:/SoC/03_Lab03/PWM_LED_test/PWM_LED_test.runs/synth_1/runme.log
[Fri Oct  4 04:08:34 2024] Launched impl_1...
Run output will be captured here: E:/SoC/03_Lab03/PWM_LED_test/PWM_LED_test.runs/impl_1/runme.log
open_hw
connect_hw_server
INFO: [Labtools 27-2285] Connecting to hw_server url TCP:localhost:3121
INFO: [Labtools 27-2222] Launching hw_server...
INFO: [Labtools 27-2221] Launch Output:

****** Xilinx hw_server v2019.1
  **** Build date : May 24 2019 at 15:13:31
    ** Copyright 1986-2019 Xilinx, Inc. All Rights Reserved.


open_hw_target
INFO: [Labtoolstcl 44-466] Opening hw_target localhost:3121/xilinx_tcf/Digilent/210351BA1F56A
set_property PROGRAM.FILE {E:/SoC/03_Lab03/PWM_LED_test/PWM_LED_test.runs/impl_1/PWM_12bit_LED.bit} [get_hw_devices xc7z020_1]
current_hw_device [get_hw_devices xc7z020_1]
refresh_hw_device -update_hw_probes false [lindex [get_hw_devices xc7z020_1] 0]
INFO: [Labtools 27-1434] Device xc7z020 (JTAG device index = 1) is programmed with a design that has no supported debug core(s) in it.
set_property PROBES.FILE {} [get_hw_devices xc7z020_1]
set_property FULL_PROBES.FILE {} [get_hw_devices xc7z020_1]
set_property PROGRAM.FILE {E:/SoC/03_Lab03/PWM_LED_test/PWM_LED_test.runs/impl_1/PWM_12bit_LED.bit} [get_hw_devices xc7z020_1]
program_hw_devices [get_hw_devices xc7z020_1]
INFO: [Labtools 27-3164] End of startup status: HIGH
refresh_hw_device [lindex [get_hw_devices xc7z020_1] 0]
INFO: [Labtools 27-1434] Device xc7z020 (JTAG device index = 1) is programmed with a design that has no supported debug core(s) in it.
exit
INFO: [Common 17-206] Exiting Vivado at Fri Oct  4 04:12:48 2024...
