02:51:42 INFO  : Registering command handlers for SDK TCF services
02:51:43 INFO  : Launching XSCT server: xsct.bat -interactive E:\01_SoC\ZynqLab04\ZynqLab04.sdk\temp_xsdb_launch_script.tcl
02:51:46 INFO  : XSCT server has started successfully.
02:51:48 INFO  : Successfully done setting XSCT server connection channel  
02:51:48 INFO  : Successfully done setting SDK workspace  
02:51:48 INFO  : Processing command line option -hwspec E:/01_SoC/ZynqLab04/ZynqLab04.sdk/design_1_wrapper.hdf.
02:53:22 INFO  : Launching XSCT server: xsct.bat -interactive E:\01_SoC\ZynqLab04\ZynqLab04.sdk\temp_xsdb_launch_script.tcl
02:53:24 INFO  : XSCT server has started successfully.
02:53:24 INFO  : Successfully done setting XSCT server connection channel  
02:53:24 INFO  : Successfully done setting SDK workspace  
02:53:28 INFO  : Registering command handlers for SDK TCF services
02:53:28 INFO  : Processing command line option -hwspec E:/01_SoC/ZynqLab04/ZynqLab04.sdk/design_1_wrapper.hdf.
02:53:29 INFO  : Checking for hwspec changes in the project design_1_wrapper_hw_platform_0.
02:56:27 INFO  : Connected to target on host '127.0.0.1' and port '3121'.
02:56:27 INFO  : Jtag cable 'Digilent Zybo Z7 210351B7AC1BA' is selected.
02:56:27 INFO  : 'jtag frequency' command is executed.
02:56:27 INFO  : Sourcing of 'E:/01_SoC/ZynqLab04/ZynqLab04.sdk/design_1_wrapper_hw_platform_0/ps7_init.tcl' is done.
02:56:28 INFO  : Context for 'APU' is selected.
02:56:28 INFO  : System reset is completed.
02:56:31 INFO  : 'after 3000' command is executed.
02:56:31 INFO  : 'targets -set -filter {jtag_cable_name =~ "Digilent Zybo Z7 210351B7AC1BA" && level==0} -index 1' command is executed.
02:56:33 INFO  : FPGA configured successfully with bitstream "E:/01_SoC/ZynqLab04/ZynqLab04.sdk/design_1_wrapper_hw_platform_0/design_1_wrapper.bit"
02:56:33 INFO  : Context for 'APU' is selected.
02:56:33 INFO  : Hardware design information is loaded from 'E:/01_SoC/ZynqLab04/ZynqLab04.sdk/design_1_wrapper_hw_platform_0/system.hdf'.
02:56:33 INFO  : 'configparams force-mem-access 1' command is executed.
02:56:33 INFO  : Context for 'APU' is selected.
02:56:33 INFO  : 'ps7_init' command is executed.
02:56:33 INFO  : 'ps7_post_config' command is executed.
02:56:33 INFO  : Context for processor 'ps7_cortexa9_0' is selected.
02:56:34 INFO  : The application 'E:/01_SoC/ZynqLab04/ZynqLab04.sdk/ZynqLab04/Debug/ZynqLab04.elf' is downloaded to processor 'ps7_cortexa9_0'.
02:56:34 INFO  : 'configparams force-mem-access 0' command is executed.
02:56:34 INFO  : ----------------XSDB Script----------------
connect -url tcp:127.0.0.1:3121
source E:/01_SoC/ZynqLab04/ZynqLab04.sdk/design_1_wrapper_hw_platform_0/ps7_init.tcl
targets -set -nocase -filter {name =~"APU*" && jtag_cable_name =~ "Digilent Zybo Z7 210351B7AC1BA"} -index 0
rst -system
after 3000
targets -set -filter {jtag_cable_name =~ "Digilent Zybo Z7 210351B7AC1BA" && level==0} -index 1
fpga -file E:/01_SoC/ZynqLab04/ZynqLab04.sdk/design_1_wrapper_hw_platform_0/design_1_wrapper.bit
targets -set -nocase -filter {name =~"APU*" && jtag_cable_name =~ "Digilent Zybo Z7 210351B7AC1BA"} -index 0
loadhw -hw E:/01_SoC/ZynqLab04/ZynqLab04.sdk/design_1_wrapper_hw_platform_0/system.hdf -mem-ranges [list {0x40000000 0xbfffffff}]
configparams force-mem-access 1
targets -set -nocase -filter {name =~"APU*" && jtag_cable_name =~ "Digilent Zybo Z7 210351B7AC1BA"} -index 0
ps7_init
ps7_post_config
targets -set -nocase -filter {name =~ "ARM*#0" && jtag_cable_name =~ "Digilent Zybo Z7 210351B7AC1BA"} -index 0
dow E:/01_SoC/ZynqLab04/ZynqLab04.sdk/ZynqLab04/Debug/ZynqLab04.elf
configparams force-mem-access 0
----------------End of Script----------------

02:56:34 INFO  : Memory regions updated for context APU
02:56:34 INFO  : Context for processor 'ps7_cortexa9_0' is selected.
02:56:34 INFO  : 'con' command is executed.
02:56:34 INFO  : ----------------XSDB Script (After Launch)----------------
targets -set -nocase -filter {name =~ "ARM*#0" && jtag_cable_name =~ "Digilent Zybo Z7 210351B7AC1BA"} -index 0
con
----------------End of Script----------------

02:56:34 INFO  : Launch script is exported to file 'E:\01_SoC\ZynqLab04\ZynqLab04.sdk\.sdk\launch_scripts\xilinx_c-c++_application_(system_debugger)\system_debugger_using_debug_zynqlab04.elf_on_local.tcl'
02:57:42 INFO  : Disconnected from the channel tcfchan#1.
02:57:43 INFO  : Connected to target on host '127.0.0.1' and port '3121'.
02:57:43 INFO  : Jtag cable 'Digilent Zybo Z7 210351B7AC1BA' is selected.
02:57:43 INFO  : 'jtag frequency' command is executed.
02:57:43 INFO  : Sourcing of 'E:/01_SoC/ZynqLab04/ZynqLab04.sdk/design_1_wrapper_hw_platform_0/ps7_init.tcl' is done.
02:57:43 INFO  : Context for 'APU' is selected.
02:57:43 INFO  : System reset is completed.
02:57:46 INFO  : 'after 3000' command is executed.
02:57:47 INFO  : 'targets -set -filter {jtag_cable_name =~ "Digilent Zybo Z7 210351B7AC1BA" && level==0} -index 1' command is executed.
02:57:49 INFO  : FPGA configured successfully with bitstream "E:/01_SoC/ZynqLab04/ZynqLab04.sdk/design_1_wrapper_hw_platform_0/design_1_wrapper.bit"
02:57:49 INFO  : Context for 'APU' is selected.
02:57:50 INFO  : Hardware design information is loaded from 'E:/01_SoC/ZynqLab04/ZynqLab04.sdk/design_1_wrapper_hw_platform_0/system.hdf'.
02:57:50 INFO  : 'configparams force-mem-access 1' command is executed.
02:57:50 INFO  : Context for 'APU' is selected.
02:57:50 INFO  : 'ps7_init' command is executed.
02:57:50 INFO  : 'ps7_post_config' command is executed.
02:57:50 INFO  : Context for processor 'ps7_cortexa9_0' is selected.
02:57:50 INFO  : The application 'E:/01_SoC/ZynqLab04/ZynqLab04.sdk/ZynqLab04/Debug/ZynqLab04.elf' is downloaded to processor 'ps7_cortexa9_0'.
02:57:50 INFO  : 'configparams force-mem-access 0' command is executed.
02:57:50 INFO  : ----------------XSDB Script----------------
connect -url tcp:127.0.0.1:3121
source E:/01_SoC/ZynqLab04/ZynqLab04.sdk/design_1_wrapper_hw_platform_0/ps7_init.tcl
targets -set -nocase -filter {name =~"APU*" && jtag_cable_name =~ "Digilent Zybo Z7 210351B7AC1BA"} -index 0
rst -system
after 3000
targets -set -filter {jtag_cable_name =~ "Digilent Zybo Z7 210351B7AC1BA" && level==0} -index 1
fpga -file E:/01_SoC/ZynqLab04/ZynqLab04.sdk/design_1_wrapper_hw_platform_0/design_1_wrapper.bit
targets -set -nocase -filter {name =~"APU*" && jtag_cable_name =~ "Digilent Zybo Z7 210351B7AC1BA"} -index 0
loadhw -hw E:/01_SoC/ZynqLab04/ZynqLab04.sdk/design_1_wrapper_hw_platform_0/system.hdf -mem-ranges [list {0x40000000 0xbfffffff}]
configparams force-mem-access 1
targets -set -nocase -filter {name =~"APU*" && jtag_cable_name =~ "Digilent Zybo Z7 210351B7AC1BA"} -index 0
ps7_init
ps7_post_config
targets -set -nocase -filter {name =~ "ARM*#0" && jtag_cable_name =~ "Digilent Zybo Z7 210351B7AC1BA"} -index 0
dow E:/01_SoC/ZynqLab04/ZynqLab04.sdk/ZynqLab04/Debug/ZynqLab04.elf
configparams force-mem-access 0
----------------End of Script----------------

02:57:50 INFO  : Memory regions updated for context APU
02:57:50 INFO  : Context for processor 'ps7_cortexa9_0' is selected.
02:57:50 INFO  : 'con' command is executed.
02:57:50 INFO  : ----------------XSDB Script (After Launch)----------------
targets -set -nocase -filter {name =~ "ARM*#0" && jtag_cable_name =~ "Digilent Zybo Z7 210351B7AC1BA"} -index 0
con
----------------End of Script----------------

02:57:50 INFO  : Launch script is exported to file 'E:\01_SoC\ZynqLab04\ZynqLab04.sdk\.sdk\launch_scripts\xilinx_c-c++_application_(system_debugger)\system_debugger_using_debug_zynqlab04.elf_on_local.tcl'
02:58:37 INFO  : Disconnected from the channel tcfchan#2.
02:58:38 INFO  : Connected to target on host '127.0.0.1' and port '3121'.
02:58:38 INFO  : Jtag cable 'Digilent Zybo Z7 210351B7AC1BA' is selected.
02:58:38 INFO  : 'jtag frequency' command is executed.
02:58:38 INFO  : Sourcing of 'E:/01_SoC/ZynqLab04/ZynqLab04.sdk/design_1_wrapper_hw_platform_0/ps7_init.tcl' is done.
02:58:38 INFO  : Context for 'APU' is selected.
02:58:38 INFO  : System reset is completed.
02:58:41 INFO  : 'after 3000' command is executed.
02:58:41 INFO  : 'targets -set -filter {jtag_cable_name =~ "Digilent Zybo Z7 210351B7AC1BA" && level==0} -index 1' command is executed.
02:58:43 INFO  : FPGA configured successfully with bitstream "E:/01_SoC/ZynqLab04/ZynqLab04.sdk/design_1_wrapper_hw_platform_0/design_1_wrapper.bit"
02:58:43 INFO  : Context for 'APU' is selected.
02:58:44 INFO  : Hardware design information is loaded from 'E:/01_SoC/ZynqLab04/ZynqLab04.sdk/design_1_wrapper_hw_platform_0/system.hdf'.
02:58:44 INFO  : 'configparams force-mem-access 1' command is executed.
02:58:44 INFO  : Context for 'APU' is selected.
02:58:44 INFO  : 'ps7_init' command is executed.
02:58:44 INFO  : 'ps7_post_config' command is executed.
02:58:44 INFO  : Context for processor 'ps7_cortexa9_0' is selected.
02:58:45 INFO  : The application 'E:/01_SoC/ZynqLab04/ZynqLab04.sdk/ZynqLab04/Debug/ZynqLab04.elf' is downloaded to processor 'ps7_cortexa9_0'.
02:58:45 INFO  : 'configparams force-mem-access 0' command is executed.
02:58:45 INFO  : ----------------XSDB Script----------------
connect -url tcp:127.0.0.1:3121
source E:/01_SoC/ZynqLab04/ZynqLab04.sdk/design_1_wrapper_hw_platform_0/ps7_init.tcl
targets -set -nocase -filter {name =~"APU*" && jtag_cable_name =~ "Digilent Zybo Z7 210351B7AC1BA"} -index 0
rst -system
after 3000
targets -set -filter {jtag_cable_name =~ "Digilent Zybo Z7 210351B7AC1BA" && level==0} -index 1
fpga -file E:/01_SoC/ZynqLab04/ZynqLab04.sdk/design_1_wrapper_hw_platform_0/design_1_wrapper.bit
targets -set -nocase -filter {name =~"APU*" && jtag_cable_name =~ "Digilent Zybo Z7 210351B7AC1BA"} -index 0
loadhw -hw E:/01_SoC/ZynqLab04/ZynqLab04.sdk/design_1_wrapper_hw_platform_0/system.hdf -mem-ranges [list {0x40000000 0xbfffffff}]
configparams force-mem-access 1
targets -set -nocase -filter {name =~"APU*" && jtag_cable_name =~ "Digilent Zybo Z7 210351B7AC1BA"} -index 0
ps7_init
ps7_post_config
targets -set -nocase -filter {name =~ "ARM*#0" && jtag_cable_name =~ "Digilent Zybo Z7 210351B7AC1BA"} -index 0
dow E:/01_SoC/ZynqLab04/ZynqLab04.sdk/ZynqLab04/Debug/ZynqLab04.elf
configparams force-mem-access 0
----------------End of Script----------------

02:58:45 INFO  : Memory regions updated for context APU
02:58:45 INFO  : Context for processor 'ps7_cortexa9_0' is selected.
02:58:45 INFO  : 'con' command is executed.
02:58:45 INFO  : ----------------XSDB Script (After Launch)----------------
targets -set -nocase -filter {name =~ "ARM*#0" && jtag_cable_name =~ "Digilent Zybo Z7 210351B7AC1BA"} -index 0
con
----------------End of Script----------------

02:58:45 INFO  : Launch script is exported to file 'E:\01_SoC\ZynqLab04\ZynqLab04.sdk\.sdk\launch_scripts\xilinx_c-c++_application_(system_debugger)\system_debugger_using_debug_zynqlab04.elf_on_local.tcl'
02:58:55 INFO  : Disconnected from the channel tcfchan#3.
02:58:56 INFO  : Connected to target on host '127.0.0.1' and port '3121'.
02:58:56 INFO  : Jtag cable 'Digilent Zybo Z7 210351B7AC1BA' is selected.
02:58:56 INFO  : 'jtag frequency' command is executed.
02:58:56 INFO  : Sourcing of 'E:/01_SoC/ZynqLab04/ZynqLab04.sdk/design_1_wrapper_hw_platform_0/ps7_init.tcl' is done.
02:58:56 INFO  : Context for 'APU' is selected.
02:58:56 INFO  : System reset is completed.
02:58:59 INFO  : 'after 3000' command is executed.
02:58:59 INFO  : 'targets -set -filter {jtag_cable_name =~ "Digilent Zybo Z7 210351B7AC1BA" && level==0} -index 1' command is executed.
02:59:02 INFO  : FPGA configured successfully with bitstream "E:/01_SoC/ZynqLab04/ZynqLab04.sdk/design_1_wrapper_hw_platform_0/design_1_wrapper.bit"
02:59:02 INFO  : Context for 'APU' is selected.
02:59:03 INFO  : Hardware design information is loaded from 'E:/01_SoC/ZynqLab04/ZynqLab04.sdk/design_1_wrapper_hw_platform_0/system.hdf'.
02:59:03 INFO  : 'configparams force-mem-access 1' command is executed.
02:59:03 INFO  : Context for 'APU' is selected.
02:59:03 INFO  : 'ps7_init' command is executed.
02:59:03 INFO  : 'ps7_post_config' command is executed.
02:59:03 INFO  : Context for processor 'ps7_cortexa9_0' is selected.
02:59:03 INFO  : The application 'E:/01_SoC/ZynqLab04/ZynqLab04.sdk/ZynqLab04/Debug/ZynqLab04.elf' is downloaded to processor 'ps7_cortexa9_0'.
02:59:03 INFO  : 'configparams force-mem-access 0' command is executed.
02:59:03 INFO  : ----------------XSDB Script----------------
connect -url tcp:127.0.0.1:3121
source E:/01_SoC/ZynqLab04/ZynqLab04.sdk/design_1_wrapper_hw_platform_0/ps7_init.tcl
targets -set -nocase -filter {name =~"APU*" && jtag_cable_name =~ "Digilent Zybo Z7 210351B7AC1BA"} -index 0
rst -system
after 3000
targets -set -filter {jtag_cable_name =~ "Digilent Zybo Z7 210351B7AC1BA" && level==0} -index 1
fpga -file E:/01_SoC/ZynqLab04/ZynqLab04.sdk/design_1_wrapper_hw_platform_0/design_1_wrapper.bit
targets -set -nocase -filter {name =~"APU*" && jtag_cable_name =~ "Digilent Zybo Z7 210351B7AC1BA"} -index 0
loadhw -hw E:/01_SoC/ZynqLab04/ZynqLab04.sdk/design_1_wrapper_hw_platform_0/system.hdf -mem-ranges [list {0x40000000 0xbfffffff}]
configparams force-mem-access 1
targets -set -nocase -filter {name =~"APU*" && jtag_cable_name =~ "Digilent Zybo Z7 210351B7AC1BA"} -index 0
ps7_init
ps7_post_config
targets -set -nocase -filter {name =~ "ARM*#0" && jtag_cable_name =~ "Digilent Zybo Z7 210351B7AC1BA"} -index 0
dow E:/01_SoC/ZynqLab04/ZynqLab04.sdk/ZynqLab04/Debug/ZynqLab04.elf
configparams force-mem-access 0
----------------End of Script----------------

02:59:03 INFO  : Memory regions updated for context APU
02:59:03 INFO  : Context for processor 'ps7_cortexa9_0' is selected.
02:59:03 INFO  : 'con' command is executed.
02:59:03 INFO  : ----------------XSDB Script (After Launch)----------------
targets -set -nocase -filter {name =~ "ARM*#0" && jtag_cable_name =~ "Digilent Zybo Z7 210351B7AC1BA"} -index 0
con
----------------End of Script----------------

02:59:03 INFO  : Launch script is exported to file 'E:\01_SoC\ZynqLab04\ZynqLab04.sdk\.sdk\launch_scripts\xilinx_c-c++_application_(system_debugger)\system_debugger_using_debug_zynqlab04.elf_on_local.tcl'
02:59:30 INFO  : Disconnected from the channel tcfchan#4.
02:59:31 INFO  : Connected to target on host '127.0.0.1' and port '3121'.
02:59:31 INFO  : Jtag cable 'Digilent Zybo Z7 210351B7AC1BA' is selected.
02:59:31 INFO  : 'jtag frequency' command is executed.
02:59:31 INFO  : Sourcing of 'E:/01_SoC/ZynqLab04/ZynqLab04.sdk/design_1_wrapper_hw_platform_0/ps7_init.tcl' is done.
02:59:31 INFO  : Context for 'APU' is selected.
02:59:31 INFO  : System reset is completed.
02:59:34 INFO  : 'after 3000' command is executed.
02:59:34 INFO  : 'targets -set -filter {jtag_cable_name =~ "Digilent Zybo Z7 210351B7AC1BA" && level==0} -index 1' command is executed.
02:59:37 INFO  : FPGA configured successfully with bitstream "E:/01_SoC/ZynqLab04/ZynqLab04.sdk/design_1_wrapper_hw_platform_0/design_1_wrapper.bit"
02:59:37 INFO  : Context for 'APU' is selected.
02:59:38 INFO  : Hardware design information is loaded from 'E:/01_SoC/ZynqLab04/ZynqLab04.sdk/design_1_wrapper_hw_platform_0/system.hdf'.
02:59:38 INFO  : 'configparams force-mem-access 1' command is executed.
02:59:38 INFO  : Context for 'APU' is selected.
02:59:38 INFO  : 'ps7_init' command is executed.
02:59:38 INFO  : 'ps7_post_config' command is executed.
02:59:38 INFO  : Context for processor 'ps7_cortexa9_0' is selected.
02:59:38 INFO  : The application 'E:/01_SoC/ZynqLab04/ZynqLab04.sdk/ZynqLab04/Debug/ZynqLab04.elf' is downloaded to processor 'ps7_cortexa9_0'.
02:59:38 INFO  : 'configparams force-mem-access 0' command is executed.
02:59:38 INFO  : ----------------XSDB Script----------------
connect -url tcp:127.0.0.1:3121
source E:/01_SoC/ZynqLab04/ZynqLab04.sdk/design_1_wrapper_hw_platform_0/ps7_init.tcl
targets -set -nocase -filter {name =~"APU*" && jtag_cable_name =~ "Digilent Zybo Z7 210351B7AC1BA"} -index 0
rst -system
after 3000
targets -set -filter {jtag_cable_name =~ "Digilent Zybo Z7 210351B7AC1BA" && level==0} -index 1
fpga -file E:/01_SoC/ZynqLab04/ZynqLab04.sdk/design_1_wrapper_hw_platform_0/design_1_wrapper.bit
targets -set -nocase -filter {name =~"APU*" && jtag_cable_name =~ "Digilent Zybo Z7 210351B7AC1BA"} -index 0
loadhw -hw E:/01_SoC/ZynqLab04/ZynqLab04.sdk/design_1_wrapper_hw_platform_0/system.hdf -mem-ranges [list {0x40000000 0xbfffffff}]
configparams force-mem-access 1
targets -set -nocase -filter {name =~"APU*" && jtag_cable_name =~ "Digilent Zybo Z7 210351B7AC1BA"} -index 0
ps7_init
ps7_post_config
targets -set -nocase -filter {name =~ "ARM*#0" && jtag_cable_name =~ "Digilent Zybo Z7 210351B7AC1BA"} -index 0
dow E:/01_SoC/ZynqLab04/ZynqLab04.sdk/ZynqLab04/Debug/ZynqLab04.elf
configparams force-mem-access 0
----------------End of Script----------------

02:59:38 INFO  : Memory regions updated for context APU
02:59:38 INFO  : Context for processor 'ps7_cortexa9_0' is selected.
02:59:38 INFO  : 'con' command is executed.
02:59:38 INFO  : ----------------XSDB Script (After Launch)----------------
targets -set -nocase -filter {name =~ "ARM*#0" && jtag_cable_name =~ "Digilent Zybo Z7 210351B7AC1BA"} -index 0
con
----------------End of Script----------------

02:59:38 INFO  : Launch script is exported to file 'E:\01_SoC\ZynqLab04\ZynqLab04.sdk\.sdk\launch_scripts\xilinx_c-c++_application_(system_debugger)\system_debugger_using_debug_zynqlab04.elf_on_local.tcl'
03:00:24 INFO  : Disconnected from the channel tcfchan#5.
